2022-02-28 00:38:09,143 spark session started 
2022-02-28 00:38:13,759 GatewayClient.address is deprecated and will be removed in version 1.0. Use GatewayParameters instead.
2022-02-28 00:38:13,760 Command to send: A
854bfffc095d9d150c752586f2c547b8783248d71c647fea32d3640aa05b0199

2022-02-28 00:38:13,790 Answer received: !yv
2022-02-28 00:38:13,791 Command to send: j
i
rj
org.apache.spark.SparkConf
e

2022-02-28 00:38:13,794 Answer received: !yv
2022-02-28 00:38:13,795 Command to send: j
i
rj
org.apache.spark.api.java.*
e

2022-02-28 00:38:13,798 Answer received: !yv
2022-02-28 00:38:13,798 Command to send: j
i
rj
org.apache.spark.api.python.*
e

2022-02-28 00:38:13,799 Answer received: !yv
2022-02-28 00:38:13,799 Command to send: j
i
rj
org.apache.spark.ml.python.*
e

2022-02-28 00:38:13,799 Answer received: !yv
2022-02-28 00:38:13,799 Command to send: j
i
rj
org.apache.spark.mllib.api.python.*
e

2022-02-28 00:38:13,800 Answer received: !yv
2022-02-28 00:38:13,800 Command to send: j
i
rj
org.apache.spark.resource.*
e

2022-02-28 00:38:13,800 Answer received: !yv
2022-02-28 00:38:13,800 Command to send: j
i
rj
org.apache.spark.sql.*
e

2022-02-28 00:38:13,801 Answer received: !yv
2022-02-28 00:38:13,801 Command to send: j
i
rj
org.apache.spark.sql.api.python.*
e

2022-02-28 00:38:13,801 Answer received: !yv
2022-02-28 00:38:13,801 Command to send: j
i
rj
org.apache.spark.sql.hive.*
e

2022-02-28 00:38:13,801 Answer received: !yv
2022-02-28 00:38:13,802 Command to send: j
i
rj
scala.Tuple2
e

2022-02-28 00:38:13,802 Answer received: !yv
2022-02-28 00:38:13,802 Command to send: r
u
SparkConf
rj
e

2022-02-28 00:38:13,827 Answer received: !ycorg.apache.spark.SparkConf
2022-02-28 00:38:13,828 Command to send: i
org.apache.spark.SparkConf
bTrue
e

2022-02-28 00:38:13,833 Answer received: !yro0
2022-02-28 00:38:13,834 Command to send: c
o0
set
sspark.master
slocal
e

2022-02-28 00:38:13,838 Answer received: !yro1
2022-02-28 00:38:13,838 Command to send: c
o0
set
sspark.app.name
swiki-changes-event-consumer
e

2022-02-28 00:38:13,839 Answer received: !yro2
2022-02-28 00:38:13,839 Command to send: c
o0
set
sspark.jars.packages
sorg.apache.spark:spark-sql-kafka-0-10_2.12:3.2.1,net.snowflake:spark-snowflake_2.12:2.10.0-spark_3.2
e

2022-02-28 00:38:13,839 Answer received: !yro3
2022-02-28 00:38:13,840 Command to send: c
o0
contains
sspark.serializer.objectStreamReset
e

2022-02-28 00:38:13,840 Answer received: !ybfalse
2022-02-28 00:38:13,840 Command to send: c
o0
set
sspark.serializer.objectStreamReset
s100
e

2022-02-28 00:38:13,841 Answer received: !yro4
2022-02-28 00:38:13,841 Command to send: c
o0
contains
sspark.rdd.compress
e

2022-02-28 00:38:13,842 Answer received: !ybfalse
2022-02-28 00:38:13,842 Command to send: c
o0
set
sspark.rdd.compress
sTrue
e

2022-02-28 00:38:13,842 Answer received: !yro5
2022-02-28 00:38:13,842 Command to send: c
o0
contains
sspark.master
e

2022-02-28 00:38:13,842 Answer received: !ybtrue
2022-02-28 00:38:13,842 Command to send: c
o0
contains
sspark.app.name
e

2022-02-28 00:38:13,843 Answer received: !ybtrue
2022-02-28 00:38:13,843 Command to send: c
o0
contains
sspark.master
e

2022-02-28 00:38:13,843 Answer received: !ybtrue
2022-02-28 00:38:13,843 Command to send: c
o0
get
sspark.master
e

2022-02-28 00:38:13,844 Answer received: !yslocal
2022-02-28 00:38:13,844 Command to send: c
o0
contains
sspark.app.name
e

2022-02-28 00:38:13,844 Answer received: !ybtrue
2022-02-28 00:38:13,845 Command to send: c
o0
get
sspark.app.name
e

2022-02-28 00:38:13,845 Answer received: !yswiki-changes-event-consumer
2022-02-28 00:38:13,845 Command to send: c
o0
contains
sspark.home
e

2022-02-28 00:38:13,845 Answer received: !ybfalse
2022-02-28 00:38:13,846 Command to send: c
o0
getAll
e

2022-02-28 00:38:13,846 Answer received: !yto6
2022-02-28 00:38:13,847 Command to send: a
e
o6
e

2022-02-28 00:38:13,847 Answer received: !yi11
2022-02-28 00:38:13,847 Command to send: a
g
o6
i0
e

2022-02-28 00:38:13,847 Answer received: !yro7
2022-02-28 00:38:13,847 Command to send: c
o7
_1
e

2022-02-28 00:38:13,848 Answer received: !ysspark.master
2022-02-28 00:38:13,848 Command to send: c
o7
_2
e

2022-02-28 00:38:13,849 Answer received: !yslocal
2022-02-28 00:38:13,849 Command to send: a
e
o6
e

2022-02-28 00:38:13,849 Answer received: !yi11
2022-02-28 00:38:13,849 Command to send: a
g
o6
i1
e

2022-02-28 00:38:13,850 Answer received: !yro8
2022-02-28 00:38:13,850 Command to send: c
o8
_1
e

2022-02-28 00:38:13,850 Answer received: !ysspark.app.name
2022-02-28 00:38:13,850 Command to send: c
o8
_2
e

2022-02-28 00:38:13,850 Answer received: !yswiki-changes-event-consumer
2022-02-28 00:38:13,850 Command to send: a
e
o6
e

2022-02-28 00:38:13,851 Answer received: !yi11
2022-02-28 00:38:13,851 Command to send: a
g
o6
i2
e

2022-02-28 00:38:13,851 Answer received: !yro9
2022-02-28 00:38:13,851 Command to send: c
o9
_1
e

2022-02-28 00:38:13,851 Answer received: !ysspark.rdd.compress
2022-02-28 00:38:13,851 Command to send: c
o9
_2
e

2022-02-28 00:38:13,852 Answer received: !ysTrue
2022-02-28 00:38:13,852 Command to send: a
e
o6
e

2022-02-28 00:38:13,852 Answer received: !yi11
2022-02-28 00:38:13,852 Command to send: a
g
o6
i3
e

2022-02-28 00:38:13,852 Answer received: !yro10
2022-02-28 00:38:13,853 Command to send: c
o10
_1
e

2022-02-28 00:38:13,853 Answer received: !ysspark.jars
2022-02-28 00:38:13,853 Command to send: c
o10
_2
e

2022-02-28 00:38:13,854 Answer received: !ysfile:///home/suman/.ivy2/jars/org.apache.spark_spark-sql-kafka-0-10_2.12-3.2.1.jar,file:///home/suman/.ivy2/jars/net.snowflake_spark-snowflake_2.12-2.10.0-spark_3.2.jar,file:///home/suman/.ivy2/jars/org.apache.spark_spark-token-provider-kafka-0-10_2.12-3.2.1.jar,file:///home/suman/.ivy2/jars/org.apache.kafka_kafka-clients-2.8.0.jar,file:///home/suman/.ivy2/jars/com.google.code.findbugs_jsr305-3.0.0.jar,file:///home/suman/.ivy2/jars/org.apache.commons_commons-pool2-2.6.2.jar,file:///home/suman/.ivy2/jars/org.spark-project.spark_unused-1.0.0.jar,file:///home/suman/.ivy2/jars/org.apache.hadoop_hadoop-client-runtime-3.3.1.jar,file:///home/suman/.ivy2/jars/org.lz4_lz4-java-1.7.1.jar,file:///home/suman/.ivy2/jars/org.xerial.snappy_snappy-java-1.1.8.4.jar,file:///home/suman/.ivy2/jars/org.slf4j_slf4j-api-1.7.30.jar,file:///home/suman/.ivy2/jars/org.apache.hadoop_hadoop-client-api-3.3.1.jar,file:///home/suman/.ivy2/jars/org.apache.htrace_htrace-core4-4.1.0-incubating.jar,file:///home/suman/.ivy2/jars/commons-logging_commons-logging-1.1.3.jar,file:///home/suman/.ivy2/jars/net.snowflake_snowflake-ingest-sdk-0.10.3.jar,file:///home/suman/.ivy2/jars/net.snowflake_snowflake-jdbc-3.13.14.jar
2022-02-28 00:38:13,854 Command to send: a
e
o6
e

2022-02-28 00:38:13,854 Answer received: !yi11
2022-02-28 00:38:13,854 Command to send: a
g
o6
i4
e

2022-02-28 00:38:13,854 Answer received: !yro11
2022-02-28 00:38:13,855 Command to send: c
o11
_1
e

2022-02-28 00:38:13,855 Answer received: !ysspark.files
2022-02-28 00:38:13,855 Command to send: c
o11
_2
e

2022-02-28 00:38:13,856 Answer received: !ysfile:///home/suman/.ivy2/jars/org.apache.spark_spark-sql-kafka-0-10_2.12-3.2.1.jar,file:///home/suman/.ivy2/jars/net.snowflake_spark-snowflake_2.12-2.10.0-spark_3.2.jar,file:///home/suman/.ivy2/jars/org.apache.spark_spark-token-provider-kafka-0-10_2.12-3.2.1.jar,file:///home/suman/.ivy2/jars/org.apache.kafka_kafka-clients-2.8.0.jar,file:///home/suman/.ivy2/jars/com.google.code.findbugs_jsr305-3.0.0.jar,file:///home/suman/.ivy2/jars/org.apache.commons_commons-pool2-2.6.2.jar,file:///home/suman/.ivy2/jars/org.spark-project.spark_unused-1.0.0.jar,file:///home/suman/.ivy2/jars/org.apache.hadoop_hadoop-client-runtime-3.3.1.jar,file:///home/suman/.ivy2/jars/org.lz4_lz4-java-1.7.1.jar,file:///home/suman/.ivy2/jars/org.xerial.snappy_snappy-java-1.1.8.4.jar,file:///home/suman/.ivy2/jars/org.slf4j_slf4j-api-1.7.30.jar,file:///home/suman/.ivy2/jars/org.apache.hadoop_hadoop-client-api-3.3.1.jar,file:///home/suman/.ivy2/jars/org.apache.htrace_htrace-core4-4.1.0-incubating.jar,file:///home/suman/.ivy2/jars/commons-logging_commons-logging-1.1.3.jar,file:///home/suman/.ivy2/jars/net.snowflake_snowflake-ingest-sdk-0.10.3.jar,file:///home/suman/.ivy2/jars/net.snowflake_snowflake-jdbc-3.13.14.jar
2022-02-28 00:38:13,856 Command to send: a
e
o6
e

2022-02-28 00:38:13,856 Answer received: !yi11
2022-02-28 00:38:13,856 Command to send: a
g
o6
i5
e

2022-02-28 00:38:13,856 Answer received: !yro12
2022-02-28 00:38:13,857 Command to send: c
o12
_1
e

2022-02-28 00:38:13,857 Answer received: !ysspark.serializer.objectStreamReset
2022-02-28 00:38:13,857 Command to send: c
o12
_2
e

2022-02-28 00:38:13,857 Answer received: !ys100
2022-02-28 00:38:13,857 Command to send: a
e
o6
e

2022-02-28 00:38:13,858 Answer received: !yi11
2022-02-28 00:38:13,858 Command to send: a
g
o6
i6
e

2022-02-28 00:38:13,858 Answer received: !yro13
2022-02-28 00:38:13,858 Command to send: c
o13
_1
e

2022-02-28 00:38:13,858 Answer received: !ysspark.submit.pyFiles
2022-02-28 00:38:13,858 Command to send: c
o13
_2
e

2022-02-28 00:38:13,859 Answer received: !ys/home/suman/.ivy2/jars/org.apache.spark_spark-sql-kafka-0-10_2.12-3.2.1.jar,/home/suman/.ivy2/jars/net.snowflake_spark-snowflake_2.12-2.10.0-spark_3.2.jar,/home/suman/.ivy2/jars/org.apache.spark_spark-token-provider-kafka-0-10_2.12-3.2.1.jar,/home/suman/.ivy2/jars/org.apache.kafka_kafka-clients-2.8.0.jar,/home/suman/.ivy2/jars/com.google.code.findbugs_jsr305-3.0.0.jar,/home/suman/.ivy2/jars/org.apache.commons_commons-pool2-2.6.2.jar,/home/suman/.ivy2/jars/org.spark-project.spark_unused-1.0.0.jar,/home/suman/.ivy2/jars/org.apache.hadoop_hadoop-client-runtime-3.3.1.jar,/home/suman/.ivy2/jars/org.lz4_lz4-java-1.7.1.jar,/home/suman/.ivy2/jars/org.xerial.snappy_snappy-java-1.1.8.4.jar,/home/suman/.ivy2/jars/org.slf4j_slf4j-api-1.7.30.jar,/home/suman/.ivy2/jars/org.apache.hadoop_hadoop-client-api-3.3.1.jar,/home/suman/.ivy2/jars/org.apache.htrace_htrace-core4-4.1.0-incubating.jar,/home/suman/.ivy2/jars/commons-logging_commons-logging-1.1.3.jar,/home/suman/.ivy2/jars/net.snowflake_snowflake-ingest-sdk-0.10.3.jar,/home/suman/.ivy2/jars/net.snowflake_snowflake-jdbc-3.13.14.jar
2022-02-28 00:38:13,859 Command to send: a
e
o6
e

2022-02-28 00:38:13,859 Answer received: !yi11
2022-02-28 00:38:13,859 Command to send: a
g
o6
i7
e

2022-02-28 00:38:13,859 Answer received: !yro14
2022-02-28 00:38:13,860 Command to send: c
o14
_1
e

2022-02-28 00:38:13,860 Answer received: !ysspark.repl.local.jars
2022-02-28 00:38:13,860 Command to send: c
o14
_2
e

2022-02-28 00:38:13,860 Answer received: !ysfile:///home/suman/.ivy2/jars/org.apache.spark_spark-sql-kafka-0-10_2.12-3.2.1.jar,file:///home/suman/.ivy2/jars/net.snowflake_spark-snowflake_2.12-2.10.0-spark_3.2.jar,file:///home/suman/.ivy2/jars/org.apache.spark_spark-token-provider-kafka-0-10_2.12-3.2.1.jar,file:///home/suman/.ivy2/jars/org.apache.kafka_kafka-clients-2.8.0.jar,file:///home/suman/.ivy2/jars/com.google.code.findbugs_jsr305-3.0.0.jar,file:///home/suman/.ivy2/jars/org.apache.commons_commons-pool2-2.6.2.jar,file:///home/suman/.ivy2/jars/org.spark-project.spark_unused-1.0.0.jar,file:///home/suman/.ivy2/jars/org.apache.hadoop_hadoop-client-runtime-3.3.1.jar,file:///home/suman/.ivy2/jars/org.lz4_lz4-java-1.7.1.jar,file:///home/suman/.ivy2/jars/org.xerial.snappy_snappy-java-1.1.8.4.jar,file:///home/suman/.ivy2/jars/org.slf4j_slf4j-api-1.7.30.jar,file:///home/suman/.ivy2/jars/org.apache.hadoop_hadoop-client-api-3.3.1.jar,file:///home/suman/.ivy2/jars/org.apache.htrace_htrace-core4-4.1.0-incubating.jar,file:///home/suman/.ivy2/jars/commons-logging_commons-logging-1.1.3.jar,file:///home/suman/.ivy2/jars/net.snowflake_snowflake-ingest-sdk-0.10.3.jar,file:///home/suman/.ivy2/jars/net.snowflake_snowflake-jdbc-3.13.14.jar
2022-02-28 00:38:13,860 Command to send: a
e
o6
e

2022-02-28 00:38:13,861 Answer received: !yi11
2022-02-28 00:38:13,861 Command to send: a
g
o6
i8
e

2022-02-28 00:38:13,861 Answer received: !yro15
2022-02-28 00:38:13,861 Command to send: c
o15
_1
e

2022-02-28 00:38:13,861 Answer received: !ysspark.submit.deployMode
2022-02-28 00:38:13,861 Command to send: c
o15
_2
e

2022-02-28 00:38:13,862 Answer received: !ysclient
2022-02-28 00:38:13,862 Command to send: a
e
o6
e

2022-02-28 00:38:13,862 Answer received: !yi11
2022-02-28 00:38:13,862 Command to send: a
g
o6
i9
e

2022-02-28 00:38:13,862 Answer received: !yro16
2022-02-28 00:38:13,862 Command to send: c
o16
_1
e

2022-02-28 00:38:13,863 Answer received: !ysspark.jars.packages
2022-02-28 00:38:13,863 Command to send: c
o16
_2
e

2022-02-28 00:38:13,863 Answer received: !ysorg.apache.spark:spark-sql-kafka-0-10_2.12:3.2.1,net.snowflake:spark-snowflake_2.12:2.10.0-spark_3.2
2022-02-28 00:38:13,863 Command to send: a
e
o6
e

2022-02-28 00:38:13,863 Answer received: !yi11
2022-02-28 00:38:13,863 Command to send: a
g
o6
i10
e

2022-02-28 00:38:13,864 Answer received: !yro17
2022-02-28 00:38:13,864 Command to send: c
o17
_1
e

2022-02-28 00:38:13,864 Answer received: !ysspark.ui.showConsoleProgress
2022-02-28 00:38:13,864 Command to send: c
o17
_2
e

2022-02-28 00:38:13,864 Answer received: !ystrue
2022-02-28 00:38:13,865 Command to send: a
e
o6
e

2022-02-28 00:38:13,865 Answer received: !yi11
2022-02-28 00:38:13,865 Command to send: r
u
JavaSparkContext
rj
e

2022-02-28 00:38:13,881 Answer received: !ycorg.apache.spark.api.java.JavaSparkContext
2022-02-28 00:38:13,881 Command to send: i
org.apache.spark.api.java.JavaSparkContext
ro0
e

2022-02-28 00:38:14,760 Command to send: A
854bfffc095d9d150c752586f2c547b8783248d71c647fea32d3640aa05b0199

2022-02-28 00:38:14,762 Answer received: !yv
2022-02-28 00:38:14,762 Command to send: m
d
o1
e

2022-02-28 00:38:14,762 Answer received: !yv
2022-02-28 00:38:14,762 Command to send: m
d
o2
e

2022-02-28 00:38:14,762 Answer received: !yv
2022-02-28 00:38:14,762 Command to send: m
d
o3
e

2022-02-28 00:38:14,763 Answer received: !yv
2022-02-28 00:38:14,763 Command to send: m
d
o4
e

2022-02-28 00:38:14,763 Answer received: !yv
2022-02-28 00:38:14,763 Command to send: m
d
o5
e

2022-02-28 00:38:14,763 Answer received: !yv
2022-02-28 00:38:14,763 Command to send: m
d
o6
e

2022-02-28 00:38:14,763 Answer received: !yv
2022-02-28 00:38:18,357 Answer received: !yro18
2022-02-28 00:38:18,357 Command to send: c
o18
sc
e

2022-02-28 00:38:18,361 Answer received: !yro19
2022-02-28 00:38:18,361 Command to send: c
o19
conf
e

2022-02-28 00:38:18,374 Answer received: !yro20
2022-02-28 00:38:18,375 Command to send: r
u
PythonAccumulatorV2
rj
e

2022-02-28 00:38:18,377 Answer received: !ycorg.apache.spark.api.python.PythonAccumulatorV2
2022-02-28 00:38:18,377 Command to send: i
org.apache.spark.api.python.PythonAccumulatorV2
s127.0.0.1
i51605
s854bfffc095d9d150c752586f2c547b8783248d71c647fea32d3640aa05b0199
e

2022-02-28 00:38:18,378 Answer received: !yro21
2022-02-28 00:38:18,378 Command to send: c
o18
sc
e

2022-02-28 00:38:18,378 Answer received: !yro22
2022-02-28 00:38:18,379 Command to send: c
o22
register
ro21
e

2022-02-28 00:38:18,382 Answer received: !yv
2022-02-28 00:38:18,382 Command to send: r
u
PythonUtils
rj
e

2022-02-28 00:38:18,384 Answer received: !ycorg.apache.spark.api.python.PythonUtils
2022-02-28 00:38:18,384 Command to send: r
m
org.apache.spark.api.python.PythonUtils
isEncryptionEnabled
e

2022-02-28 00:38:18,385 Answer received: !ym
2022-02-28 00:38:18,385 Command to send: c
z:org.apache.spark.api.python.PythonUtils
isEncryptionEnabled
ro18
e

2022-02-28 00:38:18,387 Answer received: !ybfalse
2022-02-28 00:38:18,387 Command to send: r
u
PythonUtils
rj
e

2022-02-28 00:38:18,388 Answer received: !ycorg.apache.spark.api.python.PythonUtils
2022-02-28 00:38:18,388 Command to send: r
m
org.apache.spark.api.python.PythonUtils
getPythonAuthSocketTimeout
e

2022-02-28 00:38:18,388 Answer received: !ym
2022-02-28 00:38:18,388 Command to send: c
z:org.apache.spark.api.python.PythonUtils
getPythonAuthSocketTimeout
ro18
e

2022-02-28 00:38:18,389 Answer received: !yL15
2022-02-28 00:38:18,389 Command to send: r
u
PythonUtils
rj
e

2022-02-28 00:38:18,390 Answer received: !ycorg.apache.spark.api.python.PythonUtils
2022-02-28 00:38:18,390 Command to send: r
m
org.apache.spark.api.python.PythonUtils
getSparkBufferSize
e

2022-02-28 00:38:18,390 Answer received: !ym
2022-02-28 00:38:18,390 Command to send: c
z:org.apache.spark.api.python.PythonUtils
getSparkBufferSize
ro18
e

2022-02-28 00:38:18,391 Answer received: !yi65536
2022-02-28 00:38:18,391 Command to send: r
u
org
rj
e

2022-02-28 00:38:18,393 Answer received: !yp
2022-02-28 00:38:18,393 Command to send: r
u
org.apache
rj
e

2022-02-28 00:38:18,394 Answer received: !yp
2022-02-28 00:38:18,394 Command to send: r
u
org.apache.spark
rj
e

2022-02-28 00:38:18,395 Answer received: !yp
2022-02-28 00:38:18,395 Command to send: r
u
org.apache.spark.SparkFiles
rj
e

2022-02-28 00:38:18,395 Answer received: !ycorg.apache.spark.SparkFiles
2022-02-28 00:38:18,395 Command to send: r
m
org.apache.spark.SparkFiles
getRootDirectory
e

2022-02-28 00:38:18,396 Answer received: !ym
2022-02-28 00:38:18,396 Command to send: c
z:org.apache.spark.SparkFiles
getRootDirectory
e

2022-02-28 00:38:18,396 Answer received: !ys/tmp/spark-c728ace9-d19b-4c7b-a20c-fcdfb6761f48/userFiles-22bee9ff-2ece-4125-8bd8-7f930fc77921
2022-02-28 00:38:18,396 Command to send: c
o20
get
sspark.submit.pyFiles
s
e

2022-02-28 00:38:18,397 Answer received: !ys/home/suman/.ivy2/jars/org.apache.spark_spark-sql-kafka-0-10_2.12-3.2.1.jar,/home/suman/.ivy2/jars/net.snowflake_spark-snowflake_2.12-2.10.0-spark_3.2.jar,/home/suman/.ivy2/jars/org.apache.spark_spark-token-provider-kafka-0-10_2.12-3.2.1.jar,/home/suman/.ivy2/jars/org.apache.kafka_kafka-clients-2.8.0.jar,/home/suman/.ivy2/jars/com.google.code.findbugs_jsr305-3.0.0.jar,/home/suman/.ivy2/jars/org.apache.commons_commons-pool2-2.6.2.jar,/home/suman/.ivy2/jars/org.spark-project.spark_unused-1.0.0.jar,/home/suman/.ivy2/jars/org.apache.hadoop_hadoop-client-runtime-3.3.1.jar,/home/suman/.ivy2/jars/org.lz4_lz4-java-1.7.1.jar,/home/suman/.ivy2/jars/org.xerial.snappy_snappy-java-1.1.8.4.jar,/home/suman/.ivy2/jars/org.slf4j_slf4j-api-1.7.30.jar,/home/suman/.ivy2/jars/org.apache.hadoop_hadoop-client-api-3.3.1.jar,/home/suman/.ivy2/jars/org.apache.htrace_htrace-core4-4.1.0-incubating.jar,/home/suman/.ivy2/jars/commons-logging_commons-logging-1.1.3.jar,/home/suman/.ivy2/jars/net.snowflake_snowflake-ingest-sdk-0.10.3.jar,/home/suman/.ivy2/jars/net.snowflake_snowflake-jdbc-3.13.14.jar
2022-02-28 00:38:18,397 Command to send: r
u
org
rj
e

2022-02-28 00:38:18,399 Answer received: !yp
2022-02-28 00:38:18,399 Command to send: r
u
org.apache
rj
e

2022-02-28 00:38:18,400 Answer received: !yp
2022-02-28 00:38:18,400 Command to send: r
u
org.apache.spark
rj
e

2022-02-28 00:38:18,400 Answer received: !yp
2022-02-28 00:38:18,400 Command to send: r
u
org.apache.spark.SparkFiles
rj
e

2022-02-28 00:38:18,401 Answer received: !ycorg.apache.spark.SparkFiles
2022-02-28 00:38:18,401 Command to send: r
m
org.apache.spark.SparkFiles
getRootDirectory
e

2022-02-28 00:38:18,401 Answer received: !ym
2022-02-28 00:38:18,401 Command to send: c
z:org.apache.spark.SparkFiles
getRootDirectory
e

2022-02-28 00:38:18,401 Answer received: !ys/tmp/spark-c728ace9-d19b-4c7b-a20c-fcdfb6761f48/userFiles-22bee9ff-2ece-4125-8bd8-7f930fc77921
2022-02-28 00:38:18,401 Command to send: r
u
org
rj
e

2022-02-28 00:38:18,403 Answer received: !yp
2022-02-28 00:38:18,403 Command to send: r
u
org.apache
rj
e

2022-02-28 00:38:18,404 Answer received: !yp
2022-02-28 00:38:18,404 Command to send: r
u
org.apache.spark
rj
e

2022-02-28 00:38:18,405 Answer received: !yp
2022-02-28 00:38:18,405 Command to send: r
u
org.apache.spark.SparkFiles
rj
e

2022-02-28 00:38:18,405 Answer received: !ycorg.apache.spark.SparkFiles
2022-02-28 00:38:18,405 Command to send: r
m
org.apache.spark.SparkFiles
getRootDirectory
e

2022-02-28 00:38:18,405 Answer received: !ym
2022-02-28 00:38:18,405 Command to send: c
z:org.apache.spark.SparkFiles
getRootDirectory
e

2022-02-28 00:38:18,405 Answer received: !ys/tmp/spark-c728ace9-d19b-4c7b-a20c-fcdfb6761f48/userFiles-22bee9ff-2ece-4125-8bd8-7f930fc77921
2022-02-28 00:38:18,406 Command to send: r
u
org
rj
e

2022-02-28 00:38:18,408 Answer received: !yp
2022-02-28 00:38:18,408 Command to send: r
u
org.apache
rj
e

2022-02-28 00:38:18,408 Answer received: !yp
2022-02-28 00:38:18,408 Command to send: r
u
org.apache.spark
rj
e

2022-02-28 00:38:18,409 Answer received: !yp
2022-02-28 00:38:18,409 Command to send: r
u
org.apache.spark.SparkFiles
rj
e

2022-02-28 00:38:18,409 Answer received: !ycorg.apache.spark.SparkFiles
2022-02-28 00:38:18,409 Command to send: r
m
org.apache.spark.SparkFiles
getRootDirectory
e

2022-02-28 00:38:18,409 Answer received: !ym
2022-02-28 00:38:18,409 Command to send: c
z:org.apache.spark.SparkFiles
getRootDirectory
e

2022-02-28 00:38:18,410 Answer received: !ys/tmp/spark-c728ace9-d19b-4c7b-a20c-fcdfb6761f48/userFiles-22bee9ff-2ece-4125-8bd8-7f930fc77921
2022-02-28 00:38:18,410 Command to send: r
u
org
rj
e

2022-02-28 00:38:18,412 Answer received: !yp
2022-02-28 00:38:18,412 Command to send: r
u
org.apache
rj
e

2022-02-28 00:38:18,412 Answer received: !yp
2022-02-28 00:38:18,413 Command to send: r
u
org.apache.spark
rj
e

2022-02-28 00:38:18,413 Answer received: !yp
2022-02-28 00:38:18,413 Command to send: r
u
org.apache.spark.SparkFiles
rj
e

2022-02-28 00:38:18,413 Answer received: !ycorg.apache.spark.SparkFiles
2022-02-28 00:38:18,413 Command to send: r
m
org.apache.spark.SparkFiles
getRootDirectory
e

2022-02-28 00:38:18,414 Answer received: !ym
2022-02-28 00:38:18,414 Command to send: c
z:org.apache.spark.SparkFiles
getRootDirectory
e

2022-02-28 00:38:18,414 Answer received: !ys/tmp/spark-c728ace9-d19b-4c7b-a20c-fcdfb6761f48/userFiles-22bee9ff-2ece-4125-8bd8-7f930fc77921
2022-02-28 00:38:18,414 Command to send: r
u
org
rj
e

2022-02-28 00:38:18,416 Answer received: !yp
2022-02-28 00:38:18,416 Command to send: r
u
org.apache
rj
e

2022-02-28 00:38:18,417 Answer received: !yp
2022-02-28 00:38:18,417 Command to send: r
u
org.apache.spark
rj
e

2022-02-28 00:38:18,417 Answer received: !yp
2022-02-28 00:38:18,418 Command to send: r
u
org.apache.spark.SparkFiles
rj
e

2022-02-28 00:38:18,418 Answer received: !ycorg.apache.spark.SparkFiles
2022-02-28 00:38:18,418 Command to send: r
m
org.apache.spark.SparkFiles
getRootDirectory
e

2022-02-28 00:38:18,418 Answer received: !ym
2022-02-28 00:38:18,418 Command to send: c
z:org.apache.spark.SparkFiles
getRootDirectory
e

2022-02-28 00:38:18,418 Answer received: !ys/tmp/spark-c728ace9-d19b-4c7b-a20c-fcdfb6761f48/userFiles-22bee9ff-2ece-4125-8bd8-7f930fc77921
2022-02-28 00:38:18,419 Command to send: r
u
org
rj
e

2022-02-28 00:38:18,420 Answer received: !yp
2022-02-28 00:38:18,421 Command to send: r
u
org.apache
rj
e

2022-02-28 00:38:18,421 Answer received: !yp
2022-02-28 00:38:18,421 Command to send: r
u
org.apache.spark
rj
e

2022-02-28 00:38:18,422 Answer received: !yp
2022-02-28 00:38:18,422 Command to send: r
u
org.apache.spark.SparkFiles
rj
e

2022-02-28 00:38:18,422 Answer received: !ycorg.apache.spark.SparkFiles
2022-02-28 00:38:18,422 Command to send: r
m
org.apache.spark.SparkFiles
getRootDirectory
e

2022-02-28 00:38:18,422 Answer received: !ym
2022-02-28 00:38:18,422 Command to send: c
z:org.apache.spark.SparkFiles
getRootDirectory
e

2022-02-28 00:38:18,423 Answer received: !ys/tmp/spark-c728ace9-d19b-4c7b-a20c-fcdfb6761f48/userFiles-22bee9ff-2ece-4125-8bd8-7f930fc77921
2022-02-28 00:38:18,423 Command to send: r
u
org
rj
e

2022-02-28 00:38:18,425 Answer received: !yp
2022-02-28 00:38:18,425 Command to send: r
u
org.apache
rj
e

2022-02-28 00:38:18,426 Answer received: !yp
2022-02-28 00:38:18,426 Command to send: r
u
org.apache.spark
rj
e

2022-02-28 00:38:18,426 Answer received: !yp
2022-02-28 00:38:18,426 Command to send: r
u
org.apache.spark.SparkFiles
rj
e

2022-02-28 00:38:18,426 Answer received: !ycorg.apache.spark.SparkFiles
2022-02-28 00:38:18,427 Command to send: r
m
org.apache.spark.SparkFiles
getRootDirectory
e

2022-02-28 00:38:18,427 Answer received: !ym
2022-02-28 00:38:18,427 Command to send: c
z:org.apache.spark.SparkFiles
getRootDirectory
e

2022-02-28 00:38:18,427 Answer received: !ys/tmp/spark-c728ace9-d19b-4c7b-a20c-fcdfb6761f48/userFiles-22bee9ff-2ece-4125-8bd8-7f930fc77921
2022-02-28 00:38:18,427 Command to send: r
u
org
rj
e

2022-02-28 00:38:18,429 Answer received: !yp
2022-02-28 00:38:18,429 Command to send: r
u
org.apache
rj
e

2022-02-28 00:38:18,430 Answer received: !yp
2022-02-28 00:38:18,430 Command to send: r
u
org.apache.spark
rj
e

2022-02-28 00:38:18,431 Answer received: !yp
2022-02-28 00:38:18,431 Command to send: r
u
org.apache.spark.SparkFiles
rj
e

2022-02-28 00:38:18,431 Answer received: !ycorg.apache.spark.SparkFiles
2022-02-28 00:38:18,431 Command to send: r
m
org.apache.spark.SparkFiles
getRootDirectory
e

2022-02-28 00:38:18,431 Answer received: !ym
2022-02-28 00:38:18,431 Command to send: c
z:org.apache.spark.SparkFiles
getRootDirectory
e

2022-02-28 00:38:18,432 Answer received: !ys/tmp/spark-c728ace9-d19b-4c7b-a20c-fcdfb6761f48/userFiles-22bee9ff-2ece-4125-8bd8-7f930fc77921
2022-02-28 00:38:18,432 Command to send: r
u
org
rj
e

2022-02-28 00:38:18,434 Answer received: !yp
2022-02-28 00:38:18,434 Command to send: r
u
org.apache
rj
e

2022-02-28 00:38:18,434 Answer received: !yp
2022-02-28 00:38:18,435 Command to send: r
u
org.apache.spark
rj
e

2022-02-28 00:38:18,435 Answer received: !yp
2022-02-28 00:38:18,435 Command to send: r
u
org.apache.spark.SparkFiles
rj
e

2022-02-28 00:38:18,435 Answer received: !ycorg.apache.spark.SparkFiles
2022-02-28 00:38:18,435 Command to send: r
m
org.apache.spark.SparkFiles
getRootDirectory
e

2022-02-28 00:38:18,436 Answer received: !ym
2022-02-28 00:38:18,436 Command to send: c
z:org.apache.spark.SparkFiles
getRootDirectory
e

2022-02-28 00:38:18,436 Answer received: !ys/tmp/spark-c728ace9-d19b-4c7b-a20c-fcdfb6761f48/userFiles-22bee9ff-2ece-4125-8bd8-7f930fc77921
2022-02-28 00:38:18,436 Command to send: r
u
org
rj
e

2022-02-28 00:38:18,438 Answer received: !yp
2022-02-28 00:38:18,438 Command to send: r
u
org.apache
rj
e

2022-02-28 00:38:18,439 Answer received: !yp
2022-02-28 00:38:18,439 Command to send: r
u
org.apache.spark
rj
e

2022-02-28 00:38:18,439 Answer received: !yp
2022-02-28 00:38:18,439 Command to send: r
u
org.apache.spark.SparkFiles
rj
e

2022-02-28 00:38:18,440 Answer received: !ycorg.apache.spark.SparkFiles
2022-02-28 00:38:18,440 Command to send: r
m
org.apache.spark.SparkFiles
getRootDirectory
e

2022-02-28 00:38:18,440 Answer received: !ym
2022-02-28 00:38:18,440 Command to send: c
z:org.apache.spark.SparkFiles
getRootDirectory
e

2022-02-28 00:38:18,440 Answer received: !ys/tmp/spark-c728ace9-d19b-4c7b-a20c-fcdfb6761f48/userFiles-22bee9ff-2ece-4125-8bd8-7f930fc77921
2022-02-28 00:38:18,440 Command to send: r
u
org
rj
e

2022-02-28 00:38:18,442 Answer received: !yp
2022-02-28 00:38:18,442 Command to send: r
u
org.apache
rj
e

2022-02-28 00:38:18,443 Answer received: !yp
2022-02-28 00:38:18,443 Command to send: r
u
org.apache.spark
rj
e

2022-02-28 00:38:18,443 Answer received: !yp
2022-02-28 00:38:18,444 Command to send: r
u
org.apache.spark.SparkFiles
rj
e

2022-02-28 00:38:18,444 Answer received: !ycorg.apache.spark.SparkFiles
2022-02-28 00:38:18,444 Command to send: r
m
org.apache.spark.SparkFiles
getRootDirectory
e

2022-02-28 00:38:18,444 Answer received: !ym
2022-02-28 00:38:18,444 Command to send: c
z:org.apache.spark.SparkFiles
getRootDirectory
e

2022-02-28 00:38:18,444 Answer received: !ys/tmp/spark-c728ace9-d19b-4c7b-a20c-fcdfb6761f48/userFiles-22bee9ff-2ece-4125-8bd8-7f930fc77921
2022-02-28 00:38:18,444 Command to send: r
u
org
rj
e

2022-02-28 00:38:18,446 Answer received: !yp
2022-02-28 00:38:18,447 Command to send: r
u
org.apache
rj
e

2022-02-28 00:38:18,447 Answer received: !yp
2022-02-28 00:38:18,447 Command to send: r
u
org.apache.spark
rj
e

2022-02-28 00:38:18,448 Answer received: !yp
2022-02-28 00:38:18,448 Command to send: r
u
org.apache.spark.SparkFiles
rj
e

2022-02-28 00:38:18,448 Answer received: !ycorg.apache.spark.SparkFiles
2022-02-28 00:38:18,448 Command to send: r
m
org.apache.spark.SparkFiles
getRootDirectory
e

2022-02-28 00:38:18,448 Answer received: !ym
2022-02-28 00:38:18,448 Command to send: c
z:org.apache.spark.SparkFiles
getRootDirectory
e

2022-02-28 00:38:18,449 Answer received: !ys/tmp/spark-c728ace9-d19b-4c7b-a20c-fcdfb6761f48/userFiles-22bee9ff-2ece-4125-8bd8-7f930fc77921
2022-02-28 00:38:18,449 Command to send: r
u
org
rj
e

2022-02-28 00:38:18,451 Answer received: !yp
2022-02-28 00:38:18,451 Command to send: r
u
org.apache
rj
e

2022-02-28 00:38:18,451 Answer received: !yp
2022-02-28 00:38:18,451 Command to send: r
u
org.apache.spark
rj
e

2022-02-28 00:38:18,452 Answer received: !yp
2022-02-28 00:38:18,452 Command to send: r
u
org.apache.spark.SparkFiles
rj
e

2022-02-28 00:38:18,452 Answer received: !ycorg.apache.spark.SparkFiles
2022-02-28 00:38:18,452 Command to send: r
m
org.apache.spark.SparkFiles
getRootDirectory
e

2022-02-28 00:38:18,452 Answer received: !ym
2022-02-28 00:38:18,452 Command to send: c
z:org.apache.spark.SparkFiles
getRootDirectory
e

2022-02-28 00:38:18,453 Answer received: !ys/tmp/spark-c728ace9-d19b-4c7b-a20c-fcdfb6761f48/userFiles-22bee9ff-2ece-4125-8bd8-7f930fc77921
2022-02-28 00:38:18,453 Command to send: r
u
org
rj
e

2022-02-28 00:38:18,454 Answer received: !yp
2022-02-28 00:38:18,454 Command to send: r
u
org.apache
rj
e

2022-02-28 00:38:18,455 Answer received: !yp
2022-02-28 00:38:18,455 Command to send: r
u
org.apache.spark
rj
e

2022-02-28 00:38:18,455 Answer received: !yp
2022-02-28 00:38:18,456 Command to send: r
u
org.apache.spark.SparkFiles
rj
e

2022-02-28 00:38:18,456 Answer received: !ycorg.apache.spark.SparkFiles
2022-02-28 00:38:18,456 Command to send: r
m
org.apache.spark.SparkFiles
getRootDirectory
e

2022-02-28 00:38:18,456 Answer received: !ym
2022-02-28 00:38:18,456 Command to send: c
z:org.apache.spark.SparkFiles
getRootDirectory
e

2022-02-28 00:38:18,457 Answer received: !ys/tmp/spark-c728ace9-d19b-4c7b-a20c-fcdfb6761f48/userFiles-22bee9ff-2ece-4125-8bd8-7f930fc77921
2022-02-28 00:38:18,457 Command to send: r
u
org
rj
e

2022-02-28 00:38:18,459 Answer received: !yp
2022-02-28 00:38:18,459 Command to send: r
u
org.apache
rj
e

2022-02-28 00:38:18,460 Answer received: !yp
2022-02-28 00:38:18,460 Command to send: r
u
org.apache.spark
rj
e

2022-02-28 00:38:18,460 Answer received: !yp
2022-02-28 00:38:18,461 Command to send: r
u
org.apache.spark.SparkFiles
rj
e

2022-02-28 00:38:18,461 Answer received: !ycorg.apache.spark.SparkFiles
2022-02-28 00:38:18,461 Command to send: r
m
org.apache.spark.SparkFiles
getRootDirectory
e

2022-02-28 00:38:18,461 Answer received: !ym
2022-02-28 00:38:18,461 Command to send: c
z:org.apache.spark.SparkFiles
getRootDirectory
e

2022-02-28 00:38:18,462 Answer received: !ys/tmp/spark-c728ace9-d19b-4c7b-a20c-fcdfb6761f48/userFiles-22bee9ff-2ece-4125-8bd8-7f930fc77921
2022-02-28 00:38:18,462 Command to send: r
u
org
rj
e

2022-02-28 00:38:18,464 Answer received: !yp
2022-02-28 00:38:18,465 Command to send: r
u
org.apache
rj
e

2022-02-28 00:38:18,465 Answer received: !yp
2022-02-28 00:38:18,465 Command to send: r
u
org.apache.spark
rj
e

2022-02-28 00:38:18,466 Answer received: !yp
2022-02-28 00:38:18,466 Command to send: r
u
org.apache.spark.SparkFiles
rj
e

2022-02-28 00:38:18,466 Answer received: !ycorg.apache.spark.SparkFiles
2022-02-28 00:38:18,466 Command to send: r
m
org.apache.spark.SparkFiles
getRootDirectory
e

2022-02-28 00:38:18,466 Answer received: !ym
2022-02-28 00:38:18,467 Command to send: c
z:org.apache.spark.SparkFiles
getRootDirectory
e

2022-02-28 00:38:18,467 Answer received: !ys/tmp/spark-c728ace9-d19b-4c7b-a20c-fcdfb6761f48/userFiles-22bee9ff-2ece-4125-8bd8-7f930fc77921
2022-02-28 00:38:18,467 Command to send: r
u
org
rj
e

2022-02-28 00:38:18,469 Answer received: !yp
2022-02-28 00:38:18,469 Command to send: r
u
org.apache
rj
e

2022-02-28 00:38:18,469 Answer received: !yp
2022-02-28 00:38:18,469 Command to send: r
u
org.apache.spark
rj
e

2022-02-28 00:38:18,470 Answer received: !yp
2022-02-28 00:38:18,470 Command to send: r
u
org.apache.spark.util
rj
e

2022-02-28 00:38:18,471 Answer received: !yp
2022-02-28 00:38:18,471 Command to send: r
u
org.apache.spark.util.Utils
rj
e

2022-02-28 00:38:18,474 Answer received: !ycorg.apache.spark.util.Utils
2022-02-28 00:38:18,474 Command to send: r
m
org.apache.spark.util.Utils
getLocalDir
e

2022-02-28 00:38:18,477 Answer received: !ym
2022-02-28 00:38:18,477 Command to send: c
o18
sc
e

2022-02-28 00:38:18,478 Answer received: !yro23
2022-02-28 00:38:18,478 Command to send: c
o23
conf
e

2022-02-28 00:38:18,478 Answer received: !yro24
2022-02-28 00:38:18,478 Command to send: c
z:org.apache.spark.util.Utils
getLocalDir
ro24
e

2022-02-28 00:38:18,479 Answer received: !ys/tmp/spark-c728ace9-d19b-4c7b-a20c-fcdfb6761f48
2022-02-28 00:38:18,479 Command to send: r
u
org
rj
e

2022-02-28 00:38:18,482 Answer received: !yp
2022-02-28 00:38:18,482 Command to send: r
u
org.apache
rj
e

2022-02-28 00:38:18,483 Answer received: !yp
2022-02-28 00:38:18,483 Command to send: r
u
org.apache.spark
rj
e

2022-02-28 00:38:18,484 Answer received: !yp
2022-02-28 00:38:18,484 Command to send: r
u
org.apache.spark.util
rj
e

2022-02-28 00:38:18,485 Answer received: !yp
2022-02-28 00:38:18,485 Command to send: r
u
org.apache.spark.util.Utils
rj
e

2022-02-28 00:38:18,485 Answer received: !ycorg.apache.spark.util.Utils
2022-02-28 00:38:18,485 Command to send: r
m
org.apache.spark.util.Utils
createTempDir
e

2022-02-28 00:38:18,486 Answer received: !ym
2022-02-28 00:38:18,486 Command to send: c
z:org.apache.spark.util.Utils
createTempDir
s/tmp/spark-c728ace9-d19b-4c7b-a20c-fcdfb6761f48
spyspark
e

2022-02-28 00:38:18,487 Answer received: !yro25
2022-02-28 00:38:18,487 Command to send: c
o25
getAbsolutePath
e

2022-02-28 00:38:18,488 Answer received: !ys/tmp/spark-c728ace9-d19b-4c7b-a20c-fcdfb6761f48/pyspark-c5304932-8c74-4060-b860-9b4b629206d6
2022-02-28 00:38:18,488 Command to send: c
o20
get
sspark.python.profile
sfalse
e

2022-02-28 00:38:18,488 Answer received: !ysfalse
2022-02-28 00:38:18,489 Command to send: r
u
SparkSession
rj
e

2022-02-28 00:38:18,517 Answer received: !ycorg.apache.spark.sql.SparkSession
2022-02-28 00:38:18,517 Command to send: r
m
org.apache.spark.sql.SparkSession
getDefaultSession
e

2022-02-28 00:38:18,544 Answer received: !ym
2022-02-28 00:38:18,544 Command to send: c
z:org.apache.spark.sql.SparkSession
getDefaultSession
e

2022-02-28 00:38:18,546 Answer received: !yro26
2022-02-28 00:38:18,546 Command to send: c
o26
isDefined
e

2022-02-28 00:38:18,546 Answer received: !ybfalse
2022-02-28 00:38:18,547 Command to send: r
u
SparkSession
rj
e

2022-02-28 00:38:18,548 Answer received: !ycorg.apache.spark.sql.SparkSession
2022-02-28 00:38:18,549 Command to send: c
o18
sc
e

2022-02-28 00:38:18,549 Answer received: !yro27
2022-02-28 00:38:18,549 Command to send: i
org.apache.spark.sql.SparkSession
ro27
e

2022-02-28 00:38:18,638 Answer received: !yro28
2022-02-28 00:38:18,638 Command to send: c
o28
sqlContext
e

2022-02-28 00:38:18,638 Answer received: !yro29
2022-02-28 00:38:18,638 Command to send: r
u
SparkSession
rj
e

2022-02-28 00:38:18,640 Answer received: !ycorg.apache.spark.sql.SparkSession
2022-02-28 00:38:18,640 Command to send: r
m
org.apache.spark.sql.SparkSession
setDefaultSession
e

2022-02-28 00:38:18,640 Answer received: !ym
2022-02-28 00:38:18,640 Command to send: c
z:org.apache.spark.sql.SparkSession
setDefaultSession
ro28
e

2022-02-28 00:38:18,641 Answer received: !yv
2022-02-28 00:38:18,641 Command to send: r
u
SparkSession
rj
e

2022-02-28 00:38:18,642 Answer received: !ycorg.apache.spark.sql.SparkSession
2022-02-28 00:38:18,642 Command to send: r
m
org.apache.spark.sql.SparkSession
setActiveSession
e

2022-02-28 00:38:18,643 Answer received: !ym
2022-02-28 00:38:18,643 Command to send: c
z:org.apache.spark.sql.SparkSession
setActiveSession
ro28
e

2022-02-28 00:38:18,643 Answer received: !yv
2022-02-28 00:38:18,643 Command to send: c
o28
sessionState
e

2022-02-28 00:38:19,505 Answer received: !yro30
2022-02-28 00:38:19,505 Command to send: c
o30
conf
e

2022-02-28 00:38:19,506 Answer received: !yro31
2022-02-28 00:38:19,506 Command to send: c
o31
setConfString
sspark.master
slocal
e

2022-02-28 00:38:19,508 Answer received: !yv
2022-02-28 00:38:19,508 Command to send: c
o28
sessionState
e

2022-02-28 00:38:19,509 Answer received: !yro32
2022-02-28 00:38:19,509 Command to send: c
o32
conf
e

2022-02-28 00:38:19,509 Answer received: !yro33
2022-02-28 00:38:19,509 Command to send: c
o33
setConfString
sspark.app.name
swiki-changes-event-consumer
e

2022-02-28 00:38:19,510 Answer received: !yv
2022-02-28 00:38:19,510 Command to send: c
o28
sessionState
e

2022-02-28 00:38:19,510 Answer received: !yro34
2022-02-28 00:38:19,510 Command to send: c
o34
conf
e

2022-02-28 00:38:19,511 Answer received: !yro35
2022-02-28 00:38:19,511 Command to send: c
o35
setConfString
sspark.jars.packages
sorg.apache.spark:spark-sql-kafka-0-10_2.12:3.2.1,net.snowflake:spark-snowflake_2.12:2.10.0-spark_3.2
e

2022-02-28 00:38:19,511 Answer received: !yv
2022-02-28 00:38:19,511 setting up snowflake connections
2022-02-28 00:38:19,511 fetching latest records from RAW table
2022-02-28 00:38:19,511 Command to send: c
o29
read
e

2022-02-28 00:38:19,520 Answer received: !yro36
2022-02-28 00:38:19,520 Command to send: c
o36
format
ssnowflake
e

2022-02-28 00:38:19,528 Answer received: !yro37
2022-02-28 00:38:19,528 Command to send: c
o37
option
ssfURL
szu02863.ap-south-1.aws.snowflakecomputing.com
e

2022-02-28 00:38:19,530 Answer received: !yro38
2022-02-28 00:38:19,530 Command to send: c
o38
option
ssfAccount
szu02863.ap-south-1.aws
e

2022-02-28 00:38:19,530 Answer received: !yro39
2022-02-28 00:38:19,531 Command to send: c
o39
option
ssfUser
scoolkeonjhar
e

2022-02-28 00:38:19,531 Answer received: !yro40
2022-02-28 00:38:19,531 Command to send: c
o40
option
ssfPassword
sAmrita@123
e

2022-02-28 00:38:19,532 Answer received: !yro41
2022-02-28 00:38:19,532 Command to send: c
o41
option
ssfDatabase
sNIMBUS_MAPS
e

2022-02-28 00:38:19,532 Answer received: !yro42
2022-02-28 00:38:19,533 Command to send: c
o42
option
ssfSchema
sPRESENTATION
e

2022-02-28 00:38:19,533 Answer received: !yro43
2022-02-28 00:38:19,533 Command to send: c
o43
option
ssfWarehouse
sSNOW_LARGE_VWH
e

2022-02-28 00:38:19,534 Answer received: !yro44
2022-02-28 00:38:19,534 Command to send: c
o44
option
ssfRole
sACCOUNTADMIN
e

2022-02-28 00:38:19,534 Answer received: !yro45
2022-02-28 00:38:19,535 Command to send: c
o45
option
squery
sselect UID,ADDRESS,CITY,ZIPCODE,DECISION,CURRENT_TIMESTAMP() AS CREATE_TS from NIMBUS_MAPS.RAW_LAYER.DECISION_DATA_RAW where create_ts >(select nvl(max(CREATE_TS),to_timestamp('2001-01-01 00:00:00','YYYY-MM-DD HH24:MI:SS')) FROM nimbus_maps.presentation.decision_data_pres)
e

2022-02-28 00:38:19,535 Answer received: !yro46
2022-02-28 00:38:19,535 Command to send: c
o46
load
e

2022-02-28 00:38:23,847 Answer received: !yro47
2022-02-28 00:38:23,847 fetched data from RAW Layer
2022-02-28 00:38:23,847 Command to send: c
o47
count
e

2022-02-28 00:38:27,433 Answer received: !yL116
2022-02-28 00:38:27,434 116 records fetched to be processed
2022-02-28 00:38:27,434 checking if record count is o
2022-02-28 00:38:27,434 Command to send: c
o47
count
e

2022-02-28 00:38:28,831 Answer received: !yL116
2022-02-28 00:38:28,832 Command to send: c
o28
sessionState
e

2022-02-28 00:38:28,832 Answer received: !yro48
2022-02-28 00:38:28,833 Command to send: c
o48
conf
e

2022-02-28 00:38:28,833 Answer received: !yro49
2022-02-28 00:38:28,833 Command to send: c
o49
setConfString
sspark.master
slocal
e

2022-02-28 00:38:28,833 Answer received: !yv
2022-02-28 00:38:28,834 Command to send: c
o28
sessionState
e

2022-02-28 00:38:28,834 Answer received: !yro50
2022-02-28 00:38:28,834 Command to send: c
o50
conf
e

2022-02-28 00:38:28,834 Answer received: !yro51
2022-02-28 00:38:28,834 Command to send: c
o51
setConfString
sspark.app.name
swiki-changes-event-consumer
e

2022-02-28 00:38:28,835 Answer received: !yv
2022-02-28 00:38:28,835 Command to send: c
o28
sessionState
e

2022-02-28 00:38:28,835 Answer received: !yro52
2022-02-28 00:38:28,835 Command to send: c
o52
conf
e

2022-02-28 00:38:28,835 Answer received: !yro53
2022-02-28 00:38:28,836 Command to send: c
o53
setConfString
sspark.jars.packages
sorg.apache.spark:spark-sql-kafka-0-10_2.12:3.2.1,net.snowflake:spark-snowflake_2.12:2.10.0-spark_3.2
e

2022-02-28 00:38:28,836 Answer received: !yv
2022-02-28 00:38:28,837 Command to send: r
u
PythonUtils
rj
e

2022-02-28 00:38:28,837 Answer received: !ycorg.apache.spark.api.python.PythonUtils
2022-02-28 00:38:28,838 Command to send: r
m
org.apache.spark.api.python.PythonUtils
getBroadcastThreshold
e

2022-02-28 00:38:28,838 Answer received: !ym
2022-02-28 00:38:28,838 Command to send: c
z:org.apache.spark.api.python.PythonUtils
getBroadcastThreshold
ro18
e

2022-02-28 00:38:28,838 Answer received: !yL1048576
2022-02-28 00:38:28,839 Command to send: r
u
PythonFunction
rj
e

2022-02-28 00:38:28,840 Answer received: !ycorg.apache.spark.api.python.PythonFunction
2022-02-28 00:38:28,841 Command to send: i
java.util.HashMap
e

2022-02-28 00:38:28,841 Answer received: !yao54
2022-02-28 00:38:28,841 Command to send: c
o54
put
sPYTHONHASHSEED
s0
e

2022-02-28 00:38:28,842 Answer received: !yn
2022-02-28 00:38:28,842 Command to send: i
java.util.ArrayList
e

2022-02-28 00:38:28,843 Answer received: !ylo55
2022-02-28 00:38:28,843 Command to send: c
o55
add
sorg.apache.spark_spark-sql-kafka-0-10_2.12-3.2.1.jar
e

2022-02-28 00:38:28,843 Answer received: !ybtrue
2022-02-28 00:38:28,844 Command to send: c
o55
add
snet.snowflake_spark-snowflake_2.12-2.10.0-spark_3.2.jar
e

2022-02-28 00:38:28,844 Answer received: !ybtrue
2022-02-28 00:38:28,844 Command to send: c
o55
add
sorg.apache.spark_spark-token-provider-kafka-0-10_2.12-3.2.1.jar
e

2022-02-28 00:38:28,844 Answer received: !ybtrue
2022-02-28 00:38:28,845 Command to send: c
o55
add
sorg.apache.kafka_kafka-clients-2.8.0.jar
e

2022-02-28 00:38:28,845 Answer received: !ybtrue
2022-02-28 00:38:28,845 Command to send: c
o55
add
scom.google.code.findbugs_jsr305-3.0.0.jar
e

2022-02-28 00:38:28,845 Answer received: !ybtrue
2022-02-28 00:38:28,845 Command to send: c
o55
add
sorg.apache.commons_commons-pool2-2.6.2.jar
e

2022-02-28 00:38:28,846 Answer received: !ybtrue
2022-02-28 00:38:28,846 Command to send: c
o55
add
sorg.spark-project.spark_unused-1.0.0.jar
e

2022-02-28 00:38:28,846 Answer received: !ybtrue
2022-02-28 00:38:28,846 Command to send: c
o55
add
sorg.apache.hadoop_hadoop-client-runtime-3.3.1.jar
e

2022-02-28 00:38:28,846 Answer received: !ybtrue
2022-02-28 00:38:28,846 Command to send: c
o55
add
sorg.lz4_lz4-java-1.7.1.jar
e

2022-02-28 00:38:28,847 Answer received: !ybtrue
2022-02-28 00:38:28,847 Command to send: c
o55
add
sorg.xerial.snappy_snappy-java-1.1.8.4.jar
e

2022-02-28 00:38:28,847 Answer received: !ybtrue
2022-02-28 00:38:28,847 Command to send: c
o55
add
sorg.slf4j_slf4j-api-1.7.30.jar
e

2022-02-28 00:38:28,848 Answer received: !ybtrue
2022-02-28 00:38:28,848 Command to send: c
o55
add
sorg.apache.hadoop_hadoop-client-api-3.3.1.jar
e

2022-02-28 00:38:28,848 Answer received: !ybtrue
2022-02-28 00:38:28,848 Command to send: c
o55
add
sorg.apache.htrace_htrace-core4-4.1.0-incubating.jar
e

2022-02-28 00:38:28,848 Answer received: !ybtrue
2022-02-28 00:38:28,849 Command to send: c
o55
add
scommons-logging_commons-logging-1.1.3.jar
e

2022-02-28 00:38:28,849 Answer received: !ybtrue
2022-02-28 00:38:28,849 Command to send: c
o55
add
snet.snowflake_snowflake-ingest-sdk-0.10.3.jar
e

2022-02-28 00:38:28,849 Answer received: !ybtrue
2022-02-28 00:38:28,849 Command to send: c
o55
add
snet.snowflake_snowflake-jdbc-3.13.14.jar
e

2022-02-28 00:38:28,850 Answer received: !ybtrue
2022-02-28 00:38:28,850 Command to send: i
java.util.ArrayList
e

2022-02-28 00:38:28,850 Answer received: !ylo56
2022-02-28 00:38:28,850 Command to send: i
org.apache.spark.api.python.PythonFunction
jgAWVkQIAAAAAAACMH3B5c3BhcmsuY2xvdWRwaWNrbGUuY2xvdWRwaWNrbGWUjA1fYnVpbHRpbl90eXBllJOUjApMYW1iZGFUeXBllIWUUpQoaAKMCENvZGVUeXBllIWUUpQoSwFLAEsASwJLAktDQx5kAX0BfACgAKEAZAJrAnIWZAN9AW4EZAR9AXwBUwCUKE6MAJSMAUGUiIl0lIwFdXBwZXKUhZSMCGRlY2lzaW9ulIwHdmVyZGljdJSGlIxkL2hvbWUvc3VtYW4vUHljaGFybVByb2plY3RzL2RhdGFfbG9hZF9mcm9tX3Jhd190b19wcmVzZW50YXRpb24vZGF0YV9sb2FkX2Zyb21fcmF3X3RvX3ByZXNlbnRhdGlvbi5weZSMDmlzR29vZERlY2lzaW9ulEtIQwoAAQQBDAEGAgQBlCkpdJRSlH2UKIwLX19wYWNrYWdlX1+UTowIX19uYW1lX1+UjAhfX21haW5fX5SMCF9fZmlsZV9flGgSdU5OTnSUUpSMJHB5c3BhcmsuY2xvdWRwaWNrbGUuY2xvdWRwaWNrbGVfZmFzdJSMEl9mdW5jdGlvbl9zZXRzdGF0ZZSTlGgdfZR9lChoGWgTjAxfX3F1YWxuYW1lX1+UaBOMD19fYW5ub3RhdGlvbnNfX5R9lIwOX19rd2RlZmF1bHRzX1+UTowMX19kZWZhdWx0c19flE6MCl9fbW9kdWxlX1+UaBqMB19fZG9jX1+UTowLX19jbG9zdXJlX1+UTowXX2Nsb3VkcGlja2xlX3N1Ym1vZHVsZXOUXZSMC19fZ2xvYmFsc19flH2UdYaUhlIwjBFweXNwYXJrLnNxbC50eXBlc5SMClN0cmluZ1R5cGWUk5QpgZSGlC4=
ro54
ro55
spython3
s3.8
ro56
ro21
e

2022-02-28 00:38:28,852 Answer received: !yro57
2022-02-28 00:38:28,853 Command to send: c
o28
parseDataType
s"string"
e

2022-02-28 00:38:28,876 Answer received: !yro58
2022-02-28 00:38:28,876 Command to send: r
u
org
rj
e

2022-02-28 00:38:28,878 Answer received: !yp
2022-02-28 00:38:28,878 Command to send: r
u
org.apache
rj
e

2022-02-28 00:38:28,879 Answer received: !yp
2022-02-28 00:38:28,879 Command to send: r
u
org.apache.spark
rj
e

2022-02-28 00:38:28,879 Answer received: !yp
2022-02-28 00:38:28,880 Command to send: r
u
org.apache.spark.sql
rj
e

2022-02-28 00:38:28,880 Answer received: !yp
2022-02-28 00:38:28,880 Command to send: r
u
org.apache.spark.sql.execution
rj
e

2022-02-28 00:38:28,881 Answer received: !yp
2022-02-28 00:38:28,881 Command to send: r
u
org.apache.spark.sql.execution.python
rj
e

2022-02-28 00:38:28,881 Answer received: !yp
2022-02-28 00:38:28,881 Command to send: r
u
org.apache.spark.sql.execution.python.UserDefinedPythonFunction
rj
e

2022-02-28 00:38:28,883 Answer received: !ycorg.apache.spark.sql.execution.python.UserDefinedPythonFunction
2022-02-28 00:38:28,883 Command to send: i
org.apache.spark.sql.execution.python.UserDefinedPythonFunction
sisGoodDecision
ro57
ro58
i100
bTrue
e

2022-02-28 00:38:28,883 Answer received: !yro59
2022-02-28 00:38:28,883 Command to send: r
u
functions
rj
e

2022-02-28 00:38:28,889 Answer received: !ycorg.apache.spark.sql.functions
2022-02-28 00:38:28,890 Command to send: r
m
org.apache.spark.sql.functions
col
e

2022-02-28 00:38:28,893 Answer received: !ym
2022-02-28 00:38:28,894 Command to send: c
z:org.apache.spark.sql.functions
col
sDECISION
e

2022-02-28 00:38:28,915 Answer received: !yro60
2022-02-28 00:38:28,915 Command to send: r
u
PythonUtils
rj
e

2022-02-28 00:38:28,916 Answer received: !ycorg.apache.spark.api.python.PythonUtils
2022-02-28 00:38:28,916 Command to send: r
m
org.apache.spark.api.python.PythonUtils
toSeq
e

2022-02-28 00:38:28,916 Answer received: !ym
2022-02-28 00:38:28,916 Command to send: i
java.util.ArrayList
e

2022-02-28 00:38:28,917 Answer received: !ylo61
2022-02-28 00:38:28,917 Command to send: c
o61
add
ro60
e

2022-02-28 00:38:28,917 Answer received: !ybtrue
2022-02-28 00:38:28,917 Command to send: c
z:org.apache.spark.api.python.PythonUtils
toSeq
ro61
e

2022-02-28 00:38:28,918 Answer received: !yro62
2022-02-28 00:38:28,918 Command to send: c
o59
apply
ro62
e

2022-02-28 00:38:28,919 Answer received: !yro63
2022-02-28 00:38:28,920 Command to send: c
o47
withColumn
sisGoodDecision
ro63
e

2022-02-28 00:38:28,955 Answer received: !yro64
2022-02-28 00:38:28,955 Command to send: r
u
functions
rj
e

2022-02-28 00:38:28,957 Answer received: !ycorg.apache.spark.sql.functions
2022-02-28 00:38:28,957 Command to send: r
m
org.apache.spark.sql.functions
col
e

2022-02-28 00:38:28,957 Answer received: !ym
2022-02-28 00:38:28,957 Command to send: c
z:org.apache.spark.sql.functions
col
sUID
e

2022-02-28 00:38:28,958 Answer received: !yro65
2022-02-28 00:38:28,958 Command to send: r
u
functions
rj
e

2022-02-28 00:38:28,959 Answer received: !ycorg.apache.spark.sql.functions
2022-02-28 00:38:28,959 Command to send: r
m
org.apache.spark.sql.functions
col
e

2022-02-28 00:38:28,959 Answer received: !ym
2022-02-28 00:38:28,960 Command to send: c
z:org.apache.spark.sql.functions
col
sDECISION
e

2022-02-28 00:38:28,960 Answer received: !yro66
2022-02-28 00:38:28,960 Command to send: r
u
functions
rj
e

2022-02-28 00:38:28,961 Answer received: !ycorg.apache.spark.sql.functions
2022-02-28 00:38:28,962 Command to send: r
m
org.apache.spark.sql.functions
col
e

2022-02-28 00:38:28,962 Answer received: !ym
2022-02-28 00:38:28,962 Command to send: c
z:org.apache.spark.sql.functions
col
sisGoodDecision
e

2022-02-28 00:38:28,963 Answer received: !yro67
2022-02-28 00:38:28,963 Command to send: r
u
functions
rj
e

2022-02-28 00:38:28,964 Answer received: !ycorg.apache.spark.sql.functions
2022-02-28 00:38:28,964 Command to send: r
m
org.apache.spark.sql.functions
col
e

2022-02-28 00:38:28,964 Answer received: !ym
2022-02-28 00:38:28,965 Command to send: c
z:org.apache.spark.sql.functions
col
screate_ts
e

2022-02-28 00:38:28,965 Answer received: !yro68
2022-02-28 00:38:28,965 Command to send: r
u
PythonUtils
rj
e

2022-02-28 00:38:28,966 Answer received: !ycorg.apache.spark.api.python.PythonUtils
2022-02-28 00:38:28,966 Command to send: r
m
org.apache.spark.api.python.PythonUtils
toSeq
e

2022-02-28 00:38:28,966 Answer received: !ym
2022-02-28 00:38:28,967 Command to send: i
java.util.ArrayList
e

2022-02-28 00:38:28,967 Answer received: !ylo69
2022-02-28 00:38:28,967 Command to send: c
o69
add
ro65
e

2022-02-28 00:38:28,967 Answer received: !ybtrue
2022-02-28 00:38:28,967 Command to send: c
o69
add
ro66
e

2022-02-28 00:38:28,968 Answer received: !ybtrue
2022-02-28 00:38:28,968 Command to send: c
o69
add
ro67
e

2022-02-28 00:38:28,968 Answer received: !ybtrue
2022-02-28 00:38:28,968 Command to send: c
o69
add
ro68
e

2022-02-28 00:38:28,968 Answer received: !ybtrue
2022-02-28 00:38:28,968 Command to send: c
z:org.apache.spark.api.python.PythonUtils
toSeq
ro69
e

2022-02-28 00:38:28,968 Answer received: !yro70
2022-02-28 00:38:28,969 Command to send: c
o64
select
ro70
e

2022-02-28 00:38:28,983 Answer received: !yro71
2022-02-28 00:38:28,983 Command to send: c
o71
count
e

2022-02-28 00:38:29,778 Command to send: m
d
o0
e

2022-02-28 00:38:29,779 Answer received: !yv
2022-02-28 00:38:29,779 Command to send: m
d
o7
e

2022-02-28 00:38:29,780 Answer received: !yv
2022-02-28 00:38:29,780 Command to send: m
d
o8
e

2022-02-28 00:38:29,780 Answer received: !yv
2022-02-28 00:38:29,780 Command to send: m
d
o9
e

2022-02-28 00:38:29,781 Answer received: !yv
2022-02-28 00:38:29,781 Command to send: m
d
o10
e

2022-02-28 00:38:29,781 Answer received: !yv
2022-02-28 00:38:29,781 Command to send: m
d
o11
e

2022-02-28 00:38:29,782 Answer received: !yv
2022-02-28 00:38:29,782 Command to send: m
d
o12
e

2022-02-28 00:38:29,782 Answer received: !yv
2022-02-28 00:38:29,783 Command to send: m
d
o13
e

2022-02-28 00:38:29,783 Answer received: !yv
2022-02-28 00:38:29,783 Command to send: m
d
o14
e

2022-02-28 00:38:29,784 Answer received: !yv
2022-02-28 00:38:29,784 Command to send: m
d
o15
e

2022-02-28 00:38:29,784 Answer received: !yv
2022-02-28 00:38:29,784 Command to send: m
d
o16
e

2022-02-28 00:38:29,785 Answer received: !yv
2022-02-28 00:38:29,785 Command to send: m
d
o17
e

2022-02-28 00:38:29,785 Answer received: !yv
2022-02-28 00:38:29,785 Command to send: m
d
o19
e

2022-02-28 00:38:29,786 Answer received: !yv
2022-02-28 00:38:29,786 Command to send: m
d
o22
e

2022-02-28 00:38:29,786 Answer received: !yv
2022-02-28 00:38:29,786 Command to send: m
d
o23
e

2022-02-28 00:38:29,787 Answer received: !yv
2022-02-28 00:38:29,787 Command to send: m
d
o24
e

2022-02-28 00:38:29,787 Answer received: !yv
2022-02-28 00:38:29,787 Command to send: m
d
o25
e

2022-02-28 00:38:29,787 Answer received: !yv
2022-02-28 00:38:29,787 Command to send: m
d
o26
e

2022-02-28 00:38:29,787 Answer received: !yv
2022-02-28 00:38:29,787 Command to send: m
d
o27
e

2022-02-28 00:38:29,787 Answer received: !yv
2022-02-28 00:38:29,788 Command to send: m
d
o30
e

2022-02-28 00:38:29,788 Answer received: !yv
2022-02-28 00:38:29,788 Command to send: m
d
o31
e

2022-02-28 00:38:29,788 Answer received: !yv
2022-02-28 00:38:29,788 Command to send: m
d
o32
e

2022-02-28 00:38:29,788 Answer received: !yv
2022-02-28 00:38:29,788 Command to send: m
d
o33
e

2022-02-28 00:38:29,788 Answer received: !yv
2022-02-28 00:38:29,788 Command to send: m
d
o34
e

2022-02-28 00:38:29,788 Answer received: !yv
2022-02-28 00:38:29,788 Command to send: m
d
o35
e

2022-02-28 00:38:29,789 Answer received: !yv
2022-02-28 00:38:29,789 Command to send: m
d
o36
e

2022-02-28 00:38:29,789 Answer received: !yv
2022-02-28 00:38:29,789 Command to send: m
d
o37
e

2022-02-28 00:38:29,789 Answer received: !yv
2022-02-28 00:38:29,789 Command to send: m
d
o38
e

2022-02-28 00:38:29,789 Answer received: !yv
2022-02-28 00:38:29,789 Command to send: m
d
o39
e

2022-02-28 00:38:29,789 Answer received: !yv
2022-02-28 00:38:29,789 Command to send: m
d
o40
e

2022-02-28 00:38:29,790 Answer received: !yv
2022-02-28 00:38:29,790 Command to send: m
d
o41
e

2022-02-28 00:38:29,790 Answer received: !yv
2022-02-28 00:38:29,790 Command to send: m
d
o42
e

2022-02-28 00:38:29,790 Answer received: !yv
2022-02-28 00:38:29,790 Command to send: m
d
o43
e

2022-02-28 00:38:29,790 Answer received: !yv
2022-02-28 00:38:29,790 Command to send: m
d
o44
e

2022-02-28 00:38:29,790 Answer received: !yv
2022-02-28 00:38:29,790 Command to send: m
d
o45
e

2022-02-28 00:38:29,790 Answer received: !yv
2022-02-28 00:38:29,791 Command to send: m
d
o46
e

2022-02-28 00:38:29,791 Answer received: !yv
2022-02-28 00:38:29,791 Command to send: m
d
o54
e

2022-02-28 00:38:29,791 Answer received: !yv
2022-02-28 00:38:29,791 Command to send: m
d
o55
e

2022-02-28 00:38:29,791 Answer received: !yv
2022-02-28 00:38:29,791 Command to send: m
d
o56
e

2022-02-28 00:38:29,791 Answer received: !yv
2022-02-28 00:38:29,791 Command to send: m
d
o61
e

2022-02-28 00:38:29,791 Answer received: !yv
2022-02-28 00:38:29,791 Command to send: m
d
o69
e

2022-02-28 00:38:29,791 Answer received: !yv
2022-02-28 00:38:30,650 Answer received: !yL116
2022-02-28 00:38:30,650 writing data to snowflake, 116 records inserted to resentation table
2022-02-28 00:38:30,650 Command to send: c
o71
write
e

2022-02-28 00:38:30,657 Answer received: !yro72
2022-02-28 00:38:30,657 Command to send: c
o72
format
ssnowflake
e

2022-02-28 00:38:30,660 Answer received: !yro73
2022-02-28 00:38:30,660 Command to send: c
o73
option
ssfURL
szu02863.ap-south-1.aws.snowflakecomputing.com
e

2022-02-28 00:38:30,661 Answer received: !yro74
2022-02-28 00:38:30,661 Command to send: c
o74
option
ssfAccount
szu02863.ap-south-1.aws
e

2022-02-28 00:38:30,661 Answer received: !yro75
2022-02-28 00:38:30,661 Command to send: c
o75
option
ssfUser
scoolkeonjhar
e

2022-02-28 00:38:30,662 Answer received: !yro76
2022-02-28 00:38:30,662 Command to send: c
o76
option
ssfPassword
sAmrita@123
e

2022-02-28 00:38:30,662 Answer received: !yro77
2022-02-28 00:38:30,662 Command to send: c
o77
option
ssfDatabase
sNIMBUS_MAPS
e

2022-02-28 00:38:30,663 Answer received: !yro78
2022-02-28 00:38:30,663 Command to send: c
o78
option
ssfSchema
sPRESENTATION
e

2022-02-28 00:38:30,663 Answer received: !yro79
2022-02-28 00:38:30,663 Command to send: c
o79
option
ssfWarehouse
sSNOW_LARGE_VWH
e

2022-02-28 00:38:30,664 Answer received: !yro80
2022-02-28 00:38:30,664 Command to send: c
o80
option
ssfRole
sACCOUNTADMIN
e

2022-02-28 00:38:30,664 Answer received: !yro81
2022-02-28 00:38:30,665 Command to send: c
o81
option
sdbtable
sNIMBUS_MAPS.PRESENTATION.DECISION_DATA_PRES
e

2022-02-28 00:38:30,665 Answer received: !yro82
2022-02-28 00:38:30,665 Command to send: c
o82
mode
sappend
e

2022-02-28 00:38:30,665 Answer received: !yro83
2022-02-28 00:38:30,666 Command to send: c
o83
option
sheader
strue
e

2022-02-28 00:38:30,666 Answer received: !yro84
2022-02-28 00:38:30,666 Command to send: c
o84
save
e

2022-02-28 00:38:38,639 Answer received: !yv
2022-02-28 00:38:38,639 Data processed successfully Exiting
2022-02-28 00:38:38,639 Command to send: c
o18
stop
e

2022-02-28 00:38:38,718 Answer received: !yv
