2022-02-28 00:50:09,672 spark session started 
2022-02-28 00:50:14,190 GatewayClient.address is deprecated and will be removed in version 1.0. Use GatewayParameters instead.
2022-02-28 00:50:14,191 Command to send: A
51172f8060785b907b8f2830f9a29dfe368fe81d0c2de3cfbdc68ff4e1bfeb18

2022-02-28 00:50:14,219 Answer received: !yv
2022-02-28 00:50:14,220 Command to send: j
i
rj
org.apache.spark.SparkConf
e

2022-02-28 00:50:14,223 Answer received: !yv
2022-02-28 00:50:14,223 Command to send: j
i
rj
org.apache.spark.api.java.*
e

2022-02-28 00:50:14,223 Answer received: !yv
2022-02-28 00:50:14,224 Command to send: j
i
rj
org.apache.spark.api.python.*
e

2022-02-28 00:50:14,224 Answer received: !yv
2022-02-28 00:50:14,224 Command to send: j
i
rj
org.apache.spark.ml.python.*
e

2022-02-28 00:50:14,225 Answer received: !yv
2022-02-28 00:50:14,225 Command to send: j
i
rj
org.apache.spark.mllib.api.python.*
e

2022-02-28 00:50:14,227 Answer received: !yv
2022-02-28 00:50:14,227 Command to send: j
i
rj
org.apache.spark.resource.*
e

2022-02-28 00:50:14,228 Answer received: !yv
2022-02-28 00:50:14,229 Command to send: j
i
rj
org.apache.spark.sql.*
e

2022-02-28 00:50:14,229 Answer received: !yv
2022-02-28 00:50:14,230 Command to send: j
i
rj
org.apache.spark.sql.api.python.*
e

2022-02-28 00:50:14,230 Answer received: !yv
2022-02-28 00:50:14,230 Command to send: j
i
rj
org.apache.spark.sql.hive.*
e

2022-02-28 00:50:14,231 Answer received: !yv
2022-02-28 00:50:14,231 Command to send: j
i
rj
scala.Tuple2
e

2022-02-28 00:50:14,231 Answer received: !yv
2022-02-28 00:50:14,231 Command to send: r
u
SparkConf
rj
e

2022-02-28 00:50:14,255 Answer received: !ycorg.apache.spark.SparkConf
2022-02-28 00:50:14,255 Command to send: i
org.apache.spark.SparkConf
bTrue
e

2022-02-28 00:50:14,260 Answer received: !yro0
2022-02-28 00:50:14,260 Command to send: c
o0
set
sspark.master
slocal
e

2022-02-28 00:50:14,265 Answer received: !yro1
2022-02-28 00:50:14,265 Command to send: c
o0
set
sspark.app.name
swiki-changes-event-consumer
e

2022-02-28 00:50:14,266 Answer received: !yro2
2022-02-28 00:50:14,266 Command to send: c
o0
set
sspark.jars.packages
sorg.apache.spark:spark-sql-kafka-0-10_2.12:3.2.1,net.snowflake:spark-snowflake_2.12:2.10.0-spark_3.2
e

2022-02-28 00:50:14,266 Answer received: !yro3
2022-02-28 00:50:14,267 Command to send: c
o0
contains
sspark.serializer.objectStreamReset
e

2022-02-28 00:50:14,267 Answer received: !ybfalse
2022-02-28 00:50:14,267 Command to send: c
o0
set
sspark.serializer.objectStreamReset
s100
e

2022-02-28 00:50:14,268 Answer received: !yro4
2022-02-28 00:50:14,268 Command to send: c
o0
contains
sspark.rdd.compress
e

2022-02-28 00:50:14,268 Answer received: !ybfalse
2022-02-28 00:50:14,268 Command to send: c
o0
set
sspark.rdd.compress
sTrue
e

2022-02-28 00:50:14,268 Answer received: !yro5
2022-02-28 00:50:14,269 Command to send: c
o0
contains
sspark.master
e

2022-02-28 00:50:14,269 Answer received: !ybtrue
2022-02-28 00:50:14,269 Command to send: c
o0
contains
sspark.app.name
e

2022-02-28 00:50:14,270 Answer received: !ybtrue
2022-02-28 00:50:14,270 Command to send: c
o0
contains
sspark.master
e

2022-02-28 00:50:14,270 Answer received: !ybtrue
2022-02-28 00:50:14,270 Command to send: c
o0
get
sspark.master
e

2022-02-28 00:50:14,271 Answer received: !yslocal
2022-02-28 00:50:14,272 Command to send: c
o0
contains
sspark.app.name
e

2022-02-28 00:50:14,272 Answer received: !ybtrue
2022-02-28 00:50:14,272 Command to send: c
o0
get
sspark.app.name
e

2022-02-28 00:50:14,272 Answer received: !yswiki-changes-event-consumer
2022-02-28 00:50:14,272 Command to send: c
o0
contains
sspark.home
e

2022-02-28 00:50:14,273 Answer received: !ybfalse
2022-02-28 00:50:14,273 Command to send: c
o0
getAll
e

2022-02-28 00:50:14,274 Answer received: !yto6
2022-02-28 00:50:14,274 Command to send: a
e
o6
e

2022-02-28 00:50:14,274 Answer received: !yi11
2022-02-28 00:50:14,275 Command to send: a
g
o6
i0
e

2022-02-28 00:50:14,275 Answer received: !yro7
2022-02-28 00:50:14,275 Command to send: c
o7
_1
e

2022-02-28 00:50:14,276 Answer received: !ysspark.master
2022-02-28 00:50:14,276 Command to send: c
o7
_2
e

2022-02-28 00:50:14,276 Answer received: !yslocal
2022-02-28 00:50:14,277 Command to send: a
e
o6
e

2022-02-28 00:50:14,277 Answer received: !yi11
2022-02-28 00:50:14,277 Command to send: a
g
o6
i1
e

2022-02-28 00:50:14,277 Answer received: !yro8
2022-02-28 00:50:14,277 Command to send: c
o8
_1
e

2022-02-28 00:50:14,277 Answer received: !ysspark.app.name
2022-02-28 00:50:14,278 Command to send: c
o8
_2
e

2022-02-28 00:50:14,278 Answer received: !yswiki-changes-event-consumer
2022-02-28 00:50:14,278 Command to send: a
e
o6
e

2022-02-28 00:50:14,278 Answer received: !yi11
2022-02-28 00:50:14,278 Command to send: a
g
o6
i2
e

2022-02-28 00:50:14,278 Answer received: !yro9
2022-02-28 00:50:14,279 Command to send: c
o9
_1
e

2022-02-28 00:50:14,279 Answer received: !ysspark.rdd.compress
2022-02-28 00:50:14,279 Command to send: c
o9
_2
e

2022-02-28 00:50:14,279 Answer received: !ysTrue
2022-02-28 00:50:14,279 Command to send: a
e
o6
e

2022-02-28 00:50:14,280 Answer received: !yi11
2022-02-28 00:50:14,280 Command to send: a
g
o6
i3
e

2022-02-28 00:50:14,280 Answer received: !yro10
2022-02-28 00:50:14,280 Command to send: c
o10
_1
e

2022-02-28 00:50:14,280 Answer received: !ysspark.jars
2022-02-28 00:50:14,281 Command to send: c
o10
_2
e

2022-02-28 00:50:14,281 Answer received: !ysfile:///home/suman/.ivy2/jars/org.apache.spark_spark-sql-kafka-0-10_2.12-3.2.1.jar,file:///home/suman/.ivy2/jars/net.snowflake_spark-snowflake_2.12-2.10.0-spark_3.2.jar,file:///home/suman/.ivy2/jars/org.apache.spark_spark-token-provider-kafka-0-10_2.12-3.2.1.jar,file:///home/suman/.ivy2/jars/org.apache.kafka_kafka-clients-2.8.0.jar,file:///home/suman/.ivy2/jars/com.google.code.findbugs_jsr305-3.0.0.jar,file:///home/suman/.ivy2/jars/org.apache.commons_commons-pool2-2.6.2.jar,file:///home/suman/.ivy2/jars/org.spark-project.spark_unused-1.0.0.jar,file:///home/suman/.ivy2/jars/org.apache.hadoop_hadoop-client-runtime-3.3.1.jar,file:///home/suman/.ivy2/jars/org.lz4_lz4-java-1.7.1.jar,file:///home/suman/.ivy2/jars/org.xerial.snappy_snappy-java-1.1.8.4.jar,file:///home/suman/.ivy2/jars/org.slf4j_slf4j-api-1.7.30.jar,file:///home/suman/.ivy2/jars/org.apache.hadoop_hadoop-client-api-3.3.1.jar,file:///home/suman/.ivy2/jars/org.apache.htrace_htrace-core4-4.1.0-incubating.jar,file:///home/suman/.ivy2/jars/commons-logging_commons-logging-1.1.3.jar,file:///home/suman/.ivy2/jars/net.snowflake_snowflake-ingest-sdk-0.10.3.jar,file:///home/suman/.ivy2/jars/net.snowflake_snowflake-jdbc-3.13.14.jar
2022-02-28 00:50:14,281 Command to send: a
e
o6
e

2022-02-28 00:50:14,281 Answer received: !yi11
2022-02-28 00:50:14,281 Command to send: a
g
o6
i4
e

2022-02-28 00:50:14,281 Answer received: !yro11
2022-02-28 00:50:14,282 Command to send: c
o11
_1
e

2022-02-28 00:50:14,282 Answer received: !ysspark.files
2022-02-28 00:50:14,282 Command to send: c
o11
_2
e

2022-02-28 00:50:14,282 Answer received: !ysfile:///home/suman/.ivy2/jars/org.apache.spark_spark-sql-kafka-0-10_2.12-3.2.1.jar,file:///home/suman/.ivy2/jars/net.snowflake_spark-snowflake_2.12-2.10.0-spark_3.2.jar,file:///home/suman/.ivy2/jars/org.apache.spark_spark-token-provider-kafka-0-10_2.12-3.2.1.jar,file:///home/suman/.ivy2/jars/org.apache.kafka_kafka-clients-2.8.0.jar,file:///home/suman/.ivy2/jars/com.google.code.findbugs_jsr305-3.0.0.jar,file:///home/suman/.ivy2/jars/org.apache.commons_commons-pool2-2.6.2.jar,file:///home/suman/.ivy2/jars/org.spark-project.spark_unused-1.0.0.jar,file:///home/suman/.ivy2/jars/org.apache.hadoop_hadoop-client-runtime-3.3.1.jar,file:///home/suman/.ivy2/jars/org.lz4_lz4-java-1.7.1.jar,file:///home/suman/.ivy2/jars/org.xerial.snappy_snappy-java-1.1.8.4.jar,file:///home/suman/.ivy2/jars/org.slf4j_slf4j-api-1.7.30.jar,file:///home/suman/.ivy2/jars/org.apache.hadoop_hadoop-client-api-3.3.1.jar,file:///home/suman/.ivy2/jars/org.apache.htrace_htrace-core4-4.1.0-incubating.jar,file:///home/suman/.ivy2/jars/commons-logging_commons-logging-1.1.3.jar,file:///home/suman/.ivy2/jars/net.snowflake_snowflake-ingest-sdk-0.10.3.jar,file:///home/suman/.ivy2/jars/net.snowflake_snowflake-jdbc-3.13.14.jar
2022-02-28 00:50:14,283 Command to send: a
e
o6
e

2022-02-28 00:50:14,283 Answer received: !yi11
2022-02-28 00:50:14,283 Command to send: a
g
o6
i5
e

2022-02-28 00:50:14,283 Answer received: !yro12
2022-02-28 00:50:14,283 Command to send: c
o12
_1
e

2022-02-28 00:50:14,284 Answer received: !ysspark.serializer.objectStreamReset
2022-02-28 00:50:14,284 Command to send: c
o12
_2
e

2022-02-28 00:50:14,284 Answer received: !ys100
2022-02-28 00:50:14,284 Command to send: a
e
o6
e

2022-02-28 00:50:14,285 Answer received: !yi11
2022-02-28 00:50:14,285 Command to send: a
g
o6
i6
e

2022-02-28 00:50:14,285 Answer received: !yro13
2022-02-28 00:50:14,285 Command to send: c
o13
_1
e

2022-02-28 00:50:14,286 Answer received: !ysspark.submit.pyFiles
2022-02-28 00:50:14,286 Command to send: c
o13
_2
e

2022-02-28 00:50:14,286 Answer received: !ys/home/suman/.ivy2/jars/org.apache.spark_spark-sql-kafka-0-10_2.12-3.2.1.jar,/home/suman/.ivy2/jars/net.snowflake_spark-snowflake_2.12-2.10.0-spark_3.2.jar,/home/suman/.ivy2/jars/org.apache.spark_spark-token-provider-kafka-0-10_2.12-3.2.1.jar,/home/suman/.ivy2/jars/org.apache.kafka_kafka-clients-2.8.0.jar,/home/suman/.ivy2/jars/com.google.code.findbugs_jsr305-3.0.0.jar,/home/suman/.ivy2/jars/org.apache.commons_commons-pool2-2.6.2.jar,/home/suman/.ivy2/jars/org.spark-project.spark_unused-1.0.0.jar,/home/suman/.ivy2/jars/org.apache.hadoop_hadoop-client-runtime-3.3.1.jar,/home/suman/.ivy2/jars/org.lz4_lz4-java-1.7.1.jar,/home/suman/.ivy2/jars/org.xerial.snappy_snappy-java-1.1.8.4.jar,/home/suman/.ivy2/jars/org.slf4j_slf4j-api-1.7.30.jar,/home/suman/.ivy2/jars/org.apache.hadoop_hadoop-client-api-3.3.1.jar,/home/suman/.ivy2/jars/org.apache.htrace_htrace-core4-4.1.0-incubating.jar,/home/suman/.ivy2/jars/commons-logging_commons-logging-1.1.3.jar,/home/suman/.ivy2/jars/net.snowflake_snowflake-ingest-sdk-0.10.3.jar,/home/suman/.ivy2/jars/net.snowflake_snowflake-jdbc-3.13.14.jar
2022-02-28 00:50:14,286 Command to send: a
e
o6
e

2022-02-28 00:50:14,287 Answer received: !yi11
2022-02-28 00:50:14,287 Command to send: a
g
o6
i7
e

2022-02-28 00:50:14,287 Answer received: !yro14
2022-02-28 00:50:14,287 Command to send: c
o14
_1
e

2022-02-28 00:50:14,287 Answer received: !ysspark.repl.local.jars
2022-02-28 00:50:14,288 Command to send: c
o14
_2
e

2022-02-28 00:50:14,288 Answer received: !ysfile:///home/suman/.ivy2/jars/org.apache.spark_spark-sql-kafka-0-10_2.12-3.2.1.jar,file:///home/suman/.ivy2/jars/net.snowflake_spark-snowflake_2.12-2.10.0-spark_3.2.jar,file:///home/suman/.ivy2/jars/org.apache.spark_spark-token-provider-kafka-0-10_2.12-3.2.1.jar,file:///home/suman/.ivy2/jars/org.apache.kafka_kafka-clients-2.8.0.jar,file:///home/suman/.ivy2/jars/com.google.code.findbugs_jsr305-3.0.0.jar,file:///home/suman/.ivy2/jars/org.apache.commons_commons-pool2-2.6.2.jar,file:///home/suman/.ivy2/jars/org.spark-project.spark_unused-1.0.0.jar,file:///home/suman/.ivy2/jars/org.apache.hadoop_hadoop-client-runtime-3.3.1.jar,file:///home/suman/.ivy2/jars/org.lz4_lz4-java-1.7.1.jar,file:///home/suman/.ivy2/jars/org.xerial.snappy_snappy-java-1.1.8.4.jar,file:///home/suman/.ivy2/jars/org.slf4j_slf4j-api-1.7.30.jar,file:///home/suman/.ivy2/jars/org.apache.hadoop_hadoop-client-api-3.3.1.jar,file:///home/suman/.ivy2/jars/org.apache.htrace_htrace-core4-4.1.0-incubating.jar,file:///home/suman/.ivy2/jars/commons-logging_commons-logging-1.1.3.jar,file:///home/suman/.ivy2/jars/net.snowflake_snowflake-ingest-sdk-0.10.3.jar,file:///home/suman/.ivy2/jars/net.snowflake_snowflake-jdbc-3.13.14.jar
2022-02-28 00:50:14,288 Command to send: a
e
o6
e

2022-02-28 00:50:14,288 Answer received: !yi11
2022-02-28 00:50:14,288 Command to send: a
g
o6
i8
e

2022-02-28 00:50:14,289 Answer received: !yro15
2022-02-28 00:50:14,289 Command to send: c
o15
_1
e

2022-02-28 00:50:14,289 Answer received: !ysspark.submit.deployMode
2022-02-28 00:50:14,289 Command to send: c
o15
_2
e

2022-02-28 00:50:14,290 Answer received: !ysclient
2022-02-28 00:50:14,290 Command to send: a
e
o6
e

2022-02-28 00:50:14,290 Answer received: !yi11
2022-02-28 00:50:14,290 Command to send: a
g
o6
i9
e

2022-02-28 00:50:14,290 Answer received: !yro16
2022-02-28 00:50:14,290 Command to send: c
o16
_1
e

2022-02-28 00:50:14,291 Answer received: !ysspark.jars.packages
2022-02-28 00:50:14,291 Command to send: c
o16
_2
e

2022-02-28 00:50:14,291 Answer received: !ysorg.apache.spark:spark-sql-kafka-0-10_2.12:3.2.1,net.snowflake:spark-snowflake_2.12:2.10.0-spark_3.2
2022-02-28 00:50:14,291 Command to send: a
e
o6
e

2022-02-28 00:50:14,291 Answer received: !yi11
2022-02-28 00:50:14,292 Command to send: a
g
o6
i10
e

2022-02-28 00:50:14,292 Answer received: !yro17
2022-02-28 00:50:14,292 Command to send: c
o17
_1
e

2022-02-28 00:50:14,292 Answer received: !ysspark.ui.showConsoleProgress
2022-02-28 00:50:14,292 Command to send: c
o17
_2
e

2022-02-28 00:50:14,292 Answer received: !ystrue
2022-02-28 00:50:14,293 Command to send: a
e
o6
e

2022-02-28 00:50:14,293 Answer received: !yi11
2022-02-28 00:50:14,293 Command to send: r
u
JavaSparkContext
rj
e

2022-02-28 00:50:14,309 Answer received: !ycorg.apache.spark.api.java.JavaSparkContext
2022-02-28 00:50:14,309 Command to send: i
org.apache.spark.api.java.JavaSparkContext
ro0
e

2022-02-28 00:50:15,190 Command to send: A
51172f8060785b907b8f2830f9a29dfe368fe81d0c2de3cfbdc68ff4e1bfeb18

2022-02-28 00:50:15,196 Answer received: !yv
2022-02-28 00:50:15,196 Command to send: m
d
o1
e

2022-02-28 00:50:15,197 Answer received: !yv
2022-02-28 00:50:15,198 Command to send: m
d
o2
e

2022-02-28 00:50:15,198 Answer received: !yv
2022-02-28 00:50:15,198 Command to send: m
d
o3
e

2022-02-28 00:50:15,199 Answer received: !yv
2022-02-28 00:50:15,199 Command to send: m
d
o4
e

2022-02-28 00:50:15,200 Answer received: !yv
2022-02-28 00:50:15,200 Command to send: m
d
o5
e

2022-02-28 00:50:15,200 Answer received: !yv
2022-02-28 00:50:15,200 Command to send: m
d
o6
e

2022-02-28 00:50:15,201 Answer received: !yv
2022-02-28 00:50:18,845 Answer received: !yro18
2022-02-28 00:50:18,846 Command to send: c
o18
sc
e

2022-02-28 00:50:18,850 Answer received: !yro19
2022-02-28 00:50:18,850 Command to send: c
o19
conf
e

2022-02-28 00:50:18,866 Answer received: !yro20
2022-02-28 00:50:18,867 Command to send: r
u
PythonAccumulatorV2
rj
e

2022-02-28 00:50:18,869 Answer received: !ycorg.apache.spark.api.python.PythonAccumulatorV2
2022-02-28 00:50:18,869 Command to send: i
org.apache.spark.api.python.PythonAccumulatorV2
s127.0.0.1
i45339
s51172f8060785b907b8f2830f9a29dfe368fe81d0c2de3cfbdc68ff4e1bfeb18
e

2022-02-28 00:50:18,870 Answer received: !yro21
2022-02-28 00:50:18,870 Command to send: c
o18
sc
e

2022-02-28 00:50:18,870 Answer received: !yro22
2022-02-28 00:50:18,870 Command to send: c
o22
register
ro21
e

2022-02-28 00:50:18,873 Answer received: !yv
2022-02-28 00:50:18,873 Command to send: r
u
PythonUtils
rj
e

2022-02-28 00:50:18,875 Answer received: !ycorg.apache.spark.api.python.PythonUtils
2022-02-28 00:50:18,875 Command to send: r
m
org.apache.spark.api.python.PythonUtils
isEncryptionEnabled
e

2022-02-28 00:50:18,876 Answer received: !ym
2022-02-28 00:50:18,876 Command to send: c
z:org.apache.spark.api.python.PythonUtils
isEncryptionEnabled
ro18
e

2022-02-28 00:50:18,877 Answer received: !ybfalse
2022-02-28 00:50:18,878 Command to send: r
u
PythonUtils
rj
e

2022-02-28 00:50:18,878 Answer received: !ycorg.apache.spark.api.python.PythonUtils
2022-02-28 00:50:18,878 Command to send: r
m
org.apache.spark.api.python.PythonUtils
getPythonAuthSocketTimeout
e

2022-02-28 00:50:18,879 Answer received: !ym
2022-02-28 00:50:18,879 Command to send: c
z:org.apache.spark.api.python.PythonUtils
getPythonAuthSocketTimeout
ro18
e

2022-02-28 00:50:18,879 Answer received: !yL15
2022-02-28 00:50:18,880 Command to send: r
u
PythonUtils
rj
e

2022-02-28 00:50:18,880 Answer received: !ycorg.apache.spark.api.python.PythonUtils
2022-02-28 00:50:18,880 Command to send: r
m
org.apache.spark.api.python.PythonUtils
getSparkBufferSize
e

2022-02-28 00:50:18,881 Answer received: !ym
2022-02-28 00:50:18,881 Command to send: c
z:org.apache.spark.api.python.PythonUtils
getSparkBufferSize
ro18
e

2022-02-28 00:50:18,881 Answer received: !yi65536
2022-02-28 00:50:18,882 Command to send: r
u
org
rj
e

2022-02-28 00:50:18,883 Answer received: !yp
2022-02-28 00:50:18,883 Command to send: r
u
org.apache
rj
e

2022-02-28 00:50:18,884 Answer received: !yp
2022-02-28 00:50:18,885 Command to send: r
u
org.apache.spark
rj
e

2022-02-28 00:50:18,886 Answer received: !yp
2022-02-28 00:50:18,886 Command to send: r
u
org.apache.spark.SparkFiles
rj
e

2022-02-28 00:50:18,887 Answer received: !ycorg.apache.spark.SparkFiles
2022-02-28 00:50:18,887 Command to send: r
m
org.apache.spark.SparkFiles
getRootDirectory
e

2022-02-28 00:50:18,887 Answer received: !ym
2022-02-28 00:50:18,887 Command to send: c
z:org.apache.spark.SparkFiles
getRootDirectory
e

2022-02-28 00:50:18,888 Answer received: !ys/tmp/spark-64d296bb-8dbc-4d0e-82cf-dc90c9dcf091/userFiles-ad1ff3b6-9ef5-4872-a81a-9ea1fe991d4c
2022-02-28 00:50:18,888 Command to send: c
o20
get
sspark.submit.pyFiles
s
e

2022-02-28 00:50:18,888 Answer received: !ys/home/suman/.ivy2/jars/org.apache.spark_spark-sql-kafka-0-10_2.12-3.2.1.jar,/home/suman/.ivy2/jars/net.snowflake_spark-snowflake_2.12-2.10.0-spark_3.2.jar,/home/suman/.ivy2/jars/org.apache.spark_spark-token-provider-kafka-0-10_2.12-3.2.1.jar,/home/suman/.ivy2/jars/org.apache.kafka_kafka-clients-2.8.0.jar,/home/suman/.ivy2/jars/com.google.code.findbugs_jsr305-3.0.0.jar,/home/suman/.ivy2/jars/org.apache.commons_commons-pool2-2.6.2.jar,/home/suman/.ivy2/jars/org.spark-project.spark_unused-1.0.0.jar,/home/suman/.ivy2/jars/org.apache.hadoop_hadoop-client-runtime-3.3.1.jar,/home/suman/.ivy2/jars/org.lz4_lz4-java-1.7.1.jar,/home/suman/.ivy2/jars/org.xerial.snappy_snappy-java-1.1.8.4.jar,/home/suman/.ivy2/jars/org.slf4j_slf4j-api-1.7.30.jar,/home/suman/.ivy2/jars/org.apache.hadoop_hadoop-client-api-3.3.1.jar,/home/suman/.ivy2/jars/org.apache.htrace_htrace-core4-4.1.0-incubating.jar,/home/suman/.ivy2/jars/commons-logging_commons-logging-1.1.3.jar,/home/suman/.ivy2/jars/net.snowflake_snowflake-ingest-sdk-0.10.3.jar,/home/suman/.ivy2/jars/net.snowflake_snowflake-jdbc-3.13.14.jar
2022-02-28 00:50:18,889 Command to send: r
u
org
rj
e

2022-02-28 00:50:18,890 Answer received: !yp
2022-02-28 00:50:18,890 Command to send: r
u
org.apache
rj
e

2022-02-28 00:50:18,891 Answer received: !yp
2022-02-28 00:50:18,891 Command to send: r
u
org.apache.spark
rj
e

2022-02-28 00:50:18,891 Answer received: !yp
2022-02-28 00:50:18,891 Command to send: r
u
org.apache.spark.SparkFiles
rj
e

2022-02-28 00:50:18,892 Answer received: !ycorg.apache.spark.SparkFiles
2022-02-28 00:50:18,892 Command to send: r
m
org.apache.spark.SparkFiles
getRootDirectory
e

2022-02-28 00:50:18,892 Answer received: !ym
2022-02-28 00:50:18,892 Command to send: c
z:org.apache.spark.SparkFiles
getRootDirectory
e

2022-02-28 00:50:18,892 Answer received: !ys/tmp/spark-64d296bb-8dbc-4d0e-82cf-dc90c9dcf091/userFiles-ad1ff3b6-9ef5-4872-a81a-9ea1fe991d4c
2022-02-28 00:50:18,892 Command to send: r
u
org
rj
e

2022-02-28 00:50:18,894 Answer received: !yp
2022-02-28 00:50:18,894 Command to send: r
u
org.apache
rj
e

2022-02-28 00:50:18,894 Answer received: !yp
2022-02-28 00:50:18,894 Command to send: r
u
org.apache.spark
rj
e

2022-02-28 00:50:18,895 Answer received: !yp
2022-02-28 00:50:18,895 Command to send: r
u
org.apache.spark.SparkFiles
rj
e

2022-02-28 00:50:18,895 Answer received: !ycorg.apache.spark.SparkFiles
2022-02-28 00:50:18,895 Command to send: r
m
org.apache.spark.SparkFiles
getRootDirectory
e

2022-02-28 00:50:18,895 Answer received: !ym
2022-02-28 00:50:18,896 Command to send: c
z:org.apache.spark.SparkFiles
getRootDirectory
e

2022-02-28 00:50:18,896 Answer received: !ys/tmp/spark-64d296bb-8dbc-4d0e-82cf-dc90c9dcf091/userFiles-ad1ff3b6-9ef5-4872-a81a-9ea1fe991d4c
2022-02-28 00:50:18,896 Command to send: r
u
org
rj
e

2022-02-28 00:50:18,897 Answer received: !yp
2022-02-28 00:50:18,898 Command to send: r
u
org.apache
rj
e

2022-02-28 00:50:18,898 Answer received: !yp
2022-02-28 00:50:18,899 Command to send: r
u
org.apache.spark
rj
e

2022-02-28 00:50:18,899 Answer received: !yp
2022-02-28 00:50:18,899 Command to send: r
u
org.apache.spark.SparkFiles
rj
e

2022-02-28 00:50:18,900 Answer received: !ycorg.apache.spark.SparkFiles
2022-02-28 00:50:18,900 Command to send: r
m
org.apache.spark.SparkFiles
getRootDirectory
e

2022-02-28 00:50:18,900 Answer received: !ym
2022-02-28 00:50:18,900 Command to send: c
z:org.apache.spark.SparkFiles
getRootDirectory
e

2022-02-28 00:50:18,900 Answer received: !ys/tmp/spark-64d296bb-8dbc-4d0e-82cf-dc90c9dcf091/userFiles-ad1ff3b6-9ef5-4872-a81a-9ea1fe991d4c
2022-02-28 00:50:18,901 Command to send: r
u
org
rj
e

2022-02-28 00:50:18,903 Answer received: !yp
2022-02-28 00:50:18,903 Command to send: r
u
org.apache
rj
e

2022-02-28 00:50:18,903 Answer received: !yp
2022-02-28 00:50:18,903 Command to send: r
u
org.apache.spark
rj
e

2022-02-28 00:50:18,904 Answer received: !yp
2022-02-28 00:50:18,904 Command to send: r
u
org.apache.spark.SparkFiles
rj
e

2022-02-28 00:50:18,905 Answer received: !ycorg.apache.spark.SparkFiles
2022-02-28 00:50:18,905 Command to send: r
m
org.apache.spark.SparkFiles
getRootDirectory
e

2022-02-28 00:50:18,905 Answer received: !ym
2022-02-28 00:50:18,905 Command to send: c
z:org.apache.spark.SparkFiles
getRootDirectory
e

2022-02-28 00:50:18,905 Answer received: !ys/tmp/spark-64d296bb-8dbc-4d0e-82cf-dc90c9dcf091/userFiles-ad1ff3b6-9ef5-4872-a81a-9ea1fe991d4c
2022-02-28 00:50:18,906 Command to send: r
u
org
rj
e

2022-02-28 00:50:18,908 Answer received: !yp
2022-02-28 00:50:18,908 Command to send: r
u
org.apache
rj
e

2022-02-28 00:50:18,909 Answer received: !yp
2022-02-28 00:50:18,909 Command to send: r
u
org.apache.spark
rj
e

2022-02-28 00:50:18,909 Answer received: !yp
2022-02-28 00:50:18,909 Command to send: r
u
org.apache.spark.SparkFiles
rj
e

2022-02-28 00:50:18,910 Answer received: !ycorg.apache.spark.SparkFiles
2022-02-28 00:50:18,910 Command to send: r
m
org.apache.spark.SparkFiles
getRootDirectory
e

2022-02-28 00:50:18,910 Answer received: !ym
2022-02-28 00:50:18,910 Command to send: c
z:org.apache.spark.SparkFiles
getRootDirectory
e

2022-02-28 00:50:18,910 Answer received: !ys/tmp/spark-64d296bb-8dbc-4d0e-82cf-dc90c9dcf091/userFiles-ad1ff3b6-9ef5-4872-a81a-9ea1fe991d4c
2022-02-28 00:50:18,911 Command to send: r
u
org
rj
e

2022-02-28 00:50:18,913 Answer received: !yp
2022-02-28 00:50:18,913 Command to send: r
u
org.apache
rj
e

2022-02-28 00:50:18,913 Answer received: !yp
2022-02-28 00:50:18,913 Command to send: r
u
org.apache.spark
rj
e

2022-02-28 00:50:18,914 Answer received: !yp
2022-02-28 00:50:18,914 Command to send: r
u
org.apache.spark.SparkFiles
rj
e

2022-02-28 00:50:18,914 Answer received: !ycorg.apache.spark.SparkFiles
2022-02-28 00:50:18,914 Command to send: r
m
org.apache.spark.SparkFiles
getRootDirectory
e

2022-02-28 00:50:18,914 Answer received: !ym
2022-02-28 00:50:18,914 Command to send: c
z:org.apache.spark.SparkFiles
getRootDirectory
e

2022-02-28 00:50:18,915 Answer received: !ys/tmp/spark-64d296bb-8dbc-4d0e-82cf-dc90c9dcf091/userFiles-ad1ff3b6-9ef5-4872-a81a-9ea1fe991d4c
2022-02-28 00:50:18,915 Command to send: r
u
org
rj
e

2022-02-28 00:50:18,917 Answer received: !yp
2022-02-28 00:50:18,917 Command to send: r
u
org.apache
rj
e

2022-02-28 00:50:18,918 Answer received: !yp
2022-02-28 00:50:18,918 Command to send: r
u
org.apache.spark
rj
e

2022-02-28 00:50:18,918 Answer received: !yp
2022-02-28 00:50:18,918 Command to send: r
u
org.apache.spark.SparkFiles
rj
e

2022-02-28 00:50:18,919 Answer received: !ycorg.apache.spark.SparkFiles
2022-02-28 00:50:18,919 Command to send: r
m
org.apache.spark.SparkFiles
getRootDirectory
e

2022-02-28 00:50:18,919 Answer received: !ym
2022-02-28 00:50:18,919 Command to send: c
z:org.apache.spark.SparkFiles
getRootDirectory
e

2022-02-28 00:50:18,919 Answer received: !ys/tmp/spark-64d296bb-8dbc-4d0e-82cf-dc90c9dcf091/userFiles-ad1ff3b6-9ef5-4872-a81a-9ea1fe991d4c
2022-02-28 00:50:18,919 Command to send: r
u
org
rj
e

2022-02-28 00:50:18,921 Answer received: !yp
2022-02-28 00:50:18,922 Command to send: r
u
org.apache
rj
e

2022-02-28 00:50:18,922 Answer received: !yp
2022-02-28 00:50:18,922 Command to send: r
u
org.apache.spark
rj
e

2022-02-28 00:50:18,923 Answer received: !yp
2022-02-28 00:50:18,923 Command to send: r
u
org.apache.spark.SparkFiles
rj
e

2022-02-28 00:50:18,923 Answer received: !ycorg.apache.spark.SparkFiles
2022-02-28 00:50:18,924 Command to send: r
m
org.apache.spark.SparkFiles
getRootDirectory
e

2022-02-28 00:50:18,924 Answer received: !ym
2022-02-28 00:50:18,924 Command to send: c
z:org.apache.spark.SparkFiles
getRootDirectory
e

2022-02-28 00:50:18,924 Answer received: !ys/tmp/spark-64d296bb-8dbc-4d0e-82cf-dc90c9dcf091/userFiles-ad1ff3b6-9ef5-4872-a81a-9ea1fe991d4c
2022-02-28 00:50:18,924 Command to send: r
u
org
rj
e

2022-02-28 00:50:18,926 Answer received: !yp
2022-02-28 00:50:18,926 Command to send: r
u
org.apache
rj
e

2022-02-28 00:50:18,926 Answer received: !yp
2022-02-28 00:50:18,927 Command to send: r
u
org.apache.spark
rj
e

2022-02-28 00:50:18,927 Answer received: !yp
2022-02-28 00:50:18,927 Command to send: r
u
org.apache.spark.SparkFiles
rj
e

2022-02-28 00:50:18,927 Answer received: !ycorg.apache.spark.SparkFiles
2022-02-28 00:50:18,927 Command to send: r
m
org.apache.spark.SparkFiles
getRootDirectory
e

2022-02-28 00:50:18,928 Answer received: !ym
2022-02-28 00:50:18,928 Command to send: c
z:org.apache.spark.SparkFiles
getRootDirectory
e

2022-02-28 00:50:18,928 Answer received: !ys/tmp/spark-64d296bb-8dbc-4d0e-82cf-dc90c9dcf091/userFiles-ad1ff3b6-9ef5-4872-a81a-9ea1fe991d4c
2022-02-28 00:50:18,928 Command to send: r
u
org
rj
e

2022-02-28 00:50:18,930 Answer received: !yp
2022-02-28 00:50:18,930 Command to send: r
u
org.apache
rj
e

2022-02-28 00:50:18,930 Answer received: !yp
2022-02-28 00:50:18,930 Command to send: r
u
org.apache.spark
rj
e

2022-02-28 00:50:18,931 Answer received: !yp
2022-02-28 00:50:18,931 Command to send: r
u
org.apache.spark.SparkFiles
rj
e

2022-02-28 00:50:18,931 Answer received: !ycorg.apache.spark.SparkFiles
2022-02-28 00:50:18,931 Command to send: r
m
org.apache.spark.SparkFiles
getRootDirectory
e

2022-02-28 00:50:18,932 Answer received: !ym
2022-02-28 00:50:18,932 Command to send: c
z:org.apache.spark.SparkFiles
getRootDirectory
e

2022-02-28 00:50:18,932 Answer received: !ys/tmp/spark-64d296bb-8dbc-4d0e-82cf-dc90c9dcf091/userFiles-ad1ff3b6-9ef5-4872-a81a-9ea1fe991d4c
2022-02-28 00:50:18,932 Command to send: r
u
org
rj
e

2022-02-28 00:50:18,933 Answer received: !yp
2022-02-28 00:50:18,934 Command to send: r
u
org.apache
rj
e

2022-02-28 00:50:18,934 Answer received: !yp
2022-02-28 00:50:18,934 Command to send: r
u
org.apache.spark
rj
e

2022-02-28 00:50:18,935 Answer received: !yp
2022-02-28 00:50:18,935 Command to send: r
u
org.apache.spark.SparkFiles
rj
e

2022-02-28 00:50:18,935 Answer received: !ycorg.apache.spark.SparkFiles
2022-02-28 00:50:18,935 Command to send: r
m
org.apache.spark.SparkFiles
getRootDirectory
e

2022-02-28 00:50:18,935 Answer received: !ym
2022-02-28 00:50:18,935 Command to send: c
z:org.apache.spark.SparkFiles
getRootDirectory
e

2022-02-28 00:50:18,936 Answer received: !ys/tmp/spark-64d296bb-8dbc-4d0e-82cf-dc90c9dcf091/userFiles-ad1ff3b6-9ef5-4872-a81a-9ea1fe991d4c
2022-02-28 00:50:18,936 Command to send: r
u
org
rj
e

2022-02-28 00:50:18,937 Answer received: !yp
2022-02-28 00:50:18,938 Command to send: r
u
org.apache
rj
e

2022-02-28 00:50:18,938 Answer received: !yp
2022-02-28 00:50:18,938 Command to send: r
u
org.apache.spark
rj
e

2022-02-28 00:50:18,939 Answer received: !yp
2022-02-28 00:50:18,939 Command to send: r
u
org.apache.spark.SparkFiles
rj
e

2022-02-28 00:50:18,939 Answer received: !ycorg.apache.spark.SparkFiles
2022-02-28 00:50:18,939 Command to send: r
m
org.apache.spark.SparkFiles
getRootDirectory
e

2022-02-28 00:50:18,940 Answer received: !ym
2022-02-28 00:50:18,940 Command to send: c
z:org.apache.spark.SparkFiles
getRootDirectory
e

2022-02-28 00:50:18,940 Answer received: !ys/tmp/spark-64d296bb-8dbc-4d0e-82cf-dc90c9dcf091/userFiles-ad1ff3b6-9ef5-4872-a81a-9ea1fe991d4c
2022-02-28 00:50:18,940 Command to send: r
u
org
rj
e

2022-02-28 00:50:18,942 Answer received: !yp
2022-02-28 00:50:18,942 Command to send: r
u
org.apache
rj
e

2022-02-28 00:50:18,942 Answer received: !yp
2022-02-28 00:50:18,942 Command to send: r
u
org.apache.spark
rj
e

2022-02-28 00:50:18,943 Answer received: !yp
2022-02-28 00:50:18,943 Command to send: r
u
org.apache.spark.SparkFiles
rj
e

2022-02-28 00:50:18,943 Answer received: !ycorg.apache.spark.SparkFiles
2022-02-28 00:50:18,943 Command to send: r
m
org.apache.spark.SparkFiles
getRootDirectory
e

2022-02-28 00:50:18,944 Answer received: !ym
2022-02-28 00:50:18,944 Command to send: c
z:org.apache.spark.SparkFiles
getRootDirectory
e

2022-02-28 00:50:18,944 Answer received: !ys/tmp/spark-64d296bb-8dbc-4d0e-82cf-dc90c9dcf091/userFiles-ad1ff3b6-9ef5-4872-a81a-9ea1fe991d4c
2022-02-28 00:50:18,944 Command to send: r
u
org
rj
e

2022-02-28 00:50:18,945 Answer received: !yp
2022-02-28 00:50:18,946 Command to send: r
u
org.apache
rj
e

2022-02-28 00:50:18,946 Answer received: !yp
2022-02-28 00:50:18,946 Command to send: r
u
org.apache.spark
rj
e

2022-02-28 00:50:18,947 Answer received: !yp
2022-02-28 00:50:18,947 Command to send: r
u
org.apache.spark.SparkFiles
rj
e

2022-02-28 00:50:18,947 Answer received: !ycorg.apache.spark.SparkFiles
2022-02-28 00:50:18,947 Command to send: r
m
org.apache.spark.SparkFiles
getRootDirectory
e

2022-02-28 00:50:18,948 Answer received: !ym
2022-02-28 00:50:18,948 Command to send: c
z:org.apache.spark.SparkFiles
getRootDirectory
e

2022-02-28 00:50:18,948 Answer received: !ys/tmp/spark-64d296bb-8dbc-4d0e-82cf-dc90c9dcf091/userFiles-ad1ff3b6-9ef5-4872-a81a-9ea1fe991d4c
2022-02-28 00:50:18,948 Command to send: r
u
org
rj
e

2022-02-28 00:50:18,950 Answer received: !yp
2022-02-28 00:50:18,950 Command to send: r
u
org.apache
rj
e

2022-02-28 00:50:18,951 Answer received: !yp
2022-02-28 00:50:18,951 Command to send: r
u
org.apache.spark
rj
e

2022-02-28 00:50:18,951 Answer received: !yp
2022-02-28 00:50:18,951 Command to send: r
u
org.apache.spark.SparkFiles
rj
e

2022-02-28 00:50:18,952 Answer received: !ycorg.apache.spark.SparkFiles
2022-02-28 00:50:18,952 Command to send: r
m
org.apache.spark.SparkFiles
getRootDirectory
e

2022-02-28 00:50:18,952 Answer received: !ym
2022-02-28 00:50:18,952 Command to send: c
z:org.apache.spark.SparkFiles
getRootDirectory
e

2022-02-28 00:50:18,953 Answer received: !ys/tmp/spark-64d296bb-8dbc-4d0e-82cf-dc90c9dcf091/userFiles-ad1ff3b6-9ef5-4872-a81a-9ea1fe991d4c
2022-02-28 00:50:18,953 Command to send: r
u
org
rj
e

2022-02-28 00:50:18,955 Answer received: !yp
2022-02-28 00:50:18,955 Command to send: r
u
org.apache
rj
e

2022-02-28 00:50:18,956 Answer received: !yp
2022-02-28 00:50:18,956 Command to send: r
u
org.apache.spark
rj
e

2022-02-28 00:50:18,956 Answer received: !yp
2022-02-28 00:50:18,956 Command to send: r
u
org.apache.spark.SparkFiles
rj
e

2022-02-28 00:50:18,957 Answer received: !ycorg.apache.spark.SparkFiles
2022-02-28 00:50:18,957 Command to send: r
m
org.apache.spark.SparkFiles
getRootDirectory
e

2022-02-28 00:50:18,957 Answer received: !ym
2022-02-28 00:50:18,957 Command to send: c
z:org.apache.spark.SparkFiles
getRootDirectory
e

2022-02-28 00:50:18,957 Answer received: !ys/tmp/spark-64d296bb-8dbc-4d0e-82cf-dc90c9dcf091/userFiles-ad1ff3b6-9ef5-4872-a81a-9ea1fe991d4c
2022-02-28 00:50:18,957 Command to send: r
u
org
rj
e

2022-02-28 00:50:18,959 Answer received: !yp
2022-02-28 00:50:18,959 Command to send: r
u
org.apache
rj
e

2022-02-28 00:50:18,959 Answer received: !yp
2022-02-28 00:50:18,960 Command to send: r
u
org.apache.spark
rj
e

2022-02-28 00:50:18,960 Answer received: !yp
2022-02-28 00:50:18,960 Command to send: r
u
org.apache.spark.util
rj
e

2022-02-28 00:50:18,961 Answer received: !yp
2022-02-28 00:50:18,961 Command to send: r
u
org.apache.spark.util.Utils
rj
e

2022-02-28 00:50:18,963 Answer received: !ycorg.apache.spark.util.Utils
2022-02-28 00:50:18,963 Command to send: r
m
org.apache.spark.util.Utils
getLocalDir
e

2022-02-28 00:50:18,965 Answer received: !ym
2022-02-28 00:50:18,965 Command to send: c
o18
sc
e

2022-02-28 00:50:18,966 Answer received: !yro23
2022-02-28 00:50:18,966 Command to send: c
o23
conf
e

2022-02-28 00:50:18,966 Answer received: !yro24
2022-02-28 00:50:18,966 Command to send: c
z:org.apache.spark.util.Utils
getLocalDir
ro24
e

2022-02-28 00:50:18,967 Answer received: !ys/tmp/spark-64d296bb-8dbc-4d0e-82cf-dc90c9dcf091
2022-02-28 00:50:18,967 Command to send: r
u
org
rj
e

2022-02-28 00:50:18,969 Answer received: !yp
2022-02-28 00:50:18,970 Command to send: r
u
org.apache
rj
e

2022-02-28 00:50:18,970 Answer received: !yp
2022-02-28 00:50:18,970 Command to send: r
u
org.apache.spark
rj
e

2022-02-28 00:50:18,971 Answer received: !yp
2022-02-28 00:50:18,971 Command to send: r
u
org.apache.spark.util
rj
e

2022-02-28 00:50:18,972 Answer received: !yp
2022-02-28 00:50:18,972 Command to send: r
u
org.apache.spark.util.Utils
rj
e

2022-02-28 00:50:18,972 Answer received: !ycorg.apache.spark.util.Utils
2022-02-28 00:50:18,972 Command to send: r
m
org.apache.spark.util.Utils
createTempDir
e

2022-02-28 00:50:18,972 Answer received: !ym
2022-02-28 00:50:18,972 Command to send: c
z:org.apache.spark.util.Utils
createTempDir
s/tmp/spark-64d296bb-8dbc-4d0e-82cf-dc90c9dcf091
spyspark
e

2022-02-28 00:50:18,973 Answer received: !yro25
2022-02-28 00:50:18,973 Command to send: c
o25
getAbsolutePath
e

2022-02-28 00:50:18,974 Answer received: !ys/tmp/spark-64d296bb-8dbc-4d0e-82cf-dc90c9dcf091/pyspark-d1839476-23b8-46bc-b7b3-55171016ccfc
2022-02-28 00:50:18,974 Command to send: c
o20
get
sspark.python.profile
sfalse
e

2022-02-28 00:50:18,974 Answer received: !ysfalse
2022-02-28 00:50:18,974 Command to send: r
u
SparkSession
rj
e

2022-02-28 00:50:18,999 Answer received: !ycorg.apache.spark.sql.SparkSession
2022-02-28 00:50:18,999 Command to send: r
m
org.apache.spark.sql.SparkSession
getDefaultSession
e

2022-02-28 00:50:19,026 Answer received: !ym
2022-02-28 00:50:19,026 Command to send: c
z:org.apache.spark.sql.SparkSession
getDefaultSession
e

2022-02-28 00:50:19,027 Answer received: !yro26
2022-02-28 00:50:19,027 Command to send: c
o26
isDefined
e

2022-02-28 00:50:19,028 Answer received: !ybfalse
2022-02-28 00:50:19,028 Command to send: r
u
SparkSession
rj
e

2022-02-28 00:50:19,029 Answer received: !ycorg.apache.spark.sql.SparkSession
2022-02-28 00:50:19,030 Command to send: c
o18
sc
e

2022-02-28 00:50:19,030 Answer received: !yro27
2022-02-28 00:50:19,030 Command to send: i
org.apache.spark.sql.SparkSession
ro27
e

2022-02-28 00:50:19,115 Answer received: !yro28
2022-02-28 00:50:19,115 Command to send: c
o28
sqlContext
e

2022-02-28 00:50:19,115 Answer received: !yro29
2022-02-28 00:50:19,116 Command to send: r
u
SparkSession
rj
e

2022-02-28 00:50:19,117 Answer received: !ycorg.apache.spark.sql.SparkSession
2022-02-28 00:50:19,118 Command to send: r
m
org.apache.spark.sql.SparkSession
setDefaultSession
e

2022-02-28 00:50:19,118 Answer received: !ym
2022-02-28 00:50:19,118 Command to send: c
z:org.apache.spark.sql.SparkSession
setDefaultSession
ro28
e

2022-02-28 00:50:19,118 Answer received: !yv
2022-02-28 00:50:19,118 Command to send: r
u
SparkSession
rj
e

2022-02-28 00:50:19,120 Answer received: !ycorg.apache.spark.sql.SparkSession
2022-02-28 00:50:19,120 Command to send: r
m
org.apache.spark.sql.SparkSession
setActiveSession
e

2022-02-28 00:50:19,120 Answer received: !ym
2022-02-28 00:50:19,120 Command to send: c
z:org.apache.spark.sql.SparkSession
setActiveSession
ro28
e

2022-02-28 00:50:19,121 Answer received: !yv
2022-02-28 00:50:19,121 Command to send: c
o28
sessionState
e

2022-02-28 00:50:20,023 Answer received: !yro30
2022-02-28 00:50:20,023 Command to send: c
o30
conf
e

2022-02-28 00:50:20,025 Answer received: !yro31
2022-02-28 00:50:20,025 Command to send: c
o31
setConfString
sspark.master
slocal
e

2022-02-28 00:50:20,027 Answer received: !yv
2022-02-28 00:50:20,027 Command to send: c
o28
sessionState
e

2022-02-28 00:50:20,027 Answer received: !yro32
2022-02-28 00:50:20,028 Command to send: c
o32
conf
e

2022-02-28 00:50:20,028 Answer received: !yro33
2022-02-28 00:50:20,028 Command to send: c
o33
setConfString
sspark.app.name
swiki-changes-event-consumer
e

2022-02-28 00:50:20,028 Answer received: !yv
2022-02-28 00:50:20,029 Command to send: c
o28
sessionState
e

2022-02-28 00:50:20,029 Answer received: !yro34
2022-02-28 00:50:20,029 Command to send: c
o34
conf
e

2022-02-28 00:50:20,029 Answer received: !yro35
2022-02-28 00:50:20,029 Command to send: c
o35
setConfString
sspark.jars.packages
sorg.apache.spark:spark-sql-kafka-0-10_2.12:3.2.1,net.snowflake:spark-snowflake_2.12:2.10.0-spark_3.2
e

2022-02-28 00:50:20,030 Answer received: !yv
2022-02-28 00:50:20,030 setting up snowflake connections
2022-02-28 00:50:20,030 fetching latest records from RAW table
2022-02-28 00:50:20,030 Command to send: c
o29
read
e

2022-02-28 00:50:20,038 Answer received: !yro36
2022-02-28 00:50:20,039 Command to send: c
o36
format
ssnowflake
e

2022-02-28 00:50:20,046 Answer received: !yro37
2022-02-28 00:50:20,047 Command to send: c
o37
option
ssfURL
szu02863.ap-south-1.aws.snowflakecomputing.com
e

2022-02-28 00:50:20,048 Answer received: !yro38
2022-02-28 00:50:20,049 Command to send: c
o38
option
ssfAccount
szu02863.ap-south-1.aws
e

2022-02-28 00:50:20,049 Answer received: !yro39
2022-02-28 00:50:20,049 Command to send: c
o39
option
ssfUser
scoolkeonjhar
e

2022-02-28 00:50:20,050 Answer received: !yro40
2022-02-28 00:50:20,050 Command to send: c
o40
option
ssfPassword
sAmrita@123
e

2022-02-28 00:50:20,050 Answer received: !yro41
2022-02-28 00:50:20,050 Command to send: c
o41
option
ssfDatabase
sNIMBUS_MAPS
e

2022-02-28 00:50:20,051 Answer received: !yro42
2022-02-28 00:50:20,051 Command to send: c
o42
option
ssfSchema
sPRESENTATION
e

2022-02-28 00:50:20,052 Answer received: !yro43
2022-02-28 00:50:20,052 Command to send: c
o43
option
ssfWarehouse
sSNOW_LARGE_VWH
e

2022-02-28 00:50:20,053 Answer received: !yro44
2022-02-28 00:50:20,053 Command to send: c
o44
option
ssfRole
sACCOUNTADMIN
e

2022-02-28 00:50:20,053 Answer received: !yro45
2022-02-28 00:50:20,053 Command to send: c
o45
option
squery
sselect UID,ADDRESS,CITY,ZIPCODE,DECISION,CURRENT_TIMESTAMP() AS CREATE_TS from NIMBUS_MAPS.RAW_LAYER.DECISION_DATA_RAW where create_ts >(select nvl(max(CREATE_TS),to_timestamp('2001-01-01 00:00:00','YYYY-MM-DD HH24:MI:SS')) FROM nimbus_maps.presentation.decision_data_pres)
e

2022-02-28 00:50:20,054 Answer received: !yro46
2022-02-28 00:50:20,054 Command to send: c
o46
load
e

2022-02-28 00:50:24,311 Answer received: !yro47
2022-02-28 00:50:24,311 fetched data from RAW Layer
2022-02-28 00:50:24,311 Command to send: c
o47
count
e

2022-02-28 00:50:27,833 Answer received: !yL116
2022-02-28 00:50:27,834 116 records fetched to be processed
2022-02-28 00:50:27,834 checking if record count is o
2022-02-28 00:50:27,834 Command to send: c
o47
count
e

2022-02-28 00:50:29,372 Answer received: !yL116
2022-02-28 00:50:29,373 Command to send: c
o28
sessionState
e

2022-02-28 00:50:29,373 Answer received: !yro48
2022-02-28 00:50:29,374 Command to send: c
o48
conf
e

2022-02-28 00:50:29,374 Answer received: !yro49
2022-02-28 00:50:29,374 Command to send: c
o49
setConfString
sspark.master
slocal
e

2022-02-28 00:50:29,375 Answer received: !yv
2022-02-28 00:50:29,375 Command to send: c
o28
sessionState
e

2022-02-28 00:50:29,375 Answer received: !yro50
2022-02-28 00:50:29,375 Command to send: c
o50
conf
e

2022-02-28 00:50:29,376 Answer received: !yro51
2022-02-28 00:50:29,376 Command to send: c
o51
setConfString
sspark.app.name
swiki-changes-event-consumer
e

2022-02-28 00:50:29,376 Answer received: !yv
2022-02-28 00:50:29,377 Command to send: c
o28
sessionState
e

2022-02-28 00:50:29,377 Answer received: !yro52
2022-02-28 00:50:29,377 Command to send: c
o52
conf
e

2022-02-28 00:50:29,377 Answer received: !yro53
2022-02-28 00:50:29,378 Command to send: c
o53
setConfString
sspark.jars.packages
sorg.apache.spark:spark-sql-kafka-0-10_2.12:3.2.1,net.snowflake:spark-snowflake_2.12:2.10.0-spark_3.2
e

2022-02-28 00:50:29,378 Answer received: !yv
2022-02-28 00:50:29,379 Command to send: r
u
PythonUtils
rj
e

2022-02-28 00:50:29,380 Answer received: !ycorg.apache.spark.api.python.PythonUtils
2022-02-28 00:50:29,380 Command to send: r
m
org.apache.spark.api.python.PythonUtils
getBroadcastThreshold
e

2022-02-28 00:50:29,380 Answer received: !ym
2022-02-28 00:50:29,381 Command to send: c
z:org.apache.spark.api.python.PythonUtils
getBroadcastThreshold
ro18
e

2022-02-28 00:50:29,381 Answer received: !yL1048576
2022-02-28 00:50:29,381 Command to send: r
u
PythonFunction
rj
e

2022-02-28 00:50:29,383 Answer received: !ycorg.apache.spark.api.python.PythonFunction
2022-02-28 00:50:29,383 Command to send: i
java.util.HashMap
e

2022-02-28 00:50:29,384 Answer received: !yao54
2022-02-28 00:50:29,384 Command to send: c
o54
put
sPYTHONHASHSEED
s0
e

2022-02-28 00:50:29,385 Answer received: !yn
2022-02-28 00:50:29,385 Command to send: i
java.util.ArrayList
e

2022-02-28 00:50:29,386 Answer received: !ylo55
2022-02-28 00:50:29,386 Command to send: c
o55
add
sorg.apache.spark_spark-sql-kafka-0-10_2.12-3.2.1.jar
e

2022-02-28 00:50:29,387 Answer received: !ybtrue
2022-02-28 00:50:29,387 Command to send: c
o55
add
snet.snowflake_spark-snowflake_2.12-2.10.0-spark_3.2.jar
e

2022-02-28 00:50:29,387 Answer received: !ybtrue
2022-02-28 00:50:29,388 Command to send: c
o55
add
sorg.apache.spark_spark-token-provider-kafka-0-10_2.12-3.2.1.jar
e

2022-02-28 00:50:29,388 Answer received: !ybtrue
2022-02-28 00:50:29,388 Command to send: c
o55
add
sorg.apache.kafka_kafka-clients-2.8.0.jar
e

2022-02-28 00:50:29,388 Answer received: !ybtrue
2022-02-28 00:50:29,388 Command to send: c
o55
add
scom.google.code.findbugs_jsr305-3.0.0.jar
e

2022-02-28 00:50:29,389 Answer received: !ybtrue
2022-02-28 00:50:29,389 Command to send: c
o55
add
sorg.apache.commons_commons-pool2-2.6.2.jar
e

2022-02-28 00:50:29,389 Answer received: !ybtrue
2022-02-28 00:50:29,389 Command to send: c
o55
add
sorg.spark-project.spark_unused-1.0.0.jar
e

2022-02-28 00:50:29,389 Answer received: !ybtrue
2022-02-28 00:50:29,390 Command to send: c
o55
add
sorg.apache.hadoop_hadoop-client-runtime-3.3.1.jar
e

2022-02-28 00:50:29,390 Answer received: !ybtrue
2022-02-28 00:50:29,390 Command to send: c
o55
add
sorg.lz4_lz4-java-1.7.1.jar
e

2022-02-28 00:50:29,390 Answer received: !ybtrue
2022-02-28 00:50:29,390 Command to send: c
o55
add
sorg.xerial.snappy_snappy-java-1.1.8.4.jar
e

2022-02-28 00:50:29,391 Answer received: !ybtrue
2022-02-28 00:50:29,391 Command to send: c
o55
add
sorg.slf4j_slf4j-api-1.7.30.jar
e

2022-02-28 00:50:29,391 Answer received: !ybtrue
2022-02-28 00:50:29,391 Command to send: c
o55
add
sorg.apache.hadoop_hadoop-client-api-3.3.1.jar
e

2022-02-28 00:50:29,391 Answer received: !ybtrue
2022-02-28 00:50:29,391 Command to send: c
o55
add
sorg.apache.htrace_htrace-core4-4.1.0-incubating.jar
e

2022-02-28 00:50:29,392 Answer received: !ybtrue
2022-02-28 00:50:29,392 Command to send: c
o55
add
scommons-logging_commons-logging-1.1.3.jar
e

2022-02-28 00:50:29,392 Answer received: !ybtrue
2022-02-28 00:50:29,392 Command to send: c
o55
add
snet.snowflake_snowflake-ingest-sdk-0.10.3.jar
e

2022-02-28 00:50:29,392 Answer received: !ybtrue
2022-02-28 00:50:29,392 Command to send: c
o55
add
snet.snowflake_snowflake-jdbc-3.13.14.jar
e

2022-02-28 00:50:29,393 Answer received: !ybtrue
2022-02-28 00:50:29,393 Command to send: i
java.util.ArrayList
e

2022-02-28 00:50:29,394 Answer received: !ylo56
2022-02-28 00:50:29,394 Command to send: i
org.apache.spark.api.python.PythonFunction
jgAWVkQIAAAAAAACMH3B5c3BhcmsuY2xvdWRwaWNrbGUuY2xvdWRwaWNrbGWUjA1fYnVpbHRpbl90eXBllJOUjApMYW1iZGFUeXBllIWUUpQoaAKMCENvZGVUeXBllIWUUpQoSwFLAEsASwJLAktDQx5kAX0BfACgAKEAZAJrAnIWZAN9AW4EZAR9AXwBUwCUKE6MAJSMAUGUiIl0lIwFdXBwZXKUhZSMCGRlY2lzaW9ulIwHdmVyZGljdJSGlIxkL2hvbWUvc3VtYW4vUHljaGFybVByb2plY3RzL2RhdGFfbG9hZF9mcm9tX3Jhd190b19wcmVzZW50YXRpb24vZGF0YV9sb2FkX2Zyb21fcmF3X3RvX3ByZXNlbnRhdGlvbi5weZSMDmlzR29vZERlY2lzaW9ulEtIQwoAAQQBDAEGAgQBlCkpdJRSlH2UKIwLX19wYWNrYWdlX1+UTowIX19uYW1lX1+UjAhfX21haW5fX5SMCF9fZmlsZV9flGgSdU5OTnSUUpSMJHB5c3BhcmsuY2xvdWRwaWNrbGUuY2xvdWRwaWNrbGVfZmFzdJSMEl9mdW5jdGlvbl9zZXRzdGF0ZZSTlGgdfZR9lChoGWgTjAxfX3F1YWxuYW1lX1+UaBOMD19fYW5ub3RhdGlvbnNfX5R9lIwOX19rd2RlZmF1bHRzX1+UTowMX19kZWZhdWx0c19flE6MCl9fbW9kdWxlX1+UaBqMB19fZG9jX1+UTowLX19jbG9zdXJlX1+UTowXX2Nsb3VkcGlja2xlX3N1Ym1vZHVsZXOUXZSMC19fZ2xvYmFsc19flH2UdYaUhlIwjBFweXNwYXJrLnNxbC50eXBlc5SMClN0cmluZ1R5cGWUk5QpgZSGlC4=
ro54
ro55
spython3
s3.8
ro56
ro21
e

2022-02-28 00:50:29,396 Answer received: !yro57
2022-02-28 00:50:29,396 Command to send: c
o28
parseDataType
s"string"
e

2022-02-28 00:50:29,416 Answer received: !yro58
2022-02-28 00:50:29,417 Command to send: r
u
org
rj
e

2022-02-28 00:50:29,418 Answer received: !yp
2022-02-28 00:50:29,418 Command to send: r
u
org.apache
rj
e

2022-02-28 00:50:29,419 Answer received: !yp
2022-02-28 00:50:29,419 Command to send: r
u
org.apache.spark
rj
e

2022-02-28 00:50:29,420 Answer received: !yp
2022-02-28 00:50:29,420 Command to send: r
u
org.apache.spark.sql
rj
e

2022-02-28 00:50:29,420 Answer received: !yp
2022-02-28 00:50:29,420 Command to send: r
u
org.apache.spark.sql.execution
rj
e

2022-02-28 00:50:29,421 Answer received: !yp
2022-02-28 00:50:29,421 Command to send: r
u
org.apache.spark.sql.execution.python
rj
e

2022-02-28 00:50:29,421 Answer received: !yp
2022-02-28 00:50:29,421 Command to send: r
u
org.apache.spark.sql.execution.python.UserDefinedPythonFunction
rj
e

2022-02-28 00:50:29,423 Answer received: !ycorg.apache.spark.sql.execution.python.UserDefinedPythonFunction
2022-02-28 00:50:29,423 Command to send: i
org.apache.spark.sql.execution.python.UserDefinedPythonFunction
sisGoodDecision
ro57
ro58
i100
bTrue
e

2022-02-28 00:50:29,423 Answer received: !yro59
2022-02-28 00:50:29,423 Command to send: r
u
functions
rj
e

2022-02-28 00:50:29,429 Answer received: !ycorg.apache.spark.sql.functions
2022-02-28 00:50:29,429 Command to send: r
m
org.apache.spark.sql.functions
col
e

2022-02-28 00:50:29,432 Answer received: !ym
2022-02-28 00:50:29,433 Command to send: c
z:org.apache.spark.sql.functions
col
sDECISION
e

2022-02-28 00:50:29,453 Answer received: !yro60
2022-02-28 00:50:29,454 Command to send: r
u
PythonUtils
rj
e

2022-02-28 00:50:29,454 Answer received: !ycorg.apache.spark.api.python.PythonUtils
2022-02-28 00:50:29,455 Command to send: r
m
org.apache.spark.api.python.PythonUtils
toSeq
e

2022-02-28 00:50:29,455 Answer received: !ym
2022-02-28 00:50:29,455 Command to send: i
java.util.ArrayList
e

2022-02-28 00:50:29,455 Answer received: !ylo61
2022-02-28 00:50:29,455 Command to send: c
o61
add
ro60
e

2022-02-28 00:50:29,456 Answer received: !ybtrue
2022-02-28 00:50:29,456 Command to send: c
z:org.apache.spark.api.python.PythonUtils
toSeq
ro61
e

2022-02-28 00:50:29,456 Answer received: !yro62
2022-02-28 00:50:29,456 Command to send: c
o59
apply
ro62
e

2022-02-28 00:50:29,458 Answer received: !yro63
2022-02-28 00:50:29,458 Command to send: c
o47
withColumn
sisGoodDecision
ro63
e

2022-02-28 00:50:29,492 Answer received: !yro64
2022-02-28 00:50:29,493 Command to send: r
u
functions
rj
e

2022-02-28 00:50:29,494 Answer received: !ycorg.apache.spark.sql.functions
2022-02-28 00:50:29,494 Command to send: r
m
org.apache.spark.sql.functions
col
e

2022-02-28 00:50:29,494 Answer received: !ym
2022-02-28 00:50:29,495 Command to send: c
z:org.apache.spark.sql.functions
col
sUID
e

2022-02-28 00:50:29,495 Answer received: !yro65
2022-02-28 00:50:29,495 Command to send: r
u
functions
rj
e

2022-02-28 00:50:29,496 Answer received: !ycorg.apache.spark.sql.functions
2022-02-28 00:50:29,497 Command to send: r
m
org.apache.spark.sql.functions
col
e

2022-02-28 00:50:29,497 Answer received: !ym
2022-02-28 00:50:29,497 Command to send: c
z:org.apache.spark.sql.functions
col
sDECISION
e

2022-02-28 00:50:29,498 Answer received: !yro66
2022-02-28 00:50:29,498 Command to send: r
u
functions
rj
e

2022-02-28 00:50:29,499 Answer received: !ycorg.apache.spark.sql.functions
2022-02-28 00:50:29,500 Command to send: r
m
org.apache.spark.sql.functions
col
e

2022-02-28 00:50:29,500 Answer received: !ym
2022-02-28 00:50:29,500 Command to send: c
z:org.apache.spark.sql.functions
col
sisGoodDecision
e

2022-02-28 00:50:29,500 Answer received: !yro67
2022-02-28 00:50:29,501 Command to send: r
u
functions
rj
e

2022-02-28 00:50:29,502 Answer received: !ycorg.apache.spark.sql.functions
2022-02-28 00:50:29,502 Command to send: r
m
org.apache.spark.sql.functions
col
e

2022-02-28 00:50:29,503 Answer received: !ym
2022-02-28 00:50:29,503 Command to send: c
z:org.apache.spark.sql.functions
col
screate_ts
e

2022-02-28 00:50:29,503 Answer received: !yro68
2022-02-28 00:50:29,503 Command to send: r
u
PythonUtils
rj
e

2022-02-28 00:50:29,504 Answer received: !ycorg.apache.spark.api.python.PythonUtils
2022-02-28 00:50:29,504 Command to send: r
m
org.apache.spark.api.python.PythonUtils
toSeq
e

2022-02-28 00:50:29,504 Answer received: !ym
2022-02-28 00:50:29,505 Command to send: i
java.util.ArrayList
e

2022-02-28 00:50:29,505 Answer received: !ylo69
2022-02-28 00:50:29,505 Command to send: c
o69
add
ro65
e

2022-02-28 00:50:29,505 Answer received: !ybtrue
2022-02-28 00:50:29,505 Command to send: c
o69
add
ro66
e

2022-02-28 00:50:29,505 Answer received: !ybtrue
2022-02-28 00:50:29,505 Command to send: c
o69
add
ro67
e

2022-02-28 00:50:29,506 Answer received: !ybtrue
2022-02-28 00:50:29,506 Command to send: c
o69
add
ro68
e

2022-02-28 00:50:29,506 Answer received: !ybtrue
2022-02-28 00:50:29,506 Command to send: c
z:org.apache.spark.api.python.PythonUtils
toSeq
ro69
e

2022-02-28 00:50:29,506 Answer received: !yro70
2022-02-28 00:50:29,506 Command to send: c
o64
select
ro70
e

2022-02-28 00:50:29,527 Answer received: !yro71
2022-02-28 00:50:29,527 Command to send: c
o71
count
e

2022-02-28 00:50:30,215 Command to send: m
d
o0
e

2022-02-28 00:50:30,216 Answer received: !yv
2022-02-28 00:50:30,216 Command to send: m
d
o7
e

2022-02-28 00:50:30,217 Answer received: !yv
2022-02-28 00:50:30,217 Command to send: m
d
o8
e

2022-02-28 00:50:30,217 Answer received: !yv
2022-02-28 00:50:30,218 Command to send: m
d
o9
e

2022-02-28 00:50:30,218 Answer received: !yv
2022-02-28 00:50:30,218 Command to send: m
d
o10
e

2022-02-28 00:50:30,219 Answer received: !yv
2022-02-28 00:50:30,219 Command to send: m
d
o11
e

2022-02-28 00:50:30,219 Answer received: !yv
2022-02-28 00:50:30,219 Command to send: m
d
o12
e

2022-02-28 00:50:30,220 Answer received: !yv
2022-02-28 00:50:30,220 Command to send: m
d
o13
e

2022-02-28 00:50:30,220 Answer received: !yv
2022-02-28 00:50:30,220 Command to send: m
d
o14
e

2022-02-28 00:50:30,220 Answer received: !yv
2022-02-28 00:50:30,221 Command to send: m
d
o15
e

2022-02-28 00:50:30,221 Answer received: !yv
2022-02-28 00:50:30,221 Command to send: m
d
o16
e

2022-02-28 00:50:30,221 Answer received: !yv
2022-02-28 00:50:30,221 Command to send: m
d
o17
e

2022-02-28 00:50:30,222 Answer received: !yv
2022-02-28 00:50:30,222 Command to send: m
d
o19
e

2022-02-28 00:50:30,222 Answer received: !yv
2022-02-28 00:50:30,222 Command to send: m
d
o22
e

2022-02-28 00:50:30,222 Answer received: !yv
2022-02-28 00:50:30,222 Command to send: m
d
o23
e

2022-02-28 00:50:30,223 Answer received: !yv
2022-02-28 00:50:30,223 Command to send: m
d
o24
e

2022-02-28 00:50:30,223 Answer received: !yv
2022-02-28 00:50:30,223 Command to send: m
d
o25
e

2022-02-28 00:50:30,224 Answer received: !yv
2022-02-28 00:50:30,224 Command to send: m
d
o26
e

2022-02-28 00:50:30,224 Answer received: !yv
2022-02-28 00:50:30,225 Command to send: m
d
o27
e

2022-02-28 00:50:30,225 Answer received: !yv
2022-02-28 00:50:30,225 Command to send: m
d
o30
e

2022-02-28 00:50:30,226 Answer received: !yv
2022-02-28 00:50:30,226 Command to send: m
d
o31
e

2022-02-28 00:50:30,226 Answer received: !yv
2022-02-28 00:50:30,227 Command to send: m
d
o32
e

2022-02-28 00:50:30,227 Answer received: !yv
2022-02-28 00:50:30,227 Command to send: m
d
o33
e

2022-02-28 00:50:30,228 Answer received: !yv
2022-02-28 00:50:30,228 Command to send: m
d
o34
e

2022-02-28 00:50:30,228 Answer received: !yv
2022-02-28 00:50:30,229 Command to send: m
d
o35
e

2022-02-28 00:50:30,229 Answer received: !yv
2022-02-28 00:50:30,229 Command to send: m
d
o36
e

2022-02-28 00:50:30,229 Answer received: !yv
2022-02-28 00:50:30,230 Command to send: m
d
o37
e

2022-02-28 00:50:30,230 Answer received: !yv
2022-02-28 00:50:30,230 Command to send: m
d
o38
e

2022-02-28 00:50:30,230 Answer received: !yv
2022-02-28 00:50:30,231 Command to send: m
d
o39
e

2022-02-28 00:50:30,231 Answer received: !yv
2022-02-28 00:50:30,231 Command to send: m
d
o40
e

2022-02-28 00:50:30,231 Answer received: !yv
2022-02-28 00:50:30,231 Command to send: m
d
o41
e

2022-02-28 00:50:30,232 Answer received: !yv
2022-02-28 00:50:30,232 Command to send: m
d
o42
e

2022-02-28 00:50:30,232 Answer received: !yv
2022-02-28 00:50:30,233 Command to send: m
d
o43
e

2022-02-28 00:50:30,233 Answer received: !yv
2022-02-28 00:50:30,233 Command to send: m
d
o44
e

2022-02-28 00:50:30,233 Answer received: !yv
2022-02-28 00:50:30,234 Command to send: m
d
o45
e

2022-02-28 00:50:30,234 Answer received: !yv
2022-02-28 00:50:30,234 Command to send: m
d
o46
e

2022-02-28 00:50:30,234 Answer received: !yv
2022-02-28 00:50:30,234 Command to send: m
d
o54
e

2022-02-28 00:50:30,234 Answer received: !yv
2022-02-28 00:50:30,234 Command to send: m
d
o55
e

2022-02-28 00:50:30,235 Answer received: !yv
2022-02-28 00:50:30,235 Command to send: m
d
o56
e

2022-02-28 00:50:30,235 Answer received: !yv
2022-02-28 00:50:30,235 Command to send: m
d
o61
e

2022-02-28 00:50:30,235 Answer received: !yv
2022-02-28 00:50:30,235 Command to send: m
d
o69
e

2022-02-28 00:50:30,236 Answer received: !yv
2022-02-28 00:50:30,895 Answer received: !yL116
2022-02-28 00:50:30,896 writing data to snowflake, 116 records inserted to resentation table
2022-02-28 00:50:30,896 Command to send: c
o71
write
e

2022-02-28 00:50:30,904 Answer received: !yro72
2022-02-28 00:50:30,904 Command to send: c
o72
format
ssnowflake
e

2022-02-28 00:50:30,908 Answer received: !yro73
2022-02-28 00:50:30,908 Command to send: c
o73
option
ssfURL
szu02863.ap-south-1.aws.snowflakecomputing.com
e

2022-02-28 00:50:30,909 Answer received: !yro74
2022-02-28 00:50:30,909 Command to send: c
o74
option
ssfAccount
szu02863.ap-south-1.aws
e

2022-02-28 00:50:30,909 Answer received: !yro75
2022-02-28 00:50:30,910 Command to send: c
o75
option
ssfUser
scoolkeonjhar
e

2022-02-28 00:50:30,910 Answer received: !yro76
2022-02-28 00:50:30,910 Command to send: c
o76
option
ssfPassword
sAmrita@123
e

2022-02-28 00:50:30,910 Answer received: !yro77
2022-02-28 00:50:30,911 Command to send: c
o77
option
ssfDatabase
sNIMBUS_MAPS
e

2022-02-28 00:50:30,911 Answer received: !yro78
2022-02-28 00:50:30,911 Command to send: c
o78
option
ssfSchema
sPRESENTATION
e

2022-02-28 00:50:30,912 Answer received: !yro79
2022-02-28 00:50:30,912 Command to send: c
o79
option
ssfWarehouse
sSNOW_LARGE_VWH
e

2022-02-28 00:50:30,912 Answer received: !yro80
2022-02-28 00:50:30,913 Command to send: c
o80
option
ssfRole
sACCOUNTADMIN
e

2022-02-28 00:50:30,913 Answer received: !yro81
2022-02-28 00:50:30,914 Command to send: c
o81
option
sdbtable
sNIMBUS_MAPS.PRESENTATION.DECISION_DATA_PRES
e

2022-02-28 00:50:30,915 Answer received: !yro82
2022-02-28 00:50:30,915 Command to send: c
o82
mode
sappend
e

2022-02-28 00:50:30,916 Answer received: !yro83
2022-02-28 00:50:30,916 Command to send: c
o83
option
sheader
strue
e

2022-02-28 00:50:30,917 Answer received: !yro84
2022-02-28 00:50:30,917 Command to send: c
o84
save
e

2022-02-28 00:50:38,931 Answer received: !yv
2022-02-28 00:50:38,931 Data processed successfully Exiting
2022-02-28 00:50:38,931 Command to send: c
o18
stop
e

2022-02-28 00:50:39,042 Answer received: !yv
