2022-02-28 00:29:45,821 spark session started 
2022-02-28 00:29:54,208 GatewayClient.address is deprecated and will be removed in version 1.0. Use GatewayParameters instead.
2022-02-28 00:29:54,209 Command to send: A
927fb751d5c97bf18106d9c6cb4924f94debcc1a78f14fe9d93589d92de66567

2022-02-28 00:29:54,236 Answer received: !yv
2022-02-28 00:29:54,236 Command to send: j
i
rj
org.apache.spark.SparkConf
e

2022-02-28 00:29:54,240 Answer received: !yv
2022-02-28 00:29:54,240 Command to send: j
i
rj
org.apache.spark.api.java.*
e

2022-02-28 00:29:54,240 Answer received: !yv
2022-02-28 00:29:54,241 Command to send: j
i
rj
org.apache.spark.api.python.*
e

2022-02-28 00:29:54,241 Answer received: !yv
2022-02-28 00:29:54,241 Command to send: j
i
rj
org.apache.spark.ml.python.*
e

2022-02-28 00:29:54,242 Answer received: !yv
2022-02-28 00:29:54,242 Command to send: j
i
rj
org.apache.spark.mllib.api.python.*
e

2022-02-28 00:29:54,242 Answer received: !yv
2022-02-28 00:29:54,242 Command to send: j
i
rj
org.apache.spark.resource.*
e

2022-02-28 00:29:54,243 Answer received: !yv
2022-02-28 00:29:54,243 Command to send: j
i
rj
org.apache.spark.sql.*
e

2022-02-28 00:29:54,243 Answer received: !yv
2022-02-28 00:29:54,244 Command to send: j
i
rj
org.apache.spark.sql.api.python.*
e

2022-02-28 00:29:54,244 Answer received: !yv
2022-02-28 00:29:54,244 Command to send: j
i
rj
org.apache.spark.sql.hive.*
e

2022-02-28 00:29:54,245 Answer received: !yv
2022-02-28 00:29:54,245 Command to send: j
i
rj
scala.Tuple2
e

2022-02-28 00:29:54,245 Answer received: !yv
2022-02-28 00:29:54,246 Command to send: r
u
SparkConf
rj
e

2022-02-28 00:29:54,358 Answer received: !ycorg.apache.spark.SparkConf
2022-02-28 00:29:54,358 Command to send: i
org.apache.spark.SparkConf
bTrue
e

2022-02-28 00:29:54,369 Answer received: !yro0
2022-02-28 00:29:54,370 Command to send: c
o0
set
sspark.master
slocal
e

2022-02-28 00:29:54,377 Answer received: !yro1
2022-02-28 00:29:54,377 Command to send: c
o0
set
sspark.app.name
swiki-changes-event-consumer
e

2022-02-28 00:29:54,378 Answer received: !yro2
2022-02-28 00:29:54,378 Command to send: c
o0
set
sspark.jars.packages
sorg.apache.spark:spark-sql-kafka-0-10_2.12:3.2.1,net.snowflake:spark-snowflake_2.12:2.10.0-spark_3.2
e

2022-02-28 00:29:54,378 Answer received: !yro3
2022-02-28 00:29:54,378 Command to send: c
o0
contains
sspark.serializer.objectStreamReset
e

2022-02-28 00:29:54,379 Answer received: !ybfalse
2022-02-28 00:29:54,379 Command to send: c
o0
set
sspark.serializer.objectStreamReset
s100
e

2022-02-28 00:29:54,379 Answer received: !yro4
2022-02-28 00:29:54,380 Command to send: c
o0
contains
sspark.rdd.compress
e

2022-02-28 00:29:54,380 Answer received: !ybfalse
2022-02-28 00:29:54,380 Command to send: c
o0
set
sspark.rdd.compress
sTrue
e

2022-02-28 00:29:54,380 Answer received: !yro5
2022-02-28 00:29:54,381 Command to send: c
o0
contains
sspark.master
e

2022-02-28 00:29:54,381 Answer received: !ybtrue
2022-02-28 00:29:54,381 Command to send: c
o0
contains
sspark.app.name
e

2022-02-28 00:29:54,381 Answer received: !ybtrue
2022-02-28 00:29:54,381 Command to send: c
o0
contains
sspark.master
e

2022-02-28 00:29:54,382 Answer received: !ybtrue
2022-02-28 00:29:54,382 Command to send: c
o0
get
sspark.master
e

2022-02-28 00:29:54,383 Answer received: !yslocal
2022-02-28 00:29:54,383 Command to send: c
o0
contains
sspark.app.name
e

2022-02-28 00:29:54,383 Answer received: !ybtrue
2022-02-28 00:29:54,384 Command to send: c
o0
get
sspark.app.name
e

2022-02-28 00:29:54,384 Answer received: !yswiki-changes-event-consumer
2022-02-28 00:29:54,384 Command to send: c
o0
contains
sspark.home
e

2022-02-28 00:29:54,385 Answer received: !ybfalse
2022-02-28 00:29:54,385 Command to send: c
o0
getAll
e

2022-02-28 00:29:54,386 Answer received: !yto6
2022-02-28 00:29:54,386 Command to send: a
e
o6
e

2022-02-28 00:29:54,387 Answer received: !yi11
2022-02-28 00:29:54,387 Command to send: a
g
o6
i0
e

2022-02-28 00:29:54,387 Answer received: !yro7
2022-02-28 00:29:54,387 Command to send: c
o7
_1
e

2022-02-28 00:29:54,388 Answer received: !ysspark.master
2022-02-28 00:29:54,388 Command to send: c
o7
_2
e

2022-02-28 00:29:54,388 Answer received: !yslocal
2022-02-28 00:29:54,389 Command to send: a
e
o6
e

2022-02-28 00:29:54,389 Answer received: !yi11
2022-02-28 00:29:54,389 Command to send: a
g
o6
i1
e

2022-02-28 00:29:54,389 Answer received: !yro8
2022-02-28 00:29:54,389 Command to send: c
o8
_1
e

2022-02-28 00:29:54,390 Answer received: !ysspark.app.name
2022-02-28 00:29:54,390 Command to send: c
o8
_2
e

2022-02-28 00:29:54,390 Answer received: !yswiki-changes-event-consumer
2022-02-28 00:29:54,390 Command to send: a
e
o6
e

2022-02-28 00:29:54,390 Answer received: !yi11
2022-02-28 00:29:54,390 Command to send: a
g
o6
i2
e

2022-02-28 00:29:54,391 Answer received: !yro9
2022-02-28 00:29:54,391 Command to send: c
o9
_1
e

2022-02-28 00:29:54,391 Answer received: !ysspark.rdd.compress
2022-02-28 00:29:54,391 Command to send: c
o9
_2
e

2022-02-28 00:29:54,391 Answer received: !ysTrue
2022-02-28 00:29:54,392 Command to send: a
e
o6
e

2022-02-28 00:29:54,392 Answer received: !yi11
2022-02-28 00:29:54,392 Command to send: a
g
o6
i3
e

2022-02-28 00:29:54,392 Answer received: !yro10
2022-02-28 00:29:54,392 Command to send: c
o10
_1
e

2022-02-28 00:29:54,392 Answer received: !ysspark.jars
2022-02-28 00:29:54,393 Command to send: c
o10
_2
e

2022-02-28 00:29:54,393 Answer received: !ysfile:///home/suman/.ivy2/jars/org.apache.spark_spark-sql-kafka-0-10_2.12-3.2.1.jar,file:///home/suman/.ivy2/jars/net.snowflake_spark-snowflake_2.12-2.10.0-spark_3.2.jar,file:///home/suman/.ivy2/jars/org.apache.spark_spark-token-provider-kafka-0-10_2.12-3.2.1.jar,file:///home/suman/.ivy2/jars/org.apache.kafka_kafka-clients-2.8.0.jar,file:///home/suman/.ivy2/jars/com.google.code.findbugs_jsr305-3.0.0.jar,file:///home/suman/.ivy2/jars/org.apache.commons_commons-pool2-2.6.2.jar,file:///home/suman/.ivy2/jars/org.spark-project.spark_unused-1.0.0.jar,file:///home/suman/.ivy2/jars/org.apache.hadoop_hadoop-client-runtime-3.3.1.jar,file:///home/suman/.ivy2/jars/org.lz4_lz4-java-1.7.1.jar,file:///home/suman/.ivy2/jars/org.xerial.snappy_snappy-java-1.1.8.4.jar,file:///home/suman/.ivy2/jars/org.slf4j_slf4j-api-1.7.30.jar,file:///home/suman/.ivy2/jars/org.apache.hadoop_hadoop-client-api-3.3.1.jar,file:///home/suman/.ivy2/jars/org.apache.htrace_htrace-core4-4.1.0-incubating.jar,file:///home/suman/.ivy2/jars/commons-logging_commons-logging-1.1.3.jar,file:///home/suman/.ivy2/jars/net.snowflake_snowflake-ingest-sdk-0.10.3.jar,file:///home/suman/.ivy2/jars/net.snowflake_snowflake-jdbc-3.13.14.jar
2022-02-28 00:29:54,393 Command to send: a
e
o6
e

2022-02-28 00:29:54,393 Answer received: !yi11
2022-02-28 00:29:54,393 Command to send: a
g
o6
i4
e

2022-02-28 00:29:54,393 Answer received: !yro11
2022-02-28 00:29:54,394 Command to send: c
o11
_1
e

2022-02-28 00:29:54,394 Answer received: !ysspark.files
2022-02-28 00:29:54,394 Command to send: c
o11
_2
e

2022-02-28 00:29:54,394 Answer received: !ysfile:///home/suman/.ivy2/jars/org.apache.spark_spark-sql-kafka-0-10_2.12-3.2.1.jar,file:///home/suman/.ivy2/jars/net.snowflake_spark-snowflake_2.12-2.10.0-spark_3.2.jar,file:///home/suman/.ivy2/jars/org.apache.spark_spark-token-provider-kafka-0-10_2.12-3.2.1.jar,file:///home/suman/.ivy2/jars/org.apache.kafka_kafka-clients-2.8.0.jar,file:///home/suman/.ivy2/jars/com.google.code.findbugs_jsr305-3.0.0.jar,file:///home/suman/.ivy2/jars/org.apache.commons_commons-pool2-2.6.2.jar,file:///home/suman/.ivy2/jars/org.spark-project.spark_unused-1.0.0.jar,file:///home/suman/.ivy2/jars/org.apache.hadoop_hadoop-client-runtime-3.3.1.jar,file:///home/suman/.ivy2/jars/org.lz4_lz4-java-1.7.1.jar,file:///home/suman/.ivy2/jars/org.xerial.snappy_snappy-java-1.1.8.4.jar,file:///home/suman/.ivy2/jars/org.slf4j_slf4j-api-1.7.30.jar,file:///home/suman/.ivy2/jars/org.apache.hadoop_hadoop-client-api-3.3.1.jar,file:///home/suman/.ivy2/jars/org.apache.htrace_htrace-core4-4.1.0-incubating.jar,file:///home/suman/.ivy2/jars/commons-logging_commons-logging-1.1.3.jar,file:///home/suman/.ivy2/jars/net.snowflake_snowflake-ingest-sdk-0.10.3.jar,file:///home/suman/.ivy2/jars/net.snowflake_snowflake-jdbc-3.13.14.jar
2022-02-28 00:29:54,395 Command to send: a
e
o6
e

2022-02-28 00:29:54,395 Answer received: !yi11
2022-02-28 00:29:54,395 Command to send: a
g
o6
i5
e

2022-02-28 00:29:54,396 Answer received: !yro12
2022-02-28 00:29:54,396 Command to send: c
o12
_1
e

2022-02-28 00:29:54,396 Answer received: !ysspark.serializer.objectStreamReset
2022-02-28 00:29:54,396 Command to send: c
o12
_2
e

2022-02-28 00:29:54,397 Answer received: !ys100
2022-02-28 00:29:54,397 Command to send: a
e
o6
e

2022-02-28 00:29:54,397 Answer received: !yi11
2022-02-28 00:29:54,397 Command to send: a
g
o6
i6
e

2022-02-28 00:29:54,398 Answer received: !yro13
2022-02-28 00:29:54,398 Command to send: c
o13
_1
e

2022-02-28 00:29:54,398 Answer received: !ysspark.submit.pyFiles
2022-02-28 00:29:54,398 Command to send: c
o13
_2
e

2022-02-28 00:29:54,399 Answer received: !ys/home/suman/.ivy2/jars/org.apache.spark_spark-sql-kafka-0-10_2.12-3.2.1.jar,/home/suman/.ivy2/jars/net.snowflake_spark-snowflake_2.12-2.10.0-spark_3.2.jar,/home/suman/.ivy2/jars/org.apache.spark_spark-token-provider-kafka-0-10_2.12-3.2.1.jar,/home/suman/.ivy2/jars/org.apache.kafka_kafka-clients-2.8.0.jar,/home/suman/.ivy2/jars/com.google.code.findbugs_jsr305-3.0.0.jar,/home/suman/.ivy2/jars/org.apache.commons_commons-pool2-2.6.2.jar,/home/suman/.ivy2/jars/org.spark-project.spark_unused-1.0.0.jar,/home/suman/.ivy2/jars/org.apache.hadoop_hadoop-client-runtime-3.3.1.jar,/home/suman/.ivy2/jars/org.lz4_lz4-java-1.7.1.jar,/home/suman/.ivy2/jars/org.xerial.snappy_snappy-java-1.1.8.4.jar,/home/suman/.ivy2/jars/org.slf4j_slf4j-api-1.7.30.jar,/home/suman/.ivy2/jars/org.apache.hadoop_hadoop-client-api-3.3.1.jar,/home/suman/.ivy2/jars/org.apache.htrace_htrace-core4-4.1.0-incubating.jar,/home/suman/.ivy2/jars/commons-logging_commons-logging-1.1.3.jar,/home/suman/.ivy2/jars/net.snowflake_snowflake-ingest-sdk-0.10.3.jar,/home/suman/.ivy2/jars/net.snowflake_snowflake-jdbc-3.13.14.jar
2022-02-28 00:29:54,399 Command to send: a
e
o6
e

2022-02-28 00:29:54,399 Answer received: !yi11
2022-02-28 00:29:54,399 Command to send: a
g
o6
i7
e

2022-02-28 00:29:54,399 Answer received: !yro14
2022-02-28 00:29:54,400 Command to send: c
o14
_1
e

2022-02-28 00:29:54,400 Answer received: !ysspark.repl.local.jars
2022-02-28 00:29:54,400 Command to send: c
o14
_2
e

2022-02-28 00:29:54,400 Answer received: !ysfile:///home/suman/.ivy2/jars/org.apache.spark_spark-sql-kafka-0-10_2.12-3.2.1.jar,file:///home/suman/.ivy2/jars/net.snowflake_spark-snowflake_2.12-2.10.0-spark_3.2.jar,file:///home/suman/.ivy2/jars/org.apache.spark_spark-token-provider-kafka-0-10_2.12-3.2.1.jar,file:///home/suman/.ivy2/jars/org.apache.kafka_kafka-clients-2.8.0.jar,file:///home/suman/.ivy2/jars/com.google.code.findbugs_jsr305-3.0.0.jar,file:///home/suman/.ivy2/jars/org.apache.commons_commons-pool2-2.6.2.jar,file:///home/suman/.ivy2/jars/org.spark-project.spark_unused-1.0.0.jar,file:///home/suman/.ivy2/jars/org.apache.hadoop_hadoop-client-runtime-3.3.1.jar,file:///home/suman/.ivy2/jars/org.lz4_lz4-java-1.7.1.jar,file:///home/suman/.ivy2/jars/org.xerial.snappy_snappy-java-1.1.8.4.jar,file:///home/suman/.ivy2/jars/org.slf4j_slf4j-api-1.7.30.jar,file:///home/suman/.ivy2/jars/org.apache.hadoop_hadoop-client-api-3.3.1.jar,file:///home/suman/.ivy2/jars/org.apache.htrace_htrace-core4-4.1.0-incubating.jar,file:///home/suman/.ivy2/jars/commons-logging_commons-logging-1.1.3.jar,file:///home/suman/.ivy2/jars/net.snowflake_snowflake-ingest-sdk-0.10.3.jar,file:///home/suman/.ivy2/jars/net.snowflake_snowflake-jdbc-3.13.14.jar
2022-02-28 00:29:54,401 Command to send: a
e
o6
e

2022-02-28 00:29:54,401 Answer received: !yi11
2022-02-28 00:29:54,401 Command to send: a
g
o6
i8
e

2022-02-28 00:29:54,401 Answer received: !yro15
2022-02-28 00:29:54,401 Command to send: c
o15
_1
e

2022-02-28 00:29:54,401 Answer received: !ysspark.submit.deployMode
2022-02-28 00:29:54,401 Command to send: c
o15
_2
e

2022-02-28 00:29:54,402 Answer received: !ysclient
2022-02-28 00:29:54,402 Command to send: a
e
o6
e

2022-02-28 00:29:54,402 Answer received: !yi11
2022-02-28 00:29:54,402 Command to send: a
g
o6
i9
e

2022-02-28 00:29:54,402 Answer received: !yro16
2022-02-28 00:29:54,402 Command to send: c
o16
_1
e

2022-02-28 00:29:54,402 Answer received: !ysspark.jars.packages
2022-02-28 00:29:54,402 Command to send: c
o16
_2
e

2022-02-28 00:29:54,403 Answer received: !ysorg.apache.spark:spark-sql-kafka-0-10_2.12:3.2.1,net.snowflake:spark-snowflake_2.12:2.10.0-spark_3.2
2022-02-28 00:29:54,403 Command to send: a
e
o6
e

2022-02-28 00:29:54,403 Answer received: !yi11
2022-02-28 00:29:54,403 Command to send: a
g
o6
i10
e

2022-02-28 00:29:54,403 Answer received: !yro17
2022-02-28 00:29:54,403 Command to send: c
o17
_1
e

2022-02-28 00:29:54,403 Answer received: !ysspark.ui.showConsoleProgress
2022-02-28 00:29:54,403 Command to send: c
o17
_2
e

2022-02-28 00:29:54,404 Answer received: !ystrue
2022-02-28 00:29:54,404 Command to send: a
e
o6
e

2022-02-28 00:29:54,404 Answer received: !yi11
2022-02-28 00:29:54,404 Command to send: r
u
JavaSparkContext
rj
e

2022-02-28 00:29:54,422 Answer received: !ycorg.apache.spark.api.java.JavaSparkContext
2022-02-28 00:29:54,422 Command to send: i
org.apache.spark.api.java.JavaSparkContext
ro0
e

2022-02-28 00:29:55,210 Command to send: A
927fb751d5c97bf18106d9c6cb4924f94debcc1a78f14fe9d93589d92de66567

2022-02-28 00:29:55,219 Answer received: !yv
2022-02-28 00:29:55,219 Command to send: m
d
o1
e

2022-02-28 00:29:55,223 Answer received: !yv
2022-02-28 00:29:55,223 Command to send: m
d
o2
e

2022-02-28 00:29:55,224 Answer received: !yv
2022-02-28 00:29:55,224 Command to send: m
d
o3
e

2022-02-28 00:29:55,225 Answer received: !yv
2022-02-28 00:29:55,225 Command to send: m
d
o4
e

2022-02-28 00:29:55,229 Answer received: !yv
2022-02-28 00:29:55,229 Command to send: m
d
o5
e

2022-02-28 00:29:55,233 Answer received: !yv
2022-02-28 00:29:55,233 Command to send: m
d
o6
e

2022-02-28 00:29:55,234 Answer received: !yv
2022-02-28 00:30:00,116 Answer received: !yro18
2022-02-28 00:30:00,116 Command to send: c
o18
sc
e

2022-02-28 00:30:00,120 Answer received: !yro19
2022-02-28 00:30:00,120 Command to send: c
o19
conf
e

2022-02-28 00:30:00,133 Answer received: !yro20
2022-02-28 00:30:00,134 Command to send: r
u
PythonAccumulatorV2
rj
e

2022-02-28 00:30:00,135 Answer received: !ycorg.apache.spark.api.python.PythonAccumulatorV2
2022-02-28 00:30:00,136 Command to send: i
org.apache.spark.api.python.PythonAccumulatorV2
s127.0.0.1
i34871
s927fb751d5c97bf18106d9c6cb4924f94debcc1a78f14fe9d93589d92de66567
e

2022-02-28 00:30:00,136 Answer received: !yro21
2022-02-28 00:30:00,136 Command to send: c
o18
sc
e

2022-02-28 00:30:00,137 Answer received: !yro22
2022-02-28 00:30:00,137 Command to send: c
o22
register
ro21
e

2022-02-28 00:30:00,140 Answer received: !yv
2022-02-28 00:30:00,140 Command to send: r
u
PythonUtils
rj
e

2022-02-28 00:30:00,141 Answer received: !ycorg.apache.spark.api.python.PythonUtils
2022-02-28 00:30:00,141 Command to send: r
m
org.apache.spark.api.python.PythonUtils
isEncryptionEnabled
e

2022-02-28 00:30:00,142 Answer received: !ym
2022-02-28 00:30:00,142 Command to send: c
z:org.apache.spark.api.python.PythonUtils
isEncryptionEnabled
ro18
e

2022-02-28 00:30:00,143 Answer received: !ybfalse
2022-02-28 00:30:00,143 Command to send: r
u
PythonUtils
rj
e

2022-02-28 00:30:00,144 Answer received: !ycorg.apache.spark.api.python.PythonUtils
2022-02-28 00:30:00,144 Command to send: r
m
org.apache.spark.api.python.PythonUtils
getPythonAuthSocketTimeout
e

2022-02-28 00:30:00,145 Answer received: !ym
2022-02-28 00:30:00,145 Command to send: c
z:org.apache.spark.api.python.PythonUtils
getPythonAuthSocketTimeout
ro18
e

2022-02-28 00:30:00,145 Answer received: !yL15
2022-02-28 00:30:00,145 Command to send: r
u
PythonUtils
rj
e

2022-02-28 00:30:00,146 Answer received: !ycorg.apache.spark.api.python.PythonUtils
2022-02-28 00:30:00,146 Command to send: r
m
org.apache.spark.api.python.PythonUtils
getSparkBufferSize
e

2022-02-28 00:30:00,146 Answer received: !ym
2022-02-28 00:30:00,147 Command to send: c
z:org.apache.spark.api.python.PythonUtils
getSparkBufferSize
ro18
e

2022-02-28 00:30:00,147 Answer received: !yi65536
2022-02-28 00:30:00,147 Command to send: r
u
org
rj
e

2022-02-28 00:30:00,151 Answer received: !yp
2022-02-28 00:30:00,152 Command to send: r
u
org.apache
rj
e

2022-02-28 00:30:00,152 Answer received: !yp
2022-02-28 00:30:00,153 Command to send: r
u
org.apache.spark
rj
e

2022-02-28 00:30:00,153 Answer received: !yp
2022-02-28 00:30:00,154 Command to send: r
u
org.apache.spark.SparkFiles
rj
e

2022-02-28 00:30:00,154 Answer received: !ycorg.apache.spark.SparkFiles
2022-02-28 00:30:00,154 Command to send: r
m
org.apache.spark.SparkFiles
getRootDirectory
e

2022-02-28 00:30:00,155 Answer received: !ym
2022-02-28 00:30:00,155 Command to send: c
z:org.apache.spark.SparkFiles
getRootDirectory
e

2022-02-28 00:30:00,155 Answer received: !ys/tmp/spark-e706b34e-56c2-4709-8e46-29544468e3f0/userFiles-acd75ae2-6a09-4b97-b063-43bbdec321b6
2022-02-28 00:30:00,156 Command to send: c
o20
get
sspark.submit.pyFiles
s
e

2022-02-28 00:30:00,157 Answer received: !ys/home/suman/.ivy2/jars/org.apache.spark_spark-sql-kafka-0-10_2.12-3.2.1.jar,/home/suman/.ivy2/jars/net.snowflake_spark-snowflake_2.12-2.10.0-spark_3.2.jar,/home/suman/.ivy2/jars/org.apache.spark_spark-token-provider-kafka-0-10_2.12-3.2.1.jar,/home/suman/.ivy2/jars/org.apache.kafka_kafka-clients-2.8.0.jar,/home/suman/.ivy2/jars/com.google.code.findbugs_jsr305-3.0.0.jar,/home/suman/.ivy2/jars/org.apache.commons_commons-pool2-2.6.2.jar,/home/suman/.ivy2/jars/org.spark-project.spark_unused-1.0.0.jar,/home/suman/.ivy2/jars/org.apache.hadoop_hadoop-client-runtime-3.3.1.jar,/home/suman/.ivy2/jars/org.lz4_lz4-java-1.7.1.jar,/home/suman/.ivy2/jars/org.xerial.snappy_snappy-java-1.1.8.4.jar,/home/suman/.ivy2/jars/org.slf4j_slf4j-api-1.7.30.jar,/home/suman/.ivy2/jars/org.apache.hadoop_hadoop-client-api-3.3.1.jar,/home/suman/.ivy2/jars/org.apache.htrace_htrace-core4-4.1.0-incubating.jar,/home/suman/.ivy2/jars/commons-logging_commons-logging-1.1.3.jar,/home/suman/.ivy2/jars/net.snowflake_snowflake-ingest-sdk-0.10.3.jar,/home/suman/.ivy2/jars/net.snowflake_snowflake-jdbc-3.13.14.jar
2022-02-28 00:30:00,157 Command to send: r
u
org
rj
e

2022-02-28 00:30:00,159 Answer received: !yp
2022-02-28 00:30:00,159 Command to send: r
u
org.apache
rj
e

2022-02-28 00:30:00,160 Answer received: !yp
2022-02-28 00:30:00,161 Command to send: r
u
org.apache.spark
rj
e

2022-02-28 00:30:00,162 Answer received: !yp
2022-02-28 00:30:00,162 Command to send: r
u
org.apache.spark.SparkFiles
rj
e

2022-02-28 00:30:00,162 Answer received: !ycorg.apache.spark.SparkFiles
2022-02-28 00:30:00,162 Command to send: r
m
org.apache.spark.SparkFiles
getRootDirectory
e

2022-02-28 00:30:00,162 Answer received: !ym
2022-02-28 00:30:00,162 Command to send: c
z:org.apache.spark.SparkFiles
getRootDirectory
e

2022-02-28 00:30:00,162 Answer received: !ys/tmp/spark-e706b34e-56c2-4709-8e46-29544468e3f0/userFiles-acd75ae2-6a09-4b97-b063-43bbdec321b6
2022-02-28 00:30:00,163 Command to send: r
u
org
rj
e

2022-02-28 00:30:00,166 Answer received: !yp
2022-02-28 00:30:00,166 Command to send: r
u
org.apache
rj
e

2022-02-28 00:30:00,166 Answer received: !yp
2022-02-28 00:30:00,166 Command to send: r
u
org.apache.spark
rj
e

2022-02-28 00:30:00,167 Answer received: !yp
2022-02-28 00:30:00,167 Command to send: r
u
org.apache.spark.SparkFiles
rj
e

2022-02-28 00:30:00,167 Answer received: !ycorg.apache.spark.SparkFiles
2022-02-28 00:30:00,167 Command to send: r
m
org.apache.spark.SparkFiles
getRootDirectory
e

2022-02-28 00:30:00,167 Answer received: !ym
2022-02-28 00:30:00,167 Command to send: c
z:org.apache.spark.SparkFiles
getRootDirectory
e

2022-02-28 00:30:00,168 Answer received: !ys/tmp/spark-e706b34e-56c2-4709-8e46-29544468e3f0/userFiles-acd75ae2-6a09-4b97-b063-43bbdec321b6
2022-02-28 00:30:00,168 Command to send: r
u
org
rj
e

2022-02-28 00:30:00,170 Answer received: !yp
2022-02-28 00:30:00,170 Command to send: r
u
org.apache
rj
e

2022-02-28 00:30:00,171 Answer received: !yp
2022-02-28 00:30:00,171 Command to send: r
u
org.apache.spark
rj
e

2022-02-28 00:30:00,172 Answer received: !yp
2022-02-28 00:30:00,172 Command to send: r
u
org.apache.spark.SparkFiles
rj
e

2022-02-28 00:30:00,173 Answer received: !ycorg.apache.spark.SparkFiles
2022-02-28 00:30:00,173 Command to send: r
m
org.apache.spark.SparkFiles
getRootDirectory
e

2022-02-28 00:30:00,174 Answer received: !ym
2022-02-28 00:30:00,174 Command to send: c
z:org.apache.spark.SparkFiles
getRootDirectory
e

2022-02-28 00:30:00,174 Answer received: !ys/tmp/spark-e706b34e-56c2-4709-8e46-29544468e3f0/userFiles-acd75ae2-6a09-4b97-b063-43bbdec321b6
2022-02-28 00:30:00,175 Command to send: r
u
org
rj
e

2022-02-28 00:30:00,178 Answer received: !yp
2022-02-28 00:30:00,178 Command to send: r
u
org.apache
rj
e

2022-02-28 00:30:00,179 Answer received: !yp
2022-02-28 00:30:00,179 Command to send: r
u
org.apache.spark
rj
e

2022-02-28 00:30:00,180 Answer received: !yp
2022-02-28 00:30:00,180 Command to send: r
u
org.apache.spark.SparkFiles
rj
e

2022-02-28 00:30:00,180 Answer received: !ycorg.apache.spark.SparkFiles
2022-02-28 00:30:00,181 Command to send: r
m
org.apache.spark.SparkFiles
getRootDirectory
e

2022-02-28 00:30:00,181 Answer received: !ym
2022-02-28 00:30:00,181 Command to send: c
z:org.apache.spark.SparkFiles
getRootDirectory
e

2022-02-28 00:30:00,182 Answer received: !ys/tmp/spark-e706b34e-56c2-4709-8e46-29544468e3f0/userFiles-acd75ae2-6a09-4b97-b063-43bbdec321b6
2022-02-28 00:30:00,182 Command to send: r
u
org
rj
e

2022-02-28 00:30:00,184 Answer received: !yp
2022-02-28 00:30:00,184 Command to send: r
u
org.apache
rj
e

2022-02-28 00:30:00,185 Answer received: !yp
2022-02-28 00:30:00,185 Command to send: r
u
org.apache.spark
rj
e

2022-02-28 00:30:00,186 Answer received: !yp
2022-02-28 00:30:00,186 Command to send: r
u
org.apache.spark.SparkFiles
rj
e

2022-02-28 00:30:00,186 Answer received: !ycorg.apache.spark.SparkFiles
2022-02-28 00:30:00,187 Command to send: r
m
org.apache.spark.SparkFiles
getRootDirectory
e

2022-02-28 00:30:00,187 Answer received: !ym
2022-02-28 00:30:00,187 Command to send: c
z:org.apache.spark.SparkFiles
getRootDirectory
e

2022-02-28 00:30:00,188 Answer received: !ys/tmp/spark-e706b34e-56c2-4709-8e46-29544468e3f0/userFiles-acd75ae2-6a09-4b97-b063-43bbdec321b6
2022-02-28 00:30:00,188 Command to send: r
u
org
rj
e

2022-02-28 00:30:00,190 Answer received: !yp
2022-02-28 00:30:00,190 Command to send: r
u
org.apache
rj
e

2022-02-28 00:30:00,191 Answer received: !yp
2022-02-28 00:30:00,191 Command to send: r
u
org.apache.spark
rj
e

2022-02-28 00:30:00,191 Answer received: !yp
2022-02-28 00:30:00,192 Command to send: r
u
org.apache.spark.SparkFiles
rj
e

2022-02-28 00:30:00,192 Answer received: !ycorg.apache.spark.SparkFiles
2022-02-28 00:30:00,192 Command to send: r
m
org.apache.spark.SparkFiles
getRootDirectory
e

2022-02-28 00:30:00,192 Answer received: !ym
2022-02-28 00:30:00,193 Command to send: c
z:org.apache.spark.SparkFiles
getRootDirectory
e

2022-02-28 00:30:00,193 Answer received: !ys/tmp/spark-e706b34e-56c2-4709-8e46-29544468e3f0/userFiles-acd75ae2-6a09-4b97-b063-43bbdec321b6
2022-02-28 00:30:00,193 Command to send: r
u
org
rj
e

2022-02-28 00:30:00,196 Answer received: !yp
2022-02-28 00:30:00,196 Command to send: r
u
org.apache
rj
e

2022-02-28 00:30:00,197 Answer received: !yp
2022-02-28 00:30:00,197 Command to send: r
u
org.apache.spark
rj
e

2022-02-28 00:30:00,198 Answer received: !yp
2022-02-28 00:30:00,198 Command to send: r
u
org.apache.spark.SparkFiles
rj
e

2022-02-28 00:30:00,198 Answer received: !ycorg.apache.spark.SparkFiles
2022-02-28 00:30:00,199 Command to send: r
m
org.apache.spark.SparkFiles
getRootDirectory
e

2022-02-28 00:30:00,199 Answer received: !ym
2022-02-28 00:30:00,199 Command to send: c
z:org.apache.spark.SparkFiles
getRootDirectory
e

2022-02-28 00:30:00,199 Answer received: !ys/tmp/spark-e706b34e-56c2-4709-8e46-29544468e3f0/userFiles-acd75ae2-6a09-4b97-b063-43bbdec321b6
2022-02-28 00:30:00,200 Command to send: r
u
org
rj
e

2022-02-28 00:30:00,202 Answer received: !yp
2022-02-28 00:30:00,202 Command to send: r
u
org.apache
rj
e

2022-02-28 00:30:00,203 Answer received: !yp
2022-02-28 00:30:00,203 Command to send: r
u
org.apache.spark
rj
e

2022-02-28 00:30:00,203 Answer received: !yp
2022-02-28 00:30:00,204 Command to send: r
u
org.apache.spark.SparkFiles
rj
e

2022-02-28 00:30:00,204 Answer received: !ycorg.apache.spark.SparkFiles
2022-02-28 00:30:00,204 Command to send: r
m
org.apache.spark.SparkFiles
getRootDirectory
e

2022-02-28 00:30:00,204 Answer received: !ym
2022-02-28 00:30:00,204 Command to send: c
z:org.apache.spark.SparkFiles
getRootDirectory
e

2022-02-28 00:30:00,205 Answer received: !ys/tmp/spark-e706b34e-56c2-4709-8e46-29544468e3f0/userFiles-acd75ae2-6a09-4b97-b063-43bbdec321b6
2022-02-28 00:30:00,205 Command to send: r
u
org
rj
e

2022-02-28 00:30:00,207 Answer received: !yp
2022-02-28 00:30:00,207 Command to send: r
u
org.apache
rj
e

2022-02-28 00:30:00,208 Answer received: !yp
2022-02-28 00:30:00,208 Command to send: r
u
org.apache.spark
rj
e

2022-02-28 00:30:00,209 Answer received: !yp
2022-02-28 00:30:00,209 Command to send: r
u
org.apache.spark.SparkFiles
rj
e

2022-02-28 00:30:00,209 Answer received: !ycorg.apache.spark.SparkFiles
2022-02-28 00:30:00,209 Command to send: r
m
org.apache.spark.SparkFiles
getRootDirectory
e

2022-02-28 00:30:00,209 Answer received: !ym
2022-02-28 00:30:00,210 Command to send: c
z:org.apache.spark.SparkFiles
getRootDirectory
e

2022-02-28 00:30:00,210 Answer received: !ys/tmp/spark-e706b34e-56c2-4709-8e46-29544468e3f0/userFiles-acd75ae2-6a09-4b97-b063-43bbdec321b6
2022-02-28 00:30:00,210 Command to send: r
u
org
rj
e

2022-02-28 00:30:00,212 Answer received: !yp
2022-02-28 00:30:00,212 Command to send: r
u
org.apache
rj
e

2022-02-28 00:30:00,213 Answer received: !yp
2022-02-28 00:30:00,213 Command to send: r
u
org.apache.spark
rj
e

2022-02-28 00:30:00,214 Answer received: !yp
2022-02-28 00:30:00,214 Command to send: r
u
org.apache.spark.SparkFiles
rj
e

2022-02-28 00:30:00,214 Answer received: !ycorg.apache.spark.SparkFiles
2022-02-28 00:30:00,215 Command to send: r
m
org.apache.spark.SparkFiles
getRootDirectory
e

2022-02-28 00:30:00,215 Answer received: !ym
2022-02-28 00:30:00,215 Command to send: c
z:org.apache.spark.SparkFiles
getRootDirectory
e

2022-02-28 00:30:00,215 Answer received: !ys/tmp/spark-e706b34e-56c2-4709-8e46-29544468e3f0/userFiles-acd75ae2-6a09-4b97-b063-43bbdec321b6
2022-02-28 00:30:00,215 Command to send: r
u
org
rj
e

2022-02-28 00:30:00,217 Answer received: !yp
2022-02-28 00:30:00,217 Command to send: r
u
org.apache
rj
e

2022-02-28 00:30:00,218 Answer received: !yp
2022-02-28 00:30:00,218 Command to send: r
u
org.apache.spark
rj
e

2022-02-28 00:30:00,219 Answer received: !yp
2022-02-28 00:30:00,219 Command to send: r
u
org.apache.spark.SparkFiles
rj
e

2022-02-28 00:30:00,219 Answer received: !ycorg.apache.spark.SparkFiles
2022-02-28 00:30:00,219 Command to send: r
m
org.apache.spark.SparkFiles
getRootDirectory
e

2022-02-28 00:30:00,220 Answer received: !ym
2022-02-28 00:30:00,220 Command to send: c
z:org.apache.spark.SparkFiles
getRootDirectory
e

2022-02-28 00:30:00,220 Answer received: !ys/tmp/spark-e706b34e-56c2-4709-8e46-29544468e3f0/userFiles-acd75ae2-6a09-4b97-b063-43bbdec321b6
2022-02-28 00:30:00,220 Command to send: r
u
org
rj
e

2022-02-28 00:30:00,222 Answer received: !yp
2022-02-28 00:30:00,222 Command to send: r
u
org.apache
rj
e

2022-02-28 00:30:00,223 Answer received: !yp
2022-02-28 00:30:00,223 Command to send: r
u
org.apache.spark
rj
e

2022-02-28 00:30:00,224 Answer received: !yp
2022-02-28 00:30:00,224 Command to send: r
u
org.apache.spark.SparkFiles
rj
e

2022-02-28 00:30:00,224 Answer received: !ycorg.apache.spark.SparkFiles
2022-02-28 00:30:00,225 Command to send: r
m
org.apache.spark.SparkFiles
getRootDirectory
e

2022-02-28 00:30:00,225 Answer received: !ym
2022-02-28 00:30:00,225 Command to send: c
z:org.apache.spark.SparkFiles
getRootDirectory
e

2022-02-28 00:30:00,225 Answer received: !ys/tmp/spark-e706b34e-56c2-4709-8e46-29544468e3f0/userFiles-acd75ae2-6a09-4b97-b063-43bbdec321b6
2022-02-28 00:30:00,225 Command to send: r
u
org
rj
e

2022-02-28 00:30:00,228 Answer received: !yp
2022-02-28 00:30:00,228 Command to send: r
u
org.apache
rj
e

2022-02-28 00:30:00,229 Answer received: !yp
2022-02-28 00:30:00,229 Command to send: r
u
org.apache.spark
rj
e

2022-02-28 00:30:00,230 Answer received: !yp
2022-02-28 00:30:00,230 Command to send: r
u
org.apache.spark.SparkFiles
rj
e

2022-02-28 00:30:00,230 Answer received: !ycorg.apache.spark.SparkFiles
2022-02-28 00:30:00,230 Command to send: r
m
org.apache.spark.SparkFiles
getRootDirectory
e

2022-02-28 00:30:00,231 Answer received: !ym
2022-02-28 00:30:00,231 Command to send: c
z:org.apache.spark.SparkFiles
getRootDirectory
e

2022-02-28 00:30:00,231 Answer received: !ys/tmp/spark-e706b34e-56c2-4709-8e46-29544468e3f0/userFiles-acd75ae2-6a09-4b97-b063-43bbdec321b6
2022-02-28 00:30:00,231 Command to send: r
u
org
rj
e

2022-02-28 00:30:00,233 Answer received: !yp
2022-02-28 00:30:00,233 Command to send: r
u
org.apache
rj
e

2022-02-28 00:30:00,234 Answer received: !yp
2022-02-28 00:30:00,234 Command to send: r
u
org.apache.spark
rj
e

2022-02-28 00:30:00,235 Answer received: !yp
2022-02-28 00:30:00,235 Command to send: r
u
org.apache.spark.SparkFiles
rj
e

2022-02-28 00:30:00,236 Answer received: !ycorg.apache.spark.SparkFiles
2022-02-28 00:30:00,236 Command to send: r
m
org.apache.spark.SparkFiles
getRootDirectory
e

2022-02-28 00:30:00,236 Answer received: !ym
2022-02-28 00:30:00,237 Command to send: c
z:org.apache.spark.SparkFiles
getRootDirectory
e

2022-02-28 00:30:00,237 Answer received: !ys/tmp/spark-e706b34e-56c2-4709-8e46-29544468e3f0/userFiles-acd75ae2-6a09-4b97-b063-43bbdec321b6
2022-02-28 00:30:00,238 Command to send: r
u
org
rj
e

2022-02-28 00:30:00,240 Answer received: !yp
2022-02-28 00:30:00,241 Command to send: r
u
org.apache
rj
e

2022-02-28 00:30:00,243 Answer received: !yp
2022-02-28 00:30:00,243 Command to send: r
u
org.apache.spark
rj
e

2022-02-28 00:30:00,245 Answer received: !yp
2022-02-28 00:30:00,246 Command to send: r
u
org.apache.spark.SparkFiles
rj
e

2022-02-28 00:30:00,246 Answer received: !ycorg.apache.spark.SparkFiles
2022-02-28 00:30:00,246 Command to send: r
m
org.apache.spark.SparkFiles
getRootDirectory
e

2022-02-28 00:30:00,246 Answer received: !ym
2022-02-28 00:30:00,246 Command to send: c
z:org.apache.spark.SparkFiles
getRootDirectory
e

2022-02-28 00:30:00,247 Answer received: !ys/tmp/spark-e706b34e-56c2-4709-8e46-29544468e3f0/userFiles-acd75ae2-6a09-4b97-b063-43bbdec321b6
2022-02-28 00:30:00,247 Command to send: r
u
org
rj
e

2022-02-28 00:30:00,250 Answer received: !yp
2022-02-28 00:30:00,250 Command to send: r
u
org.apache
rj
e

2022-02-28 00:30:00,250 Answer received: !yp
2022-02-28 00:30:00,250 Command to send: r
u
org.apache.spark
rj
e

2022-02-28 00:30:00,251 Answer received: !yp
2022-02-28 00:30:00,251 Command to send: r
u
org.apache.spark.SparkFiles
rj
e

2022-02-28 00:30:00,251 Answer received: !ycorg.apache.spark.SparkFiles
2022-02-28 00:30:00,252 Command to send: r
m
org.apache.spark.SparkFiles
getRootDirectory
e

2022-02-28 00:30:00,252 Answer received: !ym
2022-02-28 00:30:00,252 Command to send: c
z:org.apache.spark.SparkFiles
getRootDirectory
e

2022-02-28 00:30:00,252 Answer received: !ys/tmp/spark-e706b34e-56c2-4709-8e46-29544468e3f0/userFiles-acd75ae2-6a09-4b97-b063-43bbdec321b6
2022-02-28 00:30:00,253 Command to send: r
u
org
rj
e

2022-02-28 00:30:00,255 Answer received: !yp
2022-02-28 00:30:00,255 Command to send: r
u
org.apache
rj
e

2022-02-28 00:30:00,256 Answer received: !yp
2022-02-28 00:30:00,256 Command to send: r
u
org.apache.spark
rj
e

2022-02-28 00:30:00,257 Answer received: !yp
2022-02-28 00:30:00,257 Command to send: r
u
org.apache.spark.util
rj
e

2022-02-28 00:30:00,257 Answer received: !yp
2022-02-28 00:30:00,257 Command to send: r
u
org.apache.spark.util.Utils
rj
e

2022-02-28 00:30:00,259 Answer received: !ycorg.apache.spark.util.Utils
2022-02-28 00:30:00,259 Command to send: r
m
org.apache.spark.util.Utils
getLocalDir
e

2022-02-28 00:30:00,261 Answer received: !ym
2022-02-28 00:30:00,262 Command to send: c
o18
sc
e

2022-02-28 00:30:00,262 Answer received: !yro23
2022-02-28 00:30:00,262 Command to send: c
o23
conf
e

2022-02-28 00:30:00,262 Answer received: !yro24
2022-02-28 00:30:00,262 Command to send: c
z:org.apache.spark.util.Utils
getLocalDir
ro24
e

2022-02-28 00:30:00,263 Answer received: !ys/tmp/spark-e706b34e-56c2-4709-8e46-29544468e3f0
2022-02-28 00:30:00,263 Command to send: r
u
org
rj
e

2022-02-28 00:30:00,265 Answer received: !yp
2022-02-28 00:30:00,265 Command to send: r
u
org.apache
rj
e

2022-02-28 00:30:00,266 Answer received: !yp
2022-02-28 00:30:00,266 Command to send: r
u
org.apache.spark
rj
e

2022-02-28 00:30:00,267 Answer received: !yp
2022-02-28 00:30:00,267 Command to send: r
u
org.apache.spark.util
rj
e

2022-02-28 00:30:00,268 Answer received: !yp
2022-02-28 00:30:00,268 Command to send: r
u
org.apache.spark.util.Utils
rj
e

2022-02-28 00:30:00,268 Answer received: !ycorg.apache.spark.util.Utils
2022-02-28 00:30:00,268 Command to send: r
m
org.apache.spark.util.Utils
createTempDir
e

2022-02-28 00:30:00,268 Answer received: !ym
2022-02-28 00:30:00,268 Command to send: c
z:org.apache.spark.util.Utils
createTempDir
s/tmp/spark-e706b34e-56c2-4709-8e46-29544468e3f0
spyspark
e

2022-02-28 00:30:00,269 Answer received: !yro25
2022-02-28 00:30:00,269 Command to send: c
o25
getAbsolutePath
e

2022-02-28 00:30:00,270 Answer received: !ys/tmp/spark-e706b34e-56c2-4709-8e46-29544468e3f0/pyspark-68cfb2ce-b8e8-4e7b-bf13-7d044604236c
2022-02-28 00:30:00,270 Command to send: c
o20
get
sspark.python.profile
sfalse
e

2022-02-28 00:30:00,270 Answer received: !ysfalse
2022-02-28 00:30:00,271 Command to send: r
u
SparkSession
rj
e

2022-02-28 00:30:00,297 Answer received: !ycorg.apache.spark.sql.SparkSession
2022-02-28 00:30:00,298 Command to send: r
m
org.apache.spark.sql.SparkSession
getDefaultSession
e

2022-02-28 00:30:00,324 Answer received: !ym
2022-02-28 00:30:00,324 Command to send: c
z:org.apache.spark.sql.SparkSession
getDefaultSession
e

2022-02-28 00:30:00,325 Answer received: !yro26
2022-02-28 00:30:00,325 Command to send: c
o26
isDefined
e

2022-02-28 00:30:00,326 Answer received: !ybfalse
2022-02-28 00:30:00,326 Command to send: r
u
SparkSession
rj
e

2022-02-28 00:30:00,327 Answer received: !ycorg.apache.spark.sql.SparkSession
2022-02-28 00:30:00,328 Command to send: c
o18
sc
e

2022-02-28 00:30:00,328 Answer received: !yro27
2022-02-28 00:30:00,328 Command to send: i
org.apache.spark.sql.SparkSession
ro27
e

2022-02-28 00:30:00,414 Answer received: !yro28
2022-02-28 00:30:00,414 Command to send: c
o28
sqlContext
e

2022-02-28 00:30:00,415 Answer received: !yro29
2022-02-28 00:30:00,415 Command to send: r
u
SparkSession
rj
e

2022-02-28 00:30:00,417 Answer received: !ycorg.apache.spark.sql.SparkSession
2022-02-28 00:30:00,417 Command to send: r
m
org.apache.spark.sql.SparkSession
setDefaultSession
e

2022-02-28 00:30:00,417 Answer received: !ym
2022-02-28 00:30:00,418 Command to send: c
z:org.apache.spark.sql.SparkSession
setDefaultSession
ro28
e

2022-02-28 00:30:00,418 Answer received: !yv
2022-02-28 00:30:00,418 Command to send: r
u
SparkSession
rj
e

2022-02-28 00:30:00,420 Answer received: !ycorg.apache.spark.sql.SparkSession
2022-02-28 00:30:00,420 Command to send: r
m
org.apache.spark.sql.SparkSession
setActiveSession
e

2022-02-28 00:30:00,420 Answer received: !ym
2022-02-28 00:30:00,420 Command to send: c
z:org.apache.spark.sql.SparkSession
setActiveSession
ro28
e

2022-02-28 00:30:00,421 Answer received: !yv
2022-02-28 00:30:00,421 Command to send: c
o28
sessionState
e

2022-02-28 00:30:01,327 Answer received: !yro30
2022-02-28 00:30:01,327 Command to send: c
o30
conf
e

2022-02-28 00:30:01,329 Answer received: !yro31
2022-02-28 00:30:01,329 Command to send: c
o31
setConfString
sspark.master
slocal
e

2022-02-28 00:30:01,331 Answer received: !yv
2022-02-28 00:30:01,331 Command to send: c
o28
sessionState
e

2022-02-28 00:30:01,331 Answer received: !yro32
2022-02-28 00:30:01,332 Command to send: c
o32
conf
e

2022-02-28 00:30:01,332 Answer received: !yro33
2022-02-28 00:30:01,332 Command to send: c
o33
setConfString
sspark.app.name
swiki-changes-event-consumer
e

2022-02-28 00:30:01,332 Answer received: !yv
2022-02-28 00:30:01,333 Command to send: c
o28
sessionState
e

2022-02-28 00:30:01,333 Answer received: !yro34
2022-02-28 00:30:01,333 Command to send: c
o34
conf
e

2022-02-28 00:30:01,333 Answer received: !yro35
2022-02-28 00:30:01,333 Command to send: c
o35
setConfString
sspark.jars.packages
sorg.apache.spark:spark-sql-kafka-0-10_2.12:3.2.1,net.snowflake:spark-snowflake_2.12:2.10.0-spark_3.2
e

2022-02-28 00:30:01,334 Answer received: !yv
2022-02-28 00:30:01,334 setting up snowflake connections
2022-02-28 00:30:01,334 fetching latest records from RAW table
2022-02-28 00:30:01,334 Command to send: c
o29
read
e

2022-02-28 00:30:01,344 Answer received: !yro36
2022-02-28 00:30:01,345 Command to send: c
o36
format
ssnowflake
e

2022-02-28 00:30:01,356 Answer received: !yro37
2022-02-28 00:30:01,357 Command to send: c
o37
option
ssfURL
szu02863.ap-south-1.aws.snowflakecomputing.com
e

2022-02-28 00:30:01,359 Answer received: !yro38
2022-02-28 00:30:01,360 Command to send: c
o38
option
ssfAccount
szu02863.ap-south-1.aws
e

2022-02-28 00:30:01,361 Answer received: !yro39
2022-02-28 00:30:01,361 Command to send: c
o39
option
ssfUser
scoolkeonjhar
e

2022-02-28 00:30:01,362 Answer received: !yro40
2022-02-28 00:30:01,362 Command to send: c
o40
option
ssfPassword
sAmrita@123
e

2022-02-28 00:30:01,363 Answer received: !yro41
2022-02-28 00:30:01,363 Command to send: c
o41
option
ssfDatabase
sNIMBUS_MAPS
e

2022-02-28 00:30:01,364 Answer received: !yro42
2022-02-28 00:30:01,365 Command to send: c
o42
option
ssfSchema
sPRESENTATION
e

2022-02-28 00:30:01,366 Answer received: !yro43
2022-02-28 00:30:01,366 Command to send: c
o43
option
ssfWarehouse
sSNOW_LARGE_VWH
e

2022-02-28 00:30:01,367 Answer received: !yro44
2022-02-28 00:30:01,367 Command to send: c
o44
option
ssfRole
sACCOUNTADMIN
e

2022-02-28 00:30:01,368 Answer received: !yro45
2022-02-28 00:30:01,368 Command to send: c
o45
option
squery
sselect UID,ADDRESS,CITY,ZIPCODE,DECISION,CURRENT_TIMESTAMP() AS CREATE_TS from NIMBUS_MAPS.RAW_LAYER.DECISION_DATA_RAW where create_ts >(select nvl(max(CREATE_TS),to_timestamp('2001-01-01 00:00:00','YYYY-MM-DD HH24:MI:SS')) FROM nimbus_maps.presentation.decision_data_pres)
e

2022-02-28 00:30:01,369 Answer received: !yro46
2022-02-28 00:30:01,369 Command to send: c
o46
load
e

2022-02-28 00:30:06,441 Answer received: !yro47
2022-02-28 00:30:06,441 fetched data from RAW Layer
2022-02-28 00:30:06,441 Command to send: c
o47
count
e

2022-02-28 00:30:10,240 Answer received: !yL97
2022-02-28 00:30:10,240 97 records fetched to be processed
2022-02-28 00:30:10,240 checking if record count is o
2022-02-28 00:30:10,240 Command to send: c
o47
count
e

2022-02-28 00:30:11,749 Answer received: !yL97
2022-02-28 00:30:11,750 Command to send: c
o28
sessionState
e

2022-02-28 00:30:11,750 Answer received: !yro48
2022-02-28 00:30:11,750 Command to send: c
o48
conf
e

2022-02-28 00:30:11,751 Answer received: !yro49
2022-02-28 00:30:11,751 Command to send: c
o49
setConfString
sspark.master
slocal
e

2022-02-28 00:30:11,751 Answer received: !yv
2022-02-28 00:30:11,752 Command to send: c
o28
sessionState
e

2022-02-28 00:30:11,752 Answer received: !yro50
2022-02-28 00:30:11,752 Command to send: c
o50
conf
e

2022-02-28 00:30:11,757 Answer received: !yro51
2022-02-28 00:30:11,757 Command to send: c
o51
setConfString
sspark.app.name
swiki-changes-event-consumer
e

2022-02-28 00:30:11,758 Answer received: !yv
2022-02-28 00:30:11,758 Command to send: c
o28
sessionState
e

2022-02-28 00:30:11,759 Answer received: !yro52
2022-02-28 00:30:11,759 Command to send: c
o52
conf
e

2022-02-28 00:30:11,759 Answer received: !yro53
2022-02-28 00:30:11,760 Command to send: c
o53
setConfString
sspark.jars.packages
sorg.apache.spark:spark-sql-kafka-0-10_2.12:3.2.1,net.snowflake:spark-snowflake_2.12:2.10.0-spark_3.2
e

2022-02-28 00:30:11,760 Answer received: !yv
2022-02-28 00:30:11,761 Command to send: r
u
PythonUtils
rj
e

2022-02-28 00:30:11,762 Answer received: !ycorg.apache.spark.api.python.PythonUtils
2022-02-28 00:30:11,763 Command to send: r
m
org.apache.spark.api.python.PythonUtils
getBroadcastThreshold
e

2022-02-28 00:30:11,763 Answer received: !ym
2022-02-28 00:30:11,764 Command to send: c
z:org.apache.spark.api.python.PythonUtils
getBroadcastThreshold
ro18
e

2022-02-28 00:30:11,764 Answer received: !yL1048576
2022-02-28 00:30:11,764 Command to send: r
u
PythonFunction
rj
e

2022-02-28 00:30:11,768 Answer received: !ycorg.apache.spark.api.python.PythonFunction
2022-02-28 00:30:11,770 Command to send: i
java.util.HashMap
e

2022-02-28 00:30:11,771 Answer received: !yao54
2022-02-28 00:30:11,771 Command to send: c
o54
put
sPYTHONHASHSEED
s0
e

2022-02-28 00:30:11,772 Answer received: !yn
2022-02-28 00:30:11,773 Command to send: i
java.util.ArrayList
e

2022-02-28 00:30:11,773 Answer received: !ylo55
2022-02-28 00:30:11,773 Command to send: c
o55
add
sorg.apache.spark_spark-sql-kafka-0-10_2.12-3.2.1.jar
e

2022-02-28 00:30:11,774 Answer received: !ybtrue
2022-02-28 00:30:11,775 Command to send: c
o55
add
snet.snowflake_spark-snowflake_2.12-2.10.0-spark_3.2.jar
e

2022-02-28 00:30:11,775 Answer received: !ybtrue
2022-02-28 00:30:11,775 Command to send: c
o55
add
sorg.apache.spark_spark-token-provider-kafka-0-10_2.12-3.2.1.jar
e

2022-02-28 00:30:11,776 Answer received: !ybtrue
2022-02-28 00:30:11,776 Command to send: c
o55
add
sorg.apache.kafka_kafka-clients-2.8.0.jar
e

2022-02-28 00:30:11,777 Answer received: !ybtrue
2022-02-28 00:30:11,777 Command to send: c
o55
add
scom.google.code.findbugs_jsr305-3.0.0.jar
e

2022-02-28 00:30:11,777 Answer received: !ybtrue
2022-02-28 00:30:11,778 Command to send: c
o55
add
sorg.apache.commons_commons-pool2-2.6.2.jar
e

2022-02-28 00:30:11,778 Answer received: !ybtrue
2022-02-28 00:30:11,779 Command to send: c
o55
add
sorg.spark-project.spark_unused-1.0.0.jar
e

2022-02-28 00:30:11,779 Answer received: !ybtrue
2022-02-28 00:30:11,779 Command to send: c
o55
add
sorg.apache.hadoop_hadoop-client-runtime-3.3.1.jar
e

2022-02-28 00:30:11,780 Answer received: !ybtrue
2022-02-28 00:30:11,780 Command to send: c
o55
add
sorg.lz4_lz4-java-1.7.1.jar
e

2022-02-28 00:30:11,780 Answer received: !ybtrue
2022-02-28 00:30:11,781 Command to send: c
o55
add
sorg.xerial.snappy_snappy-java-1.1.8.4.jar
e

2022-02-28 00:30:11,781 Answer received: !ybtrue
2022-02-28 00:30:11,781 Command to send: c
o55
add
sorg.slf4j_slf4j-api-1.7.30.jar
e

2022-02-28 00:30:11,782 Answer received: !ybtrue
2022-02-28 00:30:11,782 Command to send: c
o55
add
sorg.apache.hadoop_hadoop-client-api-3.3.1.jar
e

2022-02-28 00:30:11,782 Answer received: !ybtrue
2022-02-28 00:30:11,783 Command to send: c
o55
add
sorg.apache.htrace_htrace-core4-4.1.0-incubating.jar
e

2022-02-28 00:30:11,783 Answer received: !ybtrue
2022-02-28 00:30:11,783 Command to send: c
o55
add
scommons-logging_commons-logging-1.1.3.jar
e

2022-02-28 00:30:11,783 Answer received: !ybtrue
2022-02-28 00:30:11,784 Command to send: c
o55
add
snet.snowflake_snowflake-ingest-sdk-0.10.3.jar
e

2022-02-28 00:30:11,784 Answer received: !ybtrue
2022-02-28 00:30:11,784 Command to send: c
o55
add
snet.snowflake_snowflake-jdbc-3.13.14.jar
e

2022-02-28 00:30:11,785 Answer received: !ybtrue
2022-02-28 00:30:11,786 Command to send: i
java.util.ArrayList
e

2022-02-28 00:30:11,786 Answer received: !ylo56
2022-02-28 00:30:11,787 Command to send: i
org.apache.spark.api.python.PythonFunction
jgAWVkQIAAAAAAACMH3B5c3BhcmsuY2xvdWRwaWNrbGUuY2xvdWRwaWNrbGWUjA1fYnVpbHRpbl90eXBllJOUjApMYW1iZGFUeXBllIWUUpQoaAKMCENvZGVUeXBllIWUUpQoSwFLAEsASwJLAktDQx5kAX0BfACgAKEAZAJrAnIWZAN9AW4EZAR9AXwBUwCUKE6MAJSMAUGUiIl0lIwFdXBwZXKUhZSMCGRlY2lzaW9ulIwHdmVyZGljdJSGlIxkL2hvbWUvc3VtYW4vUHljaGFybVByb2plY3RzL2RhdGFfbG9hZF9mcm9tX3Jhd190b19wcmVzZW50YXRpb24vZGF0YV9sb2FkX2Zyb21fcmF3X3RvX3ByZXNlbnRhdGlvbi5weZSMDmlzR29vZERlY2lzaW9ulEtIQwoAAQQBDAEGAgQBlCkpdJRSlH2UKIwLX19wYWNrYWdlX1+UTowIX19uYW1lX1+UjAhfX21haW5fX5SMCF9fZmlsZV9flGgSdU5OTnSUUpSMJHB5c3BhcmsuY2xvdWRwaWNrbGUuY2xvdWRwaWNrbGVfZmFzdJSMEl9mdW5jdGlvbl9zZXRzdGF0ZZSTlGgdfZR9lChoGWgTjAxfX3F1YWxuYW1lX1+UaBOMD19fYW5ub3RhdGlvbnNfX5R9lIwOX19rd2RlZmF1bHRzX1+UTowMX19kZWZhdWx0c19flE6MCl9fbW9kdWxlX1+UaBqMB19fZG9jX1+UTowLX19jbG9zdXJlX1+UTowXX2Nsb3VkcGlja2xlX3N1Ym1vZHVsZXOUXZSMC19fZ2xvYmFsc19flH2UdYaUhlIwjBFweXNwYXJrLnNxbC50eXBlc5SMClN0cmluZ1R5cGWUk5QpgZSGlC4=
ro54
ro55
spython3
s3.8
ro56
ro21
e

2022-02-28 00:30:11,798 Answer received: !yro57
2022-02-28 00:30:11,799 Command to send: c
o28
parseDataType
s"string"
e

2022-02-28 00:30:11,897 Answer received: !yro58
2022-02-28 00:30:11,897 Command to send: r
u
org
rj
e

2022-02-28 00:30:11,899 Answer received: !yp
2022-02-28 00:30:11,899 Command to send: r
u
org.apache
rj
e

2022-02-28 00:30:11,899 Answer received: !yp
2022-02-28 00:30:11,899 Command to send: r
u
org.apache.spark
rj
e

2022-02-28 00:30:11,900 Answer received: !yp
2022-02-28 00:30:11,900 Command to send: r
u
org.apache.spark.sql
rj
e

2022-02-28 00:30:11,901 Answer received: !yp
2022-02-28 00:30:11,901 Command to send: r
u
org.apache.spark.sql.execution
rj
e

2022-02-28 00:30:11,901 Answer received: !yp
2022-02-28 00:30:11,901 Command to send: r
u
org.apache.spark.sql.execution.python
rj
e

2022-02-28 00:30:11,902 Answer received: !yp
2022-02-28 00:30:11,902 Command to send: r
u
org.apache.spark.sql.execution.python.UserDefinedPythonFunction
rj
e

2022-02-28 00:30:11,915 Answer received: !ycorg.apache.spark.sql.execution.python.UserDefinedPythonFunction
2022-02-28 00:30:11,915 Command to send: i
org.apache.spark.sql.execution.python.UserDefinedPythonFunction
sisGoodDecision
ro57
ro58
i100
bTrue
e

2022-02-28 00:30:11,915 Answer received: !yro59
2022-02-28 00:30:11,916 Command to send: r
u
functions
rj
e

2022-02-28 00:30:11,921 Answer received: !ycorg.apache.spark.sql.functions
2022-02-28 00:30:11,921 Command to send: r
m
org.apache.spark.sql.functions
col
e

2022-02-28 00:30:11,925 Answer received: !ym
2022-02-28 00:30:11,925 Command to send: c
z:org.apache.spark.sql.functions
col
sDECISION
e

2022-02-28 00:30:11,952 Answer received: !yro60
2022-02-28 00:30:11,952 Command to send: r
u
PythonUtils
rj
e

2022-02-28 00:30:11,953 Answer received: !ycorg.apache.spark.api.python.PythonUtils
2022-02-28 00:30:11,954 Command to send: r
m
org.apache.spark.api.python.PythonUtils
toSeq
e

2022-02-28 00:30:11,954 Answer received: !ym
2022-02-28 00:30:11,954 Command to send: i
java.util.ArrayList
e

2022-02-28 00:30:11,955 Answer received: !ylo61
2022-02-28 00:30:11,955 Command to send: c
o61
add
ro60
e

2022-02-28 00:30:11,955 Answer received: !ybtrue
2022-02-28 00:30:11,956 Command to send: c
z:org.apache.spark.api.python.PythonUtils
toSeq
ro61
e

2022-02-28 00:30:11,956 Answer received: !yro62
2022-02-28 00:30:11,957 Command to send: c
o59
apply
ro62
e

2022-02-28 00:30:11,958 Answer received: !yro63
2022-02-28 00:30:11,959 Command to send: c
o47
withColumn
sisGoodDecision
ro63
e

2022-02-28 00:30:12,003 Answer received: !yro64
2022-02-28 00:30:12,003 Command to send: r
u
functions
rj
e

2022-02-28 00:30:12,004 Answer received: !ycorg.apache.spark.sql.functions
2022-02-28 00:30:12,005 Command to send: r
m
org.apache.spark.sql.functions
col
e

2022-02-28 00:30:12,005 Answer received: !ym
2022-02-28 00:30:12,005 Command to send: c
z:org.apache.spark.sql.functions
col
sUID
e

2022-02-28 00:30:12,006 Answer received: !yro65
2022-02-28 00:30:12,006 Command to send: r
u
functions
rj
e

2022-02-28 00:30:12,008 Answer received: !ycorg.apache.spark.sql.functions
2022-02-28 00:30:12,008 Command to send: r
m
org.apache.spark.sql.functions
col
e

2022-02-28 00:30:12,009 Answer received: !ym
2022-02-28 00:30:12,009 Command to send: c
z:org.apache.spark.sql.functions
col
sDECISION
e

2022-02-28 00:30:12,009 Answer received: !yro66
2022-02-28 00:30:12,009 Command to send: r
u
functions
rj
e

2022-02-28 00:30:12,011 Answer received: !ycorg.apache.spark.sql.functions
2022-02-28 00:30:12,011 Command to send: r
m
org.apache.spark.sql.functions
col
e

2022-02-28 00:30:12,011 Answer received: !ym
2022-02-28 00:30:12,012 Command to send: c
z:org.apache.spark.sql.functions
col
sisGoodDecision
e

2022-02-28 00:30:12,012 Answer received: !yro67
2022-02-28 00:30:12,012 Command to send: r
u
functions
rj
e

2022-02-28 00:30:12,014 Answer received: !ycorg.apache.spark.sql.functions
2022-02-28 00:30:12,014 Command to send: r
m
org.apache.spark.sql.functions
col
e

2022-02-28 00:30:12,015 Answer received: !ym
2022-02-28 00:30:12,015 Command to send: c
z:org.apache.spark.sql.functions
col
screate_ts
e

2022-02-28 00:30:12,015 Answer received: !yro68
2022-02-28 00:30:12,015 Command to send: r
u
PythonUtils
rj
e

2022-02-28 00:30:12,016 Answer received: !ycorg.apache.spark.api.python.PythonUtils
2022-02-28 00:30:12,017 Command to send: r
m
org.apache.spark.api.python.PythonUtils
toSeq
e

2022-02-28 00:30:12,017 Answer received: !ym
2022-02-28 00:30:12,017 Command to send: i
java.util.ArrayList
e

2022-02-28 00:30:12,017 Answer received: !ylo69
2022-02-28 00:30:12,017 Command to send: c
o69
add
ro65
e

2022-02-28 00:30:12,017 Answer received: !ybtrue
2022-02-28 00:30:12,018 Command to send: c
o69
add
ro66
e

2022-02-28 00:30:12,018 Answer received: !ybtrue
2022-02-28 00:30:12,018 Command to send: c
o69
add
ro67
e

2022-02-28 00:30:12,018 Answer received: !ybtrue
2022-02-28 00:30:12,018 Command to send: c
o69
add
ro68
e

2022-02-28 00:30:12,018 Answer received: !ybtrue
2022-02-28 00:30:12,018 Command to send: c
z:org.apache.spark.api.python.PythonUtils
toSeq
ro69
e

2022-02-28 00:30:12,019 Answer received: !yro70
2022-02-28 00:30:12,019 Command to send: c
o64
select
ro70
e

2022-02-28 00:30:12,032 Answer received: !yro71
2022-02-28 00:30:12,033 Command to send: c
o71
count
e

2022-02-28 00:30:12,251 Command to send: m
d
o0
e

2022-02-28 00:30:12,252 Answer received: !yv
2022-02-28 00:30:12,252 Command to send: m
d
o7
e

2022-02-28 00:30:12,252 Answer received: !yv
2022-02-28 00:30:12,252 Command to send: m
d
o8
e

2022-02-28 00:30:12,253 Answer received: !yv
2022-02-28 00:30:12,253 Command to send: m
d
o9
e

2022-02-28 00:30:12,253 Answer received: !yv
2022-02-28 00:30:12,253 Command to send: m
d
o10
e

2022-02-28 00:30:12,253 Answer received: !yv
2022-02-28 00:30:12,253 Command to send: m
d
o11
e

2022-02-28 00:30:12,253 Answer received: !yv
2022-02-28 00:30:12,253 Command to send: m
d
o12
e

2022-02-28 00:30:12,254 Answer received: !yv
2022-02-28 00:30:12,254 Command to send: m
d
o13
e

2022-02-28 00:30:12,254 Answer received: !yv
2022-02-28 00:30:12,254 Command to send: m
d
o14
e

2022-02-28 00:30:12,254 Answer received: !yv
2022-02-28 00:30:12,254 Command to send: m
d
o15
e

2022-02-28 00:30:12,254 Answer received: !yv
2022-02-28 00:30:12,255 Command to send: m
d
o16
e

2022-02-28 00:30:12,255 Answer received: !yv
2022-02-28 00:30:12,255 Command to send: m
d
o17
e

2022-02-28 00:30:12,255 Answer received: !yv
2022-02-28 00:30:12,255 Command to send: m
d
o19
e

2022-02-28 00:30:12,255 Answer received: !yv
2022-02-28 00:30:12,255 Command to send: m
d
o22
e

2022-02-28 00:30:12,256 Answer received: !yv
2022-02-28 00:30:12,256 Command to send: m
d
o23
e

2022-02-28 00:30:12,256 Answer received: !yv
2022-02-28 00:30:12,256 Command to send: m
d
o24
e

2022-02-28 00:30:12,256 Answer received: !yv
2022-02-28 00:30:12,256 Command to send: m
d
o25
e

2022-02-28 00:30:12,256 Answer received: !yv
2022-02-28 00:30:12,256 Command to send: m
d
o26
e

2022-02-28 00:30:12,256 Answer received: !yv
2022-02-28 00:30:12,256 Command to send: m
d
o27
e

2022-02-28 00:30:12,257 Answer received: !yv
2022-02-28 00:30:12,257 Command to send: m
d
o30
e

2022-02-28 00:30:12,257 Answer received: !yv
2022-02-28 00:30:12,257 Command to send: m
d
o31
e

2022-02-28 00:30:12,257 Answer received: !yv
2022-02-28 00:30:12,257 Command to send: m
d
o32
e

2022-02-28 00:30:12,257 Answer received: !yv
2022-02-28 00:30:12,257 Command to send: m
d
o33
e

2022-02-28 00:30:12,257 Answer received: !yv
2022-02-28 00:30:12,257 Command to send: m
d
o34
e

2022-02-28 00:30:12,257 Answer received: !yv
2022-02-28 00:30:12,257 Command to send: m
d
o35
e

2022-02-28 00:30:12,258 Answer received: !yv
2022-02-28 00:30:12,258 Command to send: m
d
o36
e

2022-02-28 00:30:12,258 Answer received: !yv
2022-02-28 00:30:12,258 Command to send: m
d
o37
e

2022-02-28 00:30:12,258 Answer received: !yv
2022-02-28 00:30:12,258 Command to send: m
d
o38
e

2022-02-28 00:30:12,258 Answer received: !yv
2022-02-28 00:30:12,258 Command to send: m
d
o39
e

2022-02-28 00:30:12,258 Answer received: !yv
2022-02-28 00:30:12,258 Command to send: m
d
o40
e

2022-02-28 00:30:12,258 Answer received: !yv
2022-02-28 00:30:12,258 Command to send: m
d
o41
e

2022-02-28 00:30:12,259 Answer received: !yv
2022-02-28 00:30:12,259 Command to send: m
d
o42
e

2022-02-28 00:30:12,259 Answer received: !yv
2022-02-28 00:30:12,259 Command to send: m
d
o43
e

2022-02-28 00:30:12,259 Answer received: !yv
2022-02-28 00:30:12,260 Command to send: m
d
o44
e

2022-02-28 00:30:12,260 Answer received: !yv
2022-02-28 00:30:12,260 Command to send: m
d
o45
e

2022-02-28 00:30:12,260 Answer received: !yv
2022-02-28 00:30:12,260 Command to send: m
d
o46
e

2022-02-28 00:30:12,260 Answer received: !yv
2022-02-28 00:30:12,260 Command to send: m
d
o54
e

2022-02-28 00:30:12,261 Answer received: !yv
2022-02-28 00:30:12,261 Command to send: m
d
o55
e

2022-02-28 00:30:12,261 Answer received: !yv
2022-02-28 00:30:12,261 Command to send: m
d
o56
e

2022-02-28 00:30:12,261 Answer received: !yv
2022-02-28 00:30:12,261 Command to send: m
d
o61
e

2022-02-28 00:30:12,261 Answer received: !yv
2022-02-28 00:30:12,261 Command to send: m
d
o69
e

2022-02-28 00:30:12,261 Answer received: !yv
2022-02-28 00:30:13,524 Answer received: !yL97
2022-02-28 00:30:13,524 writing data to snowflake, 97 records inserted to resentation table
2022-02-28 00:30:13,524 Command to send: c
o71
write
e

2022-02-28 00:30:13,532 Answer received: !yro72
2022-02-28 00:30:13,533 Command to send: c
o72
format
ssnowflake
e

2022-02-28 00:30:13,536 Answer received: !yro73
2022-02-28 00:30:13,536 Command to send: c
o73
option
ssfURL
szu02863.ap-south-1.aws.snowflakecomputing.com
e

2022-02-28 00:30:13,537 Answer received: !yro74
2022-02-28 00:30:13,537 Command to send: c
o74
option
ssfAccount
szu02863.ap-south-1.aws
e

2022-02-28 00:30:13,537 Answer received: !yro75
2022-02-28 00:30:13,538 Command to send: c
o75
option
ssfUser
scoolkeonjhar
e

2022-02-28 00:30:13,538 Answer received: !yro76
2022-02-28 00:30:13,538 Command to send: c
o76
option
ssfPassword
sAmrita@123
e

2022-02-28 00:30:13,539 Answer received: !yro77
2022-02-28 00:30:13,539 Command to send: c
o77
option
ssfDatabase
sNIMBUS_MAPS
e

2022-02-28 00:30:13,540 Answer received: !yro78
2022-02-28 00:30:13,540 Command to send: c
o78
option
ssfSchema
sPRESENTATION
e

2022-02-28 00:30:13,540 Answer received: !yro79
2022-02-28 00:30:13,541 Command to send: c
o79
option
ssfWarehouse
sSNOW_LARGE_VWH
e

2022-02-28 00:30:13,541 Answer received: !yro80
2022-02-28 00:30:13,542 Command to send: c
o80
option
ssfRole
sACCOUNTADMIN
e

2022-02-28 00:30:13,542 Answer received: !yro81
2022-02-28 00:30:13,543 Command to send: c
o81
option
sdbtable
sNIMBUS_MAPS.PRESENTATION.DECISION_DATA_PRES
e

2022-02-28 00:30:13,543 Answer received: !yro82
2022-02-28 00:30:13,543 Command to send: c
o82
mode
sappend
e

2022-02-28 00:30:13,544 Answer received: !yro83
2022-02-28 00:30:13,544 Command to send: c
o83
option
sheader
strue
e

2022-02-28 00:30:13,545 Answer received: !yro84
2022-02-28 00:30:13,545 Command to send: c
o84
save
e

2022-02-28 00:30:22,975 Answer received: !yv
2022-02-28 00:30:22,975 Data processed successfully Exiting
2022-02-28 00:30:22,975 Command to send: c
o18
stop
e

2022-02-28 00:30:23,047 Answer received: !yv
