2022-02-28 00:44:08,777 spark session started 
2022-02-28 00:44:13,615 GatewayClient.address is deprecated and will be removed in version 1.0. Use GatewayParameters instead.
2022-02-28 00:44:13,616 Command to send: A
0d551d1fad63c7af32e27952a1c5d404e449900a46da365274a434afcbadeb83

2022-02-28 00:44:13,637 Answer received: !yv
2022-02-28 00:44:13,637 Command to send: j
i
rj
org.apache.spark.SparkConf
e

2022-02-28 00:44:13,639 Answer received: !yv
2022-02-28 00:44:13,639 Command to send: j
i
rj
org.apache.spark.api.java.*
e

2022-02-28 00:44:13,640 Answer received: !yv
2022-02-28 00:44:13,640 Command to send: j
i
rj
org.apache.spark.api.python.*
e

2022-02-28 00:44:13,640 Answer received: !yv
2022-02-28 00:44:13,640 Command to send: j
i
rj
org.apache.spark.ml.python.*
e

2022-02-28 00:44:13,640 Answer received: !yv
2022-02-28 00:44:13,641 Command to send: j
i
rj
org.apache.spark.mllib.api.python.*
e

2022-02-28 00:44:13,641 Answer received: !yv
2022-02-28 00:44:13,641 Command to send: j
i
rj
org.apache.spark.resource.*
e

2022-02-28 00:44:13,641 Answer received: !yv
2022-02-28 00:44:13,641 Command to send: j
i
rj
org.apache.spark.sql.*
e

2022-02-28 00:44:13,641 Answer received: !yv
2022-02-28 00:44:13,641 Command to send: j
i
rj
org.apache.spark.sql.api.python.*
e

2022-02-28 00:44:13,642 Answer received: !yv
2022-02-28 00:44:13,642 Command to send: j
i
rj
org.apache.spark.sql.hive.*
e

2022-02-28 00:44:13,642 Answer received: !yv
2022-02-28 00:44:13,642 Command to send: j
i
rj
scala.Tuple2
e

2022-02-28 00:44:13,642 Answer received: !yv
2022-02-28 00:44:13,642 Command to send: r
u
SparkConf
rj
e

2022-02-28 00:44:13,667 Answer received: !ycorg.apache.spark.SparkConf
2022-02-28 00:44:13,667 Command to send: i
org.apache.spark.SparkConf
bTrue
e

2022-02-28 00:44:13,673 Answer received: !yro0
2022-02-28 00:44:13,673 Command to send: c
o0
set
sspark.master
slocal
e

2022-02-28 00:44:13,678 Answer received: !yro1
2022-02-28 00:44:13,679 Command to send: c
o0
set
sspark.app.name
swiki-changes-event-consumer
e

2022-02-28 00:44:13,679 Answer received: !yro2
2022-02-28 00:44:13,679 Command to send: c
o0
set
sspark.jars.packages
sorg.apache.spark:spark-sql-kafka-0-10_2.12:3.2.1,net.snowflake:spark-snowflake_2.12:2.10.0-spark_3.2
e

2022-02-28 00:44:13,680 Answer received: !yro3
2022-02-28 00:44:13,680 Command to send: c
o0
contains
sspark.serializer.objectStreamReset
e

2022-02-28 00:44:13,681 Answer received: !ybfalse
2022-02-28 00:44:13,681 Command to send: c
o0
set
sspark.serializer.objectStreamReset
s100
e

2022-02-28 00:44:13,681 Answer received: !yro4
2022-02-28 00:44:13,681 Command to send: c
o0
contains
sspark.rdd.compress
e

2022-02-28 00:44:13,681 Answer received: !ybfalse
2022-02-28 00:44:13,682 Command to send: c
o0
set
sspark.rdd.compress
sTrue
e

2022-02-28 00:44:13,682 Answer received: !yro5
2022-02-28 00:44:13,682 Command to send: c
o0
contains
sspark.master
e

2022-02-28 00:44:13,683 Answer received: !ybtrue
2022-02-28 00:44:13,683 Command to send: c
o0
contains
sspark.app.name
e

2022-02-28 00:44:13,683 Answer received: !ybtrue
2022-02-28 00:44:13,683 Command to send: c
o0
contains
sspark.master
e

2022-02-28 00:44:13,683 Answer received: !ybtrue
2022-02-28 00:44:13,684 Command to send: c
o0
get
sspark.master
e

2022-02-28 00:44:13,685 Answer received: !yslocal
2022-02-28 00:44:13,685 Command to send: c
o0
contains
sspark.app.name
e

2022-02-28 00:44:13,685 Answer received: !ybtrue
2022-02-28 00:44:13,685 Command to send: c
o0
get
sspark.app.name
e

2022-02-28 00:44:13,685 Answer received: !yswiki-changes-event-consumer
2022-02-28 00:44:13,686 Command to send: c
o0
contains
sspark.home
e

2022-02-28 00:44:13,686 Answer received: !ybfalse
2022-02-28 00:44:13,686 Command to send: c
o0
getAll
e

2022-02-28 00:44:13,687 Answer received: !yto6
2022-02-28 00:44:13,687 Command to send: a
e
o6
e

2022-02-28 00:44:13,687 Answer received: !yi11
2022-02-28 00:44:13,687 Command to send: a
g
o6
i0
e

2022-02-28 00:44:13,688 Answer received: !yro7
2022-02-28 00:44:13,688 Command to send: c
o7
_1
e

2022-02-28 00:44:13,689 Answer received: !ysspark.master
2022-02-28 00:44:13,689 Command to send: c
o7
_2
e

2022-02-28 00:44:13,689 Answer received: !yslocal
2022-02-28 00:44:13,690 Command to send: a
e
o6
e

2022-02-28 00:44:13,690 Answer received: !yi11
2022-02-28 00:44:13,690 Command to send: a
g
o6
i1
e

2022-02-28 00:44:13,690 Answer received: !yro8
2022-02-28 00:44:13,691 Command to send: c
o8
_1
e

2022-02-28 00:44:13,691 Answer received: !ysspark.app.name
2022-02-28 00:44:13,691 Command to send: c
o8
_2
e

2022-02-28 00:44:13,692 Answer received: !yswiki-changes-event-consumer
2022-02-28 00:44:13,692 Command to send: a
e
o6
e

2022-02-28 00:44:13,692 Answer received: !yi11
2022-02-28 00:44:13,692 Command to send: a
g
o6
i2
e

2022-02-28 00:44:13,692 Answer received: !yro9
2022-02-28 00:44:13,693 Command to send: c
o9
_1
e

2022-02-28 00:44:13,693 Answer received: !ysspark.rdd.compress
2022-02-28 00:44:13,693 Command to send: c
o9
_2
e

2022-02-28 00:44:13,694 Answer received: !ysTrue
2022-02-28 00:44:13,694 Command to send: a
e
o6
e

2022-02-28 00:44:13,694 Answer received: !yi11
2022-02-28 00:44:13,694 Command to send: a
g
o6
i3
e

2022-02-28 00:44:13,694 Answer received: !yro10
2022-02-28 00:44:13,695 Command to send: c
o10
_1
e

2022-02-28 00:44:13,695 Answer received: !ysspark.jars
2022-02-28 00:44:13,695 Command to send: c
o10
_2
e

2022-02-28 00:44:13,695 Answer received: !ysfile:///home/suman/.ivy2/jars/org.apache.spark_spark-sql-kafka-0-10_2.12-3.2.1.jar,file:///home/suman/.ivy2/jars/net.snowflake_spark-snowflake_2.12-2.10.0-spark_3.2.jar,file:///home/suman/.ivy2/jars/org.apache.spark_spark-token-provider-kafka-0-10_2.12-3.2.1.jar,file:///home/suman/.ivy2/jars/org.apache.kafka_kafka-clients-2.8.0.jar,file:///home/suman/.ivy2/jars/com.google.code.findbugs_jsr305-3.0.0.jar,file:///home/suman/.ivy2/jars/org.apache.commons_commons-pool2-2.6.2.jar,file:///home/suman/.ivy2/jars/org.spark-project.spark_unused-1.0.0.jar,file:///home/suman/.ivy2/jars/org.apache.hadoop_hadoop-client-runtime-3.3.1.jar,file:///home/suman/.ivy2/jars/org.lz4_lz4-java-1.7.1.jar,file:///home/suman/.ivy2/jars/org.xerial.snappy_snappy-java-1.1.8.4.jar,file:///home/suman/.ivy2/jars/org.slf4j_slf4j-api-1.7.30.jar,file:///home/suman/.ivy2/jars/org.apache.hadoop_hadoop-client-api-3.3.1.jar,file:///home/suman/.ivy2/jars/org.apache.htrace_htrace-core4-4.1.0-incubating.jar,file:///home/suman/.ivy2/jars/commons-logging_commons-logging-1.1.3.jar,file:///home/suman/.ivy2/jars/net.snowflake_snowflake-ingest-sdk-0.10.3.jar,file:///home/suman/.ivy2/jars/net.snowflake_snowflake-jdbc-3.13.14.jar
2022-02-28 00:44:13,695 Command to send: a
e
o6
e

2022-02-28 00:44:13,696 Answer received: !yi11
2022-02-28 00:44:13,696 Command to send: a
g
o6
i4
e

2022-02-28 00:44:13,696 Answer received: !yro11
2022-02-28 00:44:13,696 Command to send: c
o11
_1
e

2022-02-28 00:44:13,696 Answer received: !ysspark.files
2022-02-28 00:44:13,697 Command to send: c
o11
_2
e

2022-02-28 00:44:13,697 Answer received: !ysfile:///home/suman/.ivy2/jars/org.apache.spark_spark-sql-kafka-0-10_2.12-3.2.1.jar,file:///home/suman/.ivy2/jars/net.snowflake_spark-snowflake_2.12-2.10.0-spark_3.2.jar,file:///home/suman/.ivy2/jars/org.apache.spark_spark-token-provider-kafka-0-10_2.12-3.2.1.jar,file:///home/suman/.ivy2/jars/org.apache.kafka_kafka-clients-2.8.0.jar,file:///home/suman/.ivy2/jars/com.google.code.findbugs_jsr305-3.0.0.jar,file:///home/suman/.ivy2/jars/org.apache.commons_commons-pool2-2.6.2.jar,file:///home/suman/.ivy2/jars/org.spark-project.spark_unused-1.0.0.jar,file:///home/suman/.ivy2/jars/org.apache.hadoop_hadoop-client-runtime-3.3.1.jar,file:///home/suman/.ivy2/jars/org.lz4_lz4-java-1.7.1.jar,file:///home/suman/.ivy2/jars/org.xerial.snappy_snappy-java-1.1.8.4.jar,file:///home/suman/.ivy2/jars/org.slf4j_slf4j-api-1.7.30.jar,file:///home/suman/.ivy2/jars/org.apache.hadoop_hadoop-client-api-3.3.1.jar,file:///home/suman/.ivy2/jars/org.apache.htrace_htrace-core4-4.1.0-incubating.jar,file:///home/suman/.ivy2/jars/commons-logging_commons-logging-1.1.3.jar,file:///home/suman/.ivy2/jars/net.snowflake_snowflake-ingest-sdk-0.10.3.jar,file:///home/suman/.ivy2/jars/net.snowflake_snowflake-jdbc-3.13.14.jar
2022-02-28 00:44:13,697 Command to send: a
e
o6
e

2022-02-28 00:44:13,698 Answer received: !yi11
2022-02-28 00:44:13,698 Command to send: a
g
o6
i5
e

2022-02-28 00:44:13,698 Answer received: !yro12
2022-02-28 00:44:13,698 Command to send: c
o12
_1
e

2022-02-28 00:44:13,699 Answer received: !ysspark.serializer.objectStreamReset
2022-02-28 00:44:13,699 Command to send: c
o12
_2
e

2022-02-28 00:44:13,699 Answer received: !ys100
2022-02-28 00:44:13,699 Command to send: a
e
o6
e

2022-02-28 00:44:13,700 Answer received: !yi11
2022-02-28 00:44:13,700 Command to send: a
g
o6
i6
e

2022-02-28 00:44:13,700 Answer received: !yro13
2022-02-28 00:44:13,700 Command to send: c
o13
_1
e

2022-02-28 00:44:13,701 Answer received: !ysspark.submit.pyFiles
2022-02-28 00:44:13,701 Command to send: c
o13
_2
e

2022-02-28 00:44:13,701 Answer received: !ys/home/suman/.ivy2/jars/org.apache.spark_spark-sql-kafka-0-10_2.12-3.2.1.jar,/home/suman/.ivy2/jars/net.snowflake_spark-snowflake_2.12-2.10.0-spark_3.2.jar,/home/suman/.ivy2/jars/org.apache.spark_spark-token-provider-kafka-0-10_2.12-3.2.1.jar,/home/suman/.ivy2/jars/org.apache.kafka_kafka-clients-2.8.0.jar,/home/suman/.ivy2/jars/com.google.code.findbugs_jsr305-3.0.0.jar,/home/suman/.ivy2/jars/org.apache.commons_commons-pool2-2.6.2.jar,/home/suman/.ivy2/jars/org.spark-project.spark_unused-1.0.0.jar,/home/suman/.ivy2/jars/org.apache.hadoop_hadoop-client-runtime-3.3.1.jar,/home/suman/.ivy2/jars/org.lz4_lz4-java-1.7.1.jar,/home/suman/.ivy2/jars/org.xerial.snappy_snappy-java-1.1.8.4.jar,/home/suman/.ivy2/jars/org.slf4j_slf4j-api-1.7.30.jar,/home/suman/.ivy2/jars/org.apache.hadoop_hadoop-client-api-3.3.1.jar,/home/suman/.ivy2/jars/org.apache.htrace_htrace-core4-4.1.0-incubating.jar,/home/suman/.ivy2/jars/commons-logging_commons-logging-1.1.3.jar,/home/suman/.ivy2/jars/net.snowflake_snowflake-ingest-sdk-0.10.3.jar,/home/suman/.ivy2/jars/net.snowflake_snowflake-jdbc-3.13.14.jar
2022-02-28 00:44:13,702 Command to send: a
e
o6
e

2022-02-28 00:44:13,702 Answer received: !yi11
2022-02-28 00:44:13,702 Command to send: a
g
o6
i7
e

2022-02-28 00:44:13,702 Answer received: !yro14
2022-02-28 00:44:13,702 Command to send: c
o14
_1
e

2022-02-28 00:44:13,703 Answer received: !ysspark.repl.local.jars
2022-02-28 00:44:13,703 Command to send: c
o14
_2
e

2022-02-28 00:44:13,703 Answer received: !ysfile:///home/suman/.ivy2/jars/org.apache.spark_spark-sql-kafka-0-10_2.12-3.2.1.jar,file:///home/suman/.ivy2/jars/net.snowflake_spark-snowflake_2.12-2.10.0-spark_3.2.jar,file:///home/suman/.ivy2/jars/org.apache.spark_spark-token-provider-kafka-0-10_2.12-3.2.1.jar,file:///home/suman/.ivy2/jars/org.apache.kafka_kafka-clients-2.8.0.jar,file:///home/suman/.ivy2/jars/com.google.code.findbugs_jsr305-3.0.0.jar,file:///home/suman/.ivy2/jars/org.apache.commons_commons-pool2-2.6.2.jar,file:///home/suman/.ivy2/jars/org.spark-project.spark_unused-1.0.0.jar,file:///home/suman/.ivy2/jars/org.apache.hadoop_hadoop-client-runtime-3.3.1.jar,file:///home/suman/.ivy2/jars/org.lz4_lz4-java-1.7.1.jar,file:///home/suman/.ivy2/jars/org.xerial.snappy_snappy-java-1.1.8.4.jar,file:///home/suman/.ivy2/jars/org.slf4j_slf4j-api-1.7.30.jar,file:///home/suman/.ivy2/jars/org.apache.hadoop_hadoop-client-api-3.3.1.jar,file:///home/suman/.ivy2/jars/org.apache.htrace_htrace-core4-4.1.0-incubating.jar,file:///home/suman/.ivy2/jars/commons-logging_commons-logging-1.1.3.jar,file:///home/suman/.ivy2/jars/net.snowflake_snowflake-ingest-sdk-0.10.3.jar,file:///home/suman/.ivy2/jars/net.snowflake_snowflake-jdbc-3.13.14.jar
2022-02-28 00:44:13,703 Command to send: a
e
o6
e

2022-02-28 00:44:13,704 Answer received: !yi11
2022-02-28 00:44:13,704 Command to send: a
g
o6
i8
e

2022-02-28 00:44:13,704 Answer received: !yro15
2022-02-28 00:44:13,704 Command to send: c
o15
_1
e

2022-02-28 00:44:13,705 Answer received: !ysspark.submit.deployMode
2022-02-28 00:44:13,705 Command to send: c
o15
_2
e

2022-02-28 00:44:13,705 Answer received: !ysclient
2022-02-28 00:44:13,705 Command to send: a
e
o6
e

2022-02-28 00:44:13,705 Answer received: !yi11
2022-02-28 00:44:13,706 Command to send: a
g
o6
i9
e

2022-02-28 00:44:13,706 Answer received: !yro16
2022-02-28 00:44:13,706 Command to send: c
o16
_1
e

2022-02-28 00:44:13,706 Answer received: !ysspark.jars.packages
2022-02-28 00:44:13,706 Command to send: c
o16
_2
e

2022-02-28 00:44:13,707 Answer received: !ysorg.apache.spark:spark-sql-kafka-0-10_2.12:3.2.1,net.snowflake:spark-snowflake_2.12:2.10.0-spark_3.2
2022-02-28 00:44:13,707 Command to send: a
e
o6
e

2022-02-28 00:44:13,707 Answer received: !yi11
2022-02-28 00:44:13,707 Command to send: a
g
o6
i10
e

2022-02-28 00:44:13,707 Answer received: !yro17
2022-02-28 00:44:13,707 Command to send: c
o17
_1
e

2022-02-28 00:44:13,708 Answer received: !ysspark.ui.showConsoleProgress
2022-02-28 00:44:13,708 Command to send: c
o17
_2
e

2022-02-28 00:44:13,708 Answer received: !ystrue
2022-02-28 00:44:13,708 Command to send: a
e
o6
e

2022-02-28 00:44:13,709 Answer received: !yi11
2022-02-28 00:44:13,709 Command to send: r
u
JavaSparkContext
rj
e

2022-02-28 00:44:13,724 Answer received: !ycorg.apache.spark.api.java.JavaSparkContext
2022-02-28 00:44:13,724 Command to send: i
org.apache.spark.api.java.JavaSparkContext
ro0
e

2022-02-28 00:44:14,616 Command to send: A
0d551d1fad63c7af32e27952a1c5d404e449900a46da365274a434afcbadeb83

2022-02-28 00:44:14,622 Answer received: !yv
2022-02-28 00:44:14,622 Command to send: m
d
o1
e

2022-02-28 00:44:14,623 Answer received: !yv
2022-02-28 00:44:14,623 Command to send: m
d
o2
e

2022-02-28 00:44:14,627 Answer received: !yv
2022-02-28 00:44:14,627 Command to send: m
d
o3
e

2022-02-28 00:44:14,628 Answer received: !yv
2022-02-28 00:44:14,628 Command to send: m
d
o4
e

2022-02-28 00:44:14,628 Answer received: !yv
2022-02-28 00:44:14,629 Command to send: m
d
o5
e

2022-02-28 00:44:14,632 Answer received: !yv
2022-02-28 00:44:14,632 Command to send: m
d
o6
e

2022-02-28 00:44:14,636 Answer received: !yv
2022-02-28 00:44:18,913 Answer received: !yro18
2022-02-28 00:44:18,913 Command to send: c
o18
sc
e

2022-02-28 00:44:18,917 Answer received: !yro19
2022-02-28 00:44:18,918 Command to send: c
o19
conf
e

2022-02-28 00:44:18,941 Answer received: !yro20
2022-02-28 00:44:18,942 Command to send: r
u
PythonAccumulatorV2
rj
e

2022-02-28 00:44:18,945 Answer received: !ycorg.apache.spark.api.python.PythonAccumulatorV2
2022-02-28 00:44:18,946 Command to send: i
org.apache.spark.api.python.PythonAccumulatorV2
s127.0.0.1
i36103
s0d551d1fad63c7af32e27952a1c5d404e449900a46da365274a434afcbadeb83
e

2022-02-28 00:44:18,947 Answer received: !yro21
2022-02-28 00:44:18,947 Command to send: c
o18
sc
e

2022-02-28 00:44:18,947 Answer received: !yro22
2022-02-28 00:44:18,948 Command to send: c
o22
register
ro21
e

2022-02-28 00:44:18,951 Answer received: !yv
2022-02-28 00:44:18,952 Command to send: r
u
PythonUtils
rj
e

2022-02-28 00:44:18,953 Answer received: !ycorg.apache.spark.api.python.PythonUtils
2022-02-28 00:44:18,953 Command to send: r
m
org.apache.spark.api.python.PythonUtils
isEncryptionEnabled
e

2022-02-28 00:44:18,954 Answer received: !ym
2022-02-28 00:44:18,954 Command to send: c
z:org.apache.spark.api.python.PythonUtils
isEncryptionEnabled
ro18
e

2022-02-28 00:44:18,956 Answer received: !ybfalse
2022-02-28 00:44:18,957 Command to send: r
u
PythonUtils
rj
e

2022-02-28 00:44:18,958 Answer received: !ycorg.apache.spark.api.python.PythonUtils
2022-02-28 00:44:18,958 Command to send: r
m
org.apache.spark.api.python.PythonUtils
getPythonAuthSocketTimeout
e

2022-02-28 00:44:18,958 Answer received: !ym
2022-02-28 00:44:18,958 Command to send: c
z:org.apache.spark.api.python.PythonUtils
getPythonAuthSocketTimeout
ro18
e

2022-02-28 00:44:18,959 Answer received: !yL15
2022-02-28 00:44:18,959 Command to send: r
u
PythonUtils
rj
e

2022-02-28 00:44:18,960 Answer received: !ycorg.apache.spark.api.python.PythonUtils
2022-02-28 00:44:18,960 Command to send: r
m
org.apache.spark.api.python.PythonUtils
getSparkBufferSize
e

2022-02-28 00:44:18,961 Answer received: !ym
2022-02-28 00:44:18,961 Command to send: c
z:org.apache.spark.api.python.PythonUtils
getSparkBufferSize
ro18
e

2022-02-28 00:44:18,962 Answer received: !yi65536
2022-02-28 00:44:18,962 Command to send: r
u
org
rj
e

2022-02-28 00:44:18,966 Answer received: !yp
2022-02-28 00:44:18,966 Command to send: r
u
org.apache
rj
e

2022-02-28 00:44:18,966 Answer received: !yp
2022-02-28 00:44:18,967 Command to send: r
u
org.apache.spark
rj
e

2022-02-28 00:44:18,967 Answer received: !yp
2022-02-28 00:44:18,968 Command to send: r
u
org.apache.spark.SparkFiles
rj
e

2022-02-28 00:44:18,969 Answer received: !ycorg.apache.spark.SparkFiles
2022-02-28 00:44:18,969 Command to send: r
m
org.apache.spark.SparkFiles
getRootDirectory
e

2022-02-28 00:44:18,969 Answer received: !ym
2022-02-28 00:44:18,970 Command to send: c
z:org.apache.spark.SparkFiles
getRootDirectory
e

2022-02-28 00:44:18,970 Answer received: !ys/tmp/spark-0ff72ae5-6046-41c6-81bc-9ee33d44c936/userFiles-7cabe835-a138-487f-aa44-3b46bcc0e852
2022-02-28 00:44:18,971 Command to send: c
o20
get
sspark.submit.pyFiles
s
e

2022-02-28 00:44:18,972 Answer received: !ys/home/suman/.ivy2/jars/org.apache.spark_spark-sql-kafka-0-10_2.12-3.2.1.jar,/home/suman/.ivy2/jars/net.snowflake_spark-snowflake_2.12-2.10.0-spark_3.2.jar,/home/suman/.ivy2/jars/org.apache.spark_spark-token-provider-kafka-0-10_2.12-3.2.1.jar,/home/suman/.ivy2/jars/org.apache.kafka_kafka-clients-2.8.0.jar,/home/suman/.ivy2/jars/com.google.code.findbugs_jsr305-3.0.0.jar,/home/suman/.ivy2/jars/org.apache.commons_commons-pool2-2.6.2.jar,/home/suman/.ivy2/jars/org.spark-project.spark_unused-1.0.0.jar,/home/suman/.ivy2/jars/org.apache.hadoop_hadoop-client-runtime-3.3.1.jar,/home/suman/.ivy2/jars/org.lz4_lz4-java-1.7.1.jar,/home/suman/.ivy2/jars/org.xerial.snappy_snappy-java-1.1.8.4.jar,/home/suman/.ivy2/jars/org.slf4j_slf4j-api-1.7.30.jar,/home/suman/.ivy2/jars/org.apache.hadoop_hadoop-client-api-3.3.1.jar,/home/suman/.ivy2/jars/org.apache.htrace_htrace-core4-4.1.0-incubating.jar,/home/suman/.ivy2/jars/commons-logging_commons-logging-1.1.3.jar,/home/suman/.ivy2/jars/net.snowflake_snowflake-ingest-sdk-0.10.3.jar,/home/suman/.ivy2/jars/net.snowflake_snowflake-jdbc-3.13.14.jar
2022-02-28 00:44:18,972 Command to send: r
u
org
rj
e

2022-02-28 00:44:18,975 Answer received: !yp
2022-02-28 00:44:18,975 Command to send: r
u
org.apache
rj
e

2022-02-28 00:44:18,976 Answer received: !yp
2022-02-28 00:44:18,976 Command to send: r
u
org.apache.spark
rj
e

2022-02-28 00:44:18,977 Answer received: !yp
2022-02-28 00:44:18,977 Command to send: r
u
org.apache.spark.SparkFiles
rj
e

2022-02-28 00:44:18,977 Answer received: !ycorg.apache.spark.SparkFiles
2022-02-28 00:44:18,977 Command to send: r
m
org.apache.spark.SparkFiles
getRootDirectory
e

2022-02-28 00:44:18,978 Answer received: !ym
2022-02-28 00:44:18,978 Command to send: c
z:org.apache.spark.SparkFiles
getRootDirectory
e

2022-02-28 00:44:18,978 Answer received: !ys/tmp/spark-0ff72ae5-6046-41c6-81bc-9ee33d44c936/userFiles-7cabe835-a138-487f-aa44-3b46bcc0e852
2022-02-28 00:44:18,978 Command to send: r
u
org
rj
e

2022-02-28 00:44:18,981 Answer received: !yp
2022-02-28 00:44:18,981 Command to send: r
u
org.apache
rj
e

2022-02-28 00:44:18,982 Answer received: !yp
2022-02-28 00:44:18,982 Command to send: r
u
org.apache.spark
rj
e

2022-02-28 00:44:18,983 Answer received: !yp
2022-02-28 00:44:18,983 Command to send: r
u
org.apache.spark.SparkFiles
rj
e

2022-02-28 00:44:18,983 Answer received: !ycorg.apache.spark.SparkFiles
2022-02-28 00:44:18,984 Command to send: r
m
org.apache.spark.SparkFiles
getRootDirectory
e

2022-02-28 00:44:18,984 Answer received: !ym
2022-02-28 00:44:18,984 Command to send: c
z:org.apache.spark.SparkFiles
getRootDirectory
e

2022-02-28 00:44:18,985 Answer received: !ys/tmp/spark-0ff72ae5-6046-41c6-81bc-9ee33d44c936/userFiles-7cabe835-a138-487f-aa44-3b46bcc0e852
2022-02-28 00:44:18,985 Command to send: r
u
org
rj
e

2022-02-28 00:44:18,988 Answer received: !yp
2022-02-28 00:44:18,988 Command to send: r
u
org.apache
rj
e

2022-02-28 00:44:18,989 Answer received: !yp
2022-02-28 00:44:18,989 Command to send: r
u
org.apache.spark
rj
e

2022-02-28 00:44:18,990 Answer received: !yp
2022-02-28 00:44:18,991 Command to send: r
u
org.apache.spark.SparkFiles
rj
e

2022-02-28 00:44:18,991 Answer received: !ycorg.apache.spark.SparkFiles
2022-02-28 00:44:18,991 Command to send: r
m
org.apache.spark.SparkFiles
getRootDirectory
e

2022-02-28 00:44:18,992 Answer received: !ym
2022-02-28 00:44:18,992 Command to send: c
z:org.apache.spark.SparkFiles
getRootDirectory
e

2022-02-28 00:44:18,992 Answer received: !ys/tmp/spark-0ff72ae5-6046-41c6-81bc-9ee33d44c936/userFiles-7cabe835-a138-487f-aa44-3b46bcc0e852
2022-02-28 00:44:18,993 Command to send: r
u
org
rj
e

2022-02-28 00:44:18,996 Answer received: !yp
2022-02-28 00:44:18,996 Command to send: r
u
org.apache
rj
e

2022-02-28 00:44:18,997 Answer received: !yp
2022-02-28 00:44:18,997 Command to send: r
u
org.apache.spark
rj
e

2022-02-28 00:44:18,998 Answer received: !yp
2022-02-28 00:44:18,999 Command to send: r
u
org.apache.spark.SparkFiles
rj
e

2022-02-28 00:44:18,999 Answer received: !ycorg.apache.spark.SparkFiles
2022-02-28 00:44:18,999 Command to send: r
m
org.apache.spark.SparkFiles
getRootDirectory
e

2022-02-28 00:44:19,000 Answer received: !ym
2022-02-28 00:44:19,000 Command to send: c
z:org.apache.spark.SparkFiles
getRootDirectory
e

2022-02-28 00:44:19,000 Answer received: !ys/tmp/spark-0ff72ae5-6046-41c6-81bc-9ee33d44c936/userFiles-7cabe835-a138-487f-aa44-3b46bcc0e852
2022-02-28 00:44:19,001 Command to send: r
u
org
rj
e

2022-02-28 00:44:19,004 Answer received: !yp
2022-02-28 00:44:19,005 Command to send: r
u
org.apache
rj
e

2022-02-28 00:44:19,005 Answer received: !yp
2022-02-28 00:44:19,006 Command to send: r
u
org.apache.spark
rj
e

2022-02-28 00:44:19,007 Answer received: !yp
2022-02-28 00:44:19,007 Command to send: r
u
org.apache.spark.SparkFiles
rj
e

2022-02-28 00:44:19,008 Answer received: !ycorg.apache.spark.SparkFiles
2022-02-28 00:44:19,008 Command to send: r
m
org.apache.spark.SparkFiles
getRootDirectory
e

2022-02-28 00:44:19,008 Answer received: !ym
2022-02-28 00:44:19,008 Command to send: c
z:org.apache.spark.SparkFiles
getRootDirectory
e

2022-02-28 00:44:19,009 Answer received: !ys/tmp/spark-0ff72ae5-6046-41c6-81bc-9ee33d44c936/userFiles-7cabe835-a138-487f-aa44-3b46bcc0e852
2022-02-28 00:44:19,009 Command to send: r
u
org
rj
e

2022-02-28 00:44:19,013 Answer received: !yp
2022-02-28 00:44:19,013 Command to send: r
u
org.apache
rj
e

2022-02-28 00:44:19,014 Answer received: !yp
2022-02-28 00:44:19,014 Command to send: r
u
org.apache.spark
rj
e

2022-02-28 00:44:19,015 Answer received: !yp
2022-02-28 00:44:19,016 Command to send: r
u
org.apache.spark.SparkFiles
rj
e

2022-02-28 00:44:19,016 Answer received: !ycorg.apache.spark.SparkFiles
2022-02-28 00:44:19,016 Command to send: r
m
org.apache.spark.SparkFiles
getRootDirectory
e

2022-02-28 00:44:19,017 Answer received: !ym
2022-02-28 00:44:19,017 Command to send: c
z:org.apache.spark.SparkFiles
getRootDirectory
e

2022-02-28 00:44:19,018 Answer received: !ys/tmp/spark-0ff72ae5-6046-41c6-81bc-9ee33d44c936/userFiles-7cabe835-a138-487f-aa44-3b46bcc0e852
2022-02-28 00:44:19,018 Command to send: r
u
org
rj
e

2022-02-28 00:44:19,021 Answer received: !yp
2022-02-28 00:44:19,022 Command to send: r
u
org.apache
rj
e

2022-02-28 00:44:19,022 Answer received: !yp
2022-02-28 00:44:19,023 Command to send: r
u
org.apache.spark
rj
e

2022-02-28 00:44:19,023 Answer received: !yp
2022-02-28 00:44:19,023 Command to send: r
u
org.apache.spark.SparkFiles
rj
e

2022-02-28 00:44:19,024 Answer received: !ycorg.apache.spark.SparkFiles
2022-02-28 00:44:19,024 Command to send: r
m
org.apache.spark.SparkFiles
getRootDirectory
e

2022-02-28 00:44:19,024 Answer received: !ym
2022-02-28 00:44:19,024 Command to send: c
z:org.apache.spark.SparkFiles
getRootDirectory
e

2022-02-28 00:44:19,025 Answer received: !ys/tmp/spark-0ff72ae5-6046-41c6-81bc-9ee33d44c936/userFiles-7cabe835-a138-487f-aa44-3b46bcc0e852
2022-02-28 00:44:19,025 Command to send: r
u
org
rj
e

2022-02-28 00:44:19,027 Answer received: !yp
2022-02-28 00:44:19,027 Command to send: r
u
org.apache
rj
e

2022-02-28 00:44:19,028 Answer received: !yp
2022-02-28 00:44:19,028 Command to send: r
u
org.apache.spark
rj
e

2022-02-28 00:44:19,029 Answer received: !yp
2022-02-28 00:44:19,029 Command to send: r
u
org.apache.spark.SparkFiles
rj
e

2022-02-28 00:44:19,029 Answer received: !ycorg.apache.spark.SparkFiles
2022-02-28 00:44:19,030 Command to send: r
m
org.apache.spark.SparkFiles
getRootDirectory
e

2022-02-28 00:44:19,030 Answer received: !ym
2022-02-28 00:44:19,030 Command to send: c
z:org.apache.spark.SparkFiles
getRootDirectory
e

2022-02-28 00:44:19,030 Answer received: !ys/tmp/spark-0ff72ae5-6046-41c6-81bc-9ee33d44c936/userFiles-7cabe835-a138-487f-aa44-3b46bcc0e852
2022-02-28 00:44:19,030 Command to send: r
u
org
rj
e

2022-02-28 00:44:19,033 Answer received: !yp
2022-02-28 00:44:19,033 Command to send: r
u
org.apache
rj
e

2022-02-28 00:44:19,034 Answer received: !yp
2022-02-28 00:44:19,034 Command to send: r
u
org.apache.spark
rj
e

2022-02-28 00:44:19,035 Answer received: !yp
2022-02-28 00:44:19,035 Command to send: r
u
org.apache.spark.SparkFiles
rj
e

2022-02-28 00:44:19,035 Answer received: !ycorg.apache.spark.SparkFiles
2022-02-28 00:44:19,035 Command to send: r
m
org.apache.spark.SparkFiles
getRootDirectory
e

2022-02-28 00:44:19,035 Answer received: !ym
2022-02-28 00:44:19,035 Command to send: c
z:org.apache.spark.SparkFiles
getRootDirectory
e

2022-02-28 00:44:19,036 Answer received: !ys/tmp/spark-0ff72ae5-6046-41c6-81bc-9ee33d44c936/userFiles-7cabe835-a138-487f-aa44-3b46bcc0e852
2022-02-28 00:44:19,036 Command to send: r
u
org
rj
e

2022-02-28 00:44:19,038 Answer received: !yp
2022-02-28 00:44:19,038 Command to send: r
u
org.apache
rj
e

2022-02-28 00:44:19,039 Answer received: !yp
2022-02-28 00:44:19,039 Command to send: r
u
org.apache.spark
rj
e

2022-02-28 00:44:19,039 Answer received: !yp
2022-02-28 00:44:19,040 Command to send: r
u
org.apache.spark.SparkFiles
rj
e

2022-02-28 00:44:19,040 Answer received: !ycorg.apache.spark.SparkFiles
2022-02-28 00:44:19,040 Command to send: r
m
org.apache.spark.SparkFiles
getRootDirectory
e

2022-02-28 00:44:19,040 Answer received: !ym
2022-02-28 00:44:19,040 Command to send: c
z:org.apache.spark.SparkFiles
getRootDirectory
e

2022-02-28 00:44:19,040 Answer received: !ys/tmp/spark-0ff72ae5-6046-41c6-81bc-9ee33d44c936/userFiles-7cabe835-a138-487f-aa44-3b46bcc0e852
2022-02-28 00:44:19,041 Command to send: r
u
org
rj
e

2022-02-28 00:44:19,043 Answer received: !yp
2022-02-28 00:44:19,044 Command to send: r
u
org.apache
rj
e

2022-02-28 00:44:19,045 Answer received: !yp
2022-02-28 00:44:19,045 Command to send: r
u
org.apache.spark
rj
e

2022-02-28 00:44:19,046 Answer received: !yp
2022-02-28 00:44:19,046 Command to send: r
u
org.apache.spark.SparkFiles
rj
e

2022-02-28 00:44:19,047 Answer received: !ycorg.apache.spark.SparkFiles
2022-02-28 00:44:19,047 Command to send: r
m
org.apache.spark.SparkFiles
getRootDirectory
e

2022-02-28 00:44:19,047 Answer received: !ym
2022-02-28 00:44:19,047 Command to send: c
z:org.apache.spark.SparkFiles
getRootDirectory
e

2022-02-28 00:44:19,047 Answer received: !ys/tmp/spark-0ff72ae5-6046-41c6-81bc-9ee33d44c936/userFiles-7cabe835-a138-487f-aa44-3b46bcc0e852
2022-02-28 00:44:19,048 Command to send: r
u
org
rj
e

2022-02-28 00:44:19,052 Answer received: !yp
2022-02-28 00:44:19,052 Command to send: r
u
org.apache
rj
e

2022-02-28 00:44:19,053 Answer received: !yp
2022-02-28 00:44:19,053 Command to send: r
u
org.apache.spark
rj
e

2022-02-28 00:44:19,053 Answer received: !yp
2022-02-28 00:44:19,054 Command to send: r
u
org.apache.spark.SparkFiles
rj
e

2022-02-28 00:44:19,054 Answer received: !ycorg.apache.spark.SparkFiles
2022-02-28 00:44:19,054 Command to send: r
m
org.apache.spark.SparkFiles
getRootDirectory
e

2022-02-28 00:44:19,054 Answer received: !ym
2022-02-28 00:44:19,054 Command to send: c
z:org.apache.spark.SparkFiles
getRootDirectory
e

2022-02-28 00:44:19,055 Answer received: !ys/tmp/spark-0ff72ae5-6046-41c6-81bc-9ee33d44c936/userFiles-7cabe835-a138-487f-aa44-3b46bcc0e852
2022-02-28 00:44:19,055 Command to send: r
u
org
rj
e

2022-02-28 00:44:19,057 Answer received: !yp
2022-02-28 00:44:19,057 Command to send: r
u
org.apache
rj
e

2022-02-28 00:44:19,058 Answer received: !yp
2022-02-28 00:44:19,058 Command to send: r
u
org.apache.spark
rj
e

2022-02-28 00:44:19,059 Answer received: !yp
2022-02-28 00:44:19,059 Command to send: r
u
org.apache.spark.SparkFiles
rj
e

2022-02-28 00:44:19,059 Answer received: !ycorg.apache.spark.SparkFiles
2022-02-28 00:44:19,059 Command to send: r
m
org.apache.spark.SparkFiles
getRootDirectory
e

2022-02-28 00:44:19,060 Answer received: !ym
2022-02-28 00:44:19,060 Command to send: c
z:org.apache.spark.SparkFiles
getRootDirectory
e

2022-02-28 00:44:19,060 Answer received: !ys/tmp/spark-0ff72ae5-6046-41c6-81bc-9ee33d44c936/userFiles-7cabe835-a138-487f-aa44-3b46bcc0e852
2022-02-28 00:44:19,060 Command to send: r
u
org
rj
e

2022-02-28 00:44:19,062 Answer received: !yp
2022-02-28 00:44:19,062 Command to send: r
u
org.apache
rj
e

2022-02-28 00:44:19,063 Answer received: !yp
2022-02-28 00:44:19,063 Command to send: r
u
org.apache.spark
rj
e

2022-02-28 00:44:19,064 Answer received: !yp
2022-02-28 00:44:19,064 Command to send: r
u
org.apache.spark.SparkFiles
rj
e

2022-02-28 00:44:19,064 Answer received: !ycorg.apache.spark.SparkFiles
2022-02-28 00:44:19,065 Command to send: r
m
org.apache.spark.SparkFiles
getRootDirectory
e

2022-02-28 00:44:19,065 Answer received: !ym
2022-02-28 00:44:19,065 Command to send: c
z:org.apache.spark.SparkFiles
getRootDirectory
e

2022-02-28 00:44:19,065 Answer received: !ys/tmp/spark-0ff72ae5-6046-41c6-81bc-9ee33d44c936/userFiles-7cabe835-a138-487f-aa44-3b46bcc0e852
2022-02-28 00:44:19,066 Command to send: r
u
org
rj
e

2022-02-28 00:44:19,068 Answer received: !yp
2022-02-28 00:44:19,068 Command to send: r
u
org.apache
rj
e

2022-02-28 00:44:19,071 Answer received: !yp
2022-02-28 00:44:19,071 Command to send: r
u
org.apache.spark
rj
e

2022-02-28 00:44:19,072 Answer received: !yp
2022-02-28 00:44:19,072 Command to send: r
u
org.apache.spark.SparkFiles
rj
e

2022-02-28 00:44:19,073 Answer received: !ycorg.apache.spark.SparkFiles
2022-02-28 00:44:19,073 Command to send: r
m
org.apache.spark.SparkFiles
getRootDirectory
e

2022-02-28 00:44:19,073 Answer received: !ym
2022-02-28 00:44:19,073 Command to send: c
z:org.apache.spark.SparkFiles
getRootDirectory
e

2022-02-28 00:44:19,074 Answer received: !ys/tmp/spark-0ff72ae5-6046-41c6-81bc-9ee33d44c936/userFiles-7cabe835-a138-487f-aa44-3b46bcc0e852
2022-02-28 00:44:19,075 Command to send: r
u
org
rj
e

2022-02-28 00:44:19,077 Answer received: !yp
2022-02-28 00:44:19,077 Command to send: r
u
org.apache
rj
e

2022-02-28 00:44:19,077 Answer received: !yp
2022-02-28 00:44:19,078 Command to send: r
u
org.apache.spark
rj
e

2022-02-28 00:44:19,078 Answer received: !yp
2022-02-28 00:44:19,078 Command to send: r
u
org.apache.spark.SparkFiles
rj
e

2022-02-28 00:44:19,079 Answer received: !ycorg.apache.spark.SparkFiles
2022-02-28 00:44:19,079 Command to send: r
m
org.apache.spark.SparkFiles
getRootDirectory
e

2022-02-28 00:44:19,079 Answer received: !ym
2022-02-28 00:44:19,079 Command to send: c
z:org.apache.spark.SparkFiles
getRootDirectory
e

2022-02-28 00:44:19,079 Answer received: !ys/tmp/spark-0ff72ae5-6046-41c6-81bc-9ee33d44c936/userFiles-7cabe835-a138-487f-aa44-3b46bcc0e852
2022-02-28 00:44:19,080 Command to send: r
u
org
rj
e

2022-02-28 00:44:19,082 Answer received: !yp
2022-02-28 00:44:19,082 Command to send: r
u
org.apache
rj
e

2022-02-28 00:44:19,082 Answer received: !yp
2022-02-28 00:44:19,083 Command to send: r
u
org.apache.spark
rj
e

2022-02-28 00:44:19,083 Answer received: !yp
2022-02-28 00:44:19,083 Command to send: r
u
org.apache.spark.util
rj
e

2022-02-28 00:44:19,084 Answer received: !yp
2022-02-28 00:44:19,084 Command to send: r
u
org.apache.spark.util.Utils
rj
e

2022-02-28 00:44:19,087 Answer received: !ycorg.apache.spark.util.Utils
2022-02-28 00:44:19,087 Command to send: r
m
org.apache.spark.util.Utils
getLocalDir
e

2022-02-28 00:44:19,089 Answer received: !ym
2022-02-28 00:44:19,090 Command to send: c
o18
sc
e

2022-02-28 00:44:19,090 Answer received: !yro23
2022-02-28 00:44:19,090 Command to send: c
o23
conf
e

2022-02-28 00:44:19,090 Answer received: !yro24
2022-02-28 00:44:19,090 Command to send: c
z:org.apache.spark.util.Utils
getLocalDir
ro24
e

2022-02-28 00:44:19,091 Answer received: !ys/tmp/spark-0ff72ae5-6046-41c6-81bc-9ee33d44c936
2022-02-28 00:44:19,091 Command to send: r
u
org
rj
e

2022-02-28 00:44:19,094 Answer received: !yp
2022-02-28 00:44:19,094 Command to send: r
u
org.apache
rj
e

2022-02-28 00:44:19,095 Answer received: !yp
2022-02-28 00:44:19,096 Command to send: r
u
org.apache.spark
rj
e

2022-02-28 00:44:19,096 Answer received: !yp
2022-02-28 00:44:19,097 Command to send: r
u
org.apache.spark.util
rj
e

2022-02-28 00:44:19,097 Answer received: !yp
2022-02-28 00:44:19,097 Command to send: r
u
org.apache.spark.util.Utils
rj
e

2022-02-28 00:44:19,098 Answer received: !ycorg.apache.spark.util.Utils
2022-02-28 00:44:19,098 Command to send: r
m
org.apache.spark.util.Utils
createTempDir
e

2022-02-28 00:44:19,098 Answer received: !ym
2022-02-28 00:44:19,098 Command to send: c
z:org.apache.spark.util.Utils
createTempDir
s/tmp/spark-0ff72ae5-6046-41c6-81bc-9ee33d44c936
spyspark
e

2022-02-28 00:44:19,099 Answer received: !yro25
2022-02-28 00:44:19,099 Command to send: c
o25
getAbsolutePath
e

2022-02-28 00:44:19,100 Answer received: !ys/tmp/spark-0ff72ae5-6046-41c6-81bc-9ee33d44c936/pyspark-17357bef-3d78-4923-93de-b91b2fb199cb
2022-02-28 00:44:19,100 Command to send: c
o20
get
sspark.python.profile
sfalse
e

2022-02-28 00:44:19,101 Answer received: !ysfalse
2022-02-28 00:44:19,101 Command to send: r
u
SparkSession
rj
e

2022-02-28 00:44:19,141 Answer received: !ycorg.apache.spark.sql.SparkSession
2022-02-28 00:44:19,141 Command to send: r
m
org.apache.spark.sql.SparkSession
getDefaultSession
e

2022-02-28 00:44:19,176 Answer received: !ym
2022-02-28 00:44:19,176 Command to send: c
z:org.apache.spark.sql.SparkSession
getDefaultSession
e

2022-02-28 00:44:19,178 Answer received: !yro26
2022-02-28 00:44:19,179 Command to send: c
o26
isDefined
e

2022-02-28 00:44:19,181 Answer received: !ybfalse
2022-02-28 00:44:19,181 Command to send: r
u
SparkSession
rj
e

2022-02-28 00:44:19,184 Answer received: !ycorg.apache.spark.sql.SparkSession
2022-02-28 00:44:19,185 Command to send: c
o18
sc
e

2022-02-28 00:44:19,185 Answer received: !yro27
2022-02-28 00:44:19,185 Command to send: i
org.apache.spark.sql.SparkSession
ro27
e

2022-02-28 00:44:19,345 Answer received: !yro28
2022-02-28 00:44:19,345 Command to send: c
o28
sqlContext
e

2022-02-28 00:44:19,345 Answer received: !yro29
2022-02-28 00:44:19,345 Command to send: r
u
SparkSession
rj
e

2022-02-28 00:44:19,349 Answer received: !ycorg.apache.spark.sql.SparkSession
2022-02-28 00:44:19,349 Command to send: r
m
org.apache.spark.sql.SparkSession
setDefaultSession
e

2022-02-28 00:44:19,349 Answer received: !ym
2022-02-28 00:44:19,350 Command to send: c
z:org.apache.spark.sql.SparkSession
setDefaultSession
ro28
e

2022-02-28 00:44:19,350 Answer received: !yv
2022-02-28 00:44:19,350 Command to send: r
u
SparkSession
rj
e

2022-02-28 00:44:19,352 Answer received: !ycorg.apache.spark.sql.SparkSession
2022-02-28 00:44:19,352 Command to send: r
m
org.apache.spark.sql.SparkSession
setActiveSession
e

2022-02-28 00:44:19,353 Answer received: !ym
2022-02-28 00:44:19,353 Command to send: c
z:org.apache.spark.sql.SparkSession
setActiveSession
ro28
e

2022-02-28 00:44:19,354 Answer received: !yv
2022-02-28 00:44:19,355 Command to send: c
o28
sessionState
e

2022-02-28 00:44:20,560 Answer received: !yro30
2022-02-28 00:44:20,560 Command to send: c
o30
conf
e

2022-02-28 00:44:20,562 Answer received: !yro31
2022-02-28 00:44:20,562 Command to send: c
o31
setConfString
sspark.master
slocal
e

2022-02-28 00:44:20,564 Answer received: !yv
2022-02-28 00:44:20,564 Command to send: c
o28
sessionState
e

2022-02-28 00:44:20,565 Answer received: !yro32
2022-02-28 00:44:20,565 Command to send: c
o32
conf
e

2022-02-28 00:44:20,565 Answer received: !yro33
2022-02-28 00:44:20,565 Command to send: c
o33
setConfString
sspark.app.name
swiki-changes-event-consumer
e

2022-02-28 00:44:20,566 Answer received: !yv
2022-02-28 00:44:20,566 Command to send: c
o28
sessionState
e

2022-02-28 00:44:20,566 Answer received: !yro34
2022-02-28 00:44:20,566 Command to send: c
o34
conf
e

2022-02-28 00:44:20,567 Answer received: !yro35
2022-02-28 00:44:20,567 Command to send: c
o35
setConfString
sspark.jars.packages
sorg.apache.spark:spark-sql-kafka-0-10_2.12:3.2.1,net.snowflake:spark-snowflake_2.12:2.10.0-spark_3.2
e

2022-02-28 00:44:20,567 Answer received: !yv
2022-02-28 00:44:20,567 setting up snowflake connections
2022-02-28 00:44:20,567 fetching latest records from RAW table
2022-02-28 00:44:20,567 Command to send: c
o29
read
e

2022-02-28 00:44:20,576 Answer received: !yro36
2022-02-28 00:44:20,576 Command to send: c
o36
format
ssnowflake
e

2022-02-28 00:44:20,584 Answer received: !yro37
2022-02-28 00:44:20,585 Command to send: c
o37
option
ssfURL
szu02863.ap-south-1.aws.snowflakecomputing.com
e

2022-02-28 00:44:20,586 Answer received: !yro38
2022-02-28 00:44:20,586 Command to send: c
o38
option
ssfAccount
szu02863.ap-south-1.aws
e

2022-02-28 00:44:20,587 Answer received: !yro39
2022-02-28 00:44:20,587 Command to send: c
o39
option
ssfUser
scoolkeonjhar
e

2022-02-28 00:44:20,588 Answer received: !yro40
2022-02-28 00:44:20,588 Command to send: c
o40
option
ssfPassword
sAmrita@123
e

2022-02-28 00:44:20,589 Answer received: !yro41
2022-02-28 00:44:20,589 Command to send: c
o41
option
ssfDatabase
sNIMBUS_MAPS
e

2022-02-28 00:44:20,590 Answer received: !yro42
2022-02-28 00:44:20,590 Command to send: c
o42
option
ssfSchema
sPRESENTATION
e

2022-02-28 00:44:20,590 Answer received: !yro43
2022-02-28 00:44:20,591 Command to send: c
o43
option
ssfWarehouse
sSNOW_LARGE_VWH
e

2022-02-28 00:44:20,591 Answer received: !yro44
2022-02-28 00:44:20,591 Command to send: c
o44
option
ssfRole
sACCOUNTADMIN
e

2022-02-28 00:44:20,592 Answer received: !yro45
2022-02-28 00:44:20,592 Command to send: c
o45
option
squery
sselect UID,ADDRESS,CITY,ZIPCODE,DECISION,CURRENT_TIMESTAMP() AS CREATE_TS from NIMBUS_MAPS.RAW_LAYER.DECISION_DATA_RAW where create_ts >(select nvl(max(CREATE_TS),to_timestamp('2001-01-01 00:00:00','YYYY-MM-DD HH24:MI:SS')) FROM nimbus_maps.presentation.decision_data_pres)
e

2022-02-28 00:44:20,592 Answer received: !yro46
2022-02-28 00:44:20,593 Command to send: c
o46
load
e

2022-02-28 00:44:25,133 Answer received: !yro47
2022-02-28 00:44:25,133 fetched data from RAW Layer
2022-02-28 00:44:25,134 Command to send: c
o47
count
e

2022-02-28 00:44:28,871 Answer received: !yL116
2022-02-28 00:44:28,871 116 records fetched to be processed
2022-02-28 00:44:28,871 checking if record count is o
2022-02-28 00:44:28,871 Command to send: c
o47
count
e

2022-02-28 00:44:30,237 Answer received: !yL116
2022-02-28 00:44:30,237 Command to send: c
o28
sessionState
e

2022-02-28 00:44:30,238 Answer received: !yro48
2022-02-28 00:44:30,238 Command to send: c
o48
conf
e

2022-02-28 00:44:30,238 Answer received: !yro49
2022-02-28 00:44:30,239 Command to send: c
o49
setConfString
sspark.master
slocal
e

2022-02-28 00:44:30,239 Answer received: !yv
2022-02-28 00:44:30,239 Command to send: c
o28
sessionState
e

2022-02-28 00:44:30,240 Answer received: !yro50
2022-02-28 00:44:30,240 Command to send: c
o50
conf
e

2022-02-28 00:44:30,240 Answer received: !yro51
2022-02-28 00:44:30,240 Command to send: c
o51
setConfString
sspark.app.name
swiki-changes-event-consumer
e

2022-02-28 00:44:30,241 Answer received: !yv
2022-02-28 00:44:30,241 Command to send: c
o28
sessionState
e

2022-02-28 00:44:30,241 Answer received: !yro52
2022-02-28 00:44:30,241 Command to send: c
o52
conf
e

2022-02-28 00:44:30,241 Answer received: !yro53
2022-02-28 00:44:30,242 Command to send: c
o53
setConfString
sspark.jars.packages
sorg.apache.spark:spark-sql-kafka-0-10_2.12:3.2.1,net.snowflake:spark-snowflake_2.12:2.10.0-spark_3.2
e

2022-02-28 00:44:30,242 Answer received: !yv
2022-02-28 00:44:30,242 Command to send: r
u
PythonUtils
rj
e

2022-02-28 00:44:30,243 Answer received: !ycorg.apache.spark.api.python.PythonUtils
2022-02-28 00:44:30,243 Command to send: r
m
org.apache.spark.api.python.PythonUtils
getBroadcastThreshold
e

2022-02-28 00:44:30,244 Answer received: !ym
2022-02-28 00:44:30,244 Command to send: c
z:org.apache.spark.api.python.PythonUtils
getBroadcastThreshold
ro18
e

2022-02-28 00:44:30,244 Answer received: !yL1048576
2022-02-28 00:44:30,244 Command to send: r
u
PythonFunction
rj
e

2022-02-28 00:44:30,246 Answer received: !ycorg.apache.spark.api.python.PythonFunction
2022-02-28 00:44:30,247 Command to send: i
java.util.HashMap
e

2022-02-28 00:44:30,247 Answer received: !yao54
2022-02-28 00:44:30,247 Command to send: c
o54
put
sPYTHONHASHSEED
s0
e

2022-02-28 00:44:30,248 Answer received: !yn
2022-02-28 00:44:30,249 Command to send: i
java.util.ArrayList
e

2022-02-28 00:44:30,249 Answer received: !ylo55
2022-02-28 00:44:30,250 Command to send: c
o55
add
sorg.apache.spark_spark-sql-kafka-0-10_2.12-3.2.1.jar
e

2022-02-28 00:44:30,250 Answer received: !ybtrue
2022-02-28 00:44:30,250 Command to send: c
o55
add
snet.snowflake_spark-snowflake_2.12-2.10.0-spark_3.2.jar
e

2022-02-28 00:44:30,251 Answer received: !ybtrue
2022-02-28 00:44:30,251 Command to send: c
o55
add
sorg.apache.spark_spark-token-provider-kafka-0-10_2.12-3.2.1.jar
e

2022-02-28 00:44:30,251 Answer received: !ybtrue
2022-02-28 00:44:30,251 Command to send: c
o55
add
sorg.apache.kafka_kafka-clients-2.8.0.jar
e

2022-02-28 00:44:30,252 Answer received: !ybtrue
2022-02-28 00:44:30,252 Command to send: c
o55
add
scom.google.code.findbugs_jsr305-3.0.0.jar
e

2022-02-28 00:44:30,252 Answer received: !ybtrue
2022-02-28 00:44:30,252 Command to send: c
o55
add
sorg.apache.commons_commons-pool2-2.6.2.jar
e

2022-02-28 00:44:30,252 Answer received: !ybtrue
2022-02-28 00:44:30,252 Command to send: c
o55
add
sorg.spark-project.spark_unused-1.0.0.jar
e

2022-02-28 00:44:30,253 Answer received: !ybtrue
2022-02-28 00:44:30,253 Command to send: c
o55
add
sorg.apache.hadoop_hadoop-client-runtime-3.3.1.jar
e

2022-02-28 00:44:30,253 Answer received: !ybtrue
2022-02-28 00:44:30,253 Command to send: c
o55
add
sorg.lz4_lz4-java-1.7.1.jar
e

2022-02-28 00:44:30,253 Answer received: !ybtrue
2022-02-28 00:44:30,254 Command to send: c
o55
add
sorg.xerial.snappy_snappy-java-1.1.8.4.jar
e

2022-02-28 00:44:30,254 Answer received: !ybtrue
2022-02-28 00:44:30,254 Command to send: c
o55
add
sorg.slf4j_slf4j-api-1.7.30.jar
e

2022-02-28 00:44:30,254 Answer received: !ybtrue
2022-02-28 00:44:30,254 Command to send: c
o55
add
sorg.apache.hadoop_hadoop-client-api-3.3.1.jar
e

2022-02-28 00:44:30,254 Answer received: !ybtrue
2022-02-28 00:44:30,254 Command to send: c
o55
add
sorg.apache.htrace_htrace-core4-4.1.0-incubating.jar
e

2022-02-28 00:44:30,255 Answer received: !ybtrue
2022-02-28 00:44:30,255 Command to send: c
o55
add
scommons-logging_commons-logging-1.1.3.jar
e

2022-02-28 00:44:30,255 Answer received: !ybtrue
2022-02-28 00:44:30,255 Command to send: c
o55
add
snet.snowflake_snowflake-ingest-sdk-0.10.3.jar
e

2022-02-28 00:44:30,255 Answer received: !ybtrue
2022-02-28 00:44:30,255 Command to send: c
o55
add
snet.snowflake_snowflake-jdbc-3.13.14.jar
e

2022-02-28 00:44:30,256 Answer received: !ybtrue
2022-02-28 00:44:30,256 Command to send: i
java.util.ArrayList
e

2022-02-28 00:44:30,256 Answer received: !ylo56
2022-02-28 00:44:30,257 Command to send: i
org.apache.spark.api.python.PythonFunction
jgAWVkQIAAAAAAACMH3B5c3BhcmsuY2xvdWRwaWNrbGUuY2xvdWRwaWNrbGWUjA1fYnVpbHRpbl90eXBllJOUjApMYW1iZGFUeXBllIWUUpQoaAKMCENvZGVUeXBllIWUUpQoSwFLAEsASwJLAktDQx5kAX0BfACgAKEAZAJrAnIWZAN9AW4EZAR9AXwBUwCUKE6MAJSMAUGUiIl0lIwFdXBwZXKUhZSMCGRlY2lzaW9ulIwHdmVyZGljdJSGlIxkL2hvbWUvc3VtYW4vUHljaGFybVByb2plY3RzL2RhdGFfbG9hZF9mcm9tX3Jhd190b19wcmVzZW50YXRpb24vZGF0YV9sb2FkX2Zyb21fcmF3X3RvX3ByZXNlbnRhdGlvbi5weZSMDmlzR29vZERlY2lzaW9ulEtIQwoAAQQBDAEGAgQBlCkpdJRSlH2UKIwLX19wYWNrYWdlX1+UTowIX19uYW1lX1+UjAhfX21haW5fX5SMCF9fZmlsZV9flGgSdU5OTnSUUpSMJHB5c3BhcmsuY2xvdWRwaWNrbGUuY2xvdWRwaWNrbGVfZmFzdJSMEl9mdW5jdGlvbl9zZXRzdGF0ZZSTlGgdfZR9lChoGWgTjAxfX3F1YWxuYW1lX1+UaBOMD19fYW5ub3RhdGlvbnNfX5R9lIwOX19rd2RlZmF1bHRzX1+UTowMX19kZWZhdWx0c19flE6MCl9fbW9kdWxlX1+UaBqMB19fZG9jX1+UTowLX19jbG9zdXJlX1+UTowXX2Nsb3VkcGlja2xlX3N1Ym1vZHVsZXOUXZSMC19fZ2xvYmFsc19flH2UdYaUhlIwjBFweXNwYXJrLnNxbC50eXBlc5SMClN0cmluZ1R5cGWUk5QpgZSGlC4=
ro54
ro55
spython3
s3.8
ro56
ro21
e

2022-02-28 00:44:30,259 Answer received: !yro57
2022-02-28 00:44:30,259 Command to send: c
o28
parseDataType
s"string"
e

2022-02-28 00:44:30,278 Answer received: !yro58
2022-02-28 00:44:30,278 Command to send: r
u
org
rj
e

2022-02-28 00:44:30,280 Answer received: !yp
2022-02-28 00:44:30,280 Command to send: r
u
org.apache
rj
e

2022-02-28 00:44:30,281 Answer received: !yp
2022-02-28 00:44:30,281 Command to send: r
u
org.apache.spark
rj
e

2022-02-28 00:44:30,281 Answer received: !yp
2022-02-28 00:44:30,281 Command to send: r
u
org.apache.spark.sql
rj
e

2022-02-28 00:44:30,282 Answer received: !yp
2022-02-28 00:44:30,282 Command to send: r
u
org.apache.spark.sql.execution
rj
e

2022-02-28 00:44:30,282 Answer received: !yp
2022-02-28 00:44:30,283 Command to send: r
u
org.apache.spark.sql.execution.python
rj
e

2022-02-28 00:44:30,283 Answer received: !yp
2022-02-28 00:44:30,283 Command to send: r
u
org.apache.spark.sql.execution.python.UserDefinedPythonFunction
rj
e

2022-02-28 00:44:30,284 Answer received: !ycorg.apache.spark.sql.execution.python.UserDefinedPythonFunction
2022-02-28 00:44:30,284 Command to send: i
org.apache.spark.sql.execution.python.UserDefinedPythonFunction
sisGoodDecision
ro57
ro58
i100
bTrue
e

2022-02-28 00:44:30,285 Answer received: !yro59
2022-02-28 00:44:30,285 Command to send: r
u
functions
rj
e

2022-02-28 00:44:30,290 Answer received: !ycorg.apache.spark.sql.functions
2022-02-28 00:44:30,290 Command to send: r
m
org.apache.spark.sql.functions
col
e

2022-02-28 00:44:30,293 Answer received: !ym
2022-02-28 00:44:30,293 Command to send: c
z:org.apache.spark.sql.functions
col
sDECISION
e

2022-02-28 00:44:30,336 Answer received: !yro60
2022-02-28 00:44:30,336 Command to send: r
u
PythonUtils
rj
e

2022-02-28 00:44:30,337 Answer received: !ycorg.apache.spark.api.python.PythonUtils
2022-02-28 00:44:30,338 Command to send: r
m
org.apache.spark.api.python.PythonUtils
toSeq
e

2022-02-28 00:44:30,338 Answer received: !ym
2022-02-28 00:44:30,338 Command to send: i
java.util.ArrayList
e

2022-02-28 00:44:30,338 Answer received: !ylo61
2022-02-28 00:44:30,339 Command to send: c
o61
add
ro60
e

2022-02-28 00:44:30,339 Answer received: !ybtrue
2022-02-28 00:44:30,339 Command to send: c
z:org.apache.spark.api.python.PythonUtils
toSeq
ro61
e

2022-02-28 00:44:30,340 Answer received: !yro62
2022-02-28 00:44:30,340 Command to send: c
o59
apply
ro62
e

2022-02-28 00:44:30,343 Answer received: !yro63
2022-02-28 00:44:30,343 Command to send: c
o47
withColumn
sisGoodDecision
ro63
e

2022-02-28 00:44:30,388 Answer received: !yro64
2022-02-28 00:44:30,389 Command to send: r
u
functions
rj
e

2022-02-28 00:44:30,397 Answer received: !ycorg.apache.spark.sql.functions
2022-02-28 00:44:30,397 Command to send: r
m
org.apache.spark.sql.functions
col
e

2022-02-28 00:44:30,400 Answer received: !ym
2022-02-28 00:44:30,401 Command to send: c
z:org.apache.spark.sql.functions
col
sUID
e

2022-02-28 00:44:30,401 Answer received: !yro65
2022-02-28 00:44:30,401 Command to send: r
u
functions
rj
e

2022-02-28 00:44:30,403 Answer received: !ycorg.apache.spark.sql.functions
2022-02-28 00:44:30,403 Command to send: r
m
org.apache.spark.sql.functions
col
e

2022-02-28 00:44:30,403 Answer received: !ym
2022-02-28 00:44:30,403 Command to send: c
z:org.apache.spark.sql.functions
col
sDECISION
e

2022-02-28 00:44:30,404 Answer received: !yro66
2022-02-28 00:44:30,404 Command to send: r
u
functions
rj
e

2022-02-28 00:44:30,407 Answer received: !ycorg.apache.spark.sql.functions
2022-02-28 00:44:30,407 Command to send: r
m
org.apache.spark.sql.functions
col
e

2022-02-28 00:44:30,408 Answer received: !ym
2022-02-28 00:44:30,408 Command to send: c
z:org.apache.spark.sql.functions
col
sisGoodDecision
e

2022-02-28 00:44:30,408 Answer received: !yro67
2022-02-28 00:44:30,409 Command to send: r
u
functions
rj
e

2022-02-28 00:44:30,410 Answer received: !ycorg.apache.spark.sql.functions
2022-02-28 00:44:30,411 Command to send: r
m
org.apache.spark.sql.functions
col
e

2022-02-28 00:44:30,411 Answer received: !ym
2022-02-28 00:44:30,411 Command to send: c
z:org.apache.spark.sql.functions
col
screate_ts
e

2022-02-28 00:44:30,411 Answer received: !yro68
2022-02-28 00:44:30,412 Command to send: r
u
PythonUtils
rj
e

2022-02-28 00:44:30,413 Answer received: !ycorg.apache.spark.api.python.PythonUtils
2022-02-28 00:44:30,413 Command to send: r
m
org.apache.spark.api.python.PythonUtils
toSeq
e

2022-02-28 00:44:30,413 Answer received: !ym
2022-02-28 00:44:30,414 Command to send: i
java.util.ArrayList
e

2022-02-28 00:44:30,414 Answer received: !ylo69
2022-02-28 00:44:30,414 Command to send: c
o69
add
ro65
e

2022-02-28 00:44:30,415 Answer received: !ybtrue
2022-02-28 00:44:30,415 Command to send: c
o69
add
ro66
e

2022-02-28 00:44:30,415 Answer received: !ybtrue
2022-02-28 00:44:30,415 Command to send: c
o69
add
ro67
e

2022-02-28 00:44:30,416 Answer received: !ybtrue
2022-02-28 00:44:30,416 Command to send: c
o69
add
ro68
e

2022-02-28 00:44:30,416 Answer received: !ybtrue
2022-02-28 00:44:30,416 Command to send: c
z:org.apache.spark.api.python.PythonUtils
toSeq
ro69
e

2022-02-28 00:44:30,417 Answer received: !yro70
2022-02-28 00:44:30,417 Command to send: c
o64
select
ro70
e

2022-02-28 00:44:30,459 Answer received: !yro71
2022-02-28 00:44:30,459 Command to send: c
o71
count
e

2022-02-28 00:44:30,652 Command to send: m
d
o0
e

2022-02-28 00:44:30,652 Answer received: !yv
2022-02-28 00:44:30,653 Command to send: m
d
o7
e

2022-02-28 00:44:30,653 Answer received: !yv
2022-02-28 00:44:30,653 Command to send: m
d
o8
e

2022-02-28 00:44:30,653 Answer received: !yv
2022-02-28 00:44:30,653 Command to send: m
d
o9
e

2022-02-28 00:44:30,654 Answer received: !yv
2022-02-28 00:44:30,654 Command to send: m
d
o10
e

2022-02-28 00:44:30,654 Answer received: !yv
2022-02-28 00:44:30,654 Command to send: m
d
o11
e

2022-02-28 00:44:30,654 Answer received: !yv
2022-02-28 00:44:30,655 Command to send: m
d
o12
e

2022-02-28 00:44:30,655 Answer received: !yv
2022-02-28 00:44:30,655 Command to send: m
d
o13
e

2022-02-28 00:44:30,655 Answer received: !yv
2022-02-28 00:44:30,655 Command to send: m
d
o14
e

2022-02-28 00:44:30,656 Answer received: !yv
2022-02-28 00:44:30,656 Command to send: m
d
o15
e

2022-02-28 00:44:30,656 Answer received: !yv
2022-02-28 00:44:30,656 Command to send: m
d
o16
e

2022-02-28 00:44:30,656 Answer received: !yv
2022-02-28 00:44:30,656 Command to send: m
d
o17
e

2022-02-28 00:44:30,656 Answer received: !yv
2022-02-28 00:44:30,657 Command to send: m
d
o19
e

2022-02-28 00:44:30,657 Answer received: !yv
2022-02-28 00:44:30,657 Command to send: m
d
o22
e

2022-02-28 00:44:30,657 Answer received: !yv
2022-02-28 00:44:30,657 Command to send: m
d
o23
e

2022-02-28 00:44:30,657 Answer received: !yv
2022-02-28 00:44:30,657 Command to send: m
d
o24
e

2022-02-28 00:44:30,658 Answer received: !yv
2022-02-28 00:44:30,658 Command to send: m
d
o25
e

2022-02-28 00:44:30,658 Answer received: !yv
2022-02-28 00:44:30,658 Command to send: m
d
o26
e

2022-02-28 00:44:30,658 Answer received: !yv
2022-02-28 00:44:30,658 Command to send: m
d
o27
e

2022-02-28 00:44:30,659 Answer received: !yv
2022-02-28 00:44:30,659 Command to send: m
d
o30
e

2022-02-28 00:44:30,659 Answer received: !yv
2022-02-28 00:44:30,659 Command to send: m
d
o31
e

2022-02-28 00:44:30,659 Answer received: !yv
2022-02-28 00:44:30,659 Command to send: m
d
o32
e

2022-02-28 00:44:30,659 Answer received: !yv
2022-02-28 00:44:30,660 Command to send: m
d
o33
e

2022-02-28 00:44:30,660 Answer received: !yv
2022-02-28 00:44:30,660 Command to send: m
d
o34
e

2022-02-28 00:44:30,660 Answer received: !yv
2022-02-28 00:44:30,660 Command to send: m
d
o35
e

2022-02-28 00:44:30,660 Answer received: !yv
2022-02-28 00:44:30,661 Command to send: m
d
o36
e

2022-02-28 00:44:30,661 Answer received: !yv
2022-02-28 00:44:30,661 Command to send: m
d
o37
e

2022-02-28 00:44:30,661 Answer received: !yv
2022-02-28 00:44:30,661 Command to send: m
d
o38
e

2022-02-28 00:44:30,661 Answer received: !yv
2022-02-28 00:44:30,661 Command to send: m
d
o39
e

2022-02-28 00:44:30,662 Answer received: !yv
2022-02-28 00:44:30,662 Command to send: m
d
o40
e

2022-02-28 00:44:30,662 Answer received: !yv
2022-02-28 00:44:30,662 Command to send: m
d
o41
e

2022-02-28 00:44:30,662 Answer received: !yv
2022-02-28 00:44:30,662 Command to send: m
d
o42
e

2022-02-28 00:44:30,662 Answer received: !yv
2022-02-28 00:44:30,662 Command to send: m
d
o43
e

2022-02-28 00:44:30,663 Answer received: !yv
2022-02-28 00:44:30,663 Command to send: m
d
o44
e

2022-02-28 00:44:30,663 Answer received: !yv
2022-02-28 00:44:30,663 Command to send: m
d
o45
e

2022-02-28 00:44:30,663 Answer received: !yv
2022-02-28 00:44:30,664 Command to send: m
d
o46
e

2022-02-28 00:44:30,664 Answer received: !yv
2022-02-28 00:44:30,664 Command to send: m
d
o54
e

2022-02-28 00:44:30,664 Answer received: !yv
2022-02-28 00:44:30,664 Command to send: m
d
o55
e

2022-02-28 00:44:30,665 Answer received: !yv
2022-02-28 00:44:30,665 Command to send: m
d
o56
e

2022-02-28 00:44:30,665 Answer received: !yv
2022-02-28 00:44:30,665 Command to send: m
d
o61
e

2022-02-28 00:44:30,665 Answer received: !yv
2022-02-28 00:44:30,665 Command to send: m
d
o69
e

2022-02-28 00:44:30,666 Answer received: !yv
2022-02-28 00:44:31,941 Answer received: !yL116
2022-02-28 00:44:31,941 writing data to snowflake, 116 records inserted to resentation table
2022-02-28 00:44:31,942 Command to send: c
o71
write
e

2022-02-28 00:44:31,951 Answer received: !yro72
2022-02-28 00:44:31,951 Command to send: c
o72
format
ssnowflake
e

2022-02-28 00:44:31,954 Answer received: !yro73
2022-02-28 00:44:31,954 Command to send: c
o73
option
ssfURL
szu02863.ap-south-1.aws.snowflakecomputing.com
e

2022-02-28 00:44:31,955 Answer received: !yro74
2022-02-28 00:44:31,955 Command to send: c
o74
option
ssfAccount
szu02863.ap-south-1.aws
e

2022-02-28 00:44:31,955 Answer received: !yro75
2022-02-28 00:44:31,956 Command to send: c
o75
option
ssfUser
scoolkeonjhar
e

2022-02-28 00:44:31,956 Answer received: !yro76
2022-02-28 00:44:31,956 Command to send: c
o76
option
ssfPassword
sAmrita@123
e

2022-02-28 00:44:31,957 Answer received: !yro77
2022-02-28 00:44:31,957 Command to send: c
o77
option
ssfDatabase
sNIMBUS_MAPS
e

2022-02-28 00:44:31,957 Answer received: !yro78
2022-02-28 00:44:31,957 Command to send: c
o78
option
ssfSchema
sPRESENTATION
e

2022-02-28 00:44:31,958 Answer received: !yro79
2022-02-28 00:44:31,958 Command to send: c
o79
option
ssfWarehouse
sSNOW_LARGE_VWH
e

2022-02-28 00:44:31,959 Answer received: !yro80
2022-02-28 00:44:31,959 Command to send: c
o80
option
ssfRole
sACCOUNTADMIN
e

2022-02-28 00:44:31,960 Answer received: !yro81
2022-02-28 00:44:31,960 Command to send: c
o81
option
sdbtable
sNIMBUS_MAPS.PRESENTATION.DECISION_DATA_PRES
e

2022-02-28 00:44:31,961 Answer received: !yro82
2022-02-28 00:44:31,961 Command to send: c
o82
mode
sappend
e

2022-02-28 00:44:31,962 Answer received: !yro83
2022-02-28 00:44:31,962 Command to send: c
o83
option
sheader
strue
e

2022-02-28 00:44:31,963 Answer received: !yro84
2022-02-28 00:44:31,963 Command to send: c
o84
save
e

2022-02-28 00:44:39,490 Answer received: !yv
2022-02-28 00:44:39,490 Data processed successfully Exiting
2022-02-28 00:44:39,490 Command to send: c
o18
stop
e

2022-02-28 00:44:39,577 Answer received: !yv
