2022-02-28 12:12:47,212 spark session started 
2022-02-28 12:12:52,029 GatewayClient.address is deprecated and will be removed in version 1.0. Use GatewayParameters instead.
2022-02-28 12:12:52,030 Command to send: A
42d51dac488c84e7c2ee11c710fec233285d1745904543e101563d3a0623af00

2022-02-28 12:12:52,047 Answer received: !yv
2022-02-28 12:12:52,047 Command to send: j
i
rj
org.apache.spark.SparkConf
e

2022-02-28 12:12:52,049 Answer received: !yv
2022-02-28 12:12:52,049 Command to send: j
i
rj
org.apache.spark.api.java.*
e

2022-02-28 12:12:52,050 Answer received: !yv
2022-02-28 12:12:52,050 Command to send: j
i
rj
org.apache.spark.api.python.*
e

2022-02-28 12:12:52,050 Answer received: !yv
2022-02-28 12:12:52,050 Command to send: j
i
rj
org.apache.spark.ml.python.*
e

2022-02-28 12:12:52,051 Answer received: !yv
2022-02-28 12:12:52,051 Command to send: j
i
rj
org.apache.spark.mllib.api.python.*
e

2022-02-28 12:12:52,051 Answer received: !yv
2022-02-28 12:12:52,051 Command to send: j
i
rj
org.apache.spark.resource.*
e

2022-02-28 12:12:52,052 Answer received: !yv
2022-02-28 12:12:52,052 Command to send: j
i
rj
org.apache.spark.sql.*
e

2022-02-28 12:12:52,052 Answer received: !yv
2022-02-28 12:12:52,052 Command to send: j
i
rj
org.apache.spark.sql.api.python.*
e

2022-02-28 12:12:52,053 Answer received: !yv
2022-02-28 12:12:52,053 Command to send: j
i
rj
org.apache.spark.sql.hive.*
e

2022-02-28 12:12:52,053 Answer received: !yv
2022-02-28 12:12:52,053 Command to send: j
i
rj
scala.Tuple2
e

2022-02-28 12:12:52,053 Answer received: !yv
2022-02-28 12:12:52,054 Command to send: r
u
SparkConf
rj
e

2022-02-28 12:12:52,077 Answer received: !ycorg.apache.spark.SparkConf
2022-02-28 12:12:52,078 Command to send: i
org.apache.spark.SparkConf
bTrue
e

2022-02-28 12:12:52,084 Answer received: !yro0
2022-02-28 12:12:52,084 Command to send: c
o0
set
sspark.master
slocal
e

2022-02-28 12:12:52,089 Answer received: !yro1
2022-02-28 12:12:52,089 Command to send: c
o0
set
sspark.app.name
swiki-changes-event-consumer
e

2022-02-28 12:12:52,089 Answer received: !yro2
2022-02-28 12:12:52,090 Command to send: c
o0
set
sspark.jars.packages
sorg.apache.spark:spark-sql-kafka-0-10_2.12:3.2.1,net.snowflake:spark-snowflake_2.12:2.10.0-spark_3.2
e

2022-02-28 12:12:52,090 Answer received: !yro3
2022-02-28 12:12:52,090 Command to send: c
o0
contains
sspark.serializer.objectStreamReset
e

2022-02-28 12:12:52,091 Answer received: !ybfalse
2022-02-28 12:12:52,091 Command to send: c
o0
set
sspark.serializer.objectStreamReset
s100
e

2022-02-28 12:12:52,091 Answer received: !yro4
2022-02-28 12:12:52,091 Command to send: c
o0
contains
sspark.rdd.compress
e

2022-02-28 12:12:52,092 Answer received: !ybfalse
2022-02-28 12:12:52,092 Command to send: c
o0
set
sspark.rdd.compress
sTrue
e

2022-02-28 12:12:52,092 Answer received: !yro5
2022-02-28 12:12:52,093 Command to send: c
o0
contains
sspark.master
e

2022-02-28 12:12:52,093 Answer received: !ybtrue
2022-02-28 12:12:52,093 Command to send: c
o0
contains
sspark.app.name
e

2022-02-28 12:12:52,093 Answer received: !ybtrue
2022-02-28 12:12:52,094 Command to send: c
o0
contains
sspark.master
e

2022-02-28 12:12:52,094 Answer received: !ybtrue
2022-02-28 12:12:52,094 Command to send: c
o0
get
sspark.master
e

2022-02-28 12:12:52,095 Answer received: !yslocal
2022-02-28 12:12:52,095 Command to send: c
o0
contains
sspark.app.name
e

2022-02-28 12:12:52,095 Answer received: !ybtrue
2022-02-28 12:12:52,096 Command to send: c
o0
get
sspark.app.name
e

2022-02-28 12:12:52,096 Answer received: !yswiki-changes-event-consumer
2022-02-28 12:12:52,096 Command to send: c
o0
contains
sspark.home
e

2022-02-28 12:12:52,097 Answer received: !ybfalse
2022-02-28 12:12:52,097 Command to send: c
o0
getAll
e

2022-02-28 12:12:52,098 Answer received: !yto6
2022-02-28 12:12:52,098 Command to send: a
e
o6
e

2022-02-28 12:12:52,098 Answer received: !yi11
2022-02-28 12:12:52,098 Command to send: a
g
o6
i0
e

2022-02-28 12:12:52,099 Answer received: !yro7
2022-02-28 12:12:52,099 Command to send: c
o7
_1
e

2022-02-28 12:12:52,099 Answer received: !ysspark.master
2022-02-28 12:12:52,100 Command to send: c
o7
_2
e

2022-02-28 12:12:52,100 Answer received: !yslocal
2022-02-28 12:12:52,100 Command to send: a
e
o6
e

2022-02-28 12:12:52,100 Answer received: !yi11
2022-02-28 12:12:52,100 Command to send: a
g
o6
i1
e

2022-02-28 12:12:52,101 Answer received: !yro8
2022-02-28 12:12:52,101 Command to send: c
o8
_1
e

2022-02-28 12:12:52,101 Answer received: !ysspark.app.name
2022-02-28 12:12:52,101 Command to send: c
o8
_2
e

2022-02-28 12:12:52,101 Answer received: !yswiki-changes-event-consumer
2022-02-28 12:12:52,101 Command to send: a
e
o6
e

2022-02-28 12:12:52,102 Answer received: !yi11
2022-02-28 12:12:52,102 Command to send: a
g
o6
i2
e

2022-02-28 12:12:52,102 Answer received: !yro9
2022-02-28 12:12:52,102 Command to send: c
o9
_1
e

2022-02-28 12:12:52,102 Answer received: !ysspark.rdd.compress
2022-02-28 12:12:52,102 Command to send: c
o9
_2
e

2022-02-28 12:12:52,103 Answer received: !ysTrue
2022-02-28 12:12:52,103 Command to send: a
e
o6
e

2022-02-28 12:12:52,103 Answer received: !yi11
2022-02-28 12:12:52,103 Command to send: a
g
o6
i3
e

2022-02-28 12:12:52,103 Answer received: !yro10
2022-02-28 12:12:52,104 Command to send: c
o10
_1
e

2022-02-28 12:12:52,104 Answer received: !ysspark.jars
2022-02-28 12:12:52,104 Command to send: c
o10
_2
e

2022-02-28 12:12:52,105 Answer received: !ysfile:///home/suman/.ivy2/jars/org.apache.spark_spark-sql-kafka-0-10_2.12-3.2.1.jar,file:///home/suman/.ivy2/jars/net.snowflake_spark-snowflake_2.12-2.10.0-spark_3.2.jar,file:///home/suman/.ivy2/jars/org.apache.spark_spark-token-provider-kafka-0-10_2.12-3.2.1.jar,file:///home/suman/.ivy2/jars/org.apache.kafka_kafka-clients-2.8.0.jar,file:///home/suman/.ivy2/jars/com.google.code.findbugs_jsr305-3.0.0.jar,file:///home/suman/.ivy2/jars/org.apache.commons_commons-pool2-2.6.2.jar,file:///home/suman/.ivy2/jars/org.spark-project.spark_unused-1.0.0.jar,file:///home/suman/.ivy2/jars/org.apache.hadoop_hadoop-client-runtime-3.3.1.jar,file:///home/suman/.ivy2/jars/org.lz4_lz4-java-1.7.1.jar,file:///home/suman/.ivy2/jars/org.xerial.snappy_snappy-java-1.1.8.4.jar,file:///home/suman/.ivy2/jars/org.slf4j_slf4j-api-1.7.30.jar,file:///home/suman/.ivy2/jars/org.apache.hadoop_hadoop-client-api-3.3.1.jar,file:///home/suman/.ivy2/jars/org.apache.htrace_htrace-core4-4.1.0-incubating.jar,file:///home/suman/.ivy2/jars/commons-logging_commons-logging-1.1.3.jar,file:///home/suman/.ivy2/jars/net.snowflake_snowflake-ingest-sdk-0.10.3.jar,file:///home/suman/.ivy2/jars/net.snowflake_snowflake-jdbc-3.13.14.jar
2022-02-28 12:12:52,105 Command to send: a
e
o6
e

2022-02-28 12:12:52,105 Answer received: !yi11
2022-02-28 12:12:52,105 Command to send: a
g
o6
i4
e

2022-02-28 12:12:52,105 Answer received: !yro11
2022-02-28 12:12:52,108 Command to send: c
o11
_1
e

2022-02-28 12:12:52,108 Answer received: !ysspark.files
2022-02-28 12:12:52,109 Command to send: c
o11
_2
e

2022-02-28 12:12:52,109 Answer received: !ysfile:///home/suman/.ivy2/jars/org.apache.spark_spark-sql-kafka-0-10_2.12-3.2.1.jar,file:///home/suman/.ivy2/jars/net.snowflake_spark-snowflake_2.12-2.10.0-spark_3.2.jar,file:///home/suman/.ivy2/jars/org.apache.spark_spark-token-provider-kafka-0-10_2.12-3.2.1.jar,file:///home/suman/.ivy2/jars/org.apache.kafka_kafka-clients-2.8.0.jar,file:///home/suman/.ivy2/jars/com.google.code.findbugs_jsr305-3.0.0.jar,file:///home/suman/.ivy2/jars/org.apache.commons_commons-pool2-2.6.2.jar,file:///home/suman/.ivy2/jars/org.spark-project.spark_unused-1.0.0.jar,file:///home/suman/.ivy2/jars/org.apache.hadoop_hadoop-client-runtime-3.3.1.jar,file:///home/suman/.ivy2/jars/org.lz4_lz4-java-1.7.1.jar,file:///home/suman/.ivy2/jars/org.xerial.snappy_snappy-java-1.1.8.4.jar,file:///home/suman/.ivy2/jars/org.slf4j_slf4j-api-1.7.30.jar,file:///home/suman/.ivy2/jars/org.apache.hadoop_hadoop-client-api-3.3.1.jar,file:///home/suman/.ivy2/jars/org.apache.htrace_htrace-core4-4.1.0-incubating.jar,file:///home/suman/.ivy2/jars/commons-logging_commons-logging-1.1.3.jar,file:///home/suman/.ivy2/jars/net.snowflake_snowflake-ingest-sdk-0.10.3.jar,file:///home/suman/.ivy2/jars/net.snowflake_snowflake-jdbc-3.13.14.jar
2022-02-28 12:12:52,109 Command to send: a
e
o6
e

2022-02-28 12:12:52,110 Answer received: !yi11
2022-02-28 12:12:52,110 Command to send: a
g
o6
i5
e

2022-02-28 12:12:52,110 Answer received: !yro12
2022-02-28 12:12:52,110 Command to send: c
o12
_1
e

2022-02-28 12:12:52,111 Answer received: !ysspark.serializer.objectStreamReset
2022-02-28 12:12:52,111 Command to send: c
o12
_2
e

2022-02-28 12:12:52,112 Answer received: !ys100
2022-02-28 12:12:52,112 Command to send: a
e
o6
e

2022-02-28 12:12:52,112 Answer received: !yi11
2022-02-28 12:12:52,112 Command to send: a
g
o6
i6
e

2022-02-28 12:12:52,113 Answer received: !yro13
2022-02-28 12:12:52,113 Command to send: c
o13
_1
e

2022-02-28 12:12:52,113 Answer received: !ysspark.submit.pyFiles
2022-02-28 12:12:52,114 Command to send: c
o13
_2
e

2022-02-28 12:12:52,114 Answer received: !ys/home/suman/.ivy2/jars/org.apache.spark_spark-sql-kafka-0-10_2.12-3.2.1.jar,/home/suman/.ivy2/jars/net.snowflake_spark-snowflake_2.12-2.10.0-spark_3.2.jar,/home/suman/.ivy2/jars/org.apache.spark_spark-token-provider-kafka-0-10_2.12-3.2.1.jar,/home/suman/.ivy2/jars/org.apache.kafka_kafka-clients-2.8.0.jar,/home/suman/.ivy2/jars/com.google.code.findbugs_jsr305-3.0.0.jar,/home/suman/.ivy2/jars/org.apache.commons_commons-pool2-2.6.2.jar,/home/suman/.ivy2/jars/org.spark-project.spark_unused-1.0.0.jar,/home/suman/.ivy2/jars/org.apache.hadoop_hadoop-client-runtime-3.3.1.jar,/home/suman/.ivy2/jars/org.lz4_lz4-java-1.7.1.jar,/home/suman/.ivy2/jars/org.xerial.snappy_snappy-java-1.1.8.4.jar,/home/suman/.ivy2/jars/org.slf4j_slf4j-api-1.7.30.jar,/home/suman/.ivy2/jars/org.apache.hadoop_hadoop-client-api-3.3.1.jar,/home/suman/.ivy2/jars/org.apache.htrace_htrace-core4-4.1.0-incubating.jar,/home/suman/.ivy2/jars/commons-logging_commons-logging-1.1.3.jar,/home/suman/.ivy2/jars/net.snowflake_snowflake-ingest-sdk-0.10.3.jar,/home/suman/.ivy2/jars/net.snowflake_snowflake-jdbc-3.13.14.jar
2022-02-28 12:12:52,114 Command to send: a
e
o6
e

2022-02-28 12:12:52,114 Answer received: !yi11
2022-02-28 12:12:52,114 Command to send: a
g
o6
i7
e

2022-02-28 12:12:52,115 Answer received: !yro14
2022-02-28 12:12:52,115 Command to send: c
o14
_1
e

2022-02-28 12:12:52,115 Answer received: !ysspark.repl.local.jars
2022-02-28 12:12:52,115 Command to send: c
o14
_2
e

2022-02-28 12:12:52,116 Answer received: !ysfile:///home/suman/.ivy2/jars/org.apache.spark_spark-sql-kafka-0-10_2.12-3.2.1.jar,file:///home/suman/.ivy2/jars/net.snowflake_spark-snowflake_2.12-2.10.0-spark_3.2.jar,file:///home/suman/.ivy2/jars/org.apache.spark_spark-token-provider-kafka-0-10_2.12-3.2.1.jar,file:///home/suman/.ivy2/jars/org.apache.kafka_kafka-clients-2.8.0.jar,file:///home/suman/.ivy2/jars/com.google.code.findbugs_jsr305-3.0.0.jar,file:///home/suman/.ivy2/jars/org.apache.commons_commons-pool2-2.6.2.jar,file:///home/suman/.ivy2/jars/org.spark-project.spark_unused-1.0.0.jar,file:///home/suman/.ivy2/jars/org.apache.hadoop_hadoop-client-runtime-3.3.1.jar,file:///home/suman/.ivy2/jars/org.lz4_lz4-java-1.7.1.jar,file:///home/suman/.ivy2/jars/org.xerial.snappy_snappy-java-1.1.8.4.jar,file:///home/suman/.ivy2/jars/org.slf4j_slf4j-api-1.7.30.jar,file:///home/suman/.ivy2/jars/org.apache.hadoop_hadoop-client-api-3.3.1.jar,file:///home/suman/.ivy2/jars/org.apache.htrace_htrace-core4-4.1.0-incubating.jar,file:///home/suman/.ivy2/jars/commons-logging_commons-logging-1.1.3.jar,file:///home/suman/.ivy2/jars/net.snowflake_snowflake-ingest-sdk-0.10.3.jar,file:///home/suman/.ivy2/jars/net.snowflake_snowflake-jdbc-3.13.14.jar
2022-02-28 12:12:52,116 Command to send: a
e
o6
e

2022-02-28 12:12:52,116 Answer received: !yi11
2022-02-28 12:12:52,116 Command to send: a
g
o6
i8
e

2022-02-28 12:12:52,117 Answer received: !yro15
2022-02-28 12:12:52,117 Command to send: c
o15
_1
e

2022-02-28 12:12:52,117 Answer received: !ysspark.submit.deployMode
2022-02-28 12:12:52,117 Command to send: c
o15
_2
e

2022-02-28 12:12:52,117 Answer received: !ysclient
2022-02-28 12:12:52,118 Command to send: a
e
o6
e

2022-02-28 12:12:52,118 Answer received: !yi11
2022-02-28 12:12:52,118 Command to send: a
g
o6
i9
e

2022-02-28 12:12:52,118 Answer received: !yro16
2022-02-28 12:12:52,118 Command to send: c
o16
_1
e

2022-02-28 12:12:52,119 Answer received: !ysspark.jars.packages
2022-02-28 12:12:52,119 Command to send: c
o16
_2
e

2022-02-28 12:12:52,119 Answer received: !ysorg.apache.spark:spark-sql-kafka-0-10_2.12:3.2.1,net.snowflake:spark-snowflake_2.12:2.10.0-spark_3.2
2022-02-28 12:12:52,119 Command to send: a
e
o6
e

2022-02-28 12:12:52,119 Answer received: !yi11
2022-02-28 12:12:52,119 Command to send: a
g
o6
i10
e

2022-02-28 12:12:52,120 Answer received: !yro17
2022-02-28 12:12:52,120 Command to send: c
o17
_1
e

2022-02-28 12:12:52,120 Answer received: !ysspark.ui.showConsoleProgress
2022-02-28 12:12:52,120 Command to send: c
o17
_2
e

2022-02-28 12:12:52,121 Answer received: !ystrue
2022-02-28 12:12:52,121 Command to send: a
e
o6
e

2022-02-28 12:12:52,121 Answer received: !yi11
2022-02-28 12:12:52,121 Command to send: r
u
JavaSparkContext
rj
e

2022-02-28 12:12:52,139 Answer received: !ycorg.apache.spark.api.java.JavaSparkContext
2022-02-28 12:12:52,139 Command to send: i
org.apache.spark.api.java.JavaSparkContext
ro0
e

2022-02-28 12:12:53,031 Command to send: A
42d51dac488c84e7c2ee11c710fec233285d1745904543e101563d3a0623af00

2022-02-28 12:12:53,044 Answer received: !yv
2022-02-28 12:12:53,045 Command to send: m
d
o1
e

2022-02-28 12:12:53,046 Answer received: !yv
2022-02-28 12:12:53,046 Command to send: m
d
o2
e

2022-02-28 12:12:53,047 Answer received: !yv
2022-02-28 12:12:53,047 Command to send: m
d
o3
e

2022-02-28 12:12:53,047 Answer received: !yv
2022-02-28 12:12:53,047 Command to send: m
d
o4
e

2022-02-28 12:12:53,048 Answer received: !yv
2022-02-28 12:12:53,048 Command to send: m
d
o5
e

2022-02-28 12:12:53,056 Answer received: !yv
2022-02-28 12:12:53,056 Command to send: m
d
o6
e

2022-02-28 12:12:53,056 Answer received: !yv
2022-02-28 12:12:56,141 Answer received: !yro18
2022-02-28 12:12:56,141 Command to send: c
o18
sc
e

2022-02-28 12:12:56,145 Answer received: !yro19
2022-02-28 12:12:56,145 Command to send: c
o19
conf
e

2022-02-28 12:12:56,156 Answer received: !yro20
2022-02-28 12:12:56,157 Command to send: r
u
PythonAccumulatorV2
rj
e

2022-02-28 12:12:56,159 Answer received: !ycorg.apache.spark.api.python.PythonAccumulatorV2
2022-02-28 12:12:56,160 Command to send: i
org.apache.spark.api.python.PythonAccumulatorV2
s127.0.0.1
i42771
s42d51dac488c84e7c2ee11c710fec233285d1745904543e101563d3a0623af00
e

2022-02-28 12:12:56,160 Answer received: !yro21
2022-02-28 12:12:56,161 Command to send: c
o18
sc
e

2022-02-28 12:12:56,161 Answer received: !yro22
2022-02-28 12:12:56,161 Command to send: c
o22
register
ro21
e

2022-02-28 12:12:56,164 Answer received: !yv
2022-02-28 12:12:56,164 Command to send: r
u
PythonUtils
rj
e

2022-02-28 12:12:56,166 Answer received: !ycorg.apache.spark.api.python.PythonUtils
2022-02-28 12:12:56,166 Command to send: r
m
org.apache.spark.api.python.PythonUtils
isEncryptionEnabled
e

2022-02-28 12:12:56,166 Answer received: !ym
2022-02-28 12:12:56,167 Command to send: c
z:org.apache.spark.api.python.PythonUtils
isEncryptionEnabled
ro18
e

2022-02-28 12:12:56,169 Answer received: !ybfalse
2022-02-28 12:12:56,169 Command to send: r
u
PythonUtils
rj
e

2022-02-28 12:12:56,170 Answer received: !ycorg.apache.spark.api.python.PythonUtils
2022-02-28 12:12:56,170 Command to send: r
m
org.apache.spark.api.python.PythonUtils
getPythonAuthSocketTimeout
e

2022-02-28 12:12:56,171 Answer received: !ym
2022-02-28 12:12:56,171 Command to send: c
z:org.apache.spark.api.python.PythonUtils
getPythonAuthSocketTimeout
ro18
e

2022-02-28 12:12:56,171 Answer received: !yL15
2022-02-28 12:12:56,171 Command to send: r
u
PythonUtils
rj
e

2022-02-28 12:12:56,172 Answer received: !ycorg.apache.spark.api.python.PythonUtils
2022-02-28 12:12:56,172 Command to send: r
m
org.apache.spark.api.python.PythonUtils
getSparkBufferSize
e

2022-02-28 12:12:56,173 Answer received: !ym
2022-02-28 12:12:56,173 Command to send: c
z:org.apache.spark.api.python.PythonUtils
getSparkBufferSize
ro18
e

2022-02-28 12:12:56,173 Answer received: !yi65536
2022-02-28 12:12:56,173 Command to send: r
u
org
rj
e

2022-02-28 12:12:56,175 Answer received: !yp
2022-02-28 12:12:56,175 Command to send: r
u
org.apache
rj
e

2022-02-28 12:12:56,176 Answer received: !yp
2022-02-28 12:12:56,176 Command to send: r
u
org.apache.spark
rj
e

2022-02-28 12:12:56,177 Answer received: !yp
2022-02-28 12:12:56,177 Command to send: r
u
org.apache.spark.SparkFiles
rj
e

2022-02-28 12:12:56,177 Answer received: !ycorg.apache.spark.SparkFiles
2022-02-28 12:12:56,178 Command to send: r
m
org.apache.spark.SparkFiles
getRootDirectory
e

2022-02-28 12:12:56,178 Answer received: !ym
2022-02-28 12:12:56,178 Command to send: c
z:org.apache.spark.SparkFiles
getRootDirectory
e

2022-02-28 12:12:56,179 Answer received: !ys/tmp/spark-644e3016-ae42-408f-ac96-526c12fcbfc7/userFiles-b542d9aa-ff4c-4124-a691-cc2fa5a86254
2022-02-28 12:12:56,179 Command to send: c
o20
get
sspark.submit.pyFiles
s
e

2022-02-28 12:12:56,180 Answer received: !ys/home/suman/.ivy2/jars/org.apache.spark_spark-sql-kafka-0-10_2.12-3.2.1.jar,/home/suman/.ivy2/jars/net.snowflake_spark-snowflake_2.12-2.10.0-spark_3.2.jar,/home/suman/.ivy2/jars/org.apache.spark_spark-token-provider-kafka-0-10_2.12-3.2.1.jar,/home/suman/.ivy2/jars/org.apache.kafka_kafka-clients-2.8.0.jar,/home/suman/.ivy2/jars/com.google.code.findbugs_jsr305-3.0.0.jar,/home/suman/.ivy2/jars/org.apache.commons_commons-pool2-2.6.2.jar,/home/suman/.ivy2/jars/org.spark-project.spark_unused-1.0.0.jar,/home/suman/.ivy2/jars/org.apache.hadoop_hadoop-client-runtime-3.3.1.jar,/home/suman/.ivy2/jars/org.lz4_lz4-java-1.7.1.jar,/home/suman/.ivy2/jars/org.xerial.snappy_snappy-java-1.1.8.4.jar,/home/suman/.ivy2/jars/org.slf4j_slf4j-api-1.7.30.jar,/home/suman/.ivy2/jars/org.apache.hadoop_hadoop-client-api-3.3.1.jar,/home/suman/.ivy2/jars/org.apache.htrace_htrace-core4-4.1.0-incubating.jar,/home/suman/.ivy2/jars/commons-logging_commons-logging-1.1.3.jar,/home/suman/.ivy2/jars/net.snowflake_snowflake-ingest-sdk-0.10.3.jar,/home/suman/.ivy2/jars/net.snowflake_snowflake-jdbc-3.13.14.jar
2022-02-28 12:12:56,180 Command to send: r
u
org
rj
e

2022-02-28 12:12:56,182 Answer received: !yp
2022-02-28 12:12:56,182 Command to send: r
u
org.apache
rj
e

2022-02-28 12:12:56,183 Answer received: !yp
2022-02-28 12:12:56,183 Command to send: r
u
org.apache.spark
rj
e

2022-02-28 12:12:56,184 Answer received: !yp
2022-02-28 12:12:56,184 Command to send: r
u
org.apache.spark.SparkFiles
rj
e

2022-02-28 12:12:56,184 Answer received: !ycorg.apache.spark.SparkFiles
2022-02-28 12:12:56,184 Command to send: r
m
org.apache.spark.SparkFiles
getRootDirectory
e

2022-02-28 12:12:56,185 Answer received: !ym
2022-02-28 12:12:56,185 Command to send: c
z:org.apache.spark.SparkFiles
getRootDirectory
e

2022-02-28 12:12:56,185 Answer received: !ys/tmp/spark-644e3016-ae42-408f-ac96-526c12fcbfc7/userFiles-b542d9aa-ff4c-4124-a691-cc2fa5a86254
2022-02-28 12:12:56,185 Command to send: r
u
org
rj
e

2022-02-28 12:12:56,187 Answer received: !yp
2022-02-28 12:12:56,188 Command to send: r
u
org.apache
rj
e

2022-02-28 12:12:56,188 Answer received: !yp
2022-02-28 12:12:56,189 Command to send: r
u
org.apache.spark
rj
e

2022-02-28 12:12:56,189 Answer received: !yp
2022-02-28 12:12:56,189 Command to send: r
u
org.apache.spark.SparkFiles
rj
e

2022-02-28 12:12:56,190 Answer received: !ycorg.apache.spark.SparkFiles
2022-02-28 12:12:56,190 Command to send: r
m
org.apache.spark.SparkFiles
getRootDirectory
e

2022-02-28 12:12:56,190 Answer received: !ym
2022-02-28 12:12:56,190 Command to send: c
z:org.apache.spark.SparkFiles
getRootDirectory
e

2022-02-28 12:12:56,190 Answer received: !ys/tmp/spark-644e3016-ae42-408f-ac96-526c12fcbfc7/userFiles-b542d9aa-ff4c-4124-a691-cc2fa5a86254
2022-02-28 12:12:56,190 Command to send: r
u
org
rj
e

2022-02-28 12:12:56,192 Answer received: !yp
2022-02-28 12:12:56,192 Command to send: r
u
org.apache
rj
e

2022-02-28 12:12:56,193 Answer received: !yp
2022-02-28 12:12:56,193 Command to send: r
u
org.apache.spark
rj
e

2022-02-28 12:12:56,193 Answer received: !yp
2022-02-28 12:12:56,193 Command to send: r
u
org.apache.spark.SparkFiles
rj
e

2022-02-28 12:12:56,194 Answer received: !ycorg.apache.spark.SparkFiles
2022-02-28 12:12:56,194 Command to send: r
m
org.apache.spark.SparkFiles
getRootDirectory
e

2022-02-28 12:12:56,194 Answer received: !ym
2022-02-28 12:12:56,194 Command to send: c
z:org.apache.spark.SparkFiles
getRootDirectory
e

2022-02-28 12:12:56,194 Answer received: !ys/tmp/spark-644e3016-ae42-408f-ac96-526c12fcbfc7/userFiles-b542d9aa-ff4c-4124-a691-cc2fa5a86254
2022-02-28 12:12:56,194 Command to send: r
u
org
rj
e

2022-02-28 12:12:56,196 Answer received: !yp
2022-02-28 12:12:56,196 Command to send: r
u
org.apache
rj
e

2022-02-28 12:12:56,197 Answer received: !yp
2022-02-28 12:12:56,197 Command to send: r
u
org.apache.spark
rj
e

2022-02-28 12:12:56,197 Answer received: !yp
2022-02-28 12:12:56,197 Command to send: r
u
org.apache.spark.SparkFiles
rj
e

2022-02-28 12:12:56,198 Answer received: !ycorg.apache.spark.SparkFiles
2022-02-28 12:12:56,198 Command to send: r
m
org.apache.spark.SparkFiles
getRootDirectory
e

2022-02-28 12:12:56,198 Answer received: !ym
2022-02-28 12:12:56,198 Command to send: c
z:org.apache.spark.SparkFiles
getRootDirectory
e

2022-02-28 12:12:56,198 Answer received: !ys/tmp/spark-644e3016-ae42-408f-ac96-526c12fcbfc7/userFiles-b542d9aa-ff4c-4124-a691-cc2fa5a86254
2022-02-28 12:12:56,199 Command to send: r
u
org
rj
e

2022-02-28 12:12:56,200 Answer received: !yp
2022-02-28 12:12:56,201 Command to send: r
u
org.apache
rj
e

2022-02-28 12:12:56,201 Answer received: !yp
2022-02-28 12:12:56,201 Command to send: r
u
org.apache.spark
rj
e

2022-02-28 12:12:56,202 Answer received: !yp
2022-02-28 12:12:56,202 Command to send: r
u
org.apache.spark.SparkFiles
rj
e

2022-02-28 12:12:56,202 Answer received: !ycorg.apache.spark.SparkFiles
2022-02-28 12:12:56,202 Command to send: r
m
org.apache.spark.SparkFiles
getRootDirectory
e

2022-02-28 12:12:56,203 Answer received: !ym
2022-02-28 12:12:56,203 Command to send: c
z:org.apache.spark.SparkFiles
getRootDirectory
e

2022-02-28 12:12:56,203 Answer received: !ys/tmp/spark-644e3016-ae42-408f-ac96-526c12fcbfc7/userFiles-b542d9aa-ff4c-4124-a691-cc2fa5a86254
2022-02-28 12:12:56,203 Command to send: r
u
org
rj
e

2022-02-28 12:12:56,205 Answer received: !yp
2022-02-28 12:12:56,205 Command to send: r
u
org.apache
rj
e

2022-02-28 12:12:56,206 Answer received: !yp
2022-02-28 12:12:56,206 Command to send: r
u
org.apache.spark
rj
e

2022-02-28 12:12:56,207 Answer received: !yp
2022-02-28 12:12:56,207 Command to send: r
u
org.apache.spark.SparkFiles
rj
e

2022-02-28 12:12:56,207 Answer received: !ycorg.apache.spark.SparkFiles
2022-02-28 12:12:56,207 Command to send: r
m
org.apache.spark.SparkFiles
getRootDirectory
e

2022-02-28 12:12:56,208 Answer received: !ym
2022-02-28 12:12:56,208 Command to send: c
z:org.apache.spark.SparkFiles
getRootDirectory
e

2022-02-28 12:12:56,208 Answer received: !ys/tmp/spark-644e3016-ae42-408f-ac96-526c12fcbfc7/userFiles-b542d9aa-ff4c-4124-a691-cc2fa5a86254
2022-02-28 12:12:56,209 Command to send: r
u
org
rj
e

2022-02-28 12:12:56,211 Answer received: !yp
2022-02-28 12:12:56,212 Command to send: r
u
org.apache
rj
e

2022-02-28 12:12:56,213 Answer received: !yp
2022-02-28 12:12:56,213 Command to send: r
u
org.apache.spark
rj
e

2022-02-28 12:12:56,213 Answer received: !yp
2022-02-28 12:12:56,214 Command to send: r
u
org.apache.spark.SparkFiles
rj
e

2022-02-28 12:12:56,214 Answer received: !ycorg.apache.spark.SparkFiles
2022-02-28 12:12:56,214 Command to send: r
m
org.apache.spark.SparkFiles
getRootDirectory
e

2022-02-28 12:12:56,214 Answer received: !ym
2022-02-28 12:12:56,214 Command to send: c
z:org.apache.spark.SparkFiles
getRootDirectory
e

2022-02-28 12:12:56,215 Answer received: !ys/tmp/spark-644e3016-ae42-408f-ac96-526c12fcbfc7/userFiles-b542d9aa-ff4c-4124-a691-cc2fa5a86254
2022-02-28 12:12:56,215 Command to send: r
u
org
rj
e

2022-02-28 12:12:56,217 Answer received: !yp
2022-02-28 12:12:56,217 Command to send: r
u
org.apache
rj
e

2022-02-28 12:12:56,218 Answer received: !yp
2022-02-28 12:12:56,218 Command to send: r
u
org.apache.spark
rj
e

2022-02-28 12:12:56,219 Answer received: !yp
2022-02-28 12:12:56,219 Command to send: r
u
org.apache.spark.SparkFiles
rj
e

2022-02-28 12:12:56,219 Answer received: !ycorg.apache.spark.SparkFiles
2022-02-28 12:12:56,219 Command to send: r
m
org.apache.spark.SparkFiles
getRootDirectory
e

2022-02-28 12:12:56,220 Answer received: !ym
2022-02-28 12:12:56,220 Command to send: c
z:org.apache.spark.SparkFiles
getRootDirectory
e

2022-02-28 12:12:56,220 Answer received: !ys/tmp/spark-644e3016-ae42-408f-ac96-526c12fcbfc7/userFiles-b542d9aa-ff4c-4124-a691-cc2fa5a86254
2022-02-28 12:12:56,220 Command to send: r
u
org
rj
e

2022-02-28 12:12:56,222 Answer received: !yp
2022-02-28 12:12:56,223 Command to send: r
u
org.apache
rj
e

2022-02-28 12:12:56,223 Answer received: !yp
2022-02-28 12:12:56,223 Command to send: r
u
org.apache.spark
rj
e

2022-02-28 12:12:56,224 Answer received: !yp
2022-02-28 12:12:56,224 Command to send: r
u
org.apache.spark.SparkFiles
rj
e

2022-02-28 12:12:56,224 Answer received: !ycorg.apache.spark.SparkFiles
2022-02-28 12:12:56,224 Command to send: r
m
org.apache.spark.SparkFiles
getRootDirectory
e

2022-02-28 12:12:56,224 Answer received: !ym
2022-02-28 12:12:56,224 Command to send: c
z:org.apache.spark.SparkFiles
getRootDirectory
e

2022-02-28 12:12:56,225 Answer received: !ys/tmp/spark-644e3016-ae42-408f-ac96-526c12fcbfc7/userFiles-b542d9aa-ff4c-4124-a691-cc2fa5a86254
2022-02-28 12:12:56,225 Command to send: r
u
org
rj
e

2022-02-28 12:12:56,227 Answer received: !yp
2022-02-28 12:12:56,227 Command to send: r
u
org.apache
rj
e

2022-02-28 12:12:56,227 Answer received: !yp
2022-02-28 12:12:56,227 Command to send: r
u
org.apache.spark
rj
e

2022-02-28 12:12:56,228 Answer received: !yp
2022-02-28 12:12:56,228 Command to send: r
u
org.apache.spark.SparkFiles
rj
e

2022-02-28 12:12:56,228 Answer received: !ycorg.apache.spark.SparkFiles
2022-02-28 12:12:56,228 Command to send: r
m
org.apache.spark.SparkFiles
getRootDirectory
e

2022-02-28 12:12:56,229 Answer received: !ym
2022-02-28 12:12:56,229 Command to send: c
z:org.apache.spark.SparkFiles
getRootDirectory
e

2022-02-28 12:12:56,229 Answer received: !ys/tmp/spark-644e3016-ae42-408f-ac96-526c12fcbfc7/userFiles-b542d9aa-ff4c-4124-a691-cc2fa5a86254
2022-02-28 12:12:56,229 Command to send: r
u
org
rj
e

2022-02-28 12:12:56,231 Answer received: !yp
2022-02-28 12:12:56,231 Command to send: r
u
org.apache
rj
e

2022-02-28 12:12:56,232 Answer received: !yp
2022-02-28 12:12:56,232 Command to send: r
u
org.apache.spark
rj
e

2022-02-28 12:12:56,232 Answer received: !yp
2022-02-28 12:12:56,232 Command to send: r
u
org.apache.spark.SparkFiles
rj
e

2022-02-28 12:12:56,233 Answer received: !ycorg.apache.spark.SparkFiles
2022-02-28 12:12:56,233 Command to send: r
m
org.apache.spark.SparkFiles
getRootDirectory
e

2022-02-28 12:12:56,233 Answer received: !ym
2022-02-28 12:12:56,233 Command to send: c
z:org.apache.spark.SparkFiles
getRootDirectory
e

2022-02-28 12:12:56,233 Answer received: !ys/tmp/spark-644e3016-ae42-408f-ac96-526c12fcbfc7/userFiles-b542d9aa-ff4c-4124-a691-cc2fa5a86254
2022-02-28 12:12:56,233 Command to send: r
u
org
rj
e

2022-02-28 12:12:56,235 Answer received: !yp
2022-02-28 12:12:56,235 Command to send: r
u
org.apache
rj
e

2022-02-28 12:12:56,236 Answer received: !yp
2022-02-28 12:12:56,236 Command to send: r
u
org.apache.spark
rj
e

2022-02-28 12:12:56,236 Answer received: !yp
2022-02-28 12:12:56,237 Command to send: r
u
org.apache.spark.SparkFiles
rj
e

2022-02-28 12:12:56,237 Answer received: !ycorg.apache.spark.SparkFiles
2022-02-28 12:12:56,237 Command to send: r
m
org.apache.spark.SparkFiles
getRootDirectory
e

2022-02-28 12:12:56,237 Answer received: !ym
2022-02-28 12:12:56,237 Command to send: c
z:org.apache.spark.SparkFiles
getRootDirectory
e

2022-02-28 12:12:56,253 Answer received: !ys/tmp/spark-644e3016-ae42-408f-ac96-526c12fcbfc7/userFiles-b542d9aa-ff4c-4124-a691-cc2fa5a86254
2022-02-28 12:12:56,253 Command to send: r
u
org
rj
e

2022-02-28 12:12:56,255 Answer received: !yp
2022-02-28 12:12:56,255 Command to send: r
u
org.apache
rj
e

2022-02-28 12:12:56,256 Answer received: !yp
2022-02-28 12:12:56,256 Command to send: r
u
org.apache.spark
rj
e

2022-02-28 12:12:56,256 Answer received: !yp
2022-02-28 12:12:56,257 Command to send: r
u
org.apache.spark.SparkFiles
rj
e

2022-02-28 12:12:56,257 Answer received: !ycorg.apache.spark.SparkFiles
2022-02-28 12:12:56,257 Command to send: r
m
org.apache.spark.SparkFiles
getRootDirectory
e

2022-02-28 12:12:56,257 Answer received: !ym
2022-02-28 12:12:56,257 Command to send: c
z:org.apache.spark.SparkFiles
getRootDirectory
e

2022-02-28 12:12:56,257 Answer received: !ys/tmp/spark-644e3016-ae42-408f-ac96-526c12fcbfc7/userFiles-b542d9aa-ff4c-4124-a691-cc2fa5a86254
2022-02-28 12:12:56,258 Command to send: r
u
org
rj
e

2022-02-28 12:12:56,259 Answer received: !yp
2022-02-28 12:12:56,260 Command to send: r
u
org.apache
rj
e

2022-02-28 12:12:56,260 Answer received: !yp
2022-02-28 12:12:56,260 Command to send: r
u
org.apache.spark
rj
e

2022-02-28 12:12:56,261 Answer received: !yp
2022-02-28 12:12:56,261 Command to send: r
u
org.apache.spark.SparkFiles
rj
e

2022-02-28 12:12:56,262 Answer received: !ycorg.apache.spark.SparkFiles
2022-02-28 12:12:56,262 Command to send: r
m
org.apache.spark.SparkFiles
getRootDirectory
e

2022-02-28 12:12:56,262 Answer received: !ym
2022-02-28 12:12:56,263 Command to send: c
z:org.apache.spark.SparkFiles
getRootDirectory
e

2022-02-28 12:12:56,263 Answer received: !ys/tmp/spark-644e3016-ae42-408f-ac96-526c12fcbfc7/userFiles-b542d9aa-ff4c-4124-a691-cc2fa5a86254
2022-02-28 12:12:56,263 Command to send: r
u
org
rj
e

2022-02-28 12:12:56,265 Answer received: !yp
2022-02-28 12:12:56,265 Command to send: r
u
org.apache
rj
e

2022-02-28 12:12:56,267 Answer received: !yp
2022-02-28 12:12:56,267 Command to send: r
u
org.apache.spark
rj
e

2022-02-28 12:12:56,268 Answer received: !yp
2022-02-28 12:12:56,268 Command to send: r
u
org.apache.spark.SparkFiles
rj
e

2022-02-28 12:12:56,269 Answer received: !ycorg.apache.spark.SparkFiles
2022-02-28 12:12:56,269 Command to send: r
m
org.apache.spark.SparkFiles
getRootDirectory
e

2022-02-28 12:12:56,269 Answer received: !ym
2022-02-28 12:12:56,269 Command to send: c
z:org.apache.spark.SparkFiles
getRootDirectory
e

2022-02-28 12:12:56,270 Answer received: !ys/tmp/spark-644e3016-ae42-408f-ac96-526c12fcbfc7/userFiles-b542d9aa-ff4c-4124-a691-cc2fa5a86254
2022-02-28 12:12:56,271 Command to send: r
u
org
rj
e

2022-02-28 12:12:56,272 Answer received: !yp
2022-02-28 12:12:56,272 Command to send: r
u
org.apache
rj
e

2022-02-28 12:12:56,273 Answer received: !yp
2022-02-28 12:12:56,273 Command to send: r
u
org.apache.spark
rj
e

2022-02-28 12:12:56,274 Answer received: !yp
2022-02-28 12:12:56,274 Command to send: r
u
org.apache.spark.SparkFiles
rj
e

2022-02-28 12:12:56,274 Answer received: !ycorg.apache.spark.SparkFiles
2022-02-28 12:12:56,274 Command to send: r
m
org.apache.spark.SparkFiles
getRootDirectory
e

2022-02-28 12:12:56,274 Answer received: !ym
2022-02-28 12:12:56,274 Command to send: c
z:org.apache.spark.SparkFiles
getRootDirectory
e

2022-02-28 12:12:56,275 Answer received: !ys/tmp/spark-644e3016-ae42-408f-ac96-526c12fcbfc7/userFiles-b542d9aa-ff4c-4124-a691-cc2fa5a86254
2022-02-28 12:12:56,275 Command to send: r
u
org
rj
e

2022-02-28 12:12:56,277 Answer received: !yp
2022-02-28 12:12:56,277 Command to send: r
u
org.apache
rj
e

2022-02-28 12:12:56,277 Answer received: !yp
2022-02-28 12:12:56,278 Command to send: r
u
org.apache.spark
rj
e

2022-02-28 12:12:56,278 Answer received: !yp
2022-02-28 12:12:56,278 Command to send: r
u
org.apache.spark.util
rj
e

2022-02-28 12:12:56,279 Answer received: !yp
2022-02-28 12:12:56,279 Command to send: r
u
org.apache.spark.util.Utils
rj
e

2022-02-28 12:12:56,281 Answer received: !ycorg.apache.spark.util.Utils
2022-02-28 12:12:56,281 Command to send: r
m
org.apache.spark.util.Utils
getLocalDir
e

2022-02-28 12:12:56,283 Answer received: !ym
2022-02-28 12:12:56,283 Command to send: c
o18
sc
e

2022-02-28 12:12:56,284 Answer received: !yro23
2022-02-28 12:12:56,284 Command to send: c
o23
conf
e

2022-02-28 12:12:56,284 Answer received: !yro24
2022-02-28 12:12:56,284 Command to send: c
z:org.apache.spark.util.Utils
getLocalDir
ro24
e

2022-02-28 12:12:56,285 Answer received: !ys/tmp/spark-644e3016-ae42-408f-ac96-526c12fcbfc7
2022-02-28 12:12:56,285 Command to send: r
u
org
rj
e

2022-02-28 12:12:56,287 Answer received: !yp
2022-02-28 12:12:56,288 Command to send: r
u
org.apache
rj
e

2022-02-28 12:12:56,288 Answer received: !yp
2022-02-28 12:12:56,288 Command to send: r
u
org.apache.spark
rj
e

2022-02-28 12:12:56,289 Answer received: !yp
2022-02-28 12:12:56,289 Command to send: r
u
org.apache.spark.util
rj
e

2022-02-28 12:12:56,290 Answer received: !yp
2022-02-28 12:12:56,290 Command to send: r
u
org.apache.spark.util.Utils
rj
e

2022-02-28 12:12:56,290 Answer received: !ycorg.apache.spark.util.Utils
2022-02-28 12:12:56,290 Command to send: r
m
org.apache.spark.util.Utils
createTempDir
e

2022-02-28 12:12:56,291 Answer received: !ym
2022-02-28 12:12:56,291 Command to send: c
z:org.apache.spark.util.Utils
createTempDir
s/tmp/spark-644e3016-ae42-408f-ac96-526c12fcbfc7
spyspark
e

2022-02-28 12:12:56,292 Answer received: !yro25
2022-02-28 12:12:56,292 Command to send: c
o25
getAbsolutePath
e

2022-02-28 12:12:56,292 Answer received: !ys/tmp/spark-644e3016-ae42-408f-ac96-526c12fcbfc7/pyspark-6f30fadd-11f2-4c17-bc60-06668943c6ae
2022-02-28 12:12:56,292 Command to send: c
o20
get
sspark.python.profile
sfalse
e

2022-02-28 12:12:56,293 Answer received: !ysfalse
2022-02-28 12:12:56,293 Command to send: r
u
SparkSession
rj
e

2022-02-28 12:12:56,321 Answer received: !ycorg.apache.spark.sql.SparkSession
2022-02-28 12:12:56,321 Command to send: r
m
org.apache.spark.sql.SparkSession
getDefaultSession
e

2022-02-28 12:12:56,351 Answer received: !ym
2022-02-28 12:12:56,351 Command to send: c
z:org.apache.spark.sql.SparkSession
getDefaultSession
e

2022-02-28 12:12:56,354 Answer received: !yro26
2022-02-28 12:12:56,354 Command to send: c
o26
isDefined
e

2022-02-28 12:12:56,354 Answer received: !ybfalse
2022-02-28 12:12:56,355 Command to send: r
u
SparkSession
rj
e

2022-02-28 12:12:56,357 Answer received: !ycorg.apache.spark.sql.SparkSession
2022-02-28 12:12:56,357 Command to send: c
o18
sc
e

2022-02-28 12:12:56,357 Answer received: !yro27
2022-02-28 12:12:56,357 Command to send: i
org.apache.spark.sql.SparkSession
ro27
e

2022-02-28 12:12:56,449 Answer received: !yro28
2022-02-28 12:12:56,449 Command to send: c
o28
sqlContext
e

2022-02-28 12:12:56,449 Answer received: !yro29
2022-02-28 12:12:56,450 Command to send: r
u
SparkSession
rj
e

2022-02-28 12:12:56,451 Answer received: !ycorg.apache.spark.sql.SparkSession
2022-02-28 12:12:56,451 Command to send: r
m
org.apache.spark.sql.SparkSession
setDefaultSession
e

2022-02-28 12:12:56,451 Answer received: !ym
2022-02-28 12:12:56,451 Command to send: c
z:org.apache.spark.sql.SparkSession
setDefaultSession
ro28
e

2022-02-28 12:12:56,452 Answer received: !yv
2022-02-28 12:12:56,452 Command to send: r
u
SparkSession
rj
e

2022-02-28 12:12:56,453 Answer received: !ycorg.apache.spark.sql.SparkSession
2022-02-28 12:12:56,453 Command to send: r
m
org.apache.spark.sql.SparkSession
setActiveSession
e

2022-02-28 12:12:56,454 Answer received: !ym
2022-02-28 12:12:56,454 Command to send: c
z:org.apache.spark.sql.SparkSession
setActiveSession
ro28
e

2022-02-28 12:12:56,454 Answer received: !yv
2022-02-28 12:12:56,454 Command to send: c
o28
sessionState
e

2022-02-28 12:12:57,494 Answer received: !yro30
2022-02-28 12:12:57,495 Command to send: c
o30
conf
e

2022-02-28 12:12:57,496 Answer received: !yro31
2022-02-28 12:12:57,496 Command to send: c
o31
setConfString
sspark.master
slocal
e

2022-02-28 12:12:57,498 Answer received: !yv
2022-02-28 12:12:57,499 Command to send: c
o28
sessionState
e

2022-02-28 12:12:57,499 Answer received: !yro32
2022-02-28 12:12:57,499 Command to send: c
o32
conf
e

2022-02-28 12:12:57,500 Answer received: !yro33
2022-02-28 12:12:57,500 Command to send: c
o33
setConfString
sspark.app.name
swiki-changes-event-consumer
e

2022-02-28 12:12:57,500 Answer received: !yv
2022-02-28 12:12:57,500 Command to send: c
o28
sessionState
e

2022-02-28 12:12:57,501 Answer received: !yro34
2022-02-28 12:12:57,501 Command to send: c
o34
conf
e

2022-02-28 12:12:57,501 Answer received: !yro35
2022-02-28 12:12:57,502 Command to send: c
o35
setConfString
sspark.jars.packages
sorg.apache.spark:spark-sql-kafka-0-10_2.12:3.2.1,net.snowflake:spark-snowflake_2.12:2.10.0-spark_3.2
e

2022-02-28 12:12:57,502 Answer received: !yv
2022-02-28 12:12:57,502 setting up snowflake connections
2022-02-28 12:12:57,502 fetching latest records from RAW table
2022-02-28 12:12:57,503 Command to send: c
o29
read
e

2022-02-28 12:12:57,513 Answer received: !yro36
2022-02-28 12:12:57,514 Command to send: c
o36
format
ssnowflake
e

2022-02-28 12:12:57,522 Answer received: !yro37
2022-02-28 12:12:57,522 Command to send: c
o37
option
ssfURL
szu02863.ap-south-1.aws.snowflakecomputing.com
e

2022-02-28 12:12:57,524 Answer received: !yro38
2022-02-28 12:12:57,525 Command to send: c
o38
option
ssfAccount
szu02863.ap-south-1.aws
e

2022-02-28 12:12:57,525 Answer received: !yro39
2022-02-28 12:12:57,525 Command to send: c
o39
option
ssfUser
scoolkeonjhar
e

2022-02-28 12:12:57,526 Answer received: !yro40
2022-02-28 12:12:57,526 Command to send: c
o40
option
ssfPassword
sAmrita@123
e

2022-02-28 12:12:57,526 Answer received: !yro41
2022-02-28 12:12:57,527 Command to send: c
o41
option
ssfDatabase
sNIMBUS_MAPS
e

2022-02-28 12:12:57,527 Answer received: !yro42
2022-02-28 12:12:57,527 Command to send: c
o42
option
ssfSchema
sPRESENTATION
e

2022-02-28 12:12:57,528 Answer received: !yro43
2022-02-28 12:12:57,528 Command to send: c
o43
option
ssfWarehouse
sSNOW_LARGE_VWH
e

2022-02-28 12:12:57,529 Answer received: !yro44
2022-02-28 12:12:57,529 Command to send: c
o44
option
ssfRole
sACCOUNTADMIN
e

2022-02-28 12:12:57,529 Answer received: !yro45
2022-02-28 12:12:57,529 Command to send: c
o45
option
squery
sselect UID,ADDRESS,CITY,ZIPCODE,DECISION,CURRENT_TIMESTAMP() AS CREATE_TS from NIMBUS_MAPS.RAW_LAYER.DECISION_DATA_RAW where create_ts >(select nvl(max(CREATE_TS),to_timestamp('2001-01-01 00:00:00','YYYY-MM-DD HH24:MI:SS')) FROM nimbus_maps.presentation.decision_data_pres)
e

2022-02-28 12:12:57,530 Answer received: !yro46
2022-02-28 12:12:57,530 Command to send: c
o46
load
e

2022-02-28 12:13:02,090 Answer received: !yro47
2022-02-28 12:13:02,090 fetched data from RAW Layer
2022-02-28 12:13:02,091 Command to send: c
o47
count
e

2022-02-28 12:13:05,658 Answer received: !yL57
2022-02-28 12:13:05,658 57 records fetched to be processed
2022-02-28 12:13:05,658 checking if record count is o
2022-02-28 12:13:05,658 Command to send: c
o47
count
e

2022-02-28 12:13:07,612 Answer received: !yL57
2022-02-28 12:13:07,613 Command to send: c
o28
sessionState
e

2022-02-28 12:13:07,613 Answer received: !yro48
2022-02-28 12:13:07,614 Command to send: c
o48
conf
e

2022-02-28 12:13:07,614 Answer received: !yro49
2022-02-28 12:13:07,614 Command to send: c
o49
setConfString
sspark.master
slocal
e

2022-02-28 12:13:07,615 Answer received: !yv
2022-02-28 12:13:07,615 Command to send: c
o28
sessionState
e

2022-02-28 12:13:07,615 Answer received: !yro50
2022-02-28 12:13:07,615 Command to send: c
o50
conf
e

2022-02-28 12:13:07,616 Answer received: !yro51
2022-02-28 12:13:07,616 Command to send: c
o51
setConfString
sspark.app.name
swiki-changes-event-consumer
e

2022-02-28 12:13:07,616 Answer received: !yv
2022-02-28 12:13:07,616 Command to send: c
o28
sessionState
e

2022-02-28 12:13:07,616 Answer received: !yro52
2022-02-28 12:13:07,616 Command to send: c
o52
conf
e

2022-02-28 12:13:07,617 Answer received: !yro53
2022-02-28 12:13:07,617 Command to send: c
o53
setConfString
sspark.jars.packages
sorg.apache.spark:spark-sql-kafka-0-10_2.12:3.2.1,net.snowflake:spark-snowflake_2.12:2.10.0-spark_3.2
e

2022-02-28 12:13:07,617 Answer received: !yv
2022-02-28 12:13:07,618 Command to send: r
u
PythonUtils
rj
e

2022-02-28 12:13:07,619 Answer received: !ycorg.apache.spark.api.python.PythonUtils
2022-02-28 12:13:07,619 Command to send: r
m
org.apache.spark.api.python.PythonUtils
getBroadcastThreshold
e

2022-02-28 12:13:07,619 Answer received: !ym
2022-02-28 12:13:07,619 Command to send: c
z:org.apache.spark.api.python.PythonUtils
getBroadcastThreshold
ro18
e

2022-02-28 12:13:07,619 Answer received: !yL1048576
2022-02-28 12:13:07,620 Command to send: r
u
PythonFunction
rj
e

2022-02-28 12:13:07,622 Answer received: !ycorg.apache.spark.api.python.PythonFunction
2022-02-28 12:13:07,622 Command to send: i
java.util.HashMap
e

2022-02-28 12:13:07,622 Answer received: !yao54
2022-02-28 12:13:07,622 Command to send: c
o54
put
sPYTHONHASHSEED
s0
e

2022-02-28 12:13:07,623 Answer received: !yn
2022-02-28 12:13:07,624 Command to send: i
java.util.ArrayList
e

2022-02-28 12:13:07,624 Answer received: !ylo55
2022-02-28 12:13:07,625 Command to send: c
o55
add
sorg.apache.spark_spark-sql-kafka-0-10_2.12-3.2.1.jar
e

2022-02-28 12:13:07,626 Answer received: !ybtrue
2022-02-28 12:13:07,626 Command to send: c
o55
add
snet.snowflake_spark-snowflake_2.12-2.10.0-spark_3.2.jar
e

2022-02-28 12:13:07,626 Answer received: !ybtrue
2022-02-28 12:13:07,627 Command to send: c
o55
add
sorg.apache.spark_spark-token-provider-kafka-0-10_2.12-3.2.1.jar
e

2022-02-28 12:13:07,627 Answer received: !ybtrue
2022-02-28 12:13:07,627 Command to send: c
o55
add
sorg.apache.kafka_kafka-clients-2.8.0.jar
e

2022-02-28 12:13:07,627 Answer received: !ybtrue
2022-02-28 12:13:07,628 Command to send: c
o55
add
scom.google.code.findbugs_jsr305-3.0.0.jar
e

2022-02-28 12:13:07,628 Answer received: !ybtrue
2022-02-28 12:13:07,628 Command to send: c
o55
add
sorg.apache.commons_commons-pool2-2.6.2.jar
e

2022-02-28 12:13:07,628 Answer received: !ybtrue
2022-02-28 12:13:07,628 Command to send: c
o55
add
sorg.spark-project.spark_unused-1.0.0.jar
e

2022-02-28 12:13:07,629 Answer received: !ybtrue
2022-02-28 12:13:07,629 Command to send: c
o55
add
sorg.apache.hadoop_hadoop-client-runtime-3.3.1.jar
e

2022-02-28 12:13:07,629 Answer received: !ybtrue
2022-02-28 12:13:07,629 Command to send: c
o55
add
sorg.lz4_lz4-java-1.7.1.jar
e

2022-02-28 12:13:07,630 Answer received: !ybtrue
2022-02-28 12:13:07,630 Command to send: c
o55
add
sorg.xerial.snappy_snappy-java-1.1.8.4.jar
e

2022-02-28 12:13:07,630 Answer received: !ybtrue
2022-02-28 12:13:07,630 Command to send: c
o55
add
sorg.slf4j_slf4j-api-1.7.30.jar
e

2022-02-28 12:13:07,630 Answer received: !ybtrue
2022-02-28 12:13:07,630 Command to send: c
o55
add
sorg.apache.hadoop_hadoop-client-api-3.3.1.jar
e

2022-02-28 12:13:07,631 Answer received: !ybtrue
2022-02-28 12:13:07,631 Command to send: c
o55
add
sorg.apache.htrace_htrace-core4-4.1.0-incubating.jar
e

2022-02-28 12:13:07,631 Answer received: !ybtrue
2022-02-28 12:13:07,631 Command to send: c
o55
add
scommons-logging_commons-logging-1.1.3.jar
e

2022-02-28 12:13:07,632 Answer received: !ybtrue
2022-02-28 12:13:07,632 Command to send: c
o55
add
snet.snowflake_snowflake-ingest-sdk-0.10.3.jar
e

2022-02-28 12:13:07,632 Answer received: !ybtrue
2022-02-28 12:13:07,632 Command to send: c
o55
add
snet.snowflake_snowflake-jdbc-3.13.14.jar
e

2022-02-28 12:13:07,633 Answer received: !ybtrue
2022-02-28 12:13:07,634 Command to send: i
java.util.ArrayList
e

2022-02-28 12:13:07,634 Answer received: !ylo56
2022-02-28 12:13:07,634 Command to send: i
org.apache.spark.api.python.PythonFunction
jgAWVkQIAAAAAAACMH3B5c3BhcmsuY2xvdWRwaWNrbGUuY2xvdWRwaWNrbGWUjA1fYnVpbHRpbl90eXBllJOUjApMYW1iZGFUeXBllIWUUpQoaAKMCENvZGVUeXBllIWUUpQoSwFLAEsASwJLAktDQx5kAX0BfACgAKEAZAJrAnIWZAN9AW4EZAR9AXwBUwCUKE6MAJSMAUGUiIl0lIwFdXBwZXKUhZSMCGRlY2lzaW9ulIwHdmVyZGljdJSGlIxkL2hvbWUvc3VtYW4vUHljaGFybVByb2plY3RzL2RhdGFfbG9hZF9mcm9tX3Jhd190b19wcmVzZW50YXRpb24vZGF0YV9sb2FkX2Zyb21fcmF3X3RvX3ByZXNlbnRhdGlvbi5weZSMDmlzR29vZERlY2lzaW9ulEtIQwoAAQQBDAEGAgQBlCkpdJRSlH2UKIwLX19wYWNrYWdlX1+UTowIX19uYW1lX1+UjAhfX21haW5fX5SMCF9fZmlsZV9flGgSdU5OTnSUUpSMJHB5c3BhcmsuY2xvdWRwaWNrbGUuY2xvdWRwaWNrbGVfZmFzdJSMEl9mdW5jdGlvbl9zZXRzdGF0ZZSTlGgdfZR9lChoGWgTjAxfX3F1YWxuYW1lX1+UaBOMD19fYW5ub3RhdGlvbnNfX5R9lIwOX19rd2RlZmF1bHRzX1+UTowMX19kZWZhdWx0c19flE6MCl9fbW9kdWxlX1+UaBqMB19fZG9jX1+UTowLX19jbG9zdXJlX1+UTowXX2Nsb3VkcGlja2xlX3N1Ym1vZHVsZXOUXZSMC19fZ2xvYmFsc19flH2UdYaUhlIwjBFweXNwYXJrLnNxbC50eXBlc5SMClN0cmluZ1R5cGWUk5QpgZSGlC4=
ro54
ro55
spython3
s3.8
ro56
ro21
e

2022-02-28 12:13:07,636 Answer received: !yro57
2022-02-28 12:13:07,637 Command to send: c
o28
parseDataType
s"string"
e

2022-02-28 12:13:07,658 Answer received: !yro58
2022-02-28 12:13:07,658 Command to send: r
u
org
rj
e

2022-02-28 12:13:07,660 Answer received: !yp
2022-02-28 12:13:07,661 Command to send: r
u
org.apache
rj
e

2022-02-28 12:13:07,661 Answer received: !yp
2022-02-28 12:13:07,662 Command to send: r
u
org.apache.spark
rj
e

2022-02-28 12:13:07,662 Answer received: !yp
2022-02-28 12:13:07,663 Command to send: r
u
org.apache.spark.sql
rj
e

2022-02-28 12:13:07,663 Answer received: !yp
2022-02-28 12:13:07,663 Command to send: r
u
org.apache.spark.sql.execution
rj
e

2022-02-28 12:13:07,664 Answer received: !yp
2022-02-28 12:13:07,664 Command to send: r
u
org.apache.spark.sql.execution.python
rj
e

2022-02-28 12:13:07,665 Answer received: !yp
2022-02-28 12:13:07,665 Command to send: r
u
org.apache.spark.sql.execution.python.UserDefinedPythonFunction
rj
e

2022-02-28 12:13:07,666 Answer received: !ycorg.apache.spark.sql.execution.python.UserDefinedPythonFunction
2022-02-28 12:13:07,666 Command to send: i
org.apache.spark.sql.execution.python.UserDefinedPythonFunction
sisGoodDecision
ro57
ro58
i100
bTrue
e

2022-02-28 12:13:07,667 Answer received: !yro59
2022-02-28 12:13:07,667 Command to send: r
u
functions
rj
e

2022-02-28 12:13:07,673 Answer received: !ycorg.apache.spark.sql.functions
2022-02-28 12:13:07,673 Command to send: r
m
org.apache.spark.sql.functions
col
e

2022-02-28 12:13:07,677 Answer received: !ym
2022-02-28 12:13:07,677 Command to send: c
z:org.apache.spark.sql.functions
col
sDECISION
e

2022-02-28 12:13:07,700 Answer received: !yro60
2022-02-28 12:13:07,700 Command to send: r
u
PythonUtils
rj
e

2022-02-28 12:13:07,701 Answer received: !ycorg.apache.spark.api.python.PythonUtils
2022-02-28 12:13:07,701 Command to send: r
m
org.apache.spark.api.python.PythonUtils
toSeq
e

2022-02-28 12:13:07,702 Answer received: !ym
2022-02-28 12:13:07,703 Command to send: i
java.util.ArrayList
e

2022-02-28 12:13:07,703 Answer received: !ylo61
2022-02-28 12:13:07,703 Command to send: c
o61
add
ro60
e

2022-02-28 12:13:07,704 Answer received: !ybtrue
2022-02-28 12:13:07,704 Command to send: c
z:org.apache.spark.api.python.PythonUtils
toSeq
ro61
e

2022-02-28 12:13:07,704 Answer received: !yro62
2022-02-28 12:13:07,704 Command to send: c
o59
apply
ro62
e

2022-02-28 12:13:07,706 Answer received: !yro63
2022-02-28 12:13:07,707 Command to send: c
o47
withColumn
sisGoodDecision
ro63
e

2022-02-28 12:13:07,753 Answer received: !yro64
2022-02-28 12:13:07,753 Command to send: r
u
functions
rj
e

2022-02-28 12:13:07,756 Answer received: !ycorg.apache.spark.sql.functions
2022-02-28 12:13:07,756 Command to send: r
m
org.apache.spark.sql.functions
col
e

2022-02-28 12:13:07,756 Answer received: !ym
2022-02-28 12:13:07,756 Command to send: c
z:org.apache.spark.sql.functions
col
sUID
e

2022-02-28 12:13:07,757 Answer received: !yro65
2022-02-28 12:13:07,757 Command to send: r
u
functions
rj
e

2022-02-28 12:13:07,759 Answer received: !ycorg.apache.spark.sql.functions
2022-02-28 12:13:07,759 Command to send: r
m
org.apache.spark.sql.functions
col
e

2022-02-28 12:13:07,759 Answer received: !ym
2022-02-28 12:13:07,759 Command to send: c
z:org.apache.spark.sql.functions
col
sDECISION
e

2022-02-28 12:13:07,760 Answer received: !yro66
2022-02-28 12:13:07,760 Command to send: r
u
functions
rj
e

2022-02-28 12:13:07,762 Answer received: !ycorg.apache.spark.sql.functions
2022-02-28 12:13:07,762 Command to send: r
m
org.apache.spark.sql.functions
col
e

2022-02-28 12:13:07,762 Answer received: !ym
2022-02-28 12:13:07,763 Command to send: c
z:org.apache.spark.sql.functions
col
sisGoodDecision
e

2022-02-28 12:13:07,763 Answer received: !yro67
2022-02-28 12:13:07,763 Command to send: r
u
functions
rj
e

2022-02-28 12:13:07,765 Answer received: !ycorg.apache.spark.sql.functions
2022-02-28 12:13:07,765 Command to send: r
m
org.apache.spark.sql.functions
col
e

2022-02-28 12:13:07,766 Answer received: !ym
2022-02-28 12:13:07,766 Command to send: c
z:org.apache.spark.sql.functions
col
screate_ts
e

2022-02-28 12:13:07,766 Answer received: !yro68
2022-02-28 12:13:07,766 Command to send: r
u
PythonUtils
rj
e

2022-02-28 12:13:07,767 Answer received: !ycorg.apache.spark.api.python.PythonUtils
2022-02-28 12:13:07,767 Command to send: r
m
org.apache.spark.api.python.PythonUtils
toSeq
e

2022-02-28 12:13:07,768 Answer received: !ym
2022-02-28 12:13:07,768 Command to send: i
java.util.ArrayList
e

2022-02-28 12:13:07,768 Answer received: !ylo69
2022-02-28 12:13:07,768 Command to send: c
o69
add
ro65
e

2022-02-28 12:13:07,769 Answer received: !ybtrue
2022-02-28 12:13:07,769 Command to send: c
o69
add
ro66
e

2022-02-28 12:13:07,769 Answer received: !ybtrue
2022-02-28 12:13:07,769 Command to send: c
o69
add
ro67
e

2022-02-28 12:13:07,769 Answer received: !ybtrue
2022-02-28 12:13:07,769 Command to send: c
o69
add
ro68
e

2022-02-28 12:13:07,769 Answer received: !ybtrue
2022-02-28 12:13:07,770 Command to send: c
z:org.apache.spark.api.python.PythonUtils
toSeq
ro69
e

2022-02-28 12:13:07,770 Answer received: !yro70
2022-02-28 12:13:07,770 Command to send: c
o64
select
ro70
e

2022-02-28 12:13:07,790 Answer received: !yro71
2022-02-28 12:13:07,790 Command to send: c
o71
count
e

2022-02-28 12:13:08,070 Command to send: m
d
o0
e

2022-02-28 12:13:08,070 Answer received: !yv
2022-02-28 12:13:08,070 Command to send: m
d
o7
e

2022-02-28 12:13:08,071 Answer received: !yv
2022-02-28 12:13:08,071 Command to send: m
d
o8
e

2022-02-28 12:13:08,071 Answer received: !yv
2022-02-28 12:13:08,071 Command to send: m
d
o9
e

2022-02-28 12:13:08,071 Answer received: !yv
2022-02-28 12:13:08,071 Command to send: m
d
o10
e

2022-02-28 12:13:08,071 Answer received: !yv
2022-02-28 12:13:08,072 Command to send: m
d
o11
e

2022-02-28 12:13:08,072 Answer received: !yv
2022-02-28 12:13:08,072 Command to send: m
d
o12
e

2022-02-28 12:13:08,072 Answer received: !yv
2022-02-28 12:13:08,072 Command to send: m
d
o13
e

2022-02-28 12:13:08,072 Answer received: !yv
2022-02-28 12:13:08,072 Command to send: m
d
o14
e

2022-02-28 12:13:08,073 Answer received: !yv
2022-02-28 12:13:08,073 Command to send: m
d
o15
e

2022-02-28 12:13:08,073 Answer received: !yv
2022-02-28 12:13:08,073 Command to send: m
d
o16
e

2022-02-28 12:13:08,073 Answer received: !yv
2022-02-28 12:13:08,073 Command to send: m
d
o17
e

2022-02-28 12:13:08,073 Answer received: !yv
2022-02-28 12:13:08,073 Command to send: m
d
o19
e

2022-02-28 12:13:08,074 Answer received: !yv
2022-02-28 12:13:08,074 Command to send: m
d
o22
e

2022-02-28 12:13:08,074 Answer received: !yv
2022-02-28 12:13:08,074 Command to send: m
d
o23
e

2022-02-28 12:13:08,074 Answer received: !yv
2022-02-28 12:13:08,074 Command to send: m
d
o24
e

2022-02-28 12:13:08,074 Answer received: !yv
2022-02-28 12:13:08,074 Command to send: m
d
o25
e

2022-02-28 12:13:08,075 Answer received: !yv
2022-02-28 12:13:08,075 Command to send: m
d
o26
e

2022-02-28 12:13:08,075 Answer received: !yv
2022-02-28 12:13:08,075 Command to send: m
d
o27
e

2022-02-28 12:13:08,075 Answer received: !yv
2022-02-28 12:13:08,075 Command to send: m
d
o30
e

2022-02-28 12:13:08,075 Answer received: !yv
2022-02-28 12:13:08,075 Command to send: m
d
o31
e

2022-02-28 12:13:08,076 Answer received: !yv
2022-02-28 12:13:08,076 Command to send: m
d
o32
e

2022-02-28 12:13:08,076 Answer received: !yv
2022-02-28 12:13:08,076 Command to send: m
d
o33
e

2022-02-28 12:13:08,076 Answer received: !yv
2022-02-28 12:13:08,076 Command to send: m
d
o34
e

2022-02-28 12:13:08,076 Answer received: !yv
2022-02-28 12:13:08,076 Command to send: m
d
o35
e

2022-02-28 12:13:08,077 Answer received: !yv
2022-02-28 12:13:08,077 Command to send: m
d
o36
e

2022-02-28 12:13:08,077 Answer received: !yv
2022-02-28 12:13:08,077 Command to send: m
d
o37
e

2022-02-28 12:13:08,077 Answer received: !yv
2022-02-28 12:13:08,077 Command to send: m
d
o38
e

2022-02-28 12:13:08,077 Answer received: !yv
2022-02-28 12:13:08,077 Command to send: m
d
o39
e

2022-02-28 12:13:08,078 Answer received: !yv
2022-02-28 12:13:08,078 Command to send: m
d
o40
e

2022-02-28 12:13:08,078 Answer received: !yv
2022-02-28 12:13:08,078 Command to send: m
d
o41
e

2022-02-28 12:13:08,078 Answer received: !yv
2022-02-28 12:13:08,078 Command to send: m
d
o42
e

2022-02-28 12:13:08,078 Answer received: !yv
2022-02-28 12:13:08,078 Command to send: m
d
o43
e

2022-02-28 12:13:08,078 Answer received: !yv
2022-02-28 12:13:08,078 Command to send: m
d
o44
e

2022-02-28 12:13:08,079 Answer received: !yv
2022-02-28 12:13:08,079 Command to send: m
d
o45
e

2022-02-28 12:13:08,079 Answer received: !yv
2022-02-28 12:13:08,079 Command to send: m
d
o46
e

2022-02-28 12:13:08,079 Answer received: !yv
2022-02-28 12:13:08,079 Command to send: m
d
o54
e

2022-02-28 12:13:08,079 Answer received: !yv
2022-02-28 12:13:08,079 Command to send: m
d
o55
e

2022-02-28 12:13:08,079 Answer received: !yv
2022-02-28 12:13:08,079 Command to send: m
d
o56
e

2022-02-28 12:13:08,080 Answer received: !yv
2022-02-28 12:13:08,080 Command to send: m
d
o61
e

2022-02-28 12:13:08,080 Answer received: !yv
2022-02-28 12:13:08,080 Command to send: m
d
o69
e

2022-02-28 12:13:08,080 Answer received: !yv
2022-02-28 12:13:09,412 Answer received: !yL57
2022-02-28 12:13:09,412 writing data to snowflake, 57 records inserted to resentation table
2022-02-28 12:13:09,412 Command to send: c
o71
write
e

2022-02-28 12:13:09,419 Answer received: !yro72
2022-02-28 12:13:09,420 Command to send: c
o72
format
ssnowflake
e

2022-02-28 12:13:09,423 Answer received: !yro73
2022-02-28 12:13:09,423 Command to send: c
o73
option
ssfURL
szu02863.ap-south-1.aws.snowflakecomputing.com
e

2022-02-28 12:13:09,423 Answer received: !yro74
2022-02-28 12:13:09,424 Command to send: c
o74
option
ssfAccount
szu02863.ap-south-1.aws
e

2022-02-28 12:13:09,424 Answer received: !yro75
2022-02-28 12:13:09,424 Command to send: c
o75
option
ssfUser
scoolkeonjhar
e

2022-02-28 12:13:09,425 Answer received: !yro76
2022-02-28 12:13:09,425 Command to send: c
o76
option
ssfPassword
sAmrita@123
e

2022-02-28 12:13:09,426 Answer received: !yro77
2022-02-28 12:13:09,426 Command to send: c
o77
option
ssfDatabase
sNIMBUS_MAPS
e

2022-02-28 12:13:09,427 Answer received: !yro78
2022-02-28 12:13:09,427 Command to send: c
o78
option
ssfSchema
sPRESENTATION
e

2022-02-28 12:13:09,427 Answer received: !yro79
2022-02-28 12:13:09,427 Command to send: c
o79
option
ssfWarehouse
sSNOW_LARGE_VWH
e

2022-02-28 12:13:09,428 Answer received: !yro80
2022-02-28 12:13:09,428 Command to send: c
o80
option
ssfRole
sACCOUNTADMIN
e

2022-02-28 12:13:09,428 Answer received: !yro81
2022-02-28 12:13:09,429 Command to send: c
o81
option
sdbtable
sNIMBUS_MAPS.PRESENTATION.DECISION_DATA_PRES
e

2022-02-28 12:13:09,429 Answer received: !yro82
2022-02-28 12:13:09,429 Command to send: c
o82
mode
sappend
e

2022-02-28 12:13:09,429 Answer received: !yro83
2022-02-28 12:13:09,430 Command to send: c
o83
option
sheader
strue
e

2022-02-28 12:13:09,430 Answer received: !yro84
2022-02-28 12:13:09,430 Command to send: c
o84
save
e

2022-02-28 12:13:18,322 Answer received: !yv
2022-02-28 12:13:18,322 Data processed successfully Exiting
2022-02-28 12:13:18,323 Command to send: c
o18
stop
e

2022-02-28 12:13:18,432 Answer received: !yv
