2022-02-28 12:15:50,495 spark session started 
2022-02-28 12:15:55,513 GatewayClient.address is deprecated and will be removed in version 1.0. Use GatewayParameters instead.
2022-02-28 12:15:55,514 Command to send: A
09951f967450b2ce9100c070623308eb6a4ea06f14ee4c83aaf79588723427e1

2022-02-28 12:15:55,530 Answer received: !yv
2022-02-28 12:15:55,530 Command to send: j
i
rj
org.apache.spark.SparkConf
e

2022-02-28 12:15:55,532 Answer received: !yv
2022-02-28 12:15:55,532 Command to send: j
i
rj
org.apache.spark.api.java.*
e

2022-02-28 12:15:55,532 Answer received: !yv
2022-02-28 12:15:55,533 Command to send: j
i
rj
org.apache.spark.api.python.*
e

2022-02-28 12:15:55,533 Answer received: !yv
2022-02-28 12:15:55,533 Command to send: j
i
rj
org.apache.spark.ml.python.*
e

2022-02-28 12:15:55,533 Answer received: !yv
2022-02-28 12:15:55,534 Command to send: j
i
rj
org.apache.spark.mllib.api.python.*
e

2022-02-28 12:15:55,534 Answer received: !yv
2022-02-28 12:15:55,534 Command to send: j
i
rj
org.apache.spark.resource.*
e

2022-02-28 12:15:55,534 Answer received: !yv
2022-02-28 12:15:55,534 Command to send: j
i
rj
org.apache.spark.sql.*
e

2022-02-28 12:15:55,535 Answer received: !yv
2022-02-28 12:15:55,535 Command to send: j
i
rj
org.apache.spark.sql.api.python.*
e

2022-02-28 12:15:55,535 Answer received: !yv
2022-02-28 12:15:55,535 Command to send: j
i
rj
org.apache.spark.sql.hive.*
e

2022-02-28 12:15:55,535 Answer received: !yv
2022-02-28 12:15:55,536 Command to send: j
i
rj
scala.Tuple2
e

2022-02-28 12:15:55,536 Answer received: !yv
2022-02-28 12:15:55,536 Command to send: r
u
SparkConf
rj
e

2022-02-28 12:15:55,575 Answer received: !ycorg.apache.spark.SparkConf
2022-02-28 12:15:55,575 Command to send: i
org.apache.spark.SparkConf
bTrue
e

2022-02-28 12:15:55,581 Answer received: !yro0
2022-02-28 12:15:55,581 Command to send: c
o0
set
sspark.master
slocal
e

2022-02-28 12:15:55,602 Answer received: !yro1
2022-02-28 12:15:55,603 Command to send: c
o0
set
sspark.app.name
swiki-changes-event-consumer
e

2022-02-28 12:15:55,603 Answer received: !yro2
2022-02-28 12:15:55,603 Command to send: c
o0
set
sspark.jars.packages
sorg.apache.spark:spark-sql-kafka-0-10_2.12:3.2.1,net.snowflake:spark-snowflake_2.12:2.10.0-spark_3.2
e

2022-02-28 12:15:55,604 Answer received: !yro3
2022-02-28 12:15:55,604 Command to send: c
o0
contains
sspark.serializer.objectStreamReset
e

2022-02-28 12:15:55,605 Answer received: !ybfalse
2022-02-28 12:15:55,605 Command to send: c
o0
set
sspark.serializer.objectStreamReset
s100
e

2022-02-28 12:15:55,605 Answer received: !yro4
2022-02-28 12:15:55,606 Command to send: c
o0
contains
sspark.rdd.compress
e

2022-02-28 12:15:55,606 Answer received: !ybfalse
2022-02-28 12:15:55,606 Command to send: c
o0
set
sspark.rdd.compress
sTrue
e

2022-02-28 12:15:55,607 Answer received: !yro5
2022-02-28 12:15:55,607 Command to send: c
o0
contains
sspark.master
e

2022-02-28 12:15:55,607 Answer received: !ybtrue
2022-02-28 12:15:55,607 Command to send: c
o0
contains
sspark.app.name
e

2022-02-28 12:15:55,608 Answer received: !ybtrue
2022-02-28 12:15:55,608 Command to send: c
o0
contains
sspark.master
e

2022-02-28 12:15:55,608 Answer received: !ybtrue
2022-02-28 12:15:55,609 Command to send: c
o0
get
sspark.master
e

2022-02-28 12:15:55,610 Answer received: !yslocal
2022-02-28 12:15:55,610 Command to send: c
o0
contains
sspark.app.name
e

2022-02-28 12:15:55,610 Answer received: !ybtrue
2022-02-28 12:15:55,610 Command to send: c
o0
get
sspark.app.name
e

2022-02-28 12:15:55,611 Answer received: !yswiki-changes-event-consumer
2022-02-28 12:15:55,611 Command to send: c
o0
contains
sspark.home
e

2022-02-28 12:15:55,611 Answer received: !ybfalse
2022-02-28 12:15:55,612 Command to send: c
o0
getAll
e

2022-02-28 12:15:55,613 Answer received: !yto6
2022-02-28 12:15:55,613 Command to send: a
e
o6
e

2022-02-28 12:15:55,614 Answer received: !yi11
2022-02-28 12:15:55,614 Command to send: a
g
o6
i0
e

2022-02-28 12:15:55,614 Answer received: !yro7
2022-02-28 12:15:55,615 Command to send: c
o7
_1
e

2022-02-28 12:15:55,616 Answer received: !ysspark.master
2022-02-28 12:15:55,616 Command to send: c
o7
_2
e

2022-02-28 12:15:55,616 Answer received: !yslocal
2022-02-28 12:15:55,617 Command to send: a
e
o6
e

2022-02-28 12:15:55,617 Answer received: !yi11
2022-02-28 12:15:55,617 Command to send: a
g
o6
i1
e

2022-02-28 12:15:55,617 Answer received: !yro8
2022-02-28 12:15:55,617 Command to send: c
o8
_1
e

2022-02-28 12:15:55,618 Answer received: !ysspark.app.name
2022-02-28 12:15:55,618 Command to send: c
o8
_2
e

2022-02-28 12:15:55,618 Answer received: !yswiki-changes-event-consumer
2022-02-28 12:15:55,618 Command to send: a
e
o6
e

2022-02-28 12:15:55,618 Answer received: !yi11
2022-02-28 12:15:55,619 Command to send: a
g
o6
i2
e

2022-02-28 12:15:55,619 Answer received: !yro9
2022-02-28 12:15:55,619 Command to send: c
o9
_1
e

2022-02-28 12:15:55,619 Answer received: !ysspark.rdd.compress
2022-02-28 12:15:55,619 Command to send: c
o9
_2
e

2022-02-28 12:15:55,620 Answer received: !ysTrue
2022-02-28 12:15:55,620 Command to send: a
e
o6
e

2022-02-28 12:15:55,620 Answer received: !yi11
2022-02-28 12:15:55,620 Command to send: a
g
o6
i3
e

2022-02-28 12:15:55,621 Answer received: !yro10
2022-02-28 12:15:55,621 Command to send: c
o10
_1
e

2022-02-28 12:15:55,621 Answer received: !ysspark.jars
2022-02-28 12:15:55,621 Command to send: c
o10
_2
e

2022-02-28 12:15:55,622 Answer received: !ysfile:///home/suman/.ivy2/jars/org.apache.spark_spark-sql-kafka-0-10_2.12-3.2.1.jar,file:///home/suman/.ivy2/jars/net.snowflake_spark-snowflake_2.12-2.10.0-spark_3.2.jar,file:///home/suman/.ivy2/jars/org.apache.spark_spark-token-provider-kafka-0-10_2.12-3.2.1.jar,file:///home/suman/.ivy2/jars/org.apache.kafka_kafka-clients-2.8.0.jar,file:///home/suman/.ivy2/jars/com.google.code.findbugs_jsr305-3.0.0.jar,file:///home/suman/.ivy2/jars/org.apache.commons_commons-pool2-2.6.2.jar,file:///home/suman/.ivy2/jars/org.spark-project.spark_unused-1.0.0.jar,file:///home/suman/.ivy2/jars/org.apache.hadoop_hadoop-client-runtime-3.3.1.jar,file:///home/suman/.ivy2/jars/org.lz4_lz4-java-1.7.1.jar,file:///home/suman/.ivy2/jars/org.xerial.snappy_snappy-java-1.1.8.4.jar,file:///home/suman/.ivy2/jars/org.slf4j_slf4j-api-1.7.30.jar,file:///home/suman/.ivy2/jars/org.apache.hadoop_hadoop-client-api-3.3.1.jar,file:///home/suman/.ivy2/jars/org.apache.htrace_htrace-core4-4.1.0-incubating.jar,file:///home/suman/.ivy2/jars/commons-logging_commons-logging-1.1.3.jar,file:///home/suman/.ivy2/jars/net.snowflake_snowflake-ingest-sdk-0.10.3.jar,file:///home/suman/.ivy2/jars/net.snowflake_snowflake-jdbc-3.13.14.jar
2022-02-28 12:15:55,622 Command to send: a
e
o6
e

2022-02-28 12:15:55,622 Answer received: !yi11
2022-02-28 12:15:55,622 Command to send: a
g
o6
i4
e

2022-02-28 12:15:55,622 Answer received: !yro11
2022-02-28 12:15:55,623 Command to send: c
o11
_1
e

2022-02-28 12:15:55,623 Answer received: !ysspark.files
2022-02-28 12:15:55,623 Command to send: c
o11
_2
e

2022-02-28 12:15:55,624 Answer received: !ysfile:///home/suman/.ivy2/jars/org.apache.spark_spark-sql-kafka-0-10_2.12-3.2.1.jar,file:///home/suman/.ivy2/jars/net.snowflake_spark-snowflake_2.12-2.10.0-spark_3.2.jar,file:///home/suman/.ivy2/jars/org.apache.spark_spark-token-provider-kafka-0-10_2.12-3.2.1.jar,file:///home/suman/.ivy2/jars/org.apache.kafka_kafka-clients-2.8.0.jar,file:///home/suman/.ivy2/jars/com.google.code.findbugs_jsr305-3.0.0.jar,file:///home/suman/.ivy2/jars/org.apache.commons_commons-pool2-2.6.2.jar,file:///home/suman/.ivy2/jars/org.spark-project.spark_unused-1.0.0.jar,file:///home/suman/.ivy2/jars/org.apache.hadoop_hadoop-client-runtime-3.3.1.jar,file:///home/suman/.ivy2/jars/org.lz4_lz4-java-1.7.1.jar,file:///home/suman/.ivy2/jars/org.xerial.snappy_snappy-java-1.1.8.4.jar,file:///home/suman/.ivy2/jars/org.slf4j_slf4j-api-1.7.30.jar,file:///home/suman/.ivy2/jars/org.apache.hadoop_hadoop-client-api-3.3.1.jar,file:///home/suman/.ivy2/jars/org.apache.htrace_htrace-core4-4.1.0-incubating.jar,file:///home/suman/.ivy2/jars/commons-logging_commons-logging-1.1.3.jar,file:///home/suman/.ivy2/jars/net.snowflake_snowflake-ingest-sdk-0.10.3.jar,file:///home/suman/.ivy2/jars/net.snowflake_snowflake-jdbc-3.13.14.jar
2022-02-28 12:15:55,624 Command to send: a
e
o6
e

2022-02-28 12:15:55,624 Answer received: !yi11
2022-02-28 12:15:55,625 Command to send: a
g
o6
i5
e

2022-02-28 12:15:55,625 Answer received: !yro12
2022-02-28 12:15:55,625 Command to send: c
o12
_1
e

2022-02-28 12:15:55,625 Answer received: !ysspark.serializer.objectStreamReset
2022-02-28 12:15:55,626 Command to send: c
o12
_2
e

2022-02-28 12:15:55,626 Answer received: !ys100
2022-02-28 12:15:55,626 Command to send: a
e
o6
e

2022-02-28 12:15:55,626 Answer received: !yi11
2022-02-28 12:15:55,627 Command to send: a
g
o6
i6
e

2022-02-28 12:15:55,627 Answer received: !yro13
2022-02-28 12:15:55,627 Command to send: c
o13
_1
e

2022-02-28 12:15:55,627 Answer received: !ysspark.submit.pyFiles
2022-02-28 12:15:55,628 Command to send: c
o13
_2
e

2022-02-28 12:15:55,628 Answer received: !ys/home/suman/.ivy2/jars/org.apache.spark_spark-sql-kafka-0-10_2.12-3.2.1.jar,/home/suman/.ivy2/jars/net.snowflake_spark-snowflake_2.12-2.10.0-spark_3.2.jar,/home/suman/.ivy2/jars/org.apache.spark_spark-token-provider-kafka-0-10_2.12-3.2.1.jar,/home/suman/.ivy2/jars/org.apache.kafka_kafka-clients-2.8.0.jar,/home/suman/.ivy2/jars/com.google.code.findbugs_jsr305-3.0.0.jar,/home/suman/.ivy2/jars/org.apache.commons_commons-pool2-2.6.2.jar,/home/suman/.ivy2/jars/org.spark-project.spark_unused-1.0.0.jar,/home/suman/.ivy2/jars/org.apache.hadoop_hadoop-client-runtime-3.3.1.jar,/home/suman/.ivy2/jars/org.lz4_lz4-java-1.7.1.jar,/home/suman/.ivy2/jars/org.xerial.snappy_snappy-java-1.1.8.4.jar,/home/suman/.ivy2/jars/org.slf4j_slf4j-api-1.7.30.jar,/home/suman/.ivy2/jars/org.apache.hadoop_hadoop-client-api-3.3.1.jar,/home/suman/.ivy2/jars/org.apache.htrace_htrace-core4-4.1.0-incubating.jar,/home/suman/.ivy2/jars/commons-logging_commons-logging-1.1.3.jar,/home/suman/.ivy2/jars/net.snowflake_snowflake-ingest-sdk-0.10.3.jar,/home/suman/.ivy2/jars/net.snowflake_snowflake-jdbc-3.13.14.jar
2022-02-28 12:15:55,628 Command to send: a
e
o6
e

2022-02-28 12:15:55,629 Answer received: !yi11
2022-02-28 12:15:55,629 Command to send: a
g
o6
i7
e

2022-02-28 12:15:55,629 Answer received: !yro14
2022-02-28 12:15:55,629 Command to send: c
o14
_1
e

2022-02-28 12:15:55,630 Answer received: !ysspark.repl.local.jars
2022-02-28 12:15:55,630 Command to send: c
o14
_2
e

2022-02-28 12:15:55,630 Answer received: !ysfile:///home/suman/.ivy2/jars/org.apache.spark_spark-sql-kafka-0-10_2.12-3.2.1.jar,file:///home/suman/.ivy2/jars/net.snowflake_spark-snowflake_2.12-2.10.0-spark_3.2.jar,file:///home/suman/.ivy2/jars/org.apache.spark_spark-token-provider-kafka-0-10_2.12-3.2.1.jar,file:///home/suman/.ivy2/jars/org.apache.kafka_kafka-clients-2.8.0.jar,file:///home/suman/.ivy2/jars/com.google.code.findbugs_jsr305-3.0.0.jar,file:///home/suman/.ivy2/jars/org.apache.commons_commons-pool2-2.6.2.jar,file:///home/suman/.ivy2/jars/org.spark-project.spark_unused-1.0.0.jar,file:///home/suman/.ivy2/jars/org.apache.hadoop_hadoop-client-runtime-3.3.1.jar,file:///home/suman/.ivy2/jars/org.lz4_lz4-java-1.7.1.jar,file:///home/suman/.ivy2/jars/org.xerial.snappy_snappy-java-1.1.8.4.jar,file:///home/suman/.ivy2/jars/org.slf4j_slf4j-api-1.7.30.jar,file:///home/suman/.ivy2/jars/org.apache.hadoop_hadoop-client-api-3.3.1.jar,file:///home/suman/.ivy2/jars/org.apache.htrace_htrace-core4-4.1.0-incubating.jar,file:///home/suman/.ivy2/jars/commons-logging_commons-logging-1.1.3.jar,file:///home/suman/.ivy2/jars/net.snowflake_snowflake-ingest-sdk-0.10.3.jar,file:///home/suman/.ivy2/jars/net.snowflake_snowflake-jdbc-3.13.14.jar
2022-02-28 12:15:55,630 Command to send: a
e
o6
e

2022-02-28 12:15:55,630 Answer received: !yi11
2022-02-28 12:15:55,631 Command to send: a
g
o6
i8
e

2022-02-28 12:15:55,631 Answer received: !yro15
2022-02-28 12:15:55,631 Command to send: c
o15
_1
e

2022-02-28 12:15:55,631 Answer received: !ysspark.submit.deployMode
2022-02-28 12:15:55,631 Command to send: c
o15
_2
e

2022-02-28 12:15:55,632 Answer received: !ysclient
2022-02-28 12:15:55,632 Command to send: a
e
o6
e

2022-02-28 12:15:55,632 Answer received: !yi11
2022-02-28 12:15:55,632 Command to send: a
g
o6
i9
e

2022-02-28 12:15:55,632 Answer received: !yro16
2022-02-28 12:15:55,633 Command to send: c
o16
_1
e

2022-02-28 12:15:55,633 Answer received: !ysspark.jars.packages
2022-02-28 12:15:55,633 Command to send: c
o16
_2
e

2022-02-28 12:15:55,633 Answer received: !ysorg.apache.spark:spark-sql-kafka-0-10_2.12:3.2.1,net.snowflake:spark-snowflake_2.12:2.10.0-spark_3.2
2022-02-28 12:15:55,633 Command to send: a
e
o6
e

2022-02-28 12:15:55,634 Answer received: !yi11
2022-02-28 12:15:55,634 Command to send: a
g
o6
i10
e

2022-02-28 12:15:55,634 Answer received: !yro17
2022-02-28 12:15:55,634 Command to send: c
o17
_1
e

2022-02-28 12:15:55,634 Answer received: !ysspark.ui.showConsoleProgress
2022-02-28 12:15:55,634 Command to send: c
o17
_2
e

2022-02-28 12:15:55,635 Answer received: !ystrue
2022-02-28 12:15:55,635 Command to send: a
e
o6
e

2022-02-28 12:15:55,635 Answer received: !yi11
2022-02-28 12:15:55,635 Command to send: r
u
JavaSparkContext
rj
e

2022-02-28 12:15:55,690 Answer received: !ycorg.apache.spark.api.java.JavaSparkContext
2022-02-28 12:15:55,690 Command to send: i
org.apache.spark.api.java.JavaSparkContext
ro0
e

2022-02-28 12:15:56,514 Command to send: A
09951f967450b2ce9100c070623308eb6a4ea06f14ee4c83aaf79588723427e1

2022-02-28 12:15:56,518 Answer received: !yv
2022-02-28 12:15:56,518 Command to send: m
d
o1
e

2022-02-28 12:15:56,519 Answer received: !yv
2022-02-28 12:15:56,519 Command to send: m
d
o2
e

2022-02-28 12:15:56,520 Answer received: !yv
2022-02-28 12:15:56,520 Command to send: m
d
o3
e

2022-02-28 12:15:56,521 Answer received: !yv
2022-02-28 12:15:56,521 Command to send: m
d
o4
e

2022-02-28 12:15:56,522 Answer received: !yv
2022-02-28 12:15:56,522 Command to send: m
d
o5
e

2022-02-28 12:15:56,523 Answer received: !yv
2022-02-28 12:15:56,523 Command to send: m
d
o6
e

2022-02-28 12:15:56,524 Answer received: !yv
2022-02-28 12:15:59,471 Answer received: !yro18
2022-02-28 12:15:59,471 Command to send: c
o18
sc
e

2022-02-28 12:15:59,474 Answer received: !yro19
2022-02-28 12:15:59,474 Command to send: c
o19
conf
e

2022-02-28 12:15:59,486 Answer received: !yro20
2022-02-28 12:15:59,487 Command to send: r
u
PythonAccumulatorV2
rj
e

2022-02-28 12:15:59,489 Answer received: !ycorg.apache.spark.api.python.PythonAccumulatorV2
2022-02-28 12:15:59,490 Command to send: i
org.apache.spark.api.python.PythonAccumulatorV2
s127.0.0.1
i46671
s09951f967450b2ce9100c070623308eb6a4ea06f14ee4c83aaf79588723427e1
e

2022-02-28 12:15:59,490 Answer received: !yro21
2022-02-28 12:15:59,490 Command to send: c
o18
sc
e

2022-02-28 12:15:59,491 Answer received: !yro22
2022-02-28 12:15:59,491 Command to send: c
o22
register
ro21
e

2022-02-28 12:15:59,494 Answer received: !yv
2022-02-28 12:15:59,494 Command to send: r
u
PythonUtils
rj
e

2022-02-28 12:15:59,495 Answer received: !ycorg.apache.spark.api.python.PythonUtils
2022-02-28 12:15:59,495 Command to send: r
m
org.apache.spark.api.python.PythonUtils
isEncryptionEnabled
e

2022-02-28 12:15:59,496 Answer received: !ym
2022-02-28 12:15:59,496 Command to send: c
z:org.apache.spark.api.python.PythonUtils
isEncryptionEnabled
ro18
e

2022-02-28 12:15:59,498 Answer received: !ybfalse
2022-02-28 12:15:59,498 Command to send: r
u
PythonUtils
rj
e

2022-02-28 12:15:59,499 Answer received: !ycorg.apache.spark.api.python.PythonUtils
2022-02-28 12:15:59,499 Command to send: r
m
org.apache.spark.api.python.PythonUtils
getPythonAuthSocketTimeout
e

2022-02-28 12:15:59,499 Answer received: !ym
2022-02-28 12:15:59,499 Command to send: c
z:org.apache.spark.api.python.PythonUtils
getPythonAuthSocketTimeout
ro18
e

2022-02-28 12:15:59,500 Answer received: !yL15
2022-02-28 12:15:59,500 Command to send: r
u
PythonUtils
rj
e

2022-02-28 12:15:59,501 Answer received: !ycorg.apache.spark.api.python.PythonUtils
2022-02-28 12:15:59,501 Command to send: r
m
org.apache.spark.api.python.PythonUtils
getSparkBufferSize
e

2022-02-28 12:15:59,501 Answer received: !ym
2022-02-28 12:15:59,501 Command to send: c
z:org.apache.spark.api.python.PythonUtils
getSparkBufferSize
ro18
e

2022-02-28 12:15:59,502 Answer received: !yi65536
2022-02-28 12:15:59,502 Command to send: r
u
org
rj
e

2022-02-28 12:15:59,504 Answer received: !yp
2022-02-28 12:15:59,504 Command to send: r
u
org.apache
rj
e

2022-02-28 12:15:59,505 Answer received: !yp
2022-02-28 12:15:59,505 Command to send: r
u
org.apache.spark
rj
e

2022-02-28 12:15:59,505 Answer received: !yp
2022-02-28 12:15:59,506 Command to send: r
u
org.apache.spark.SparkFiles
rj
e

2022-02-28 12:15:59,506 Answer received: !ycorg.apache.spark.SparkFiles
2022-02-28 12:15:59,506 Command to send: r
m
org.apache.spark.SparkFiles
getRootDirectory
e

2022-02-28 12:15:59,506 Answer received: !ym
2022-02-28 12:15:59,506 Command to send: c
z:org.apache.spark.SparkFiles
getRootDirectory
e

2022-02-28 12:15:59,507 Answer received: !ys/tmp/spark-f144b425-b7ab-48d7-8ddc-18b2a45cc869/userFiles-790aa0e2-b656-4fd8-b26d-df41080b1497
2022-02-28 12:15:59,507 Command to send: c
o20
get
sspark.submit.pyFiles
s
e

2022-02-28 12:15:59,507 Answer received: !ys/home/suman/.ivy2/jars/org.apache.spark_spark-sql-kafka-0-10_2.12-3.2.1.jar,/home/suman/.ivy2/jars/net.snowflake_spark-snowflake_2.12-2.10.0-spark_3.2.jar,/home/suman/.ivy2/jars/org.apache.spark_spark-token-provider-kafka-0-10_2.12-3.2.1.jar,/home/suman/.ivy2/jars/org.apache.kafka_kafka-clients-2.8.0.jar,/home/suman/.ivy2/jars/com.google.code.findbugs_jsr305-3.0.0.jar,/home/suman/.ivy2/jars/org.apache.commons_commons-pool2-2.6.2.jar,/home/suman/.ivy2/jars/org.spark-project.spark_unused-1.0.0.jar,/home/suman/.ivy2/jars/org.apache.hadoop_hadoop-client-runtime-3.3.1.jar,/home/suman/.ivy2/jars/org.lz4_lz4-java-1.7.1.jar,/home/suman/.ivy2/jars/org.xerial.snappy_snappy-java-1.1.8.4.jar,/home/suman/.ivy2/jars/org.slf4j_slf4j-api-1.7.30.jar,/home/suman/.ivy2/jars/org.apache.hadoop_hadoop-client-api-3.3.1.jar,/home/suman/.ivy2/jars/org.apache.htrace_htrace-core4-4.1.0-incubating.jar,/home/suman/.ivy2/jars/commons-logging_commons-logging-1.1.3.jar,/home/suman/.ivy2/jars/net.snowflake_snowflake-ingest-sdk-0.10.3.jar,/home/suman/.ivy2/jars/net.snowflake_snowflake-jdbc-3.13.14.jar
2022-02-28 12:15:59,507 Command to send: r
u
org
rj
e

2022-02-28 12:15:59,509 Answer received: !yp
2022-02-28 12:15:59,509 Command to send: r
u
org.apache
rj
e

2022-02-28 12:15:59,510 Answer received: !yp
2022-02-28 12:15:59,510 Command to send: r
u
org.apache.spark
rj
e

2022-02-28 12:15:59,510 Answer received: !yp
2022-02-28 12:15:59,511 Command to send: r
u
org.apache.spark.SparkFiles
rj
e

2022-02-28 12:15:59,511 Answer received: !ycorg.apache.spark.SparkFiles
2022-02-28 12:15:59,511 Command to send: r
m
org.apache.spark.SparkFiles
getRootDirectory
e

2022-02-28 12:15:59,511 Answer received: !ym
2022-02-28 12:15:59,511 Command to send: c
z:org.apache.spark.SparkFiles
getRootDirectory
e

2022-02-28 12:15:59,511 Answer received: !ys/tmp/spark-f144b425-b7ab-48d7-8ddc-18b2a45cc869/userFiles-790aa0e2-b656-4fd8-b26d-df41080b1497
2022-02-28 12:15:59,511 Command to send: r
u
org
rj
e

2022-02-28 12:15:59,513 Answer received: !yp
2022-02-28 12:15:59,513 Command to send: r
u
org.apache
rj
e

2022-02-28 12:15:59,514 Answer received: !yp
2022-02-28 12:15:59,514 Command to send: r
u
org.apache.spark
rj
e

2022-02-28 12:15:59,515 Answer received: !yp
2022-02-28 12:15:59,515 Command to send: r
u
org.apache.spark.SparkFiles
rj
e

2022-02-28 12:15:59,515 Answer received: !ycorg.apache.spark.SparkFiles
2022-02-28 12:15:59,516 Command to send: r
m
org.apache.spark.SparkFiles
getRootDirectory
e

2022-02-28 12:15:59,516 Answer received: !ym
2022-02-28 12:15:59,516 Command to send: c
z:org.apache.spark.SparkFiles
getRootDirectory
e

2022-02-28 12:15:59,516 Answer received: !ys/tmp/spark-f144b425-b7ab-48d7-8ddc-18b2a45cc869/userFiles-790aa0e2-b656-4fd8-b26d-df41080b1497
2022-02-28 12:15:59,516 Command to send: r
u
org
rj
e

2022-02-28 12:15:59,518 Answer received: !yp
2022-02-28 12:15:59,518 Command to send: r
u
org.apache
rj
e

2022-02-28 12:15:59,518 Answer received: !yp
2022-02-28 12:15:59,518 Command to send: r
u
org.apache.spark
rj
e

2022-02-28 12:15:59,519 Answer received: !yp
2022-02-28 12:15:59,519 Command to send: r
u
org.apache.spark.SparkFiles
rj
e

2022-02-28 12:15:59,519 Answer received: !ycorg.apache.spark.SparkFiles
2022-02-28 12:15:59,519 Command to send: r
m
org.apache.spark.SparkFiles
getRootDirectory
e

2022-02-28 12:15:59,520 Answer received: !ym
2022-02-28 12:15:59,520 Command to send: c
z:org.apache.spark.SparkFiles
getRootDirectory
e

2022-02-28 12:15:59,520 Answer received: !ys/tmp/spark-f144b425-b7ab-48d7-8ddc-18b2a45cc869/userFiles-790aa0e2-b656-4fd8-b26d-df41080b1497
2022-02-28 12:15:59,520 Command to send: r
u
org
rj
e

2022-02-28 12:15:59,522 Answer received: !yp
2022-02-28 12:15:59,522 Command to send: r
u
org.apache
rj
e

2022-02-28 12:15:59,523 Answer received: !yp
2022-02-28 12:15:59,523 Command to send: r
u
org.apache.spark
rj
e

2022-02-28 12:15:59,524 Answer received: !yp
2022-02-28 12:15:59,524 Command to send: r
u
org.apache.spark.SparkFiles
rj
e

2022-02-28 12:15:59,524 Answer received: !ycorg.apache.spark.SparkFiles
2022-02-28 12:15:59,524 Command to send: r
m
org.apache.spark.SparkFiles
getRootDirectory
e

2022-02-28 12:15:59,524 Answer received: !ym
2022-02-28 12:15:59,525 Command to send: c
z:org.apache.spark.SparkFiles
getRootDirectory
e

2022-02-28 12:15:59,525 Answer received: !ys/tmp/spark-f144b425-b7ab-48d7-8ddc-18b2a45cc869/userFiles-790aa0e2-b656-4fd8-b26d-df41080b1497
2022-02-28 12:15:59,525 Command to send: r
u
org
rj
e

2022-02-28 12:15:59,527 Answer received: !yp
2022-02-28 12:15:59,527 Command to send: r
u
org.apache
rj
e

2022-02-28 12:15:59,528 Answer received: !yp
2022-02-28 12:15:59,528 Command to send: r
u
org.apache.spark
rj
e

2022-02-28 12:15:59,528 Answer received: !yp
2022-02-28 12:15:59,528 Command to send: r
u
org.apache.spark.SparkFiles
rj
e

2022-02-28 12:15:59,529 Answer received: !ycorg.apache.spark.SparkFiles
2022-02-28 12:15:59,529 Command to send: r
m
org.apache.spark.SparkFiles
getRootDirectory
e

2022-02-28 12:15:59,529 Answer received: !ym
2022-02-28 12:15:59,529 Command to send: c
z:org.apache.spark.SparkFiles
getRootDirectory
e

2022-02-28 12:15:59,529 Answer received: !ys/tmp/spark-f144b425-b7ab-48d7-8ddc-18b2a45cc869/userFiles-790aa0e2-b656-4fd8-b26d-df41080b1497
2022-02-28 12:15:59,530 Command to send: r
u
org
rj
e

2022-02-28 12:15:59,532 Answer received: !yp
2022-02-28 12:15:59,532 Command to send: r
u
org.apache
rj
e

2022-02-28 12:15:59,532 Answer received: !yp
2022-02-28 12:15:59,533 Command to send: r
u
org.apache.spark
rj
e

2022-02-28 12:15:59,533 Answer received: !yp
2022-02-28 12:15:59,533 Command to send: r
u
org.apache.spark.SparkFiles
rj
e

2022-02-28 12:15:59,534 Answer received: !ycorg.apache.spark.SparkFiles
2022-02-28 12:15:59,534 Command to send: r
m
org.apache.spark.SparkFiles
getRootDirectory
e

2022-02-28 12:15:59,534 Answer received: !ym
2022-02-28 12:15:59,534 Command to send: c
z:org.apache.spark.SparkFiles
getRootDirectory
e

2022-02-28 12:15:59,534 Answer received: !ys/tmp/spark-f144b425-b7ab-48d7-8ddc-18b2a45cc869/userFiles-790aa0e2-b656-4fd8-b26d-df41080b1497
2022-02-28 12:15:59,535 Command to send: r
u
org
rj
e

2022-02-28 12:15:59,537 Answer received: !yp
2022-02-28 12:15:59,537 Command to send: r
u
org.apache
rj
e

2022-02-28 12:15:59,537 Answer received: !yp
2022-02-28 12:15:59,538 Command to send: r
u
org.apache.spark
rj
e

2022-02-28 12:15:59,538 Answer received: !yp
2022-02-28 12:15:59,538 Command to send: r
u
org.apache.spark.SparkFiles
rj
e

2022-02-28 12:15:59,539 Answer received: !ycorg.apache.spark.SparkFiles
2022-02-28 12:15:59,539 Command to send: r
m
org.apache.spark.SparkFiles
getRootDirectory
e

2022-02-28 12:15:59,539 Answer received: !ym
2022-02-28 12:15:59,539 Command to send: c
z:org.apache.spark.SparkFiles
getRootDirectory
e

2022-02-28 12:15:59,539 Answer received: !ys/tmp/spark-f144b425-b7ab-48d7-8ddc-18b2a45cc869/userFiles-790aa0e2-b656-4fd8-b26d-df41080b1497
2022-02-28 12:15:59,540 Command to send: r
u
org
rj
e

2022-02-28 12:15:59,542 Answer received: !yp
2022-02-28 12:15:59,542 Command to send: r
u
org.apache
rj
e

2022-02-28 12:15:59,543 Answer received: !yp
2022-02-28 12:15:59,543 Command to send: r
u
org.apache.spark
rj
e

2022-02-28 12:15:59,543 Answer received: !yp
2022-02-28 12:15:59,543 Command to send: r
u
org.apache.spark.SparkFiles
rj
e

2022-02-28 12:15:59,544 Answer received: !ycorg.apache.spark.SparkFiles
2022-02-28 12:15:59,544 Command to send: r
m
org.apache.spark.SparkFiles
getRootDirectory
e

2022-02-28 12:15:59,544 Answer received: !ym
2022-02-28 12:15:59,544 Command to send: c
z:org.apache.spark.SparkFiles
getRootDirectory
e

2022-02-28 12:15:59,544 Answer received: !ys/tmp/spark-f144b425-b7ab-48d7-8ddc-18b2a45cc869/userFiles-790aa0e2-b656-4fd8-b26d-df41080b1497
2022-02-28 12:15:59,545 Command to send: r
u
org
rj
e

2022-02-28 12:15:59,546 Answer received: !yp
2022-02-28 12:15:59,546 Command to send: r
u
org.apache
rj
e

2022-02-28 12:15:59,547 Answer received: !yp
2022-02-28 12:15:59,547 Command to send: r
u
org.apache.spark
rj
e

2022-02-28 12:15:59,548 Answer received: !yp
2022-02-28 12:15:59,548 Command to send: r
u
org.apache.spark.SparkFiles
rj
e

2022-02-28 12:15:59,548 Answer received: !ycorg.apache.spark.SparkFiles
2022-02-28 12:15:59,548 Command to send: r
m
org.apache.spark.SparkFiles
getRootDirectory
e

2022-02-28 12:15:59,548 Answer received: !ym
2022-02-28 12:15:59,548 Command to send: c
z:org.apache.spark.SparkFiles
getRootDirectory
e

2022-02-28 12:15:59,549 Answer received: !ys/tmp/spark-f144b425-b7ab-48d7-8ddc-18b2a45cc869/userFiles-790aa0e2-b656-4fd8-b26d-df41080b1497
2022-02-28 12:15:59,549 Command to send: r
u
org
rj
e

2022-02-28 12:15:59,550 Answer received: !yp
2022-02-28 12:15:59,550 Command to send: r
u
org.apache
rj
e

2022-02-28 12:15:59,551 Answer received: !yp
2022-02-28 12:15:59,551 Command to send: r
u
org.apache.spark
rj
e

2022-02-28 12:15:59,551 Answer received: !yp
2022-02-28 12:15:59,552 Command to send: r
u
org.apache.spark.SparkFiles
rj
e

2022-02-28 12:15:59,552 Answer received: !ycorg.apache.spark.SparkFiles
2022-02-28 12:15:59,552 Command to send: r
m
org.apache.spark.SparkFiles
getRootDirectory
e

2022-02-28 12:15:59,552 Answer received: !ym
2022-02-28 12:15:59,552 Command to send: c
z:org.apache.spark.SparkFiles
getRootDirectory
e

2022-02-28 12:15:59,552 Answer received: !ys/tmp/spark-f144b425-b7ab-48d7-8ddc-18b2a45cc869/userFiles-790aa0e2-b656-4fd8-b26d-df41080b1497
2022-02-28 12:15:59,553 Command to send: r
u
org
rj
e

2022-02-28 12:15:59,554 Answer received: !yp
2022-02-28 12:15:59,554 Command to send: r
u
org.apache
rj
e

2022-02-28 12:15:59,555 Answer received: !yp
2022-02-28 12:15:59,555 Command to send: r
u
org.apache.spark
rj
e

2022-02-28 12:15:59,555 Answer received: !yp
2022-02-28 12:15:59,555 Command to send: r
u
org.apache.spark.SparkFiles
rj
e

2022-02-28 12:15:59,556 Answer received: !ycorg.apache.spark.SparkFiles
2022-02-28 12:15:59,556 Command to send: r
m
org.apache.spark.SparkFiles
getRootDirectory
e

2022-02-28 12:15:59,556 Answer received: !ym
2022-02-28 12:15:59,556 Command to send: c
z:org.apache.spark.SparkFiles
getRootDirectory
e

2022-02-28 12:15:59,556 Answer received: !ys/tmp/spark-f144b425-b7ab-48d7-8ddc-18b2a45cc869/userFiles-790aa0e2-b656-4fd8-b26d-df41080b1497
2022-02-28 12:15:59,556 Command to send: r
u
org
rj
e

2022-02-28 12:15:59,558 Answer received: !yp
2022-02-28 12:15:59,558 Command to send: r
u
org.apache
rj
e

2022-02-28 12:15:59,559 Answer received: !yp
2022-02-28 12:15:59,559 Command to send: r
u
org.apache.spark
rj
e

2022-02-28 12:15:59,560 Answer received: !yp
2022-02-28 12:15:59,560 Command to send: r
u
org.apache.spark.SparkFiles
rj
e

2022-02-28 12:15:59,560 Answer received: !ycorg.apache.spark.SparkFiles
2022-02-28 12:15:59,560 Command to send: r
m
org.apache.spark.SparkFiles
getRootDirectory
e

2022-02-28 12:15:59,560 Answer received: !ym
2022-02-28 12:15:59,560 Command to send: c
z:org.apache.spark.SparkFiles
getRootDirectory
e

2022-02-28 12:15:59,561 Answer received: !ys/tmp/spark-f144b425-b7ab-48d7-8ddc-18b2a45cc869/userFiles-790aa0e2-b656-4fd8-b26d-df41080b1497
2022-02-28 12:15:59,561 Command to send: r
u
org
rj
e

2022-02-28 12:15:59,562 Answer received: !yp
2022-02-28 12:15:59,563 Command to send: r
u
org.apache
rj
e

2022-02-28 12:15:59,563 Answer received: !yp
2022-02-28 12:15:59,563 Command to send: r
u
org.apache.spark
rj
e

2022-02-28 12:15:59,564 Answer received: !yp
2022-02-28 12:15:59,564 Command to send: r
u
org.apache.spark.SparkFiles
rj
e

2022-02-28 12:15:59,564 Answer received: !ycorg.apache.spark.SparkFiles
2022-02-28 12:15:59,564 Command to send: r
m
org.apache.spark.SparkFiles
getRootDirectory
e

2022-02-28 12:15:59,564 Answer received: !ym
2022-02-28 12:15:59,565 Command to send: c
z:org.apache.spark.SparkFiles
getRootDirectory
e

2022-02-28 12:15:59,565 Answer received: !ys/tmp/spark-f144b425-b7ab-48d7-8ddc-18b2a45cc869/userFiles-790aa0e2-b656-4fd8-b26d-df41080b1497
2022-02-28 12:15:59,565 Command to send: r
u
org
rj
e

2022-02-28 12:15:59,566 Answer received: !yp
2022-02-28 12:15:59,567 Command to send: r
u
org.apache
rj
e

2022-02-28 12:15:59,567 Answer received: !yp
2022-02-28 12:15:59,567 Command to send: r
u
org.apache.spark
rj
e

2022-02-28 12:15:59,568 Answer received: !yp
2022-02-28 12:15:59,568 Command to send: r
u
org.apache.spark.SparkFiles
rj
e

2022-02-28 12:15:59,568 Answer received: !ycorg.apache.spark.SparkFiles
2022-02-28 12:15:59,568 Command to send: r
m
org.apache.spark.SparkFiles
getRootDirectory
e

2022-02-28 12:15:59,569 Answer received: !ym
2022-02-28 12:15:59,569 Command to send: c
z:org.apache.spark.SparkFiles
getRootDirectory
e

2022-02-28 12:15:59,569 Answer received: !ys/tmp/spark-f144b425-b7ab-48d7-8ddc-18b2a45cc869/userFiles-790aa0e2-b656-4fd8-b26d-df41080b1497
2022-02-28 12:15:59,569 Command to send: r
u
org
rj
e

2022-02-28 12:15:59,571 Answer received: !yp
2022-02-28 12:15:59,572 Command to send: r
u
org.apache
rj
e

2022-02-28 12:15:59,572 Answer received: !yp
2022-02-28 12:15:59,572 Command to send: r
u
org.apache.spark
rj
e

2022-02-28 12:15:59,573 Answer received: !yp
2022-02-28 12:15:59,573 Command to send: r
u
org.apache.spark.SparkFiles
rj
e

2022-02-28 12:15:59,573 Answer received: !ycorg.apache.spark.SparkFiles
2022-02-28 12:15:59,573 Command to send: r
m
org.apache.spark.SparkFiles
getRootDirectory
e

2022-02-28 12:15:59,574 Answer received: !ym
2022-02-28 12:15:59,574 Command to send: c
z:org.apache.spark.SparkFiles
getRootDirectory
e

2022-02-28 12:15:59,574 Answer received: !ys/tmp/spark-f144b425-b7ab-48d7-8ddc-18b2a45cc869/userFiles-790aa0e2-b656-4fd8-b26d-df41080b1497
2022-02-28 12:15:59,575 Command to send: r
u
org
rj
e

2022-02-28 12:15:59,576 Answer received: !yp
2022-02-28 12:15:59,577 Command to send: r
u
org.apache
rj
e

2022-02-28 12:15:59,577 Answer received: !yp
2022-02-28 12:15:59,577 Command to send: r
u
org.apache.spark
rj
e

2022-02-28 12:15:59,578 Answer received: !yp
2022-02-28 12:15:59,578 Command to send: r
u
org.apache.spark.SparkFiles
rj
e

2022-02-28 12:15:59,578 Answer received: !ycorg.apache.spark.SparkFiles
2022-02-28 12:15:59,578 Command to send: r
m
org.apache.spark.SparkFiles
getRootDirectory
e

2022-02-28 12:15:59,578 Answer received: !ym
2022-02-28 12:15:59,578 Command to send: c
z:org.apache.spark.SparkFiles
getRootDirectory
e

2022-02-28 12:15:59,579 Answer received: !ys/tmp/spark-f144b425-b7ab-48d7-8ddc-18b2a45cc869/userFiles-790aa0e2-b656-4fd8-b26d-df41080b1497
2022-02-28 12:15:59,579 Command to send: r
u
org
rj
e

2022-02-28 12:15:59,580 Answer received: !yp
2022-02-28 12:15:59,580 Command to send: r
u
org.apache
rj
e

2022-02-28 12:15:59,581 Answer received: !yp
2022-02-28 12:15:59,581 Command to send: r
u
org.apache.spark
rj
e

2022-02-28 12:15:59,582 Answer received: !yp
2022-02-28 12:15:59,582 Command to send: r
u
org.apache.spark.util
rj
e

2022-02-28 12:15:59,582 Answer received: !yp
2022-02-28 12:15:59,582 Command to send: r
u
org.apache.spark.util.Utils
rj
e

2022-02-28 12:15:59,585 Answer received: !ycorg.apache.spark.util.Utils
2022-02-28 12:15:59,585 Command to send: r
m
org.apache.spark.util.Utils
getLocalDir
e

2022-02-28 12:15:59,587 Answer received: !ym
2022-02-28 12:15:59,587 Command to send: c
o18
sc
e

2022-02-28 12:15:59,587 Answer received: !yro23
2022-02-28 12:15:59,588 Command to send: c
o23
conf
e

2022-02-28 12:15:59,588 Answer received: !yro24
2022-02-28 12:15:59,588 Command to send: c
z:org.apache.spark.util.Utils
getLocalDir
ro24
e

2022-02-28 12:15:59,588 Answer received: !ys/tmp/spark-f144b425-b7ab-48d7-8ddc-18b2a45cc869
2022-02-28 12:15:59,588 Command to send: r
u
org
rj
e

2022-02-28 12:15:59,590 Answer received: !yp
2022-02-28 12:15:59,591 Command to send: r
u
org.apache
rj
e

2022-02-28 12:15:59,591 Answer received: !yp
2022-02-28 12:15:59,591 Command to send: r
u
org.apache.spark
rj
e

2022-02-28 12:15:59,592 Answer received: !yp
2022-02-28 12:15:59,592 Command to send: r
u
org.apache.spark.util
rj
e

2022-02-28 12:15:59,592 Answer received: !yp
2022-02-28 12:15:59,593 Command to send: r
u
org.apache.spark.util.Utils
rj
e

2022-02-28 12:15:59,593 Answer received: !ycorg.apache.spark.util.Utils
2022-02-28 12:15:59,593 Command to send: r
m
org.apache.spark.util.Utils
createTempDir
e

2022-02-28 12:15:59,593 Answer received: !ym
2022-02-28 12:15:59,593 Command to send: c
z:org.apache.spark.util.Utils
createTempDir
s/tmp/spark-f144b425-b7ab-48d7-8ddc-18b2a45cc869
spyspark
e

2022-02-28 12:15:59,594 Answer received: !yro25
2022-02-28 12:15:59,594 Command to send: c
o25
getAbsolutePath
e

2022-02-28 12:15:59,594 Answer received: !ys/tmp/spark-f144b425-b7ab-48d7-8ddc-18b2a45cc869/pyspark-95bae85f-5f74-43b3-8873-9670f19b1bec
2022-02-28 12:15:59,595 Command to send: c
o20
get
sspark.python.profile
sfalse
e

2022-02-28 12:15:59,595 Answer received: !ysfalse
2022-02-28 12:15:59,595 Command to send: r
u
SparkSession
rj
e

2022-02-28 12:15:59,622 Answer received: !ycorg.apache.spark.sql.SparkSession
2022-02-28 12:15:59,622 Command to send: r
m
org.apache.spark.sql.SparkSession
getDefaultSession
e

2022-02-28 12:15:59,654 Answer received: !ym
2022-02-28 12:15:59,654 Command to send: c
z:org.apache.spark.sql.SparkSession
getDefaultSession
e

2022-02-28 12:15:59,656 Answer received: !yro26
2022-02-28 12:15:59,657 Command to send: c
o26
isDefined
e

2022-02-28 12:15:59,657 Answer received: !ybfalse
2022-02-28 12:15:59,658 Command to send: r
u
SparkSession
rj
e

2022-02-28 12:15:59,660 Answer received: !ycorg.apache.spark.sql.SparkSession
2022-02-28 12:15:59,661 Command to send: c
o18
sc
e

2022-02-28 12:15:59,662 Answer received: !yro27
2022-02-28 12:15:59,663 Command to send: i
org.apache.spark.sql.SparkSession
ro27
e

2022-02-28 12:15:59,742 Answer received: !yro28
2022-02-28 12:15:59,743 Command to send: c
o28
sqlContext
e

2022-02-28 12:15:59,743 Answer received: !yro29
2022-02-28 12:15:59,743 Command to send: r
u
SparkSession
rj
e

2022-02-28 12:15:59,745 Answer received: !ycorg.apache.spark.sql.SparkSession
2022-02-28 12:15:59,745 Command to send: r
m
org.apache.spark.sql.SparkSession
setDefaultSession
e

2022-02-28 12:15:59,745 Answer received: !ym
2022-02-28 12:15:59,745 Command to send: c
z:org.apache.spark.sql.SparkSession
setDefaultSession
ro28
e

2022-02-28 12:15:59,746 Answer received: !yv
2022-02-28 12:15:59,746 Command to send: r
u
SparkSession
rj
e

2022-02-28 12:15:59,747 Answer received: !ycorg.apache.spark.sql.SparkSession
2022-02-28 12:15:59,747 Command to send: r
m
org.apache.spark.sql.SparkSession
setActiveSession
e

2022-02-28 12:15:59,747 Answer received: !ym
2022-02-28 12:15:59,747 Command to send: c
z:org.apache.spark.sql.SparkSession
setActiveSession
ro28
e

2022-02-28 12:15:59,748 Answer received: !yv
2022-02-28 12:15:59,748 Command to send: c
o28
sessionState
e

2022-02-28 12:16:00,710 Answer received: !yro30
2022-02-28 12:16:00,710 Command to send: c
o30
conf
e

2022-02-28 12:16:00,711 Answer received: !yro31
2022-02-28 12:16:00,712 Command to send: c
o31
setConfString
sspark.master
slocal
e

2022-02-28 12:16:00,714 Answer received: !yv
2022-02-28 12:16:00,714 Command to send: c
o28
sessionState
e

2022-02-28 12:16:00,714 Answer received: !yro32
2022-02-28 12:16:00,714 Command to send: c
o32
conf
e

2022-02-28 12:16:00,715 Answer received: !yro33
2022-02-28 12:16:00,715 Command to send: c
o33
setConfString
sspark.app.name
swiki-changes-event-consumer
e

2022-02-28 12:16:00,715 Answer received: !yv
2022-02-28 12:16:00,715 Command to send: c
o28
sessionState
e

2022-02-28 12:16:00,716 Answer received: !yro34
2022-02-28 12:16:00,716 Command to send: c
o34
conf
e

2022-02-28 12:16:00,716 Answer received: !yro35
2022-02-28 12:16:00,716 Command to send: c
o35
setConfString
sspark.jars.packages
sorg.apache.spark:spark-sql-kafka-0-10_2.12:3.2.1,net.snowflake:spark-snowflake_2.12:2.10.0-spark_3.2
e

2022-02-28 12:16:00,717 Answer received: !yv
2022-02-28 12:16:00,717 setting up snowflake connections
2022-02-28 12:16:00,717 fetching latest records from RAW table
2022-02-28 12:16:00,717 Command to send: c
o29
read
e

2022-02-28 12:16:00,726 Answer received: !yro36
2022-02-28 12:16:00,726 Command to send: c
o36
format
ssnowflake
e

2022-02-28 12:16:00,734 Answer received: !yro37
2022-02-28 12:16:00,734 Command to send: c
o37
option
ssfURL
szu02863.ap-south-1.aws.snowflakecomputing.com
e

2022-02-28 12:16:00,736 Answer received: !yro38
2022-02-28 12:16:00,736 Command to send: c
o38
option
ssfAccount
szu02863.ap-south-1.aws
e

2022-02-28 12:16:00,737 Answer received: !yro39
2022-02-28 12:16:00,737 Command to send: c
o39
option
ssfUser
scoolkeonjhar
e

2022-02-28 12:16:00,737 Answer received: !yro40
2022-02-28 12:16:00,737 Command to send: c
o40
option
ssfPassword
sAmrita@123
e

2022-02-28 12:16:00,738 Answer received: !yro41
2022-02-28 12:16:00,738 Command to send: c
o41
option
ssfDatabase
sNIMBUS_MAPS
e

2022-02-28 12:16:00,738 Answer received: !yro42
2022-02-28 12:16:00,739 Command to send: c
o42
option
ssfSchema
sPRESENTATION
e

2022-02-28 12:16:00,739 Answer received: !yro43
2022-02-28 12:16:00,739 Command to send: c
o43
option
ssfWarehouse
sSNOW_LARGE_VWH
e

2022-02-28 12:16:00,740 Answer received: !yro44
2022-02-28 12:16:00,740 Command to send: c
o44
option
ssfRole
sACCOUNTADMIN
e

2022-02-28 12:16:00,740 Answer received: !yro45
2022-02-28 12:16:00,740 Command to send: c
o45
option
squery
sselect UID,ADDRESS,CITY,ZIPCODE,DECISION,CURRENT_TIMESTAMP() AS CREATE_TS from NIMBUS_MAPS.RAW_LAYER.DECISION_DATA_RAW where create_ts >(select nvl(max(CREATE_TS),to_timestamp('2001-01-01 00:00:00','YYYY-MM-DD HH24:MI:SS')) FROM nimbus_maps.presentation.decision_data_pres)
e

2022-02-28 12:16:00,741 Answer received: !yro46
2022-02-28 12:16:00,741 Command to send: c
o46
load
e

2022-02-28 12:16:05,026 Answer received: !yro47
2022-02-28 12:16:05,026 fetched data from RAW Layer
2022-02-28 12:16:05,026 Command to send: c
o47
count
e

2022-02-28 12:16:10,593 Answer received: !yL58
2022-02-28 12:16:10,594 58 records fetched to be processed
2022-02-28 12:16:10,594 checking if record count is o
2022-02-28 12:16:10,595 Command to send: c
o47
count
e

2022-02-28 12:16:12,008 Answer received: !yL58
2022-02-28 12:16:12,009 Command to send: c
o28
sessionState
e

2022-02-28 12:16:12,010 Answer received: !yro48
2022-02-28 12:16:12,010 Command to send: c
o48
conf
e

2022-02-28 12:16:12,011 Answer received: !yro49
2022-02-28 12:16:12,011 Command to send: c
o49
setConfString
sspark.master
slocal
e

2022-02-28 12:16:12,012 Answer received: !yv
2022-02-28 12:16:12,012 Command to send: c
o28
sessionState
e

2022-02-28 12:16:12,012 Answer received: !yro50
2022-02-28 12:16:12,012 Command to send: c
o50
conf
e

2022-02-28 12:16:12,013 Answer received: !yro51
2022-02-28 12:16:12,013 Command to send: c
o51
setConfString
sspark.app.name
swiki-changes-event-consumer
e

2022-02-28 12:16:12,013 Answer received: !yv
2022-02-28 12:16:12,013 Command to send: c
o28
sessionState
e

2022-02-28 12:16:12,014 Answer received: !yro52
2022-02-28 12:16:12,014 Command to send: c
o52
conf
e

2022-02-28 12:16:12,014 Answer received: !yro53
2022-02-28 12:16:12,014 Command to send: c
o53
setConfString
sspark.jars.packages
sorg.apache.spark:spark-sql-kafka-0-10_2.12:3.2.1,net.snowflake:spark-snowflake_2.12:2.10.0-spark_3.2
e

2022-02-28 12:16:12,015 Answer received: !yv
2022-02-28 12:16:12,015 Command to send: r
u
PythonUtils
rj
e

2022-02-28 12:16:12,016 Answer received: !ycorg.apache.spark.api.python.PythonUtils
2022-02-28 12:16:12,017 Command to send: r
m
org.apache.spark.api.python.PythonUtils
getBroadcastThreshold
e

2022-02-28 12:16:12,017 Answer received: !ym
2022-02-28 12:16:12,017 Command to send: c
z:org.apache.spark.api.python.PythonUtils
getBroadcastThreshold
ro18
e

2022-02-28 12:16:12,018 Answer received: !yL1048576
2022-02-28 12:16:12,018 Command to send: r
u
PythonFunction
rj
e

2022-02-28 12:16:12,020 Answer received: !ycorg.apache.spark.api.python.PythonFunction
2022-02-28 12:16:12,020 Command to send: i
java.util.HashMap
e

2022-02-28 12:16:12,021 Answer received: !yao54
2022-02-28 12:16:12,021 Command to send: c
o54
put
sPYTHONHASHSEED
s0
e

2022-02-28 12:16:12,022 Answer received: !yn
2022-02-28 12:16:12,023 Command to send: i
java.util.ArrayList
e

2022-02-28 12:16:12,023 Answer received: !ylo55
2022-02-28 12:16:12,023 Command to send: c
o55
add
sorg.apache.spark_spark-sql-kafka-0-10_2.12-3.2.1.jar
e

2022-02-28 12:16:12,024 Answer received: !ybtrue
2022-02-28 12:16:12,025 Command to send: c
o55
add
snet.snowflake_spark-snowflake_2.12-2.10.0-spark_3.2.jar
e

2022-02-28 12:16:12,025 Answer received: !ybtrue
2022-02-28 12:16:12,025 Command to send: c
o55
add
sorg.apache.spark_spark-token-provider-kafka-0-10_2.12-3.2.1.jar
e

2022-02-28 12:16:12,026 Answer received: !ybtrue
2022-02-28 12:16:12,026 Command to send: c
o55
add
sorg.apache.kafka_kafka-clients-2.8.0.jar
e

2022-02-28 12:16:12,027 Answer received: !ybtrue
2022-02-28 12:16:12,027 Command to send: c
o55
add
scom.google.code.findbugs_jsr305-3.0.0.jar
e

2022-02-28 12:16:12,027 Answer received: !ybtrue
2022-02-28 12:16:12,027 Command to send: c
o55
add
sorg.apache.commons_commons-pool2-2.6.2.jar
e

2022-02-28 12:16:12,028 Answer received: !ybtrue
2022-02-28 12:16:12,028 Command to send: c
o55
add
sorg.spark-project.spark_unused-1.0.0.jar
e

2022-02-28 12:16:12,028 Answer received: !ybtrue
2022-02-28 12:16:12,029 Command to send: c
o55
add
sorg.apache.hadoop_hadoop-client-runtime-3.3.1.jar
e

2022-02-28 12:16:12,029 Answer received: !ybtrue
2022-02-28 12:16:12,030 Command to send: c
o55
add
sorg.lz4_lz4-java-1.7.1.jar
e

2022-02-28 12:16:12,030 Answer received: !ybtrue
2022-02-28 12:16:12,030 Command to send: c
o55
add
sorg.xerial.snappy_snappy-java-1.1.8.4.jar
e

2022-02-28 12:16:12,031 Answer received: !ybtrue
2022-02-28 12:16:12,031 Command to send: c
o55
add
sorg.slf4j_slf4j-api-1.7.30.jar
e

2022-02-28 12:16:12,032 Answer received: !ybtrue
2022-02-28 12:16:12,032 Command to send: c
o55
add
sorg.apache.hadoop_hadoop-client-api-3.3.1.jar
e

2022-02-28 12:16:12,032 Answer received: !ybtrue
2022-02-28 12:16:12,033 Command to send: c
o55
add
sorg.apache.htrace_htrace-core4-4.1.0-incubating.jar
e

2022-02-28 12:16:12,033 Answer received: !ybtrue
2022-02-28 12:16:12,033 Command to send: c
o55
add
scommons-logging_commons-logging-1.1.3.jar
e

2022-02-28 12:16:12,033 Answer received: !ybtrue
2022-02-28 12:16:12,034 Command to send: c
o55
add
snet.snowflake_snowflake-ingest-sdk-0.10.3.jar
e

2022-02-28 12:16:12,034 Answer received: !ybtrue
2022-02-28 12:16:12,034 Command to send: c
o55
add
snet.snowflake_snowflake-jdbc-3.13.14.jar
e

2022-02-28 12:16:12,035 Answer received: !ybtrue
2022-02-28 12:16:12,035 Command to send: i
java.util.ArrayList
e

2022-02-28 12:16:12,036 Answer received: !ylo56
2022-02-28 12:16:12,036 Command to send: i
org.apache.spark.api.python.PythonFunction
jgAWVkQIAAAAAAACMH3B5c3BhcmsuY2xvdWRwaWNrbGUuY2xvdWRwaWNrbGWUjA1fYnVpbHRpbl90eXBllJOUjApMYW1iZGFUeXBllIWUUpQoaAKMCENvZGVUeXBllIWUUpQoSwFLAEsASwJLAktDQx5kAX0BfACgAKEAZAJrAnIWZAN9AW4EZAR9AXwBUwCUKE6MAJSMAUGUiIl0lIwFdXBwZXKUhZSMCGRlY2lzaW9ulIwHdmVyZGljdJSGlIxkL2hvbWUvc3VtYW4vUHljaGFybVByb2plY3RzL2RhdGFfbG9hZF9mcm9tX3Jhd190b19wcmVzZW50YXRpb24vZGF0YV9sb2FkX2Zyb21fcmF3X3RvX3ByZXNlbnRhdGlvbi5weZSMDmlzR29vZERlY2lzaW9ulEtIQwoAAQQBDAEGAgQBlCkpdJRSlH2UKIwLX19wYWNrYWdlX1+UTowIX19uYW1lX1+UjAhfX21haW5fX5SMCF9fZmlsZV9flGgSdU5OTnSUUpSMJHB5c3BhcmsuY2xvdWRwaWNrbGUuY2xvdWRwaWNrbGVfZmFzdJSMEl9mdW5jdGlvbl9zZXRzdGF0ZZSTlGgdfZR9lChoGWgTjAxfX3F1YWxuYW1lX1+UaBOMD19fYW5ub3RhdGlvbnNfX5R9lIwOX19rd2RlZmF1bHRzX1+UTowMX19kZWZhdWx0c19flE6MCl9fbW9kdWxlX1+UaBqMB19fZG9jX1+UTowLX19jbG9zdXJlX1+UTowXX2Nsb3VkcGlja2xlX3N1Ym1vZHVsZXOUXZSMC19fZ2xvYmFsc19flH2UdYaUhlIwjBFweXNwYXJrLnNxbC50eXBlc5SMClN0cmluZ1R5cGWUk5QpgZSGlC4=
ro54
ro55
spython3
s3.8
ro56
ro21
e

2022-02-28 12:16:12,039 Answer received: !yro57
2022-02-28 12:16:12,039 Command to send: c
o28
parseDataType
s"string"
e

2022-02-28 12:16:12,070 Answer received: !yro58
2022-02-28 12:16:12,071 Command to send: r
u
org
rj
e

2022-02-28 12:16:12,074 Answer received: !yp
2022-02-28 12:16:12,075 Command to send: r
u
org.apache
rj
e

2022-02-28 12:16:12,076 Answer received: !yp
2022-02-28 12:16:12,076 Command to send: r
u
org.apache.spark
rj
e

2022-02-28 12:16:12,077 Answer received: !yp
2022-02-28 12:16:12,077 Command to send: r
u
org.apache.spark.sql
rj
e

2022-02-28 12:16:12,078 Answer received: !yp
2022-02-28 12:16:12,079 Command to send: r
u
org.apache.spark.sql.execution
rj
e

2022-02-28 12:16:12,079 Answer received: !yp
2022-02-28 12:16:12,080 Command to send: r
u
org.apache.spark.sql.execution.python
rj
e

2022-02-28 12:16:12,081 Answer received: !yp
2022-02-28 12:16:12,081 Command to send: r
u
org.apache.spark.sql.execution.python.UserDefinedPythonFunction
rj
e

2022-02-28 12:16:12,083 Answer received: !ycorg.apache.spark.sql.execution.python.UserDefinedPythonFunction
2022-02-28 12:16:12,083 Command to send: i
org.apache.spark.sql.execution.python.UserDefinedPythonFunction
sisGoodDecision
ro57
ro58
i100
bTrue
e

2022-02-28 12:16:12,084 Answer received: !yro59
2022-02-28 12:16:12,084 Command to send: r
u
functions
rj
e

2022-02-28 12:16:12,092 Answer received: !ycorg.apache.spark.sql.functions
2022-02-28 12:16:12,093 Command to send: r
m
org.apache.spark.sql.functions
col
e

2022-02-28 12:16:12,098 Answer received: !ym
2022-02-28 12:16:12,099 Command to send: c
z:org.apache.spark.sql.functions
col
sDECISION
e

2022-02-28 12:16:12,121 Answer received: !yro60
2022-02-28 12:16:12,122 Command to send: r
u
PythonUtils
rj
e

2022-02-28 12:16:12,123 Answer received: !ycorg.apache.spark.api.python.PythonUtils
2022-02-28 12:16:12,123 Command to send: r
m
org.apache.spark.api.python.PythonUtils
toSeq
e

2022-02-28 12:16:12,123 Answer received: !ym
2022-02-28 12:16:12,123 Command to send: i
java.util.ArrayList
e

2022-02-28 12:16:12,124 Answer received: !ylo61
2022-02-28 12:16:12,124 Command to send: c
o61
add
ro60
e

2022-02-28 12:16:12,124 Answer received: !ybtrue
2022-02-28 12:16:12,124 Command to send: c
z:org.apache.spark.api.python.PythonUtils
toSeq
ro61
e

2022-02-28 12:16:12,125 Answer received: !yro62
2022-02-28 12:16:12,125 Command to send: c
o59
apply
ro62
e

2022-02-28 12:16:12,127 Answer received: !yro63
2022-02-28 12:16:12,127 Command to send: c
o47
withColumn
sisGoodDecision
ro63
e

2022-02-28 12:16:12,162 Answer received: !yro64
2022-02-28 12:16:12,162 Command to send: r
u
functions
rj
e

2022-02-28 12:16:12,164 Answer received: !ycorg.apache.spark.sql.functions
2022-02-28 12:16:12,164 Command to send: r
m
org.apache.spark.sql.functions
col
e

2022-02-28 12:16:12,164 Answer received: !ym
2022-02-28 12:16:12,164 Command to send: c
z:org.apache.spark.sql.functions
col
sUID
e

2022-02-28 12:16:12,165 Answer received: !yro65
2022-02-28 12:16:12,165 Command to send: r
u
functions
rj
e

2022-02-28 12:16:12,166 Answer received: !ycorg.apache.spark.sql.functions
2022-02-28 12:16:12,166 Command to send: r
m
org.apache.spark.sql.functions
col
e

2022-02-28 12:16:12,167 Answer received: !ym
2022-02-28 12:16:12,167 Command to send: c
z:org.apache.spark.sql.functions
col
sDECISION
e

2022-02-28 12:16:12,167 Answer received: !yro66
2022-02-28 12:16:12,167 Command to send: r
u
functions
rj
e

2022-02-28 12:16:12,169 Answer received: !ycorg.apache.spark.sql.functions
2022-02-28 12:16:12,169 Command to send: r
m
org.apache.spark.sql.functions
col
e

2022-02-28 12:16:12,169 Answer received: !ym
2022-02-28 12:16:12,169 Command to send: c
z:org.apache.spark.sql.functions
col
sisGoodDecision
e

2022-02-28 12:16:12,170 Answer received: !yro67
2022-02-28 12:16:12,170 Command to send: r
u
functions
rj
e

2022-02-28 12:16:12,172 Answer received: !ycorg.apache.spark.sql.functions
2022-02-28 12:16:12,172 Command to send: r
m
org.apache.spark.sql.functions
col
e

2022-02-28 12:16:12,172 Answer received: !ym
2022-02-28 12:16:12,172 Command to send: c
z:org.apache.spark.sql.functions
col
screate_ts
e

2022-02-28 12:16:12,172 Answer received: !yro68
2022-02-28 12:16:12,173 Command to send: r
u
PythonUtils
rj
e

2022-02-28 12:16:12,173 Answer received: !ycorg.apache.spark.api.python.PythonUtils
2022-02-28 12:16:12,173 Command to send: r
m
org.apache.spark.api.python.PythonUtils
toSeq
e

2022-02-28 12:16:12,173 Answer received: !ym
2022-02-28 12:16:12,174 Command to send: i
java.util.ArrayList
e

2022-02-28 12:16:12,174 Answer received: !ylo69
2022-02-28 12:16:12,174 Command to send: c
o69
add
ro65
e

2022-02-28 12:16:12,174 Answer received: !ybtrue
2022-02-28 12:16:12,174 Command to send: c
o69
add
ro66
e

2022-02-28 12:16:12,174 Answer received: !ybtrue
2022-02-28 12:16:12,175 Command to send: c
o69
add
ro67
e

2022-02-28 12:16:12,175 Answer received: !ybtrue
2022-02-28 12:16:12,175 Command to send: c
o69
add
ro68
e

2022-02-28 12:16:12,175 Answer received: !ybtrue
2022-02-28 12:16:12,175 Command to send: c
z:org.apache.spark.api.python.PythonUtils
toSeq
ro69
e

2022-02-28 12:16:12,175 Answer received: !yro70
2022-02-28 12:16:12,175 Command to send: c
o64
select
ro70
e

2022-02-28 12:16:12,193 Answer received: !yro71
2022-02-28 12:16:12,193 Command to send: c
o71
count
e

2022-02-28 12:16:12,540 Command to send: m
d
o0
e

2022-02-28 12:16:12,540 Answer received: !yv
2022-02-28 12:16:12,540 Command to send: m
d
o7
e

2022-02-28 12:16:12,541 Answer received: !yv
2022-02-28 12:16:12,541 Command to send: m
d
o8
e

2022-02-28 12:16:12,541 Answer received: !yv
2022-02-28 12:16:12,541 Command to send: m
d
o9
e

2022-02-28 12:16:12,542 Answer received: !yv
2022-02-28 12:16:12,542 Command to send: m
d
o10
e

2022-02-28 12:16:12,542 Answer received: !yv
2022-02-28 12:16:12,542 Command to send: m
d
o11
e

2022-02-28 12:16:12,542 Answer received: !yv
2022-02-28 12:16:12,543 Command to send: m
d
o12
e

2022-02-28 12:16:12,543 Answer received: !yv
2022-02-28 12:16:12,543 Command to send: m
d
o13
e

2022-02-28 12:16:12,543 Answer received: !yv
2022-02-28 12:16:12,543 Command to send: m
d
o14
e

2022-02-28 12:16:12,543 Answer received: !yv
2022-02-28 12:16:12,544 Command to send: m
d
o15
e

2022-02-28 12:16:12,544 Answer received: !yv
2022-02-28 12:16:12,544 Command to send: m
d
o16
e

2022-02-28 12:16:12,544 Answer received: !yv
2022-02-28 12:16:12,545 Command to send: m
d
o17
e

2022-02-28 12:16:12,545 Answer received: !yv
2022-02-28 12:16:12,545 Command to send: m
d
o19
e

2022-02-28 12:16:12,545 Answer received: !yv
2022-02-28 12:16:12,546 Command to send: m
d
o22
e

2022-02-28 12:16:12,546 Answer received: !yv
2022-02-28 12:16:12,546 Command to send: m
d
o23
e

2022-02-28 12:16:12,546 Answer received: !yv
2022-02-28 12:16:12,546 Command to send: m
d
o24
e

2022-02-28 12:16:12,546 Answer received: !yv
2022-02-28 12:16:12,546 Command to send: m
d
o25
e

2022-02-28 12:16:12,547 Answer received: !yv
2022-02-28 12:16:12,547 Command to send: m
d
o26
e

2022-02-28 12:16:12,547 Answer received: !yv
2022-02-28 12:16:12,547 Command to send: m
d
o27
e

2022-02-28 12:16:12,547 Answer received: !yv
2022-02-28 12:16:12,547 Command to send: m
d
o30
e

2022-02-28 12:16:12,548 Answer received: !yv
2022-02-28 12:16:12,548 Command to send: m
d
o31
e

2022-02-28 12:16:12,548 Answer received: !yv
2022-02-28 12:16:12,548 Command to send: m
d
o32
e

2022-02-28 12:16:12,548 Answer received: !yv
2022-02-28 12:16:12,548 Command to send: m
d
o33
e

2022-02-28 12:16:12,548 Answer received: !yv
2022-02-28 12:16:12,549 Command to send: m
d
o34
e

2022-02-28 12:16:12,549 Answer received: !yv
2022-02-28 12:16:12,549 Command to send: m
d
o35
e

2022-02-28 12:16:12,549 Answer received: !yv
2022-02-28 12:16:12,549 Command to send: m
d
o36
e

2022-02-28 12:16:12,549 Answer received: !yv
2022-02-28 12:16:12,549 Command to send: m
d
o37
e

2022-02-28 12:16:12,549 Answer received: !yv
2022-02-28 12:16:12,550 Command to send: m
d
o38
e

2022-02-28 12:16:12,550 Answer received: !yv
2022-02-28 12:16:12,550 Command to send: m
d
o39
e

2022-02-28 12:16:12,550 Answer received: !yv
2022-02-28 12:16:12,550 Command to send: m
d
o40
e

2022-02-28 12:16:12,550 Answer received: !yv
2022-02-28 12:16:12,550 Command to send: m
d
o41
e

2022-02-28 12:16:12,550 Answer received: !yv
2022-02-28 12:16:12,551 Command to send: m
d
o42
e

2022-02-28 12:16:12,551 Answer received: !yv
2022-02-28 12:16:12,551 Command to send: m
d
o43
e

2022-02-28 12:16:12,551 Answer received: !yv
2022-02-28 12:16:12,551 Command to send: m
d
o44
e

2022-02-28 12:16:12,551 Answer received: !yv
2022-02-28 12:16:12,551 Command to send: m
d
o45
e

2022-02-28 12:16:12,551 Answer received: !yv
2022-02-28 12:16:12,551 Command to send: m
d
o46
e

2022-02-28 12:16:12,552 Answer received: !yv
2022-02-28 12:16:12,552 Command to send: m
d
o54
e

2022-02-28 12:16:12,552 Answer received: !yv
2022-02-28 12:16:12,552 Command to send: m
d
o55
e

2022-02-28 12:16:12,552 Answer received: !yv
2022-02-28 12:16:12,552 Command to send: m
d
o56
e

2022-02-28 12:16:12,552 Answer received: !yv
2022-02-28 12:16:12,553 Command to send: m
d
o61
e

2022-02-28 12:16:12,553 Answer received: !yv
2022-02-28 12:16:12,553 Command to send: m
d
o69
e

2022-02-28 12:16:12,553 Answer received: !yv
2022-02-28 12:16:13,791 Answer received: !yL58
2022-02-28 12:16:13,792 writing data to snowflake, 58 records inserted to resentation table
2022-02-28 12:16:13,792 Command to send: c
o71
write
e

2022-02-28 12:16:13,798 Answer received: !yro72
2022-02-28 12:16:13,798 Command to send: c
o72
format
ssnowflake
e

2022-02-28 12:16:13,801 Answer received: !yro73
2022-02-28 12:16:13,801 Command to send: c
o73
option
ssfURL
szu02863.ap-south-1.aws.snowflakecomputing.com
e

2022-02-28 12:16:13,801 Answer received: !yro74
2022-02-28 12:16:13,802 Command to send: c
o74
option
ssfAccount
szu02863.ap-south-1.aws
e

2022-02-28 12:16:13,802 Answer received: !yro75
2022-02-28 12:16:13,802 Command to send: c
o75
option
ssfUser
scoolkeonjhar
e

2022-02-28 12:16:13,802 Answer received: !yro76
2022-02-28 12:16:13,803 Command to send: c
o76
option
ssfPassword
sAmrita@123
e

2022-02-28 12:16:13,803 Answer received: !yro77
2022-02-28 12:16:13,803 Command to send: c
o77
option
ssfDatabase
sNIMBUS_MAPS
e

2022-02-28 12:16:13,803 Answer received: !yro78
2022-02-28 12:16:13,804 Command to send: c
o78
option
ssfSchema
sPRESENTATION
e

2022-02-28 12:16:13,804 Answer received: !yro79
2022-02-28 12:16:13,804 Command to send: c
o79
option
ssfWarehouse
sSNOW_LARGE_VWH
e

2022-02-28 12:16:13,805 Answer received: !yro80
2022-02-28 12:16:13,805 Command to send: c
o80
option
ssfRole
sACCOUNTADMIN
e

2022-02-28 12:16:13,805 Answer received: !yro81
2022-02-28 12:16:13,805 Command to send: c
o81
option
sdbtable
sNIMBUS_MAPS.PRESENTATION.DECISION_DATA_PRES
e

2022-02-28 12:16:13,806 Answer received: !yro82
2022-02-28 12:16:13,806 Command to send: c
o82
mode
sappend
e

2022-02-28 12:16:13,806 Answer received: !yro83
2022-02-28 12:16:13,807 Command to send: c
o83
option
sheader
strue
e

2022-02-28 12:16:13,807 Answer received: !yro84
2022-02-28 12:16:13,807 Command to send: c
o84
save
e

2022-02-28 12:16:21,417 Answer received: !yv
2022-02-28 12:16:21,417 Data processed successfully Exiting
2022-02-28 12:16:21,418 Command to send: c
o18
stop
e

2022-02-28 12:16:21,507 Answer received: !yv
