2022-02-28 00:31:36,532 spark session started 
2022-02-28 00:31:41,151 GatewayClient.address is deprecated and will be removed in version 1.0. Use GatewayParameters instead.
2022-02-28 00:31:41,153 Command to send: A
ae7c794e995f1b3a900702eed07f64a8405bf1b61542f838cf43adf91a35db3a

2022-02-28 00:31:41,174 Answer received: !yv
2022-02-28 00:31:41,174 Command to send: j
i
rj
org.apache.spark.SparkConf
e

2022-02-28 00:31:41,176 Answer received: !yv
2022-02-28 00:31:41,176 Command to send: j
i
rj
org.apache.spark.api.java.*
e

2022-02-28 00:31:41,176 Answer received: !yv
2022-02-28 00:31:41,176 Command to send: j
i
rj
org.apache.spark.api.python.*
e

2022-02-28 00:31:41,177 Answer received: !yv
2022-02-28 00:31:41,177 Command to send: j
i
rj
org.apache.spark.ml.python.*
e

2022-02-28 00:31:41,177 Answer received: !yv
2022-02-28 00:31:41,177 Command to send: j
i
rj
org.apache.spark.mllib.api.python.*
e

2022-02-28 00:31:41,177 Answer received: !yv
2022-02-28 00:31:41,177 Command to send: j
i
rj
org.apache.spark.resource.*
e

2022-02-28 00:31:41,178 Answer received: !yv
2022-02-28 00:31:41,178 Command to send: j
i
rj
org.apache.spark.sql.*
e

2022-02-28 00:31:41,178 Answer received: !yv
2022-02-28 00:31:41,178 Command to send: j
i
rj
org.apache.spark.sql.api.python.*
e

2022-02-28 00:31:41,179 Answer received: !yv
2022-02-28 00:31:41,179 Command to send: j
i
rj
org.apache.spark.sql.hive.*
e

2022-02-28 00:31:41,179 Answer received: !yv
2022-02-28 00:31:41,179 Command to send: j
i
rj
scala.Tuple2
e

2022-02-28 00:31:41,180 Answer received: !yv
2022-02-28 00:31:41,180 Command to send: r
u
SparkConf
rj
e

2022-02-28 00:31:41,206 Answer received: !ycorg.apache.spark.SparkConf
2022-02-28 00:31:41,207 Command to send: i
org.apache.spark.SparkConf
bTrue
e

2022-02-28 00:31:41,212 Answer received: !yro0
2022-02-28 00:31:41,212 Command to send: c
o0
set
sspark.master
slocal
e

2022-02-28 00:31:41,216 Answer received: !yro1
2022-02-28 00:31:41,216 Command to send: c
o0
set
sspark.app.name
sdecisionapp
e

2022-02-28 00:31:41,217 Answer received: !yro2
2022-02-28 00:31:41,217 Command to send: c
o0
set
sspark.jars.packages
sorg.apache.spark:spark-sql-kafka-0-10_2.12:3.2.1,net.snowflake:spark-snowflake_2.12:2.10.0-spark_3.2
e

2022-02-28 00:31:41,217 Answer received: !yro3
2022-02-28 00:31:41,218 Command to send: c
o0
contains
sspark.serializer.objectStreamReset
e

2022-02-28 00:31:41,218 Answer received: !ybfalse
2022-02-28 00:31:41,218 Command to send: c
o0
set
sspark.serializer.objectStreamReset
s100
e

2022-02-28 00:31:41,219 Answer received: !yro4
2022-02-28 00:31:41,219 Command to send: c
o0
contains
sspark.rdd.compress
e

2022-02-28 00:31:41,219 Answer received: !ybfalse
2022-02-28 00:31:41,220 Command to send: c
o0
set
sspark.rdd.compress
sTrue
e

2022-02-28 00:31:41,220 Answer received: !yro5
2022-02-28 00:31:41,220 Command to send: c
o0
contains
sspark.master
e

2022-02-28 00:31:41,221 Answer received: !ybtrue
2022-02-28 00:31:41,221 Command to send: c
o0
contains
sspark.app.name
e

2022-02-28 00:31:41,221 Answer received: !ybtrue
2022-02-28 00:31:41,222 Command to send: c
o0
contains
sspark.master
e

2022-02-28 00:31:41,222 Answer received: !ybtrue
2022-02-28 00:31:41,222 Command to send: c
o0
get
sspark.master
e

2022-02-28 00:31:41,223 Answer received: !yslocal
2022-02-28 00:31:41,223 Command to send: c
o0
contains
sspark.app.name
e

2022-02-28 00:31:41,224 Answer received: !ybtrue
2022-02-28 00:31:41,224 Command to send: c
o0
get
sspark.app.name
e

2022-02-28 00:31:41,224 Answer received: !ysdecisionapp
2022-02-28 00:31:41,225 Command to send: c
o0
contains
sspark.home
e

2022-02-28 00:31:41,225 Answer received: !ybfalse
2022-02-28 00:31:41,225 Command to send: c
o0
getAll
e

2022-02-28 00:31:41,226 Answer received: !yto6
2022-02-28 00:31:41,226 Command to send: a
e
o6
e

2022-02-28 00:31:41,227 Answer received: !yi11
2022-02-28 00:31:41,227 Command to send: a
g
o6
i0
e

2022-02-28 00:31:41,227 Answer received: !yro7
2022-02-28 00:31:41,227 Command to send: c
o7
_1
e

2022-02-28 00:31:41,228 Answer received: !ysspark.master
2022-02-28 00:31:41,228 Command to send: c
o7
_2
e

2022-02-28 00:31:41,228 Answer received: !yslocal
2022-02-28 00:31:41,229 Command to send: a
e
o6
e

2022-02-28 00:31:41,229 Answer received: !yi11
2022-02-28 00:31:41,229 Command to send: a
g
o6
i1
e

2022-02-28 00:31:41,229 Answer received: !yro8
2022-02-28 00:31:41,229 Command to send: c
o8
_1
e

2022-02-28 00:31:41,230 Answer received: !ysspark.app.name
2022-02-28 00:31:41,230 Command to send: c
o8
_2
e

2022-02-28 00:31:41,230 Answer received: !ysdecisionapp
2022-02-28 00:31:41,230 Command to send: a
e
o6
e

2022-02-28 00:31:41,230 Answer received: !yi11
2022-02-28 00:31:41,231 Command to send: a
g
o6
i2
e

2022-02-28 00:31:41,231 Answer received: !yro9
2022-02-28 00:31:41,231 Command to send: c
o9
_1
e

2022-02-28 00:31:41,231 Answer received: !ysspark.rdd.compress
2022-02-28 00:31:41,231 Command to send: c
o9
_2
e

2022-02-28 00:31:41,232 Answer received: !ysTrue
2022-02-28 00:31:41,232 Command to send: a
e
o6
e

2022-02-28 00:31:41,232 Answer received: !yi11
2022-02-28 00:31:41,232 Command to send: a
g
o6
i3
e

2022-02-28 00:31:41,232 Answer received: !yro10
2022-02-28 00:31:41,232 Command to send: c
o10
_1
e

2022-02-28 00:31:41,233 Answer received: !ysspark.jars
2022-02-28 00:31:41,233 Command to send: c
o10
_2
e

2022-02-28 00:31:41,233 Answer received: !ysfile:///home/suman/.ivy2/jars/org.apache.spark_spark-sql-kafka-0-10_2.12-3.2.1.jar,file:///home/suman/.ivy2/jars/net.snowflake_spark-snowflake_2.12-2.10.0-spark_3.2.jar,file:///home/suman/.ivy2/jars/org.apache.spark_spark-token-provider-kafka-0-10_2.12-3.2.1.jar,file:///home/suman/.ivy2/jars/org.apache.kafka_kafka-clients-2.8.0.jar,file:///home/suman/.ivy2/jars/com.google.code.findbugs_jsr305-3.0.0.jar,file:///home/suman/.ivy2/jars/org.apache.commons_commons-pool2-2.6.2.jar,file:///home/suman/.ivy2/jars/org.spark-project.spark_unused-1.0.0.jar,file:///home/suman/.ivy2/jars/org.apache.hadoop_hadoop-client-runtime-3.3.1.jar,file:///home/suman/.ivy2/jars/org.lz4_lz4-java-1.7.1.jar,file:///home/suman/.ivy2/jars/org.xerial.snappy_snappy-java-1.1.8.4.jar,file:///home/suman/.ivy2/jars/org.slf4j_slf4j-api-1.7.30.jar,file:///home/suman/.ivy2/jars/org.apache.hadoop_hadoop-client-api-3.3.1.jar,file:///home/suman/.ivy2/jars/org.apache.htrace_htrace-core4-4.1.0-incubating.jar,file:///home/suman/.ivy2/jars/commons-logging_commons-logging-1.1.3.jar,file:///home/suman/.ivy2/jars/net.snowflake_snowflake-ingest-sdk-0.10.3.jar,file:///home/suman/.ivy2/jars/net.snowflake_snowflake-jdbc-3.13.14.jar
2022-02-28 00:31:41,233 Command to send: a
e
o6
e

2022-02-28 00:31:41,233 Answer received: !yi11
2022-02-28 00:31:41,233 Command to send: a
g
o6
i4
e

2022-02-28 00:31:41,233 Answer received: !yro11
2022-02-28 00:31:41,234 Command to send: c
o11
_1
e

2022-02-28 00:31:41,234 Answer received: !ysspark.files
2022-02-28 00:31:41,234 Command to send: c
o11
_2
e

2022-02-28 00:31:41,234 Answer received: !ysfile:///home/suman/.ivy2/jars/org.apache.spark_spark-sql-kafka-0-10_2.12-3.2.1.jar,file:///home/suman/.ivy2/jars/net.snowflake_spark-snowflake_2.12-2.10.0-spark_3.2.jar,file:///home/suman/.ivy2/jars/org.apache.spark_spark-token-provider-kafka-0-10_2.12-3.2.1.jar,file:///home/suman/.ivy2/jars/org.apache.kafka_kafka-clients-2.8.0.jar,file:///home/suman/.ivy2/jars/com.google.code.findbugs_jsr305-3.0.0.jar,file:///home/suman/.ivy2/jars/org.apache.commons_commons-pool2-2.6.2.jar,file:///home/suman/.ivy2/jars/org.spark-project.spark_unused-1.0.0.jar,file:///home/suman/.ivy2/jars/org.apache.hadoop_hadoop-client-runtime-3.3.1.jar,file:///home/suman/.ivy2/jars/org.lz4_lz4-java-1.7.1.jar,file:///home/suman/.ivy2/jars/org.xerial.snappy_snappy-java-1.1.8.4.jar,file:///home/suman/.ivy2/jars/org.slf4j_slf4j-api-1.7.30.jar,file:///home/suman/.ivy2/jars/org.apache.hadoop_hadoop-client-api-3.3.1.jar,file:///home/suman/.ivy2/jars/org.apache.htrace_htrace-core4-4.1.0-incubating.jar,file:///home/suman/.ivy2/jars/commons-logging_commons-logging-1.1.3.jar,file:///home/suman/.ivy2/jars/net.snowflake_snowflake-ingest-sdk-0.10.3.jar,file:///home/suman/.ivy2/jars/net.snowflake_snowflake-jdbc-3.13.14.jar
2022-02-28 00:31:41,235 Command to send: a
e
o6
e

2022-02-28 00:31:41,235 Answer received: !yi11
2022-02-28 00:31:41,235 Command to send: a
g
o6
i5
e

2022-02-28 00:31:41,235 Answer received: !yro12
2022-02-28 00:31:41,235 Command to send: c
o12
_1
e

2022-02-28 00:31:41,236 Answer received: !ysspark.serializer.objectStreamReset
2022-02-28 00:31:41,236 Command to send: c
o12
_2
e

2022-02-28 00:31:41,236 Answer received: !ys100
2022-02-28 00:31:41,236 Command to send: a
e
o6
e

2022-02-28 00:31:41,237 Answer received: !yi11
2022-02-28 00:31:41,237 Command to send: a
g
o6
i6
e

2022-02-28 00:31:41,237 Answer received: !yro13
2022-02-28 00:31:41,237 Command to send: c
o13
_1
e

2022-02-28 00:31:41,238 Answer received: !ysspark.submit.pyFiles
2022-02-28 00:31:41,238 Command to send: c
o13
_2
e

2022-02-28 00:31:41,238 Answer received: !ys/home/suman/.ivy2/jars/org.apache.spark_spark-sql-kafka-0-10_2.12-3.2.1.jar,/home/suman/.ivy2/jars/net.snowflake_spark-snowflake_2.12-2.10.0-spark_3.2.jar,/home/suman/.ivy2/jars/org.apache.spark_spark-token-provider-kafka-0-10_2.12-3.2.1.jar,/home/suman/.ivy2/jars/org.apache.kafka_kafka-clients-2.8.0.jar,/home/suman/.ivy2/jars/com.google.code.findbugs_jsr305-3.0.0.jar,/home/suman/.ivy2/jars/org.apache.commons_commons-pool2-2.6.2.jar,/home/suman/.ivy2/jars/org.spark-project.spark_unused-1.0.0.jar,/home/suman/.ivy2/jars/org.apache.hadoop_hadoop-client-runtime-3.3.1.jar,/home/suman/.ivy2/jars/org.lz4_lz4-java-1.7.1.jar,/home/suman/.ivy2/jars/org.xerial.snappy_snappy-java-1.1.8.4.jar,/home/suman/.ivy2/jars/org.slf4j_slf4j-api-1.7.30.jar,/home/suman/.ivy2/jars/org.apache.hadoop_hadoop-client-api-3.3.1.jar,/home/suman/.ivy2/jars/org.apache.htrace_htrace-core4-4.1.0-incubating.jar,/home/suman/.ivy2/jars/commons-logging_commons-logging-1.1.3.jar,/home/suman/.ivy2/jars/net.snowflake_snowflake-ingest-sdk-0.10.3.jar,/home/suman/.ivy2/jars/net.snowflake_snowflake-jdbc-3.13.14.jar
2022-02-28 00:31:41,239 Command to send: a
e
o6
e

2022-02-28 00:31:41,239 Answer received: !yi11
2022-02-28 00:31:41,239 Command to send: a
g
o6
i7
e

2022-02-28 00:31:41,239 Answer received: !yro14
2022-02-28 00:31:41,240 Command to send: c
o14
_1
e

2022-02-28 00:31:41,240 Answer received: !ysspark.repl.local.jars
2022-02-28 00:31:41,240 Command to send: c
o14
_2
e

2022-02-28 00:31:41,240 Answer received: !ysfile:///home/suman/.ivy2/jars/org.apache.spark_spark-sql-kafka-0-10_2.12-3.2.1.jar,file:///home/suman/.ivy2/jars/net.snowflake_spark-snowflake_2.12-2.10.0-spark_3.2.jar,file:///home/suman/.ivy2/jars/org.apache.spark_spark-token-provider-kafka-0-10_2.12-3.2.1.jar,file:///home/suman/.ivy2/jars/org.apache.kafka_kafka-clients-2.8.0.jar,file:///home/suman/.ivy2/jars/com.google.code.findbugs_jsr305-3.0.0.jar,file:///home/suman/.ivy2/jars/org.apache.commons_commons-pool2-2.6.2.jar,file:///home/suman/.ivy2/jars/org.spark-project.spark_unused-1.0.0.jar,file:///home/suman/.ivy2/jars/org.apache.hadoop_hadoop-client-runtime-3.3.1.jar,file:///home/suman/.ivy2/jars/org.lz4_lz4-java-1.7.1.jar,file:///home/suman/.ivy2/jars/org.xerial.snappy_snappy-java-1.1.8.4.jar,file:///home/suman/.ivy2/jars/org.slf4j_slf4j-api-1.7.30.jar,file:///home/suman/.ivy2/jars/org.apache.hadoop_hadoop-client-api-3.3.1.jar,file:///home/suman/.ivy2/jars/org.apache.htrace_htrace-core4-4.1.0-incubating.jar,file:///home/suman/.ivy2/jars/commons-logging_commons-logging-1.1.3.jar,file:///home/suman/.ivy2/jars/net.snowflake_snowflake-ingest-sdk-0.10.3.jar,file:///home/suman/.ivy2/jars/net.snowflake_snowflake-jdbc-3.13.14.jar
2022-02-28 00:31:41,241 Command to send: a
e
o6
e

2022-02-28 00:31:41,241 Answer received: !yi11
2022-02-28 00:31:41,241 Command to send: a
g
o6
i8
e

2022-02-28 00:31:41,241 Answer received: !yro15
2022-02-28 00:31:41,241 Command to send: c
o15
_1
e

2022-02-28 00:31:41,241 Answer received: !ysspark.submit.deployMode
2022-02-28 00:31:41,242 Command to send: c
o15
_2
e

2022-02-28 00:31:41,242 Answer received: !ysclient
2022-02-28 00:31:41,242 Command to send: a
e
o6
e

2022-02-28 00:31:41,242 Answer received: !yi11
2022-02-28 00:31:41,242 Command to send: a
g
o6
i9
e

2022-02-28 00:31:41,242 Answer received: !yro16
2022-02-28 00:31:41,242 Command to send: c
o16
_1
e

2022-02-28 00:31:41,243 Answer received: !ysspark.jars.packages
2022-02-28 00:31:41,243 Command to send: c
o16
_2
e

2022-02-28 00:31:41,243 Answer received: !ysorg.apache.spark:spark-sql-kafka-0-10_2.12:3.2.1,net.snowflake:spark-snowflake_2.12:2.10.0-spark_3.2
2022-02-28 00:31:41,243 Command to send: a
e
o6
e

2022-02-28 00:31:41,243 Answer received: !yi11
2022-02-28 00:31:41,243 Command to send: a
g
o6
i10
e

2022-02-28 00:31:41,243 Answer received: !yro17
2022-02-28 00:31:41,244 Command to send: c
o17
_1
e

2022-02-28 00:31:41,244 Answer received: !ysspark.ui.showConsoleProgress
2022-02-28 00:31:41,244 Command to send: c
o17
_2
e

2022-02-28 00:31:41,244 Answer received: !ystrue
2022-02-28 00:31:41,244 Command to send: a
e
o6
e

2022-02-28 00:31:41,244 Answer received: !yi11
2022-02-28 00:31:41,244 Command to send: r
u
JavaSparkContext
rj
e

2022-02-28 00:31:41,258 Answer received: !ycorg.apache.spark.api.java.JavaSparkContext
2022-02-28 00:31:41,259 Command to send: i
org.apache.spark.api.java.JavaSparkContext
ro0
e

2022-02-28 00:31:42,152 Command to send: A
ae7c794e995f1b3a900702eed07f64a8405bf1b61542f838cf43adf91a35db3a

2022-02-28 00:31:42,172 Answer received: !yv
2022-02-28 00:31:42,172 Command to send: m
d
o1
e

2022-02-28 00:31:42,172 Answer received: !yv
2022-02-28 00:31:42,173 Command to send: m
d
o2
e

2022-02-28 00:31:42,173 Answer received: !yv
2022-02-28 00:31:42,173 Command to send: m
d
o3
e

2022-02-28 00:31:42,173 Answer received: !yv
2022-02-28 00:31:42,173 Command to send: m
d
o4
e

2022-02-28 00:31:42,173 Answer received: !yv
2022-02-28 00:31:42,173 Command to send: m
d
o5
e

2022-02-28 00:31:42,173 Answer received: !yv
2022-02-28 00:31:42,173 Command to send: m
d
o6
e

2022-02-28 00:31:42,174 Answer received: !yv
2022-02-28 00:31:45,951 Answer received: !yro18
2022-02-28 00:31:45,951 Command to send: c
o18
sc
e

2022-02-28 00:31:45,954 Answer received: !yro19
2022-02-28 00:31:45,954 Command to send: c
o19
conf
e

2022-02-28 00:31:45,967 Answer received: !yro20
2022-02-28 00:31:45,968 Command to send: r
u
PythonAccumulatorV2
rj
e

2022-02-28 00:31:45,970 Answer received: !ycorg.apache.spark.api.python.PythonAccumulatorV2
2022-02-28 00:31:45,971 Command to send: i
org.apache.spark.api.python.PythonAccumulatorV2
s127.0.0.1
i53187
sae7c794e995f1b3a900702eed07f64a8405bf1b61542f838cf43adf91a35db3a
e

2022-02-28 00:31:45,971 Answer received: !yro21
2022-02-28 00:31:45,971 Command to send: c
o18
sc
e

2022-02-28 00:31:45,972 Answer received: !yro22
2022-02-28 00:31:45,972 Command to send: c
o22
register
ro21
e

2022-02-28 00:31:45,975 Answer received: !yv
2022-02-28 00:31:45,975 Command to send: r
u
PythonUtils
rj
e

2022-02-28 00:31:45,977 Answer received: !ycorg.apache.spark.api.python.PythonUtils
2022-02-28 00:31:45,977 Command to send: r
m
org.apache.spark.api.python.PythonUtils
isEncryptionEnabled
e

2022-02-28 00:31:45,977 Answer received: !ym
2022-02-28 00:31:45,977 Command to send: c
z:org.apache.spark.api.python.PythonUtils
isEncryptionEnabled
ro18
e

2022-02-28 00:31:45,979 Answer received: !ybfalse
2022-02-28 00:31:45,979 Command to send: r
u
PythonUtils
rj
e

2022-02-28 00:31:45,980 Answer received: !ycorg.apache.spark.api.python.PythonUtils
2022-02-28 00:31:45,980 Command to send: r
m
org.apache.spark.api.python.PythonUtils
getPythonAuthSocketTimeout
e

2022-02-28 00:31:45,980 Answer received: !ym
2022-02-28 00:31:45,980 Command to send: c
z:org.apache.spark.api.python.PythonUtils
getPythonAuthSocketTimeout
ro18
e

2022-02-28 00:31:45,981 Answer received: !yL15
2022-02-28 00:31:45,981 Command to send: r
u
PythonUtils
rj
e

2022-02-28 00:31:45,982 Answer received: !ycorg.apache.spark.api.python.PythonUtils
2022-02-28 00:31:45,982 Command to send: r
m
org.apache.spark.api.python.PythonUtils
getSparkBufferSize
e

2022-02-28 00:31:45,982 Answer received: !ym
2022-02-28 00:31:45,982 Command to send: c
z:org.apache.spark.api.python.PythonUtils
getSparkBufferSize
ro18
e

2022-02-28 00:31:45,983 Answer received: !yi65536
2022-02-28 00:31:45,983 Command to send: r
u
org
rj
e

2022-02-28 00:31:45,986 Answer received: !yp
2022-02-28 00:31:45,986 Command to send: r
u
org.apache
rj
e

2022-02-28 00:31:45,987 Answer received: !yp
2022-02-28 00:31:45,987 Command to send: r
u
org.apache.spark
rj
e

2022-02-28 00:31:45,988 Answer received: !yp
2022-02-28 00:31:45,988 Command to send: r
u
org.apache.spark.SparkFiles
rj
e

2022-02-28 00:31:45,988 Answer received: !ycorg.apache.spark.SparkFiles
2022-02-28 00:31:45,988 Command to send: r
m
org.apache.spark.SparkFiles
getRootDirectory
e

2022-02-28 00:31:45,989 Answer received: !ym
2022-02-28 00:31:45,989 Command to send: c
z:org.apache.spark.SparkFiles
getRootDirectory
e

2022-02-28 00:31:45,989 Answer received: !ys/tmp/spark-0f6c0c03-5550-4e89-834b-056f38c268a4/userFiles-ae5f6a92-63fd-42c9-a919-b81c255edfb2
2022-02-28 00:31:45,989 Command to send: c
o20
get
sspark.submit.pyFiles
s
e

2022-02-28 00:31:45,990 Answer received: !ys/home/suman/.ivy2/jars/org.apache.spark_spark-sql-kafka-0-10_2.12-3.2.1.jar,/home/suman/.ivy2/jars/net.snowflake_spark-snowflake_2.12-2.10.0-spark_3.2.jar,/home/suman/.ivy2/jars/org.apache.spark_spark-token-provider-kafka-0-10_2.12-3.2.1.jar,/home/suman/.ivy2/jars/org.apache.kafka_kafka-clients-2.8.0.jar,/home/suman/.ivy2/jars/com.google.code.findbugs_jsr305-3.0.0.jar,/home/suman/.ivy2/jars/org.apache.commons_commons-pool2-2.6.2.jar,/home/suman/.ivy2/jars/org.spark-project.spark_unused-1.0.0.jar,/home/suman/.ivy2/jars/org.apache.hadoop_hadoop-client-runtime-3.3.1.jar,/home/suman/.ivy2/jars/org.lz4_lz4-java-1.7.1.jar,/home/suman/.ivy2/jars/org.xerial.snappy_snappy-java-1.1.8.4.jar,/home/suman/.ivy2/jars/org.slf4j_slf4j-api-1.7.30.jar,/home/suman/.ivy2/jars/org.apache.hadoop_hadoop-client-api-3.3.1.jar,/home/suman/.ivy2/jars/org.apache.htrace_htrace-core4-4.1.0-incubating.jar,/home/suman/.ivy2/jars/commons-logging_commons-logging-1.1.3.jar,/home/suman/.ivy2/jars/net.snowflake_snowflake-ingest-sdk-0.10.3.jar,/home/suman/.ivy2/jars/net.snowflake_snowflake-jdbc-3.13.14.jar
2022-02-28 00:31:45,990 Command to send: r
u
org
rj
e

2022-02-28 00:31:45,992 Answer received: !yp
2022-02-28 00:31:45,992 Command to send: r
u
org.apache
rj
e

2022-02-28 00:31:45,993 Answer received: !yp
2022-02-28 00:31:45,993 Command to send: r
u
org.apache.spark
rj
e

2022-02-28 00:31:45,993 Answer received: !yp
2022-02-28 00:31:45,993 Command to send: r
u
org.apache.spark.SparkFiles
rj
e

2022-02-28 00:31:45,994 Answer received: !ycorg.apache.spark.SparkFiles
2022-02-28 00:31:45,994 Command to send: r
m
org.apache.spark.SparkFiles
getRootDirectory
e

2022-02-28 00:31:45,994 Answer received: !ym
2022-02-28 00:31:45,994 Command to send: c
z:org.apache.spark.SparkFiles
getRootDirectory
e

2022-02-28 00:31:45,994 Answer received: !ys/tmp/spark-0f6c0c03-5550-4e89-834b-056f38c268a4/userFiles-ae5f6a92-63fd-42c9-a919-b81c255edfb2
2022-02-28 00:31:45,994 Command to send: r
u
org
rj
e

2022-02-28 00:31:45,997 Answer received: !yp
2022-02-28 00:31:45,998 Command to send: r
u
org.apache
rj
e

2022-02-28 00:31:45,999 Answer received: !yp
2022-02-28 00:31:45,999 Command to send: r
u
org.apache.spark
rj
e

2022-02-28 00:31:46,000 Answer received: !yp
2022-02-28 00:31:46,000 Command to send: r
u
org.apache.spark.SparkFiles
rj
e

2022-02-28 00:31:46,000 Answer received: !ycorg.apache.spark.SparkFiles
2022-02-28 00:31:46,001 Command to send: r
m
org.apache.spark.SparkFiles
getRootDirectory
e

2022-02-28 00:31:46,001 Answer received: !ym
2022-02-28 00:31:46,001 Command to send: c
z:org.apache.spark.SparkFiles
getRootDirectory
e

2022-02-28 00:31:46,001 Answer received: !ys/tmp/spark-0f6c0c03-5550-4e89-834b-056f38c268a4/userFiles-ae5f6a92-63fd-42c9-a919-b81c255edfb2
2022-02-28 00:31:46,001 Command to send: r
u
org
rj
e

2022-02-28 00:31:46,003 Answer received: !yp
2022-02-28 00:31:46,004 Command to send: r
u
org.apache
rj
e

2022-02-28 00:31:46,004 Answer received: !yp
2022-02-28 00:31:46,005 Command to send: r
u
org.apache.spark
rj
e

2022-02-28 00:31:46,005 Answer received: !yp
2022-02-28 00:31:46,005 Command to send: r
u
org.apache.spark.SparkFiles
rj
e

2022-02-28 00:31:46,006 Answer received: !ycorg.apache.spark.SparkFiles
2022-02-28 00:31:46,006 Command to send: r
m
org.apache.spark.SparkFiles
getRootDirectory
e

2022-02-28 00:31:46,006 Answer received: !ym
2022-02-28 00:31:46,006 Command to send: c
z:org.apache.spark.SparkFiles
getRootDirectory
e

2022-02-28 00:31:46,007 Answer received: !ys/tmp/spark-0f6c0c03-5550-4e89-834b-056f38c268a4/userFiles-ae5f6a92-63fd-42c9-a919-b81c255edfb2
2022-02-28 00:31:46,007 Command to send: r
u
org
rj
e

2022-02-28 00:31:46,009 Answer received: !yp
2022-02-28 00:31:46,010 Command to send: r
u
org.apache
rj
e

2022-02-28 00:31:46,011 Answer received: !yp
2022-02-28 00:31:46,011 Command to send: r
u
org.apache.spark
rj
e

2022-02-28 00:31:46,012 Answer received: !yp
2022-02-28 00:31:46,012 Command to send: r
u
org.apache.spark.SparkFiles
rj
e

2022-02-28 00:31:46,012 Answer received: !ycorg.apache.spark.SparkFiles
2022-02-28 00:31:46,012 Command to send: r
m
org.apache.spark.SparkFiles
getRootDirectory
e

2022-02-28 00:31:46,012 Answer received: !ym
2022-02-28 00:31:46,012 Command to send: c
z:org.apache.spark.SparkFiles
getRootDirectory
e

2022-02-28 00:31:46,013 Answer received: !ys/tmp/spark-0f6c0c03-5550-4e89-834b-056f38c268a4/userFiles-ae5f6a92-63fd-42c9-a919-b81c255edfb2
2022-02-28 00:31:46,013 Command to send: r
u
org
rj
e

2022-02-28 00:31:46,016 Answer received: !yp
2022-02-28 00:31:46,017 Command to send: r
u
org.apache
rj
e

2022-02-28 00:31:46,017 Answer received: !yp
2022-02-28 00:31:46,017 Command to send: r
u
org.apache.spark
rj
e

2022-02-28 00:31:46,018 Answer received: !yp
2022-02-28 00:31:46,018 Command to send: r
u
org.apache.spark.SparkFiles
rj
e

2022-02-28 00:31:46,018 Answer received: !ycorg.apache.spark.SparkFiles
2022-02-28 00:31:46,018 Command to send: r
m
org.apache.spark.SparkFiles
getRootDirectory
e

2022-02-28 00:31:46,019 Answer received: !ym
2022-02-28 00:31:46,019 Command to send: c
z:org.apache.spark.SparkFiles
getRootDirectory
e

2022-02-28 00:31:46,019 Answer received: !ys/tmp/spark-0f6c0c03-5550-4e89-834b-056f38c268a4/userFiles-ae5f6a92-63fd-42c9-a919-b81c255edfb2
2022-02-28 00:31:46,019 Command to send: r
u
org
rj
e

2022-02-28 00:31:46,021 Answer received: !yp
2022-02-28 00:31:46,022 Command to send: r
u
org.apache
rj
e

2022-02-28 00:31:46,022 Answer received: !yp
2022-02-28 00:31:46,022 Command to send: r
u
org.apache.spark
rj
e

2022-02-28 00:31:46,023 Answer received: !yp
2022-02-28 00:31:46,023 Command to send: r
u
org.apache.spark.SparkFiles
rj
e

2022-02-28 00:31:46,023 Answer received: !ycorg.apache.spark.SparkFiles
2022-02-28 00:31:46,023 Command to send: r
m
org.apache.spark.SparkFiles
getRootDirectory
e

2022-02-28 00:31:46,024 Answer received: !ym
2022-02-28 00:31:46,024 Command to send: c
z:org.apache.spark.SparkFiles
getRootDirectory
e

2022-02-28 00:31:46,024 Answer received: !ys/tmp/spark-0f6c0c03-5550-4e89-834b-056f38c268a4/userFiles-ae5f6a92-63fd-42c9-a919-b81c255edfb2
2022-02-28 00:31:46,025 Command to send: r
u
org
rj
e

2022-02-28 00:31:46,027 Answer received: !yp
2022-02-28 00:31:46,028 Command to send: r
u
org.apache
rj
e

2022-02-28 00:31:46,029 Answer received: !yp
2022-02-28 00:31:46,029 Command to send: r
u
org.apache.spark
rj
e

2022-02-28 00:31:46,030 Answer received: !yp
2022-02-28 00:31:46,030 Command to send: r
u
org.apache.spark.SparkFiles
rj
e

2022-02-28 00:31:46,030 Answer received: !ycorg.apache.spark.SparkFiles
2022-02-28 00:31:46,030 Command to send: r
m
org.apache.spark.SparkFiles
getRootDirectory
e

2022-02-28 00:31:46,031 Answer received: !ym
2022-02-28 00:31:46,031 Command to send: c
z:org.apache.spark.SparkFiles
getRootDirectory
e

2022-02-28 00:31:46,031 Answer received: !ys/tmp/spark-0f6c0c03-5550-4e89-834b-056f38c268a4/userFiles-ae5f6a92-63fd-42c9-a919-b81c255edfb2
2022-02-28 00:31:46,031 Command to send: r
u
org
rj
e

2022-02-28 00:31:46,034 Answer received: !yp
2022-02-28 00:31:46,034 Command to send: r
u
org.apache
rj
e

2022-02-28 00:31:46,035 Answer received: !yp
2022-02-28 00:31:46,035 Command to send: r
u
org.apache.spark
rj
e

2022-02-28 00:31:46,036 Answer received: !yp
2022-02-28 00:31:46,037 Command to send: r
u
org.apache.spark.SparkFiles
rj
e

2022-02-28 00:31:46,037 Answer received: !ycorg.apache.spark.SparkFiles
2022-02-28 00:31:46,037 Command to send: r
m
org.apache.spark.SparkFiles
getRootDirectory
e

2022-02-28 00:31:46,038 Answer received: !ym
2022-02-28 00:31:46,038 Command to send: c
z:org.apache.spark.SparkFiles
getRootDirectory
e

2022-02-28 00:31:46,038 Answer received: !ys/tmp/spark-0f6c0c03-5550-4e89-834b-056f38c268a4/userFiles-ae5f6a92-63fd-42c9-a919-b81c255edfb2
2022-02-28 00:31:46,038 Command to send: r
u
org
rj
e

2022-02-28 00:31:46,042 Answer received: !yp
2022-02-28 00:31:46,042 Command to send: r
u
org.apache
rj
e

2022-02-28 00:31:46,043 Answer received: !yp
2022-02-28 00:31:46,043 Command to send: r
u
org.apache.spark
rj
e

2022-02-28 00:31:46,044 Answer received: !yp
2022-02-28 00:31:46,044 Command to send: r
u
org.apache.spark.SparkFiles
rj
e

2022-02-28 00:31:46,044 Answer received: !ycorg.apache.spark.SparkFiles
2022-02-28 00:31:46,044 Command to send: r
m
org.apache.spark.SparkFiles
getRootDirectory
e

2022-02-28 00:31:46,045 Answer received: !ym
2022-02-28 00:31:46,045 Command to send: c
z:org.apache.spark.SparkFiles
getRootDirectory
e

2022-02-28 00:31:46,045 Answer received: !ys/tmp/spark-0f6c0c03-5550-4e89-834b-056f38c268a4/userFiles-ae5f6a92-63fd-42c9-a919-b81c255edfb2
2022-02-28 00:31:46,045 Command to send: r
u
org
rj
e

2022-02-28 00:31:46,048 Answer received: !yp
2022-02-28 00:31:46,048 Command to send: r
u
org.apache
rj
e

2022-02-28 00:31:46,049 Answer received: !yp
2022-02-28 00:31:46,049 Command to send: r
u
org.apache.spark
rj
e

2022-02-28 00:31:46,050 Answer received: !yp
2022-02-28 00:31:46,050 Command to send: r
u
org.apache.spark.SparkFiles
rj
e

2022-02-28 00:31:46,051 Answer received: !ycorg.apache.spark.SparkFiles
2022-02-28 00:31:46,051 Command to send: r
m
org.apache.spark.SparkFiles
getRootDirectory
e

2022-02-28 00:31:46,051 Answer received: !ym
2022-02-28 00:31:46,051 Command to send: c
z:org.apache.spark.SparkFiles
getRootDirectory
e

2022-02-28 00:31:46,052 Answer received: !ys/tmp/spark-0f6c0c03-5550-4e89-834b-056f38c268a4/userFiles-ae5f6a92-63fd-42c9-a919-b81c255edfb2
2022-02-28 00:31:46,052 Command to send: r
u
org
rj
e

2022-02-28 00:31:46,055 Answer received: !yp
2022-02-28 00:31:46,055 Command to send: r
u
org.apache
rj
e

2022-02-28 00:31:46,056 Answer received: !yp
2022-02-28 00:31:46,056 Command to send: r
u
org.apache.spark
rj
e

2022-02-28 00:31:46,057 Answer received: !yp
2022-02-28 00:31:46,057 Command to send: r
u
org.apache.spark.SparkFiles
rj
e

2022-02-28 00:31:46,057 Answer received: !ycorg.apache.spark.SparkFiles
2022-02-28 00:31:46,058 Command to send: r
m
org.apache.spark.SparkFiles
getRootDirectory
e

2022-02-28 00:31:46,058 Answer received: !ym
2022-02-28 00:31:46,058 Command to send: c
z:org.apache.spark.SparkFiles
getRootDirectory
e

2022-02-28 00:31:46,058 Answer received: !ys/tmp/spark-0f6c0c03-5550-4e89-834b-056f38c268a4/userFiles-ae5f6a92-63fd-42c9-a919-b81c255edfb2
2022-02-28 00:31:46,058 Command to send: r
u
org
rj
e

2022-02-28 00:31:46,061 Answer received: !yp
2022-02-28 00:31:46,061 Command to send: r
u
org.apache
rj
e

2022-02-28 00:31:46,061 Answer received: !yp
2022-02-28 00:31:46,061 Command to send: r
u
org.apache.spark
rj
e

2022-02-28 00:31:46,062 Answer received: !yp
2022-02-28 00:31:46,062 Command to send: r
u
org.apache.spark.SparkFiles
rj
e

2022-02-28 00:31:46,062 Answer received: !ycorg.apache.spark.SparkFiles
2022-02-28 00:31:46,062 Command to send: r
m
org.apache.spark.SparkFiles
getRootDirectory
e

2022-02-28 00:31:46,063 Answer received: !ym
2022-02-28 00:31:46,063 Command to send: c
z:org.apache.spark.SparkFiles
getRootDirectory
e

2022-02-28 00:31:46,063 Answer received: !ys/tmp/spark-0f6c0c03-5550-4e89-834b-056f38c268a4/userFiles-ae5f6a92-63fd-42c9-a919-b81c255edfb2
2022-02-28 00:31:46,063 Command to send: r
u
org
rj
e

2022-02-28 00:31:46,065 Answer received: !yp
2022-02-28 00:31:46,065 Command to send: r
u
org.apache
rj
e

2022-02-28 00:31:46,066 Answer received: !yp
2022-02-28 00:31:46,066 Command to send: r
u
org.apache.spark
rj
e

2022-02-28 00:31:46,066 Answer received: !yp
2022-02-28 00:31:46,067 Command to send: r
u
org.apache.spark.SparkFiles
rj
e

2022-02-28 00:31:46,067 Answer received: !ycorg.apache.spark.SparkFiles
2022-02-28 00:31:46,067 Command to send: r
m
org.apache.spark.SparkFiles
getRootDirectory
e

2022-02-28 00:31:46,067 Answer received: !ym
2022-02-28 00:31:46,067 Command to send: c
z:org.apache.spark.SparkFiles
getRootDirectory
e

2022-02-28 00:31:46,067 Answer received: !ys/tmp/spark-0f6c0c03-5550-4e89-834b-056f38c268a4/userFiles-ae5f6a92-63fd-42c9-a919-b81c255edfb2
2022-02-28 00:31:46,067 Command to send: r
u
org
rj
e

2022-02-28 00:31:46,069 Answer received: !yp
2022-02-28 00:31:46,069 Command to send: r
u
org.apache
rj
e

2022-02-28 00:31:46,070 Answer received: !yp
2022-02-28 00:31:46,070 Command to send: r
u
org.apache.spark
rj
e

2022-02-28 00:31:46,070 Answer received: !yp
2022-02-28 00:31:46,071 Command to send: r
u
org.apache.spark.SparkFiles
rj
e

2022-02-28 00:31:46,071 Answer received: !ycorg.apache.spark.SparkFiles
2022-02-28 00:31:46,071 Command to send: r
m
org.apache.spark.SparkFiles
getRootDirectory
e

2022-02-28 00:31:46,071 Answer received: !ym
2022-02-28 00:31:46,072 Command to send: c
z:org.apache.spark.SparkFiles
getRootDirectory
e

2022-02-28 00:31:46,072 Answer received: !ys/tmp/spark-0f6c0c03-5550-4e89-834b-056f38c268a4/userFiles-ae5f6a92-63fd-42c9-a919-b81c255edfb2
2022-02-28 00:31:46,073 Command to send: r
u
org
rj
e

2022-02-28 00:31:46,075 Answer received: !yp
2022-02-28 00:31:46,075 Command to send: r
u
org.apache
rj
e

2022-02-28 00:31:46,075 Answer received: !yp
2022-02-28 00:31:46,075 Command to send: r
u
org.apache.spark
rj
e

2022-02-28 00:31:46,076 Answer received: !yp
2022-02-28 00:31:46,076 Command to send: r
u
org.apache.spark.SparkFiles
rj
e

2022-02-28 00:31:46,076 Answer received: !ycorg.apache.spark.SparkFiles
2022-02-28 00:31:46,076 Command to send: r
m
org.apache.spark.SparkFiles
getRootDirectory
e

2022-02-28 00:31:46,077 Answer received: !ym
2022-02-28 00:31:46,077 Command to send: c
z:org.apache.spark.SparkFiles
getRootDirectory
e

2022-02-28 00:31:46,077 Answer received: !ys/tmp/spark-0f6c0c03-5550-4e89-834b-056f38c268a4/userFiles-ae5f6a92-63fd-42c9-a919-b81c255edfb2
2022-02-28 00:31:46,078 Command to send: r
u
org
rj
e

2022-02-28 00:31:46,080 Answer received: !yp
2022-02-28 00:31:46,080 Command to send: r
u
org.apache
rj
e

2022-02-28 00:31:46,080 Answer received: !yp
2022-02-28 00:31:46,080 Command to send: r
u
org.apache.spark
rj
e

2022-02-28 00:31:46,081 Answer received: !yp
2022-02-28 00:31:46,081 Command to send: r
u
org.apache.spark.SparkFiles
rj
e

2022-02-28 00:31:46,081 Answer received: !ycorg.apache.spark.SparkFiles
2022-02-28 00:31:46,081 Command to send: r
m
org.apache.spark.SparkFiles
getRootDirectory
e

2022-02-28 00:31:46,081 Answer received: !ym
2022-02-28 00:31:46,081 Command to send: c
z:org.apache.spark.SparkFiles
getRootDirectory
e

2022-02-28 00:31:46,082 Answer received: !ys/tmp/spark-0f6c0c03-5550-4e89-834b-056f38c268a4/userFiles-ae5f6a92-63fd-42c9-a919-b81c255edfb2
2022-02-28 00:31:46,082 Command to send: r
u
org
rj
e

2022-02-28 00:31:46,083 Answer received: !yp
2022-02-28 00:31:46,083 Command to send: r
u
org.apache
rj
e

2022-02-28 00:31:46,084 Answer received: !yp
2022-02-28 00:31:46,084 Command to send: r
u
org.apache.spark
rj
e

2022-02-28 00:31:46,084 Answer received: !yp
2022-02-28 00:31:46,085 Command to send: r
u
org.apache.spark.util
rj
e

2022-02-28 00:31:46,085 Answer received: !yp
2022-02-28 00:31:46,085 Command to send: r
u
org.apache.spark.util.Utils
rj
e

2022-02-28 00:31:46,087 Answer received: !ycorg.apache.spark.util.Utils
2022-02-28 00:31:46,087 Command to send: r
m
org.apache.spark.util.Utils
getLocalDir
e

2022-02-28 00:31:46,089 Answer received: !ym
2022-02-28 00:31:46,089 Command to send: c
o18
sc
e

2022-02-28 00:31:46,090 Answer received: !yro23
2022-02-28 00:31:46,090 Command to send: c
o23
conf
e

2022-02-28 00:31:46,090 Answer received: !yro24
2022-02-28 00:31:46,090 Command to send: c
z:org.apache.spark.util.Utils
getLocalDir
ro24
e

2022-02-28 00:31:46,090 Answer received: !ys/tmp/spark-0f6c0c03-5550-4e89-834b-056f38c268a4
2022-02-28 00:31:46,091 Command to send: r
u
org
rj
e

2022-02-28 00:31:46,092 Answer received: !yp
2022-02-28 00:31:46,092 Command to send: r
u
org.apache
rj
e

2022-02-28 00:31:46,093 Answer received: !yp
2022-02-28 00:31:46,093 Command to send: r
u
org.apache.spark
rj
e

2022-02-28 00:31:46,094 Answer received: !yp
2022-02-28 00:31:46,094 Command to send: r
u
org.apache.spark.util
rj
e

2022-02-28 00:31:46,094 Answer received: !yp
2022-02-28 00:31:46,094 Command to send: r
u
org.apache.spark.util.Utils
rj
e

2022-02-28 00:31:46,095 Answer received: !ycorg.apache.spark.util.Utils
2022-02-28 00:31:46,095 Command to send: r
m
org.apache.spark.util.Utils
createTempDir
e

2022-02-28 00:31:46,095 Answer received: !ym
2022-02-28 00:31:46,095 Command to send: c
z:org.apache.spark.util.Utils
createTempDir
s/tmp/spark-0f6c0c03-5550-4e89-834b-056f38c268a4
spyspark
e

2022-02-28 00:31:46,096 Answer received: !yro25
2022-02-28 00:31:46,096 Command to send: c
o25
getAbsolutePath
e

2022-02-28 00:31:46,097 Answer received: !ys/tmp/spark-0f6c0c03-5550-4e89-834b-056f38c268a4/pyspark-56f0cb4f-d06f-4cda-b719-cb3871663205
2022-02-28 00:31:46,097 Command to send: c
o20
get
sspark.python.profile
sfalse
e

2022-02-28 00:31:46,097 Answer received: !ysfalse
2022-02-28 00:31:46,097 Command to send: r
u
SparkSession
rj
e

2022-02-28 00:31:46,125 Answer received: !ycorg.apache.spark.sql.SparkSession
2022-02-28 00:31:46,125 Command to send: r
m
org.apache.spark.sql.SparkSession
getDefaultSession
e

2022-02-28 00:31:46,151 Answer received: !ym
2022-02-28 00:31:46,152 Command to send: c
z:org.apache.spark.sql.SparkSession
getDefaultSession
e

2022-02-28 00:31:46,153 Answer received: !yro26
2022-02-28 00:31:46,153 Command to send: c
o26
isDefined
e

2022-02-28 00:31:46,154 Answer received: !ybfalse
2022-02-28 00:31:46,154 Command to send: r
u
SparkSession
rj
e

2022-02-28 00:31:46,156 Answer received: !ycorg.apache.spark.sql.SparkSession
2022-02-28 00:31:46,156 Command to send: c
o18
sc
e

2022-02-28 00:31:46,156 Answer received: !yro27
2022-02-28 00:31:46,156 Command to send: i
org.apache.spark.sql.SparkSession
ro27
e

2022-02-28 00:31:46,232 Answer received: !yro28
2022-02-28 00:31:46,232 Command to send: c
o28
sqlContext
e

2022-02-28 00:31:46,232 Answer received: !yro29
2022-02-28 00:31:46,232 Command to send: r
u
SparkSession
rj
e

2022-02-28 00:31:46,234 Answer received: !ycorg.apache.spark.sql.SparkSession
2022-02-28 00:31:46,234 Command to send: r
m
org.apache.spark.sql.SparkSession
setDefaultSession
e

2022-02-28 00:31:46,235 Answer received: !ym
2022-02-28 00:31:46,235 Command to send: c
z:org.apache.spark.sql.SparkSession
setDefaultSession
ro28
e

2022-02-28 00:31:46,235 Answer received: !yv
2022-02-28 00:31:46,235 Command to send: r
u
SparkSession
rj
e

2022-02-28 00:31:46,237 Answer received: !ycorg.apache.spark.sql.SparkSession
2022-02-28 00:31:46,237 Command to send: r
m
org.apache.spark.sql.SparkSession
setActiveSession
e

2022-02-28 00:31:46,237 Answer received: !ym
2022-02-28 00:31:46,237 Command to send: c
z:org.apache.spark.sql.SparkSession
setActiveSession
ro28
e

2022-02-28 00:31:46,238 Answer received: !yv
2022-02-28 00:31:46,238 Command to send: c
o28
sessionState
e

2022-02-28 00:31:47,158 Answer received: !yro30
2022-02-28 00:31:47,158 Command to send: c
o30
conf
e

2022-02-28 00:31:47,159 Answer received: !yro31
2022-02-28 00:31:47,160 Command to send: c
o31
setConfString
sspark.master
slocal
e

2022-02-28 00:31:47,161 Answer received: !yv
2022-02-28 00:31:47,161 Command to send: c
o28
sessionState
e

2022-02-28 00:31:47,162 Answer received: !yro32
2022-02-28 00:31:47,162 Command to send: c
o32
conf
e

2022-02-28 00:31:47,162 Answer received: !yro33
2022-02-28 00:31:47,162 Command to send: c
o33
setConfString
sspark.app.name
sdecisionapp
e

2022-02-28 00:31:47,163 Answer received: !yv
2022-02-28 00:31:47,163 Command to send: c
o28
sessionState
e

2022-02-28 00:31:47,163 Answer received: !yro34
2022-02-28 00:31:47,163 Command to send: c
o34
conf
e

2022-02-28 00:31:47,163 Answer received: !yro35
2022-02-28 00:31:47,164 Command to send: c
o35
setConfString
sspark.jars.packages
sorg.apache.spark:spark-sql-kafka-0-10_2.12:3.2.1,net.snowflake:spark-snowflake_2.12:2.10.0-spark_3.2
e

2022-02-28 00:31:47,164 Answer received: !yv
2022-02-28 00:31:47,164 Command to send: c
o29
read
e

2022-02-28 00:31:47,173 Answer received: !yro36
2022-02-28 00:31:47,173 Command to send: c
o36
format
ssnowflake
e

2022-02-28 00:31:47,181 Answer received: !yro37
2022-02-28 00:31:47,181 Command to send: c
o37
option
ssfURL
szu02863.ap-south-1.aws.snowflakecomputing.com
e

2022-02-28 00:31:47,182 Answer received: !yro38
2022-02-28 00:31:47,183 Command to send: c
o38
option
ssfAccount
szu02863.ap-south-1.aws
e

2022-02-28 00:31:47,183 Answer received: !yro39
2022-02-28 00:31:47,183 Command to send: c
o39
option
ssfUser
scoolkeonjhar
e

2022-02-28 00:31:47,183 Answer received: !yro40
2022-02-28 00:31:47,184 Command to send: c
o40
option
ssfPassword
sAmrita@123
e

2022-02-28 00:31:47,184 Answer received: !yro41
2022-02-28 00:31:47,184 Command to send: c
o41
option
ssfDatabase
sNIMBUS_MAPS
e

2022-02-28 00:31:47,185 Answer received: !yro42
2022-02-28 00:31:47,185 Command to send: c
o42
option
ssfSchema
sRAW_LAYER
e

2022-02-28 00:31:47,185 Answer received: !yro43
2022-02-28 00:31:47,186 Command to send: c
o43
option
ssfWarehouse
sSNOW_LARGE_VWH
e

2022-02-28 00:31:47,186 Answer received: !yro44
2022-02-28 00:31:47,186 Command to send: c
o44
option
ssfRole
sACCOUNTADMIN
e

2022-02-28 00:31:47,187 Answer received: !yro45
2022-02-28 00:31:47,187 Command to send: c
o45
option
squery
sselect UID,ADDRESS,CITY,ZIPCODE,DECISION,CURRENT_TIMESTAMP() AS CREATE_TS from NIMBUS_MAPS.STAGING_DATA_LAKE.DECISION_DATA_STG where create_ts >(select nvl(max(CREATE_TS),to_timestamp('2001-01-01 00:00:00','YYYY-MM-DD HH24:MI:SS')) FROM NIMBUS_MAPS.RAW_LAYER.DECISION_DATA_RAW)
e

2022-02-28 00:31:47,187 Answer received: !yro46
2022-02-28 00:31:47,188 Command to send: c
o46
load
e

2022-02-28 00:31:51,461 Answer received: !yro47
2022-02-28 00:31:51,461 Command to send: c
o47
count
e

2022-02-28 00:31:55,153 Answer received: !yL41
2022-02-28 00:31:55,156 Command to send: c
o47
count
e

2022-02-28 00:31:56,687 Answer received: !yL43
2022-02-28 00:31:56,687 Command to send: c
o47
schema
e

2022-02-28 00:31:56,688 Answer received: !yro48
2022-02-28 00:31:56,688 Command to send: c
o48
treeString
e

2022-02-28 00:31:56,698 Answer received: !ysroot\n |-- UID: decimal(38,0) (nullable = false)\n |-- ADDRESS: string (nullable = true)\n |-- CITY: string (nullable = true)\n |-- ZIPCODE: string (nullable = true)\n |-- DECISION: string (nullable = true)\n |-- CREATE_TS: timestamp (nullable = false)\n
2022-02-28 00:31:56,699 Command to send: r
u
functions
rj
e

2022-02-28 00:31:56,706 Answer received: !ycorg.apache.spark.sql.functions
2022-02-28 00:31:56,707 Command to send: r
m
org.apache.spark.sql.functions
col
e

2022-02-28 00:31:56,711 Answer received: !ym
2022-02-28 00:31:56,712 Command to send: c
z:org.apache.spark.sql.functions
col
sUID
e

2022-02-28 00:31:56,737 Answer received: !yro49
2022-02-28 00:31:56,737 Command to send: r
u
functions
rj
e

2022-02-28 00:31:56,740 Answer received: !ycorg.apache.spark.sql.functions
2022-02-28 00:31:56,741 Command to send: r
m
org.apache.spark.sql.functions
col
e

2022-02-28 00:31:56,741 Answer received: !ym
2022-02-28 00:31:56,742 Command to send: c
z:org.apache.spark.sql.functions
col
sADDRESS
e

2022-02-28 00:31:56,743 Answer received: !yro50
2022-02-28 00:31:56,743 Command to send: r
u
functions
rj
e

2022-02-28 00:31:56,745 Answer received: !ycorg.apache.spark.sql.functions
2022-02-28 00:31:56,745 Command to send: r
m
org.apache.spark.sql.functions
col
e

2022-02-28 00:31:56,746 Answer received: !ym
2022-02-28 00:31:56,746 Command to send: c
z:org.apache.spark.sql.functions
col
sCITY
e

2022-02-28 00:31:56,746 Answer received: !yro51
2022-02-28 00:31:56,747 Command to send: r
u
functions
rj
e

2022-02-28 00:31:56,749 Answer received: !ycorg.apache.spark.sql.functions
2022-02-28 00:31:56,749 Command to send: r
m
org.apache.spark.sql.functions
col
e

2022-02-28 00:31:56,749 Answer received: !ym
2022-02-28 00:31:56,750 Command to send: c
z:org.apache.spark.sql.functions
col
sZIPCODE
e

2022-02-28 00:31:56,750 Answer received: !yro52
2022-02-28 00:31:56,750 Command to send: r
u
functions
rj
e

2022-02-28 00:31:56,753 Answer received: !ycorg.apache.spark.sql.functions
2022-02-28 00:31:56,753 Command to send: r
m
org.apache.spark.sql.functions
col
e

2022-02-28 00:31:56,753 Answer received: !ym
2022-02-28 00:31:56,754 Command to send: c
z:org.apache.spark.sql.functions
col
sDECISION
e

2022-02-28 00:31:56,754 Answer received: !yro53
2022-02-28 00:31:56,754 Command to send: r
u
functions
rj
e

2022-02-28 00:31:56,762 Answer received: !ycorg.apache.spark.sql.functions
2022-02-28 00:31:56,762 Command to send: r
m
org.apache.spark.sql.functions
col
e

2022-02-28 00:31:56,763 Answer received: !ym
2022-02-28 00:31:56,763 Command to send: c
z:org.apache.spark.sql.functions
col
sCREATE_TS
e

2022-02-28 00:31:56,764 Answer received: !yro54
2022-02-28 00:31:56,764 Command to send: r
u
PythonUtils
rj
e

2022-02-28 00:31:56,766 Answer received: !ycorg.apache.spark.api.python.PythonUtils
2022-02-28 00:31:56,766 Command to send: r
m
org.apache.spark.api.python.PythonUtils
toSeq
e

2022-02-28 00:31:56,767 Answer received: !ym
2022-02-28 00:31:56,767 Command to send: i
java.util.ArrayList
e

2022-02-28 00:31:56,768 Answer received: !ylo55
2022-02-28 00:31:56,769 Command to send: c
o55
add
ro49
e

2022-02-28 00:31:56,772 Answer received: !ybtrue
2022-02-28 00:31:56,772 Command to send: c
o55
add
ro50
e

2022-02-28 00:31:56,773 Answer received: !ybtrue
2022-02-28 00:31:56,774 Command to send: c
o55
add
ro51
e

2022-02-28 00:31:56,774 Answer received: !ybtrue
2022-02-28 00:31:56,776 Command to send: c
o55
add
ro52
e

2022-02-28 00:31:56,777 Answer received: !ybtrue
2022-02-28 00:31:56,777 Command to send: c
o55
add
ro53
e

2022-02-28 00:31:56,777 Answer received: !ybtrue
2022-02-28 00:31:56,777 Command to send: c
o55
add
ro54
e

2022-02-28 00:31:56,778 Answer received: !ybtrue
2022-02-28 00:31:56,778 Command to send: c
z:org.apache.spark.api.python.PythonUtils
toSeq
ro55
e

2022-02-28 00:31:56,779 Answer received: !yro56
2022-02-28 00:31:56,779 Command to send: c
o47
groupBy
ro56
e

2022-02-28 00:31:56,789 Answer received: !yro57
2022-02-28 00:31:56,789 Command to send: c
o57
count
e

2022-02-28 00:31:56,854 Answer received: !yro58
2022-02-28 00:31:56,854 Command to send: c
o58
filter
scount > 1
e

2022-02-28 00:31:57,010 Answer received: !yro59
2022-02-28 00:31:57,011 Command to send: r
u
functions
rj
e

2022-02-28 00:31:57,014 Answer received: !ycorg.apache.spark.sql.functions
2022-02-28 00:31:57,014 Command to send: r
m
org.apache.spark.sql.functions
col
e

2022-02-28 00:31:57,015 Answer received: !ym
2022-02-28 00:31:57,015 Command to send: c
z:org.apache.spark.sql.functions
col
scount
e

2022-02-28 00:31:57,016 Answer received: !yro60
2022-02-28 00:31:57,016 Command to send: c
o60
desc
e

2022-02-28 00:31:57,020 Answer received: !yro61
2022-02-28 00:31:57,020 Command to send: r
u
PythonUtils
rj
e

2022-02-28 00:31:57,021 Answer received: !ycorg.apache.spark.api.python.PythonUtils
2022-02-28 00:31:57,022 Command to send: r
m
org.apache.spark.api.python.PythonUtils
toSeq
e

2022-02-28 00:31:57,022 Answer received: !ym
2022-02-28 00:31:57,022 Command to send: i
java.util.ArrayList
e

2022-02-28 00:31:57,022 Answer received: !ylo62
2022-02-28 00:31:57,023 Command to send: c
o62
add
ro61
e

2022-02-28 00:31:57,023 Answer received: !ybtrue
2022-02-28 00:31:57,023 Command to send: c
z:org.apache.spark.api.python.PythonUtils
toSeq
ro62
e

2022-02-28 00:31:57,024 Answer received: !yro63
2022-02-28 00:31:57,024 Command to send: c
o59
sort
ro63
e

2022-02-28 00:31:57,040 Answer received: !yro64
2022-02-28 00:31:57,041 Command to send: c
o64
count
e

2022-02-28 00:31:57,187 Command to send: m
d
o0
e

2022-02-28 00:31:57,187 Answer received: !yv
2022-02-28 00:31:57,188 Command to send: m
d
o7
e

2022-02-28 00:31:57,188 Answer received: !yv
2022-02-28 00:31:57,188 Command to send: m
d
o8
e

2022-02-28 00:31:57,188 Answer received: !yv
2022-02-28 00:31:57,188 Command to send: m
d
o9
e

2022-02-28 00:31:57,188 Answer received: !yv
2022-02-28 00:31:57,188 Command to send: m
d
o10
e

2022-02-28 00:31:57,188 Answer received: !yv
2022-02-28 00:31:57,189 Command to send: m
d
o11
e

2022-02-28 00:31:57,189 Answer received: !yv
2022-02-28 00:31:57,189 Command to send: m
d
o12
e

2022-02-28 00:31:57,189 Answer received: !yv
2022-02-28 00:31:57,189 Command to send: m
d
o13
e

2022-02-28 00:31:57,189 Answer received: !yv
2022-02-28 00:31:57,189 Command to send: m
d
o14
e

2022-02-28 00:31:57,189 Answer received: !yv
2022-02-28 00:31:57,189 Command to send: m
d
o15
e

2022-02-28 00:31:57,189 Answer received: !yv
2022-02-28 00:31:57,189 Command to send: m
d
o16
e

2022-02-28 00:31:57,190 Answer received: !yv
2022-02-28 00:31:57,190 Command to send: m
d
o17
e

2022-02-28 00:31:57,190 Answer received: !yv
2022-02-28 00:31:57,190 Command to send: m
d
o19
e

2022-02-28 00:31:57,190 Answer received: !yv
2022-02-28 00:31:57,190 Command to send: m
d
o22
e

2022-02-28 00:31:57,190 Answer received: !yv
2022-02-28 00:31:57,190 Command to send: m
d
o23
e

2022-02-28 00:31:57,190 Answer received: !yv
2022-02-28 00:31:57,190 Command to send: m
d
o24
e

2022-02-28 00:31:57,191 Answer received: !yv
2022-02-28 00:31:57,191 Command to send: m
d
o25
e

2022-02-28 00:31:57,191 Answer received: !yv
2022-02-28 00:31:57,191 Command to send: m
d
o26
e

2022-02-28 00:31:57,191 Answer received: !yv
2022-02-28 00:31:57,191 Command to send: m
d
o27
e

2022-02-28 00:31:57,191 Answer received: !yv
2022-02-28 00:31:57,192 Command to send: m
d
o30
e

2022-02-28 00:31:57,192 Answer received: !yv
2022-02-28 00:31:57,192 Command to send: m
d
o31
e

2022-02-28 00:31:57,192 Answer received: !yv
2022-02-28 00:31:57,192 Command to send: m
d
o32
e

2022-02-28 00:31:57,192 Answer received: !yv
2022-02-28 00:31:57,192 Command to send: m
d
o33
e

2022-02-28 00:31:57,192 Answer received: !yv
2022-02-28 00:31:57,192 Command to send: m
d
o34
e

2022-02-28 00:31:57,192 Answer received: !yv
2022-02-28 00:31:57,192 Command to send: m
d
o35
e

2022-02-28 00:31:57,193 Answer received: !yv
2022-02-28 00:31:57,193 Command to send: m
d
o36
e

2022-02-28 00:31:57,193 Answer received: !yv
2022-02-28 00:31:57,193 Command to send: m
d
o37
e

2022-02-28 00:31:57,193 Answer received: !yv
2022-02-28 00:31:57,193 Command to send: m
d
o38
e

2022-02-28 00:31:57,193 Answer received: !yv
2022-02-28 00:31:57,193 Command to send: m
d
o39
e

2022-02-28 00:31:57,193 Answer received: !yv
2022-02-28 00:31:57,193 Command to send: m
d
o40
e

2022-02-28 00:31:57,193 Answer received: !yv
2022-02-28 00:31:57,193 Command to send: m
d
o41
e

2022-02-28 00:31:57,194 Answer received: !yv
2022-02-28 00:31:57,194 Command to send: m
d
o42
e

2022-02-28 00:31:57,194 Answer received: !yv
2022-02-28 00:31:57,194 Command to send: m
d
o43
e

2022-02-28 00:31:57,194 Answer received: !yv
2022-02-28 00:31:57,194 Command to send: m
d
o44
e

2022-02-28 00:31:57,194 Answer received: !yv
2022-02-28 00:31:57,194 Command to send: m
d
o45
e

2022-02-28 00:31:57,194 Answer received: !yv
2022-02-28 00:31:57,194 Command to send: m
d
o46
e

2022-02-28 00:31:57,194 Answer received: !yv
2022-02-28 00:31:57,194 Command to send: m
d
o48
e

2022-02-28 00:31:57,195 Answer received: !yv
2022-02-28 00:31:57,195 Command to send: m
d
o55
e

2022-02-28 00:31:57,195 Answer received: !yv
2022-02-28 00:31:57,195 Command to send: m
d
o62
e

2022-02-28 00:31:57,195 Answer received: !yv
2022-02-28 00:31:58,431 Answer received: !yL0
2022-02-28 00:31:58,431 Command to send: c
o47
write
e

2022-02-28 00:31:58,440 Answer received: !yro65
2022-02-28 00:31:58,440 Command to send: c
o65
format
snet.snowflake.spark.snowflake
e

2022-02-28 00:31:58,442 Answer received: !yro66
2022-02-28 00:31:58,443 Command to send: c
o66
option
ssfURL
szu02863.ap-south-1.aws.snowflakecomputing.com
e

2022-02-28 00:31:58,443 Answer received: !yro67
2022-02-28 00:31:58,443 Command to send: c
o67
option
ssfAccount
szu02863.ap-south-1.aws
e

2022-02-28 00:31:58,444 Answer received: !yro68
2022-02-28 00:31:58,444 Command to send: c
o68
option
ssfUser
scoolkeonjhar
e

2022-02-28 00:31:58,444 Answer received: !yro69
2022-02-28 00:31:58,445 Command to send: c
o69
option
ssfPassword
sAmrita@123
e

2022-02-28 00:31:58,445 Answer received: !yro70
2022-02-28 00:31:58,445 Command to send: c
o70
option
ssfDatabase
sNIMBUS_MAPS
e

2022-02-28 00:31:58,446 Answer received: !yro71
2022-02-28 00:31:58,446 Command to send: c
o71
option
ssfSchema
sRAW_LAYER
e

2022-02-28 00:31:58,447 Answer received: !yro72
2022-02-28 00:31:58,447 Command to send: c
o72
option
ssfWarehouse
sSNOW_LARGE_VWH
e

2022-02-28 00:31:58,447 Answer received: !yro73
2022-02-28 00:31:58,448 Command to send: c
o73
option
ssfRole
sACCOUNTADMIN
e

2022-02-28 00:31:58,448 Answer received: !yro74
2022-02-28 00:31:58,448 Command to send: c
o74
option
sdbtable
sNIMBUS_MAPS.RAW_LAYER.DECISION_DATA_RAW
e

2022-02-28 00:31:58,449 Answer received: !yro75
2022-02-28 00:31:58,449 Command to send: c
o75
mode
sappend
e

2022-02-28 00:31:58,449 Answer received: !yro76
2022-02-28 00:31:58,450 Command to send: c
o76
option
sheader
strue
e

2022-02-28 00:31:58,450 Answer received: !yro77
2022-02-28 00:31:58,450 Command to send: c
o77
save
e

2022-02-28 00:32:06,641 Answer received: !yv
2022-02-28 00:32:06,642 Command to send: c
o18
stop
e

2022-02-28 00:32:06,719 Answer received: !yv
