2022-02-28 00:49:40,219 spark session started 
2022-02-28 00:49:44,938 GatewayClient.address is deprecated and will be removed in version 1.0. Use GatewayParameters instead.
2022-02-28 00:49:44,939 Command to send: A
9f9115cd3bdb6bd315f2b0250559cafa903a5cd613f33ecbd227d50adc233a13

2022-02-28 00:49:44,967 Answer received: !yv
2022-02-28 00:49:44,967 Command to send: j
i
rj
org.apache.spark.SparkConf
e

2022-02-28 00:49:44,969 Answer received: !yv
2022-02-28 00:49:44,969 Command to send: j
i
rj
org.apache.spark.api.java.*
e

2022-02-28 00:49:44,969 Answer received: !yv
2022-02-28 00:49:44,969 Command to send: j
i
rj
org.apache.spark.api.python.*
e

2022-02-28 00:49:44,970 Answer received: !yv
2022-02-28 00:49:44,970 Command to send: j
i
rj
org.apache.spark.ml.python.*
e

2022-02-28 00:49:44,970 Answer received: !yv
2022-02-28 00:49:44,970 Command to send: j
i
rj
org.apache.spark.mllib.api.python.*
e

2022-02-28 00:49:44,970 Answer received: !yv
2022-02-28 00:49:44,970 Command to send: j
i
rj
org.apache.spark.resource.*
e

2022-02-28 00:49:44,970 Answer received: !yv
2022-02-28 00:49:44,971 Command to send: j
i
rj
org.apache.spark.sql.*
e

2022-02-28 00:49:44,971 Answer received: !yv
2022-02-28 00:49:44,971 Command to send: j
i
rj
org.apache.spark.sql.api.python.*
e

2022-02-28 00:49:44,972 Answer received: !yv
2022-02-28 00:49:44,972 Command to send: j
i
rj
org.apache.spark.sql.hive.*
e

2022-02-28 00:49:44,972 Answer received: !yv
2022-02-28 00:49:44,972 Command to send: j
i
rj
scala.Tuple2
e

2022-02-28 00:49:44,973 Answer received: !yv
2022-02-28 00:49:44,973 Command to send: r
u
SparkConf
rj
e

2022-02-28 00:49:44,999 Answer received: !ycorg.apache.spark.SparkConf
2022-02-28 00:49:44,999 Command to send: i
org.apache.spark.SparkConf
bTrue
e

2022-02-28 00:49:45,005 Answer received: !yro0
2022-02-28 00:49:45,006 Command to send: c
o0
set
sspark.master
slocal
e

2022-02-28 00:49:45,009 Answer received: !yro1
2022-02-28 00:49:45,010 Command to send: c
o0
set
sspark.app.name
sdecisionapp
e

2022-02-28 00:49:45,010 Answer received: !yro2
2022-02-28 00:49:45,010 Command to send: c
o0
set
sspark.jars.packages
sorg.apache.spark:spark-sql-kafka-0-10_2.12:3.2.1,net.snowflake:spark-snowflake_2.12:2.10.0-spark_3.2
e

2022-02-28 00:49:45,011 Answer received: !yro3
2022-02-28 00:49:45,011 Command to send: c
o0
contains
sspark.serializer.objectStreamReset
e

2022-02-28 00:49:45,012 Answer received: !ybfalse
2022-02-28 00:49:45,012 Command to send: c
o0
set
sspark.serializer.objectStreamReset
s100
e

2022-02-28 00:49:45,012 Answer received: !yro4
2022-02-28 00:49:45,013 Command to send: c
o0
contains
sspark.rdd.compress
e

2022-02-28 00:49:45,013 Answer received: !ybfalse
2022-02-28 00:49:45,013 Command to send: c
o0
set
sspark.rdd.compress
sTrue
e

2022-02-28 00:49:45,014 Answer received: !yro5
2022-02-28 00:49:45,014 Command to send: c
o0
contains
sspark.master
e

2022-02-28 00:49:45,014 Answer received: !ybtrue
2022-02-28 00:49:45,015 Command to send: c
o0
contains
sspark.app.name
e

2022-02-28 00:49:45,015 Answer received: !ybtrue
2022-02-28 00:49:45,015 Command to send: c
o0
contains
sspark.master
e

2022-02-28 00:49:45,015 Answer received: !ybtrue
2022-02-28 00:49:45,016 Command to send: c
o0
get
sspark.master
e

2022-02-28 00:49:45,016 Answer received: !yslocal
2022-02-28 00:49:45,017 Command to send: c
o0
contains
sspark.app.name
e

2022-02-28 00:49:45,017 Answer received: !ybtrue
2022-02-28 00:49:45,017 Command to send: c
o0
get
sspark.app.name
e

2022-02-28 00:49:45,017 Answer received: !ysdecisionapp
2022-02-28 00:49:45,017 Command to send: c
o0
contains
sspark.home
e

2022-02-28 00:49:45,018 Answer received: !ybfalse
2022-02-28 00:49:45,018 Command to send: c
o0
getAll
e

2022-02-28 00:49:45,019 Answer received: !yto6
2022-02-28 00:49:45,019 Command to send: a
e
o6
e

2022-02-28 00:49:45,019 Answer received: !yi11
2022-02-28 00:49:45,019 Command to send: a
g
o6
i0
e

2022-02-28 00:49:45,020 Answer received: !yro7
2022-02-28 00:49:45,020 Command to send: c
o7
_1
e

2022-02-28 00:49:45,020 Answer received: !ysspark.master
2022-02-28 00:49:45,021 Command to send: c
o7
_2
e

2022-02-28 00:49:45,021 Answer received: !yslocal
2022-02-28 00:49:45,021 Command to send: a
e
o6
e

2022-02-28 00:49:45,021 Answer received: !yi11
2022-02-28 00:49:45,021 Command to send: a
g
o6
i1
e

2022-02-28 00:49:45,022 Answer received: !yro8
2022-02-28 00:49:45,022 Command to send: c
o8
_1
e

2022-02-28 00:49:45,022 Answer received: !ysspark.app.name
2022-02-28 00:49:45,022 Command to send: c
o8
_2
e

2022-02-28 00:49:45,022 Answer received: !ysdecisionapp
2022-02-28 00:49:45,022 Command to send: a
e
o6
e

2022-02-28 00:49:45,023 Answer received: !yi11
2022-02-28 00:49:45,023 Command to send: a
g
o6
i2
e

2022-02-28 00:49:45,023 Answer received: !yro9
2022-02-28 00:49:45,023 Command to send: c
o9
_1
e

2022-02-28 00:49:45,023 Answer received: !ysspark.rdd.compress
2022-02-28 00:49:45,023 Command to send: c
o9
_2
e

2022-02-28 00:49:45,024 Answer received: !ysTrue
2022-02-28 00:49:45,024 Command to send: a
e
o6
e

2022-02-28 00:49:45,024 Answer received: !yi11
2022-02-28 00:49:45,024 Command to send: a
g
o6
i3
e

2022-02-28 00:49:45,024 Answer received: !yro10
2022-02-28 00:49:45,025 Command to send: c
o10
_1
e

2022-02-28 00:49:45,025 Answer received: !ysspark.jars
2022-02-28 00:49:45,025 Command to send: c
o10
_2
e

2022-02-28 00:49:45,025 Answer received: !ysfile:///home/suman/.ivy2/jars/org.apache.spark_spark-sql-kafka-0-10_2.12-3.2.1.jar,file:///home/suman/.ivy2/jars/net.snowflake_spark-snowflake_2.12-2.10.0-spark_3.2.jar,file:///home/suman/.ivy2/jars/org.apache.spark_spark-token-provider-kafka-0-10_2.12-3.2.1.jar,file:///home/suman/.ivy2/jars/org.apache.kafka_kafka-clients-2.8.0.jar,file:///home/suman/.ivy2/jars/com.google.code.findbugs_jsr305-3.0.0.jar,file:///home/suman/.ivy2/jars/org.apache.commons_commons-pool2-2.6.2.jar,file:///home/suman/.ivy2/jars/org.spark-project.spark_unused-1.0.0.jar,file:///home/suman/.ivy2/jars/org.apache.hadoop_hadoop-client-runtime-3.3.1.jar,file:///home/suman/.ivy2/jars/org.lz4_lz4-java-1.7.1.jar,file:///home/suman/.ivy2/jars/org.xerial.snappy_snappy-java-1.1.8.4.jar,file:///home/suman/.ivy2/jars/org.slf4j_slf4j-api-1.7.30.jar,file:///home/suman/.ivy2/jars/org.apache.hadoop_hadoop-client-api-3.3.1.jar,file:///home/suman/.ivy2/jars/org.apache.htrace_htrace-core4-4.1.0-incubating.jar,file:///home/suman/.ivy2/jars/commons-logging_commons-logging-1.1.3.jar,file:///home/suman/.ivy2/jars/net.snowflake_snowflake-ingest-sdk-0.10.3.jar,file:///home/suman/.ivy2/jars/net.snowflake_snowflake-jdbc-3.13.14.jar
2022-02-28 00:49:45,026 Command to send: a
e
o6
e

2022-02-28 00:49:45,026 Answer received: !yi11
2022-02-28 00:49:45,026 Command to send: a
g
o6
i4
e

2022-02-28 00:49:45,026 Answer received: !yro11
2022-02-28 00:49:45,027 Command to send: c
o11
_1
e

2022-02-28 00:49:45,027 Answer received: !ysspark.files
2022-02-28 00:49:45,027 Command to send: c
o11
_2
e

2022-02-28 00:49:45,028 Answer received: !ysfile:///home/suman/.ivy2/jars/org.apache.spark_spark-sql-kafka-0-10_2.12-3.2.1.jar,file:///home/suman/.ivy2/jars/net.snowflake_spark-snowflake_2.12-2.10.0-spark_3.2.jar,file:///home/suman/.ivy2/jars/org.apache.spark_spark-token-provider-kafka-0-10_2.12-3.2.1.jar,file:///home/suman/.ivy2/jars/org.apache.kafka_kafka-clients-2.8.0.jar,file:///home/suman/.ivy2/jars/com.google.code.findbugs_jsr305-3.0.0.jar,file:///home/suman/.ivy2/jars/org.apache.commons_commons-pool2-2.6.2.jar,file:///home/suman/.ivy2/jars/org.spark-project.spark_unused-1.0.0.jar,file:///home/suman/.ivy2/jars/org.apache.hadoop_hadoop-client-runtime-3.3.1.jar,file:///home/suman/.ivy2/jars/org.lz4_lz4-java-1.7.1.jar,file:///home/suman/.ivy2/jars/org.xerial.snappy_snappy-java-1.1.8.4.jar,file:///home/suman/.ivy2/jars/org.slf4j_slf4j-api-1.7.30.jar,file:///home/suman/.ivy2/jars/org.apache.hadoop_hadoop-client-api-3.3.1.jar,file:///home/suman/.ivy2/jars/org.apache.htrace_htrace-core4-4.1.0-incubating.jar,file:///home/suman/.ivy2/jars/commons-logging_commons-logging-1.1.3.jar,file:///home/suman/.ivy2/jars/net.snowflake_snowflake-ingest-sdk-0.10.3.jar,file:///home/suman/.ivy2/jars/net.snowflake_snowflake-jdbc-3.13.14.jar
2022-02-28 00:49:45,028 Command to send: a
e
o6
e

2022-02-28 00:49:45,029 Answer received: !yi11
2022-02-28 00:49:45,029 Command to send: a
g
o6
i5
e

2022-02-28 00:49:45,030 Answer received: !yro12
2022-02-28 00:49:45,030 Command to send: c
o12
_1
e

2022-02-28 00:49:45,030 Answer received: !ysspark.serializer.objectStreamReset
2022-02-28 00:49:45,031 Command to send: c
o12
_2
e

2022-02-28 00:49:45,031 Answer received: !ys100
2022-02-28 00:49:45,031 Command to send: a
e
o6
e

2022-02-28 00:49:45,036 Answer received: !yi11
2022-02-28 00:49:45,036 Command to send: a
g
o6
i6
e

2022-02-28 00:49:45,036 Answer received: !yro13
2022-02-28 00:49:45,037 Command to send: c
o13
_1
e

2022-02-28 00:49:45,037 Answer received: !ysspark.submit.pyFiles
2022-02-28 00:49:45,037 Command to send: c
o13
_2
e

2022-02-28 00:49:45,037 Answer received: !ys/home/suman/.ivy2/jars/org.apache.spark_spark-sql-kafka-0-10_2.12-3.2.1.jar,/home/suman/.ivy2/jars/net.snowflake_spark-snowflake_2.12-2.10.0-spark_3.2.jar,/home/suman/.ivy2/jars/org.apache.spark_spark-token-provider-kafka-0-10_2.12-3.2.1.jar,/home/suman/.ivy2/jars/org.apache.kafka_kafka-clients-2.8.0.jar,/home/suman/.ivy2/jars/com.google.code.findbugs_jsr305-3.0.0.jar,/home/suman/.ivy2/jars/org.apache.commons_commons-pool2-2.6.2.jar,/home/suman/.ivy2/jars/org.spark-project.spark_unused-1.0.0.jar,/home/suman/.ivy2/jars/org.apache.hadoop_hadoop-client-runtime-3.3.1.jar,/home/suman/.ivy2/jars/org.lz4_lz4-java-1.7.1.jar,/home/suman/.ivy2/jars/org.xerial.snappy_snappy-java-1.1.8.4.jar,/home/suman/.ivy2/jars/org.slf4j_slf4j-api-1.7.30.jar,/home/suman/.ivy2/jars/org.apache.hadoop_hadoop-client-api-3.3.1.jar,/home/suman/.ivy2/jars/org.apache.htrace_htrace-core4-4.1.0-incubating.jar,/home/suman/.ivy2/jars/commons-logging_commons-logging-1.1.3.jar,/home/suman/.ivy2/jars/net.snowflake_snowflake-ingest-sdk-0.10.3.jar,/home/suman/.ivy2/jars/net.snowflake_snowflake-jdbc-3.13.14.jar
2022-02-28 00:49:45,038 Command to send: a
e
o6
e

2022-02-28 00:49:45,038 Answer received: !yi11
2022-02-28 00:49:45,038 Command to send: a
g
o6
i7
e

2022-02-28 00:49:45,038 Answer received: !yro14
2022-02-28 00:49:45,038 Command to send: c
o14
_1
e

2022-02-28 00:49:45,038 Answer received: !ysspark.repl.local.jars
2022-02-28 00:49:45,039 Command to send: c
o14
_2
e

2022-02-28 00:49:45,039 Answer received: !ysfile:///home/suman/.ivy2/jars/org.apache.spark_spark-sql-kafka-0-10_2.12-3.2.1.jar,file:///home/suman/.ivy2/jars/net.snowflake_spark-snowflake_2.12-2.10.0-spark_3.2.jar,file:///home/suman/.ivy2/jars/org.apache.spark_spark-token-provider-kafka-0-10_2.12-3.2.1.jar,file:///home/suman/.ivy2/jars/org.apache.kafka_kafka-clients-2.8.0.jar,file:///home/suman/.ivy2/jars/com.google.code.findbugs_jsr305-3.0.0.jar,file:///home/suman/.ivy2/jars/org.apache.commons_commons-pool2-2.6.2.jar,file:///home/suman/.ivy2/jars/org.spark-project.spark_unused-1.0.0.jar,file:///home/suman/.ivy2/jars/org.apache.hadoop_hadoop-client-runtime-3.3.1.jar,file:///home/suman/.ivy2/jars/org.lz4_lz4-java-1.7.1.jar,file:///home/suman/.ivy2/jars/org.xerial.snappy_snappy-java-1.1.8.4.jar,file:///home/suman/.ivy2/jars/org.slf4j_slf4j-api-1.7.30.jar,file:///home/suman/.ivy2/jars/org.apache.hadoop_hadoop-client-api-3.3.1.jar,file:///home/suman/.ivy2/jars/org.apache.htrace_htrace-core4-4.1.0-incubating.jar,file:///home/suman/.ivy2/jars/commons-logging_commons-logging-1.1.3.jar,file:///home/suman/.ivy2/jars/net.snowflake_snowflake-ingest-sdk-0.10.3.jar,file:///home/suman/.ivy2/jars/net.snowflake_snowflake-jdbc-3.13.14.jar
2022-02-28 00:49:45,039 Command to send: a
e
o6
e

2022-02-28 00:49:45,039 Answer received: !yi11
2022-02-28 00:49:45,039 Command to send: a
g
o6
i8
e

2022-02-28 00:49:45,040 Answer received: !yro15
2022-02-28 00:49:45,040 Command to send: c
o15
_1
e

2022-02-28 00:49:45,040 Answer received: !ysspark.submit.deployMode
2022-02-28 00:49:45,040 Command to send: c
o15
_2
e

2022-02-28 00:49:45,040 Answer received: !ysclient
2022-02-28 00:49:45,041 Command to send: a
e
o6
e

2022-02-28 00:49:45,041 Answer received: !yi11
2022-02-28 00:49:45,041 Command to send: a
g
o6
i9
e

2022-02-28 00:49:45,041 Answer received: !yro16
2022-02-28 00:49:45,041 Command to send: c
o16
_1
e

2022-02-28 00:49:45,042 Answer received: !ysspark.jars.packages
2022-02-28 00:49:45,042 Command to send: c
o16
_2
e

2022-02-28 00:49:45,042 Answer received: !ysorg.apache.spark:spark-sql-kafka-0-10_2.12:3.2.1,net.snowflake:spark-snowflake_2.12:2.10.0-spark_3.2
2022-02-28 00:49:45,042 Command to send: a
e
o6
e

2022-02-28 00:49:45,042 Answer received: !yi11
2022-02-28 00:49:45,042 Command to send: a
g
o6
i10
e

2022-02-28 00:49:45,042 Answer received: !yro17
2022-02-28 00:49:45,043 Command to send: c
o17
_1
e

2022-02-28 00:49:45,043 Answer received: !ysspark.ui.showConsoleProgress
2022-02-28 00:49:45,043 Command to send: c
o17
_2
e

2022-02-28 00:49:45,043 Answer received: !ystrue
2022-02-28 00:49:45,044 Command to send: a
e
o6
e

2022-02-28 00:49:45,044 Answer received: !yi11
2022-02-28 00:49:45,044 Command to send: r
u
JavaSparkContext
rj
e

2022-02-28 00:49:45,057 Answer received: !ycorg.apache.spark.api.java.JavaSparkContext
2022-02-28 00:49:45,057 Command to send: i
org.apache.spark.api.java.JavaSparkContext
ro0
e

2022-02-28 00:49:45,939 Command to send: A
9f9115cd3bdb6bd315f2b0250559cafa903a5cd613f33ecbd227d50adc233a13

2022-02-28 00:49:45,952 Answer received: !yv
2022-02-28 00:49:45,952 Command to send: m
d
o1
e

2022-02-28 00:49:45,952 Answer received: !yv
2022-02-28 00:49:45,952 Command to send: m
d
o2
e

2022-02-28 00:49:45,953 Answer received: !yv
2022-02-28 00:49:45,953 Command to send: m
d
o3
e

2022-02-28 00:49:45,955 Answer received: !yv
2022-02-28 00:49:45,955 Command to send: m
d
o4
e

2022-02-28 00:49:45,955 Answer received: !yv
2022-02-28 00:49:45,955 Command to send: m
d
o5
e

2022-02-28 00:49:45,955 Answer received: !yv
2022-02-28 00:49:45,955 Command to send: m
d
o6
e

2022-02-28 00:49:45,956 Answer received: !yv
2022-02-28 00:49:49,334 Answer received: !yro18
2022-02-28 00:49:49,334 Command to send: c
o18
sc
e

2022-02-28 00:49:49,338 Answer received: !yro19
2022-02-28 00:49:49,338 Command to send: c
o19
conf
e

2022-02-28 00:49:49,355 Answer received: !yro20
2022-02-28 00:49:49,356 Command to send: r
u
PythonAccumulatorV2
rj
e

2022-02-28 00:49:49,358 Answer received: !ycorg.apache.spark.api.python.PythonAccumulatorV2
2022-02-28 00:49:49,358 Command to send: i
org.apache.spark.api.python.PythonAccumulatorV2
s127.0.0.1
i45021
s9f9115cd3bdb6bd315f2b0250559cafa903a5cd613f33ecbd227d50adc233a13
e

2022-02-28 00:49:49,359 Answer received: !yro21
2022-02-28 00:49:49,359 Command to send: c
o18
sc
e

2022-02-28 00:49:49,359 Answer received: !yro22
2022-02-28 00:49:49,360 Command to send: c
o22
register
ro21
e

2022-02-28 00:49:49,363 Answer received: !yv
2022-02-28 00:49:49,363 Command to send: r
u
PythonUtils
rj
e

2022-02-28 00:49:49,364 Answer received: !ycorg.apache.spark.api.python.PythonUtils
2022-02-28 00:49:49,364 Command to send: r
m
org.apache.spark.api.python.PythonUtils
isEncryptionEnabled
e

2022-02-28 00:49:49,365 Answer received: !ym
2022-02-28 00:49:49,365 Command to send: c
z:org.apache.spark.api.python.PythonUtils
isEncryptionEnabled
ro18
e

2022-02-28 00:49:49,367 Answer received: !ybfalse
2022-02-28 00:49:49,367 Command to send: r
u
PythonUtils
rj
e

2022-02-28 00:49:49,368 Answer received: !ycorg.apache.spark.api.python.PythonUtils
2022-02-28 00:49:49,368 Command to send: r
m
org.apache.spark.api.python.PythonUtils
getPythonAuthSocketTimeout
e

2022-02-28 00:49:49,368 Answer received: !ym
2022-02-28 00:49:49,368 Command to send: c
z:org.apache.spark.api.python.PythonUtils
getPythonAuthSocketTimeout
ro18
e

2022-02-28 00:49:49,369 Answer received: !yL15
2022-02-28 00:49:49,369 Command to send: r
u
PythonUtils
rj
e

2022-02-28 00:49:49,370 Answer received: !ycorg.apache.spark.api.python.PythonUtils
2022-02-28 00:49:49,370 Command to send: r
m
org.apache.spark.api.python.PythonUtils
getSparkBufferSize
e

2022-02-28 00:49:49,370 Answer received: !ym
2022-02-28 00:49:49,370 Command to send: c
z:org.apache.spark.api.python.PythonUtils
getSparkBufferSize
ro18
e

2022-02-28 00:49:49,370 Answer received: !yi65536
2022-02-28 00:49:49,371 Command to send: r
u
org
rj
e

2022-02-28 00:49:49,373 Answer received: !yp
2022-02-28 00:49:49,373 Command to send: r
u
org.apache
rj
e

2022-02-28 00:49:49,373 Answer received: !yp
2022-02-28 00:49:49,374 Command to send: r
u
org.apache.spark
rj
e

2022-02-28 00:49:49,374 Answer received: !yp
2022-02-28 00:49:49,374 Command to send: r
u
org.apache.spark.SparkFiles
rj
e

2022-02-28 00:49:49,375 Answer received: !ycorg.apache.spark.SparkFiles
2022-02-28 00:49:49,375 Command to send: r
m
org.apache.spark.SparkFiles
getRootDirectory
e

2022-02-28 00:49:49,375 Answer received: !ym
2022-02-28 00:49:49,375 Command to send: c
z:org.apache.spark.SparkFiles
getRootDirectory
e

2022-02-28 00:49:49,375 Answer received: !ys/tmp/spark-68e11645-16ac-438f-8593-12ee1a85fe60/userFiles-325d543f-9a7a-465f-b008-3bda23a71e6f
2022-02-28 00:49:49,376 Command to send: c
o20
get
sspark.submit.pyFiles
s
e

2022-02-28 00:49:49,376 Answer received: !ys/home/suman/.ivy2/jars/org.apache.spark_spark-sql-kafka-0-10_2.12-3.2.1.jar,/home/suman/.ivy2/jars/net.snowflake_spark-snowflake_2.12-2.10.0-spark_3.2.jar,/home/suman/.ivy2/jars/org.apache.spark_spark-token-provider-kafka-0-10_2.12-3.2.1.jar,/home/suman/.ivy2/jars/org.apache.kafka_kafka-clients-2.8.0.jar,/home/suman/.ivy2/jars/com.google.code.findbugs_jsr305-3.0.0.jar,/home/suman/.ivy2/jars/org.apache.commons_commons-pool2-2.6.2.jar,/home/suman/.ivy2/jars/org.spark-project.spark_unused-1.0.0.jar,/home/suman/.ivy2/jars/org.apache.hadoop_hadoop-client-runtime-3.3.1.jar,/home/suman/.ivy2/jars/org.lz4_lz4-java-1.7.1.jar,/home/suman/.ivy2/jars/org.xerial.snappy_snappy-java-1.1.8.4.jar,/home/suman/.ivy2/jars/org.slf4j_slf4j-api-1.7.30.jar,/home/suman/.ivy2/jars/org.apache.hadoop_hadoop-client-api-3.3.1.jar,/home/suman/.ivy2/jars/org.apache.htrace_htrace-core4-4.1.0-incubating.jar,/home/suman/.ivy2/jars/commons-logging_commons-logging-1.1.3.jar,/home/suman/.ivy2/jars/net.snowflake_snowflake-ingest-sdk-0.10.3.jar,/home/suman/.ivy2/jars/net.snowflake_snowflake-jdbc-3.13.14.jar
2022-02-28 00:49:49,376 Command to send: r
u
org
rj
e

2022-02-28 00:49:49,378 Answer received: !yp
2022-02-28 00:49:49,379 Command to send: r
u
org.apache
rj
e

2022-02-28 00:49:49,379 Answer received: !yp
2022-02-28 00:49:49,379 Command to send: r
u
org.apache.spark
rj
e

2022-02-28 00:49:49,380 Answer received: !yp
2022-02-28 00:49:49,380 Command to send: r
u
org.apache.spark.SparkFiles
rj
e

2022-02-28 00:49:49,380 Answer received: !ycorg.apache.spark.SparkFiles
2022-02-28 00:49:49,380 Command to send: r
m
org.apache.spark.SparkFiles
getRootDirectory
e

2022-02-28 00:49:49,381 Answer received: !ym
2022-02-28 00:49:49,381 Command to send: c
z:org.apache.spark.SparkFiles
getRootDirectory
e

2022-02-28 00:49:49,381 Answer received: !ys/tmp/spark-68e11645-16ac-438f-8593-12ee1a85fe60/userFiles-325d543f-9a7a-465f-b008-3bda23a71e6f
2022-02-28 00:49:49,381 Command to send: r
u
org
rj
e

2022-02-28 00:49:49,383 Answer received: !yp
2022-02-28 00:49:49,383 Command to send: r
u
org.apache
rj
e

2022-02-28 00:49:49,384 Answer received: !yp
2022-02-28 00:49:49,384 Command to send: r
u
org.apache.spark
rj
e

2022-02-28 00:49:49,385 Answer received: !yp
2022-02-28 00:49:49,385 Command to send: r
u
org.apache.spark.SparkFiles
rj
e

2022-02-28 00:49:49,385 Answer received: !ycorg.apache.spark.SparkFiles
2022-02-28 00:49:49,385 Command to send: r
m
org.apache.spark.SparkFiles
getRootDirectory
e

2022-02-28 00:49:49,385 Answer received: !ym
2022-02-28 00:49:49,385 Command to send: c
z:org.apache.spark.SparkFiles
getRootDirectory
e

2022-02-28 00:49:49,385 Answer received: !ys/tmp/spark-68e11645-16ac-438f-8593-12ee1a85fe60/userFiles-325d543f-9a7a-465f-b008-3bda23a71e6f
2022-02-28 00:49:49,386 Command to send: r
u
org
rj
e

2022-02-28 00:49:49,387 Answer received: !yp
2022-02-28 00:49:49,387 Command to send: r
u
org.apache
rj
e

2022-02-28 00:49:49,388 Answer received: !yp
2022-02-28 00:49:49,388 Command to send: r
u
org.apache.spark
rj
e

2022-02-28 00:49:49,389 Answer received: !yp
2022-02-28 00:49:49,389 Command to send: r
u
org.apache.spark.SparkFiles
rj
e

2022-02-28 00:49:49,389 Answer received: !ycorg.apache.spark.SparkFiles
2022-02-28 00:49:49,389 Command to send: r
m
org.apache.spark.SparkFiles
getRootDirectory
e

2022-02-28 00:49:49,389 Answer received: !ym
2022-02-28 00:49:49,389 Command to send: c
z:org.apache.spark.SparkFiles
getRootDirectory
e

2022-02-28 00:49:49,390 Answer received: !ys/tmp/spark-68e11645-16ac-438f-8593-12ee1a85fe60/userFiles-325d543f-9a7a-465f-b008-3bda23a71e6f
2022-02-28 00:49:49,390 Command to send: r
u
org
rj
e

2022-02-28 00:49:49,391 Answer received: !yp
2022-02-28 00:49:49,392 Command to send: r
u
org.apache
rj
e

2022-02-28 00:49:49,392 Answer received: !yp
2022-02-28 00:49:49,392 Command to send: r
u
org.apache.spark
rj
e

2022-02-28 00:49:49,393 Answer received: !yp
2022-02-28 00:49:49,393 Command to send: r
u
org.apache.spark.SparkFiles
rj
e

2022-02-28 00:49:49,393 Answer received: !ycorg.apache.spark.SparkFiles
2022-02-28 00:49:49,393 Command to send: r
m
org.apache.spark.SparkFiles
getRootDirectory
e

2022-02-28 00:49:49,394 Answer received: !ym
2022-02-28 00:49:49,394 Command to send: c
z:org.apache.spark.SparkFiles
getRootDirectory
e

2022-02-28 00:49:49,394 Answer received: !ys/tmp/spark-68e11645-16ac-438f-8593-12ee1a85fe60/userFiles-325d543f-9a7a-465f-b008-3bda23a71e6f
2022-02-28 00:49:49,394 Command to send: r
u
org
rj
e

2022-02-28 00:49:49,396 Answer received: !yp
2022-02-28 00:49:49,396 Command to send: r
u
org.apache
rj
e

2022-02-28 00:49:49,396 Answer received: !yp
2022-02-28 00:49:49,397 Command to send: r
u
org.apache.spark
rj
e

2022-02-28 00:49:49,397 Answer received: !yp
2022-02-28 00:49:49,397 Command to send: r
u
org.apache.spark.SparkFiles
rj
e

2022-02-28 00:49:49,397 Answer received: !ycorg.apache.spark.SparkFiles
2022-02-28 00:49:49,397 Command to send: r
m
org.apache.spark.SparkFiles
getRootDirectory
e

2022-02-28 00:49:49,398 Answer received: !ym
2022-02-28 00:49:49,398 Command to send: c
z:org.apache.spark.SparkFiles
getRootDirectory
e

2022-02-28 00:49:49,398 Answer received: !ys/tmp/spark-68e11645-16ac-438f-8593-12ee1a85fe60/userFiles-325d543f-9a7a-465f-b008-3bda23a71e6f
2022-02-28 00:49:49,398 Command to send: r
u
org
rj
e

2022-02-28 00:49:49,400 Answer received: !yp
2022-02-28 00:49:49,400 Command to send: r
u
org.apache
rj
e

2022-02-28 00:49:49,400 Answer received: !yp
2022-02-28 00:49:49,401 Command to send: r
u
org.apache.spark
rj
e

2022-02-28 00:49:49,401 Answer received: !yp
2022-02-28 00:49:49,401 Command to send: r
u
org.apache.spark.SparkFiles
rj
e

2022-02-28 00:49:49,401 Answer received: !ycorg.apache.spark.SparkFiles
2022-02-28 00:49:49,402 Command to send: r
m
org.apache.spark.SparkFiles
getRootDirectory
e

2022-02-28 00:49:49,402 Answer received: !ym
2022-02-28 00:49:49,402 Command to send: c
z:org.apache.spark.SparkFiles
getRootDirectory
e

2022-02-28 00:49:49,402 Answer received: !ys/tmp/spark-68e11645-16ac-438f-8593-12ee1a85fe60/userFiles-325d543f-9a7a-465f-b008-3bda23a71e6f
2022-02-28 00:49:49,403 Command to send: r
u
org
rj
e

2022-02-28 00:49:49,405 Answer received: !yp
2022-02-28 00:49:49,405 Command to send: r
u
org.apache
rj
e

2022-02-28 00:49:49,406 Answer received: !yp
2022-02-28 00:49:49,406 Command to send: r
u
org.apache.spark
rj
e

2022-02-28 00:49:49,406 Answer received: !yp
2022-02-28 00:49:49,407 Command to send: r
u
org.apache.spark.SparkFiles
rj
e

2022-02-28 00:49:49,407 Answer received: !ycorg.apache.spark.SparkFiles
2022-02-28 00:49:49,407 Command to send: r
m
org.apache.spark.SparkFiles
getRootDirectory
e

2022-02-28 00:49:49,407 Answer received: !ym
2022-02-28 00:49:49,407 Command to send: c
z:org.apache.spark.SparkFiles
getRootDirectory
e

2022-02-28 00:49:49,408 Answer received: !ys/tmp/spark-68e11645-16ac-438f-8593-12ee1a85fe60/userFiles-325d543f-9a7a-465f-b008-3bda23a71e6f
2022-02-28 00:49:49,408 Command to send: r
u
org
rj
e

2022-02-28 00:49:49,410 Answer received: !yp
2022-02-28 00:49:49,410 Command to send: r
u
org.apache
rj
e

2022-02-28 00:49:49,411 Answer received: !yp
2022-02-28 00:49:49,411 Command to send: r
u
org.apache.spark
rj
e

2022-02-28 00:49:49,411 Answer received: !yp
2022-02-28 00:49:49,412 Command to send: r
u
org.apache.spark.SparkFiles
rj
e

2022-02-28 00:49:49,412 Answer received: !ycorg.apache.spark.SparkFiles
2022-02-28 00:49:49,412 Command to send: r
m
org.apache.spark.SparkFiles
getRootDirectory
e

2022-02-28 00:49:49,412 Answer received: !ym
2022-02-28 00:49:49,412 Command to send: c
z:org.apache.spark.SparkFiles
getRootDirectory
e

2022-02-28 00:49:49,413 Answer received: !ys/tmp/spark-68e11645-16ac-438f-8593-12ee1a85fe60/userFiles-325d543f-9a7a-465f-b008-3bda23a71e6f
2022-02-28 00:49:49,413 Command to send: r
u
org
rj
e

2022-02-28 00:49:49,414 Answer received: !yp
2022-02-28 00:49:49,414 Command to send: r
u
org.apache
rj
e

2022-02-28 00:49:49,415 Answer received: !yp
2022-02-28 00:49:49,415 Command to send: r
u
org.apache.spark
rj
e

2022-02-28 00:49:49,416 Answer received: !yp
2022-02-28 00:49:49,416 Command to send: r
u
org.apache.spark.SparkFiles
rj
e

2022-02-28 00:49:49,416 Answer received: !ycorg.apache.spark.SparkFiles
2022-02-28 00:49:49,416 Command to send: r
m
org.apache.spark.SparkFiles
getRootDirectory
e

2022-02-28 00:49:49,416 Answer received: !ym
2022-02-28 00:49:49,416 Command to send: c
z:org.apache.spark.SparkFiles
getRootDirectory
e

2022-02-28 00:49:49,417 Answer received: !ys/tmp/spark-68e11645-16ac-438f-8593-12ee1a85fe60/userFiles-325d543f-9a7a-465f-b008-3bda23a71e6f
2022-02-28 00:49:49,417 Command to send: r
u
org
rj
e

2022-02-28 00:49:49,418 Answer received: !yp
2022-02-28 00:49:49,418 Command to send: r
u
org.apache
rj
e

2022-02-28 00:49:49,419 Answer received: !yp
2022-02-28 00:49:49,419 Command to send: r
u
org.apache.spark
rj
e

2022-02-28 00:49:49,420 Answer received: !yp
2022-02-28 00:49:49,420 Command to send: r
u
org.apache.spark.SparkFiles
rj
e

2022-02-28 00:49:49,420 Answer received: !ycorg.apache.spark.SparkFiles
2022-02-28 00:49:49,420 Command to send: r
m
org.apache.spark.SparkFiles
getRootDirectory
e

2022-02-28 00:49:49,420 Answer received: !ym
2022-02-28 00:49:49,420 Command to send: c
z:org.apache.spark.SparkFiles
getRootDirectory
e

2022-02-28 00:49:49,420 Answer received: !ys/tmp/spark-68e11645-16ac-438f-8593-12ee1a85fe60/userFiles-325d543f-9a7a-465f-b008-3bda23a71e6f
2022-02-28 00:49:49,421 Command to send: r
u
org
rj
e

2022-02-28 00:49:49,422 Answer received: !yp
2022-02-28 00:49:49,422 Command to send: r
u
org.apache
rj
e

2022-02-28 00:49:49,423 Answer received: !yp
2022-02-28 00:49:49,423 Command to send: r
u
org.apache.spark
rj
e

2022-02-28 00:49:49,423 Answer received: !yp
2022-02-28 00:49:49,424 Command to send: r
u
org.apache.spark.SparkFiles
rj
e

2022-02-28 00:49:49,424 Answer received: !ycorg.apache.spark.SparkFiles
2022-02-28 00:49:49,424 Command to send: r
m
org.apache.spark.SparkFiles
getRootDirectory
e

2022-02-28 00:49:49,424 Answer received: !ym
2022-02-28 00:49:49,424 Command to send: c
z:org.apache.spark.SparkFiles
getRootDirectory
e

2022-02-28 00:49:49,424 Answer received: !ys/tmp/spark-68e11645-16ac-438f-8593-12ee1a85fe60/userFiles-325d543f-9a7a-465f-b008-3bda23a71e6f
2022-02-28 00:49:49,425 Command to send: r
u
org
rj
e

2022-02-28 00:49:49,426 Answer received: !yp
2022-02-28 00:49:49,426 Command to send: r
u
org.apache
rj
e

2022-02-28 00:49:49,427 Answer received: !yp
2022-02-28 00:49:49,427 Command to send: r
u
org.apache.spark
rj
e

2022-02-28 00:49:49,427 Answer received: !yp
2022-02-28 00:49:49,428 Command to send: r
u
org.apache.spark.SparkFiles
rj
e

2022-02-28 00:49:49,428 Answer received: !ycorg.apache.spark.SparkFiles
2022-02-28 00:49:49,428 Command to send: r
m
org.apache.spark.SparkFiles
getRootDirectory
e

2022-02-28 00:49:49,428 Answer received: !ym
2022-02-28 00:49:49,428 Command to send: c
z:org.apache.spark.SparkFiles
getRootDirectory
e

2022-02-28 00:49:49,429 Answer received: !ys/tmp/spark-68e11645-16ac-438f-8593-12ee1a85fe60/userFiles-325d543f-9a7a-465f-b008-3bda23a71e6f
2022-02-28 00:49:49,429 Command to send: r
u
org
rj
e

2022-02-28 00:49:49,430 Answer received: !yp
2022-02-28 00:49:49,431 Command to send: r
u
org.apache
rj
e

2022-02-28 00:49:49,431 Answer received: !yp
2022-02-28 00:49:49,431 Command to send: r
u
org.apache.spark
rj
e

2022-02-28 00:49:49,432 Answer received: !yp
2022-02-28 00:49:49,432 Command to send: r
u
org.apache.spark.SparkFiles
rj
e

2022-02-28 00:49:49,432 Answer received: !ycorg.apache.spark.SparkFiles
2022-02-28 00:49:49,432 Command to send: r
m
org.apache.spark.SparkFiles
getRootDirectory
e

2022-02-28 00:49:49,432 Answer received: !ym
2022-02-28 00:49:49,433 Command to send: c
z:org.apache.spark.SparkFiles
getRootDirectory
e

2022-02-28 00:49:49,433 Answer received: !ys/tmp/spark-68e11645-16ac-438f-8593-12ee1a85fe60/userFiles-325d543f-9a7a-465f-b008-3bda23a71e6f
2022-02-28 00:49:49,433 Command to send: r
u
org
rj
e

2022-02-28 00:49:49,435 Answer received: !yp
2022-02-28 00:49:49,435 Command to send: r
u
org.apache
rj
e

2022-02-28 00:49:49,436 Answer received: !yp
2022-02-28 00:49:49,436 Command to send: r
u
org.apache.spark
rj
e

2022-02-28 00:49:49,437 Answer received: !yp
2022-02-28 00:49:49,437 Command to send: r
u
org.apache.spark.SparkFiles
rj
e

2022-02-28 00:49:49,437 Answer received: !ycorg.apache.spark.SparkFiles
2022-02-28 00:49:49,437 Command to send: r
m
org.apache.spark.SparkFiles
getRootDirectory
e

2022-02-28 00:49:49,437 Answer received: !ym
2022-02-28 00:49:49,438 Command to send: c
z:org.apache.spark.SparkFiles
getRootDirectory
e

2022-02-28 00:49:49,438 Answer received: !ys/tmp/spark-68e11645-16ac-438f-8593-12ee1a85fe60/userFiles-325d543f-9a7a-465f-b008-3bda23a71e6f
2022-02-28 00:49:49,438 Command to send: r
u
org
rj
e

2022-02-28 00:49:49,459 Answer received: !yp
2022-02-28 00:49:49,460 Command to send: r
u
org.apache
rj
e

2022-02-28 00:49:49,460 Answer received: !yp
2022-02-28 00:49:49,461 Command to send: r
u
org.apache.spark
rj
e

2022-02-28 00:49:49,461 Answer received: !yp
2022-02-28 00:49:49,461 Command to send: r
u
org.apache.spark.SparkFiles
rj
e

2022-02-28 00:49:49,461 Answer received: !ycorg.apache.spark.SparkFiles
2022-02-28 00:49:49,462 Command to send: r
m
org.apache.spark.SparkFiles
getRootDirectory
e

2022-02-28 00:49:49,462 Answer received: !ym
2022-02-28 00:49:49,462 Command to send: c
z:org.apache.spark.SparkFiles
getRootDirectory
e

2022-02-28 00:49:49,463 Answer received: !ys/tmp/spark-68e11645-16ac-438f-8593-12ee1a85fe60/userFiles-325d543f-9a7a-465f-b008-3bda23a71e6f
2022-02-28 00:49:49,463 Command to send: r
u
org
rj
e

2022-02-28 00:49:49,465 Answer received: !yp
2022-02-28 00:49:49,465 Command to send: r
u
org.apache
rj
e

2022-02-28 00:49:49,465 Answer received: !yp
2022-02-28 00:49:49,465 Command to send: r
u
org.apache.spark
rj
e

2022-02-28 00:49:49,466 Answer received: !yp
2022-02-28 00:49:49,466 Command to send: r
u
org.apache.spark.SparkFiles
rj
e

2022-02-28 00:49:49,466 Answer received: !ycorg.apache.spark.SparkFiles
2022-02-28 00:49:49,466 Command to send: r
m
org.apache.spark.SparkFiles
getRootDirectory
e

2022-02-28 00:49:49,466 Answer received: !ym
2022-02-28 00:49:49,466 Command to send: c
z:org.apache.spark.SparkFiles
getRootDirectory
e

2022-02-28 00:49:49,467 Answer received: !ys/tmp/spark-68e11645-16ac-438f-8593-12ee1a85fe60/userFiles-325d543f-9a7a-465f-b008-3bda23a71e6f
2022-02-28 00:49:49,467 Command to send: r
u
org
rj
e

2022-02-28 00:49:49,468 Answer received: !yp
2022-02-28 00:49:49,468 Command to send: r
u
org.apache
rj
e

2022-02-28 00:49:49,469 Answer received: !yp
2022-02-28 00:49:49,469 Command to send: r
u
org.apache.spark
rj
e

2022-02-28 00:49:49,469 Answer received: !yp
2022-02-28 00:49:49,469 Command to send: r
u
org.apache.spark.util
rj
e

2022-02-28 00:49:49,470 Answer received: !yp
2022-02-28 00:49:49,470 Command to send: r
u
org.apache.spark.util.Utils
rj
e

2022-02-28 00:49:49,472 Answer received: !ycorg.apache.spark.util.Utils
2022-02-28 00:49:49,472 Command to send: r
m
org.apache.spark.util.Utils
getLocalDir
e

2022-02-28 00:49:49,474 Answer received: !ym
2022-02-28 00:49:49,474 Command to send: c
o18
sc
e

2022-02-28 00:49:49,474 Answer received: !yro23
2022-02-28 00:49:49,474 Command to send: c
o23
conf
e

2022-02-28 00:49:49,474 Answer received: !yro24
2022-02-28 00:49:49,475 Command to send: c
z:org.apache.spark.util.Utils
getLocalDir
ro24
e

2022-02-28 00:49:49,475 Answer received: !ys/tmp/spark-68e11645-16ac-438f-8593-12ee1a85fe60
2022-02-28 00:49:49,475 Command to send: r
u
org
rj
e

2022-02-28 00:49:49,477 Answer received: !yp
2022-02-28 00:49:49,477 Command to send: r
u
org.apache
rj
e

2022-02-28 00:49:49,477 Answer received: !yp
2022-02-28 00:49:49,477 Command to send: r
u
org.apache.spark
rj
e

2022-02-28 00:49:49,478 Answer received: !yp
2022-02-28 00:49:49,478 Command to send: r
u
org.apache.spark.util
rj
e

2022-02-28 00:49:49,479 Answer received: !yp
2022-02-28 00:49:49,479 Command to send: r
u
org.apache.spark.util.Utils
rj
e

2022-02-28 00:49:49,479 Answer received: !ycorg.apache.spark.util.Utils
2022-02-28 00:49:49,479 Command to send: r
m
org.apache.spark.util.Utils
createTempDir
e

2022-02-28 00:49:49,479 Answer received: !ym
2022-02-28 00:49:49,479 Command to send: c
z:org.apache.spark.util.Utils
createTempDir
s/tmp/spark-68e11645-16ac-438f-8593-12ee1a85fe60
spyspark
e

2022-02-28 00:49:49,480 Answer received: !yro25
2022-02-28 00:49:49,480 Command to send: c
o25
getAbsolutePath
e

2022-02-28 00:49:49,481 Answer received: !ys/tmp/spark-68e11645-16ac-438f-8593-12ee1a85fe60/pyspark-eab12360-aa81-4530-8c98-0b000a67577b
2022-02-28 00:49:49,481 Command to send: c
o20
get
sspark.python.profile
sfalse
e

2022-02-28 00:49:49,481 Answer received: !ysfalse
2022-02-28 00:49:49,481 Command to send: r
u
SparkSession
rj
e

2022-02-28 00:49:49,507 Answer received: !ycorg.apache.spark.sql.SparkSession
2022-02-28 00:49:49,507 Command to send: r
m
org.apache.spark.sql.SparkSession
getDefaultSession
e

2022-02-28 00:49:49,535 Answer received: !ym
2022-02-28 00:49:49,535 Command to send: c
z:org.apache.spark.sql.SparkSession
getDefaultSession
e

2022-02-28 00:49:49,537 Answer received: !yro26
2022-02-28 00:49:49,537 Command to send: c
o26
isDefined
e

2022-02-28 00:49:49,538 Answer received: !ybfalse
2022-02-28 00:49:49,538 Command to send: r
u
SparkSession
rj
e

2022-02-28 00:49:49,540 Answer received: !ycorg.apache.spark.sql.SparkSession
2022-02-28 00:49:49,540 Command to send: c
o18
sc
e

2022-02-28 00:49:49,540 Answer received: !yro27
2022-02-28 00:49:49,540 Command to send: i
org.apache.spark.sql.SparkSession
ro27
e

2022-02-28 00:49:49,635 Answer received: !yro28
2022-02-28 00:49:49,635 Command to send: c
o28
sqlContext
e

2022-02-28 00:49:49,635 Answer received: !yro29
2022-02-28 00:49:49,636 Command to send: r
u
SparkSession
rj
e

2022-02-28 00:49:49,638 Answer received: !ycorg.apache.spark.sql.SparkSession
2022-02-28 00:49:49,638 Command to send: r
m
org.apache.spark.sql.SparkSession
setDefaultSession
e

2022-02-28 00:49:49,638 Answer received: !ym
2022-02-28 00:49:49,638 Command to send: c
z:org.apache.spark.sql.SparkSession
setDefaultSession
ro28
e

2022-02-28 00:49:49,639 Answer received: !yv
2022-02-28 00:49:49,639 Command to send: r
u
SparkSession
rj
e

2022-02-28 00:49:49,640 Answer received: !ycorg.apache.spark.sql.SparkSession
2022-02-28 00:49:49,640 Command to send: r
m
org.apache.spark.sql.SparkSession
setActiveSession
e

2022-02-28 00:49:49,641 Answer received: !ym
2022-02-28 00:49:49,641 Command to send: c
z:org.apache.spark.sql.SparkSession
setActiveSession
ro28
e

2022-02-28 00:49:49,641 Answer received: !yv
2022-02-28 00:49:49,641 Command to send: c
o28
sessionState
e

2022-02-28 00:49:50,528 Answer received: !yro30
2022-02-28 00:49:50,529 Command to send: c
o30
conf
e

2022-02-28 00:49:50,530 Answer received: !yro31
2022-02-28 00:49:50,530 Command to send: c
o31
setConfString
sspark.master
slocal
e

2022-02-28 00:49:50,532 Answer received: !yv
2022-02-28 00:49:50,532 Command to send: c
o28
sessionState
e

2022-02-28 00:49:50,533 Answer received: !yro32
2022-02-28 00:49:50,533 Command to send: c
o32
conf
e

2022-02-28 00:49:50,533 Answer received: !yro33
2022-02-28 00:49:50,534 Command to send: c
o33
setConfString
sspark.app.name
sdecisionapp
e

2022-02-28 00:49:50,534 Answer received: !yv
2022-02-28 00:49:50,534 Command to send: c
o28
sessionState
e

2022-02-28 00:49:50,535 Answer received: !yro34
2022-02-28 00:49:50,535 Command to send: c
o34
conf
e

2022-02-28 00:49:50,535 Answer received: !yro35
2022-02-28 00:49:50,535 Command to send: c
o35
setConfString
sspark.jars.packages
sorg.apache.spark:spark-sql-kafka-0-10_2.12:3.2.1,net.snowflake:spark-snowflake_2.12:2.10.0-spark_3.2
e

2022-02-28 00:49:50,536 Answer received: !yv
2022-02-28 00:49:50,536 Command to send: c
o29
read
e

2022-02-28 00:49:50,545 Answer received: !yro36
2022-02-28 00:49:50,546 Command to send: c
o36
format
ssnowflake
e

2022-02-28 00:49:50,554 Answer received: !yro37
2022-02-28 00:49:50,555 Command to send: c
o37
option
ssfURL
szu02863.ap-south-1.aws.snowflakecomputing.com
e

2022-02-28 00:49:50,557 Answer received: !yro38
2022-02-28 00:49:50,558 Command to send: c
o38
option
ssfAccount
szu02863.ap-south-1.aws
e

2022-02-28 00:49:50,558 Answer received: !yro39
2022-02-28 00:49:50,559 Command to send: c
o39
option
ssfUser
scoolkeonjhar
e

2022-02-28 00:49:50,559 Answer received: !yro40
2022-02-28 00:49:50,560 Command to send: c
o40
option
ssfPassword
sAmrita@123
e

2022-02-28 00:49:50,560 Answer received: !yro41
2022-02-28 00:49:50,561 Command to send: c
o41
option
ssfDatabase
sNIMBUS_MAPS
e

2022-02-28 00:49:50,562 Answer received: !yro42
2022-02-28 00:49:50,562 Command to send: c
o42
option
ssfSchema
sRAW_LAYER
e

2022-02-28 00:49:50,563 Answer received: !yro43
2022-02-28 00:49:50,563 Command to send: c
o43
option
ssfWarehouse
sSNOW_LARGE_VWH
e

2022-02-28 00:49:50,564 Answer received: !yro44
2022-02-28 00:49:50,564 Command to send: c
o44
option
ssfRole
sACCOUNTADMIN
e

2022-02-28 00:49:50,565 Answer received: !yro45
2022-02-28 00:49:50,565 Command to send: c
o45
option
squery
sselect UID,ADDRESS,CITY,ZIPCODE,DECISION,CURRENT_TIMESTAMP() AS CREATE_TS from NIMBUS_MAPS.STAGING_DATA_LAKE.DECISION_DATA_STG where create_ts >(select nvl(max(CREATE_TS),to_timestamp('2001-01-01 00:00:00','YYYY-MM-DD HH24:MI:SS')) FROM NIMBUS_MAPS.RAW_LAYER.DECISION_DATA_RAW)
e

2022-02-28 00:49:50,565 Answer received: !yro46
2022-02-28 00:49:50,566 Command to send: c
o46
load
e

2022-02-28 00:49:54,759 Answer received: !yro47
2022-02-28 00:49:54,760 Command to send: c
o47
count
e

2022-02-28 00:49:58,759 Answer received: !yL114
2022-02-28 00:49:58,759 Command to send: c
o47
count
e

2022-02-28 00:50:00,259 Answer received: !yL116
2022-02-28 00:50:00,260 Command to send: c
o47
schema
e

2022-02-28 00:50:00,260 Answer received: !yro48
2022-02-28 00:50:00,261 Command to send: c
o48
treeString
e

2022-02-28 00:50:00,270 Answer received: !ysroot\n |-- UID: decimal(38,0) (nullable = false)\n |-- ADDRESS: string (nullable = true)\n |-- CITY: string (nullable = true)\n |-- ZIPCODE: string (nullable = true)\n |-- DECISION: string (nullable = true)\n |-- CREATE_TS: timestamp (nullable = false)\n
2022-02-28 00:50:00,270 Command to send: r
u
functions
rj
e

2022-02-28 00:50:00,277 Answer received: !ycorg.apache.spark.sql.functions
2022-02-28 00:50:00,277 Command to send: r
m
org.apache.spark.sql.functions
col
e

2022-02-28 00:50:00,282 Answer received: !ym
2022-02-28 00:50:00,283 Command to send: c
z:org.apache.spark.sql.functions
col
sUID
e

2022-02-28 00:50:00,316 Answer received: !yro49
2022-02-28 00:50:00,317 Command to send: r
u
functions
rj
e

2022-02-28 00:50:00,319 Answer received: !ycorg.apache.spark.sql.functions
2022-02-28 00:50:00,319 Command to send: r
m
org.apache.spark.sql.functions
col
e

2022-02-28 00:50:00,319 Answer received: !ym
2022-02-28 00:50:00,320 Command to send: c
z:org.apache.spark.sql.functions
col
sADDRESS
e

2022-02-28 00:50:00,320 Answer received: !yro50
2022-02-28 00:50:00,320 Command to send: r
u
functions
rj
e

2022-02-28 00:50:00,325 Answer received: !ycorg.apache.spark.sql.functions
2022-02-28 00:50:00,325 Command to send: r
m
org.apache.spark.sql.functions
col
e

2022-02-28 00:50:00,325 Answer received: !ym
2022-02-28 00:50:00,326 Command to send: c
z:org.apache.spark.sql.functions
col
sCITY
e

2022-02-28 00:50:00,326 Answer received: !yro51
2022-02-28 00:50:00,326 Command to send: r
u
functions
rj
e

2022-02-28 00:50:00,331 Answer received: !ycorg.apache.spark.sql.functions
2022-02-28 00:50:00,331 Command to send: r
m
org.apache.spark.sql.functions
col
e

2022-02-28 00:50:00,332 Answer received: !ym
2022-02-28 00:50:00,332 Command to send: c
z:org.apache.spark.sql.functions
col
sZIPCODE
e

2022-02-28 00:50:00,333 Answer received: !yro52
2022-02-28 00:50:00,333 Command to send: r
u
functions
rj
e

2022-02-28 00:50:00,335 Answer received: !ycorg.apache.spark.sql.functions
2022-02-28 00:50:00,335 Command to send: r
m
org.apache.spark.sql.functions
col
e

2022-02-28 00:50:00,336 Answer received: !ym
2022-02-28 00:50:00,336 Command to send: c
z:org.apache.spark.sql.functions
col
sDECISION
e

2022-02-28 00:50:00,337 Answer received: !yro53
2022-02-28 00:50:00,337 Command to send: r
u
functions
rj
e

2022-02-28 00:50:00,345 Answer received: !ycorg.apache.spark.sql.functions
2022-02-28 00:50:00,345 Command to send: r
m
org.apache.spark.sql.functions
col
e

2022-02-28 00:50:00,345 Answer received: !ym
2022-02-28 00:50:00,345 Command to send: c
z:org.apache.spark.sql.functions
col
sCREATE_TS
e

2022-02-28 00:50:00,346 Answer received: !yro54
2022-02-28 00:50:00,346 Command to send: r
u
PythonUtils
rj
e

2022-02-28 00:50:00,347 Answer received: !ycorg.apache.spark.api.python.PythonUtils
2022-02-28 00:50:00,348 Command to send: r
m
org.apache.spark.api.python.PythonUtils
toSeq
e

2022-02-28 00:50:00,348 Answer received: !ym
2022-02-28 00:50:00,348 Command to send: i
java.util.ArrayList
e

2022-02-28 00:50:00,349 Answer received: !ylo55
2022-02-28 00:50:00,349 Command to send: c
o55
add
ro49
e

2022-02-28 00:50:00,350 Answer received: !ybtrue
2022-02-28 00:50:00,350 Command to send: c
o55
add
ro50
e

2022-02-28 00:50:00,350 Answer received: !ybtrue
2022-02-28 00:50:00,351 Command to send: c
o55
add
ro51
e

2022-02-28 00:50:00,351 Answer received: !ybtrue
2022-02-28 00:50:00,351 Command to send: c
o55
add
ro52
e

2022-02-28 00:50:00,352 Answer received: !ybtrue
2022-02-28 00:50:00,352 Command to send: c
o55
add
ro53
e

2022-02-28 00:50:00,352 Answer received: !ybtrue
2022-02-28 00:50:00,352 Command to send: c
o55
add
ro54
e

2022-02-28 00:50:00,353 Answer received: !ybtrue
2022-02-28 00:50:00,353 Command to send: c
z:org.apache.spark.api.python.PythonUtils
toSeq
ro55
e

2022-02-28 00:50:00,354 Answer received: !yro56
2022-02-28 00:50:00,354 Command to send: c
o47
groupBy
ro56
e

2022-02-28 00:50:00,362 Answer received: !yro57
2022-02-28 00:50:00,363 Command to send: c
o57
count
e

2022-02-28 00:50:00,412 Answer received: !yro58
2022-02-28 00:50:00,412 Command to send: c
o58
filter
scount > 1
e

2022-02-28 00:50:00,493 Answer received: !yro59
2022-02-28 00:50:00,494 Command to send: r
u
functions
rj
e

2022-02-28 00:50:00,495 Answer received: !ycorg.apache.spark.sql.functions
2022-02-28 00:50:00,495 Command to send: r
m
org.apache.spark.sql.functions
col
e

2022-02-28 00:50:00,496 Answer received: !ym
2022-02-28 00:50:00,496 Command to send: c
z:org.apache.spark.sql.functions
col
scount
e

2022-02-28 00:50:00,496 Answer received: !yro60
2022-02-28 00:50:00,496 Command to send: c
o60
desc
e

2022-02-28 00:50:00,499 Answer received: !yro61
2022-02-28 00:50:00,499 Command to send: r
u
PythonUtils
rj
e

2022-02-28 00:50:00,500 Answer received: !ycorg.apache.spark.api.python.PythonUtils
2022-02-28 00:50:00,500 Command to send: r
m
org.apache.spark.api.python.PythonUtils
toSeq
e

2022-02-28 00:50:00,501 Answer received: !ym
2022-02-28 00:50:00,501 Command to send: i
java.util.ArrayList
e

2022-02-28 00:50:00,501 Answer received: !ylo62
2022-02-28 00:50:00,501 Command to send: c
o62
add
ro61
e

2022-02-28 00:50:00,501 Answer received: !ybtrue
2022-02-28 00:50:00,502 Command to send: c
z:org.apache.spark.api.python.PythonUtils
toSeq
ro62
e

2022-02-28 00:50:00,502 Answer received: !yro63
2022-02-28 00:50:00,502 Command to send: c
o59
sort
ro63
e

2022-02-28 00:50:00,516 Answer received: !yro64
2022-02-28 00:50:00,517 Command to send: c
o64
count
e

2022-02-28 00:50:00,969 Command to send: m
d
o0
e

2022-02-28 00:50:00,970 Answer received: !yv
2022-02-28 00:50:00,970 Command to send: m
d
o7
e

2022-02-28 00:50:00,970 Answer received: !yv
2022-02-28 00:50:00,970 Command to send: m
d
o8
e

2022-02-28 00:50:00,970 Answer received: !yv
2022-02-28 00:50:00,970 Command to send: m
d
o9
e

2022-02-28 00:50:00,971 Answer received: !yv
2022-02-28 00:50:00,971 Command to send: m
d
o10
e

2022-02-28 00:50:00,971 Answer received: !yv
2022-02-28 00:50:00,971 Command to send: m
d
o11
e

2022-02-28 00:50:00,971 Answer received: !yv
2022-02-28 00:50:00,971 Command to send: m
d
o12
e

2022-02-28 00:50:00,972 Answer received: !yv
2022-02-28 00:50:00,972 Command to send: m
d
o13
e

2022-02-28 00:50:00,972 Answer received: !yv
2022-02-28 00:50:00,972 Command to send: m
d
o14
e

2022-02-28 00:50:00,972 Answer received: !yv
2022-02-28 00:50:00,973 Command to send: m
d
o15
e

2022-02-28 00:50:00,973 Answer received: !yv
2022-02-28 00:50:00,973 Command to send: m
d
o16
e

2022-02-28 00:50:00,973 Answer received: !yv
2022-02-28 00:50:00,974 Command to send: m
d
o17
e

2022-02-28 00:50:00,974 Answer received: !yv
2022-02-28 00:50:00,974 Command to send: m
d
o19
e

2022-02-28 00:50:00,974 Answer received: !yv
2022-02-28 00:50:00,975 Command to send: m
d
o22
e

2022-02-28 00:50:00,975 Answer received: !yv
2022-02-28 00:50:00,975 Command to send: m
d
o23
e

2022-02-28 00:50:00,976 Answer received: !yv
2022-02-28 00:50:00,976 Command to send: m
d
o24
e

2022-02-28 00:50:00,976 Answer received: !yv
2022-02-28 00:50:00,976 Command to send: m
d
o25
e

2022-02-28 00:50:00,977 Answer received: !yv
2022-02-28 00:50:00,977 Command to send: m
d
o26
e

2022-02-28 00:50:00,977 Answer received: !yv
2022-02-28 00:50:00,977 Command to send: m
d
o27
e

2022-02-28 00:50:00,977 Answer received: !yv
2022-02-28 00:50:00,977 Command to send: m
d
o30
e

2022-02-28 00:50:00,977 Answer received: !yv
2022-02-28 00:50:00,978 Command to send: m
d
o31
e

2022-02-28 00:50:00,978 Answer received: !yv
2022-02-28 00:50:00,978 Command to send: m
d
o32
e

2022-02-28 00:50:00,978 Answer received: !yv
2022-02-28 00:50:00,978 Command to send: m
d
o33
e

2022-02-28 00:50:00,978 Answer received: !yv
2022-02-28 00:50:00,978 Command to send: m
d
o34
e

2022-02-28 00:50:00,978 Answer received: !yv
2022-02-28 00:50:00,978 Command to send: m
d
o35
e

2022-02-28 00:50:00,978 Answer received: !yv
2022-02-28 00:50:00,978 Command to send: m
d
o36
e

2022-02-28 00:50:00,978 Answer received: !yv
2022-02-28 00:50:00,979 Command to send: m
d
o37
e

2022-02-28 00:50:00,979 Answer received: !yv
2022-02-28 00:50:00,979 Command to send: m
d
o38
e

2022-02-28 00:50:00,979 Answer received: !yv
2022-02-28 00:50:00,979 Command to send: m
d
o39
e

2022-02-28 00:50:00,979 Answer received: !yv
2022-02-28 00:50:00,979 Command to send: m
d
o40
e

2022-02-28 00:50:00,979 Answer received: !yv
2022-02-28 00:50:00,979 Command to send: m
d
o41
e

2022-02-28 00:50:00,979 Answer received: !yv
2022-02-28 00:50:00,979 Command to send: m
d
o42
e

2022-02-28 00:50:00,979 Answer received: !yv
2022-02-28 00:50:00,980 Command to send: m
d
o43
e

2022-02-28 00:50:00,980 Answer received: !yv
2022-02-28 00:50:00,980 Command to send: m
d
o44
e

2022-02-28 00:50:00,980 Answer received: !yv
2022-02-28 00:50:00,980 Command to send: m
d
o45
e

2022-02-28 00:50:00,980 Answer received: !yv
2022-02-28 00:50:00,980 Command to send: m
d
o46
e

2022-02-28 00:50:00,980 Answer received: !yv
2022-02-28 00:50:00,980 Command to send: m
d
o48
e

2022-02-28 00:50:00,980 Answer received: !yv
2022-02-28 00:50:00,980 Command to send: m
d
o55
e

2022-02-28 00:50:00,981 Answer received: !yv
2022-02-28 00:50:00,981 Command to send: m
d
o62
e

2022-02-28 00:50:00,981 Answer received: !yv
2022-02-28 00:50:02,009 Answer received: !yL0
2022-02-28 00:50:02,010 Command to send: c
o47
write
e

2022-02-28 00:50:02,015 Answer received: !yro65
2022-02-28 00:50:02,016 Command to send: c
o65
format
snet.snowflake.spark.snowflake
e

2022-02-28 00:50:02,018 Answer received: !yro66
2022-02-28 00:50:02,018 Command to send: c
o66
option
ssfURL
szu02863.ap-south-1.aws.snowflakecomputing.com
e

2022-02-28 00:50:02,019 Answer received: !yro67
2022-02-28 00:50:02,019 Command to send: c
o67
option
ssfAccount
szu02863.ap-south-1.aws
e

2022-02-28 00:50:02,019 Answer received: !yro68
2022-02-28 00:50:02,020 Command to send: c
o68
option
ssfUser
scoolkeonjhar
e

2022-02-28 00:50:02,020 Answer received: !yro69
2022-02-28 00:50:02,020 Command to send: c
o69
option
ssfPassword
sAmrita@123
e

2022-02-28 00:50:02,020 Answer received: !yro70
2022-02-28 00:50:02,021 Command to send: c
o70
option
ssfDatabase
sNIMBUS_MAPS
e

2022-02-28 00:50:02,021 Answer received: !yro71
2022-02-28 00:50:02,021 Command to send: c
o71
option
ssfSchema
sRAW_LAYER
e

2022-02-28 00:50:02,022 Answer received: !yro72
2022-02-28 00:50:02,022 Command to send: c
o72
option
ssfWarehouse
sSNOW_LARGE_VWH
e

2022-02-28 00:50:02,022 Answer received: !yro73
2022-02-28 00:50:02,022 Command to send: c
o73
option
ssfRole
sACCOUNTADMIN
e

2022-02-28 00:50:02,023 Answer received: !yro74
2022-02-28 00:50:02,023 Command to send: c
o74
option
sdbtable
sNIMBUS_MAPS.RAW_LAYER.DECISION_DATA_RAW
e

2022-02-28 00:50:02,023 Answer received: !yro75
2022-02-28 00:50:02,024 Command to send: c
o75
mode
sappend
e

2022-02-28 00:50:02,024 Answer received: !yro76
2022-02-28 00:50:02,024 Command to send: c
o76
option
sheader
strue
e

2022-02-28 00:50:02,025 Answer received: !yro77
2022-02-28 00:50:02,025 Command to send: c
o77
save
e

2022-02-28 00:50:08,943 Answer received: !yv
2022-02-28 00:50:08,943 Command to send: c
o18
stop
e

2022-02-28 00:50:09,006 Answer received: !yv
