2022-02-27 20:11:52,454 GatewayClient.address is deprecated and will be removed in version 1.0. Use GatewayParameters instead.
2022-02-27 20:11:52,455 Command to send: A
aa32c0c81e45bceb118f9ea153d9328669a4a8305f2bea3013d540f6e27fb221

2022-02-27 20:11:52,483 Answer received: !yv
2022-02-27 20:11:52,483 Command to send: j
i
rj
org.apache.spark.SparkConf
e

2022-02-27 20:11:52,487 Answer received: !yv
2022-02-27 20:11:52,488 Command to send: j
i
rj
org.apache.spark.api.java.*
e

2022-02-27 20:11:52,488 Answer received: !yv
2022-02-27 20:11:52,488 Command to send: j
i
rj
org.apache.spark.api.python.*
e

2022-02-27 20:11:52,489 Answer received: !yv
2022-02-27 20:11:52,489 Command to send: j
i
rj
org.apache.spark.ml.python.*
e

2022-02-27 20:11:52,490 Answer received: !yv
2022-02-27 20:11:52,490 Command to send: j
i
rj
org.apache.spark.mllib.api.python.*
e

2022-02-27 20:11:52,490 Answer received: !yv
2022-02-27 20:11:52,491 Command to send: j
i
rj
org.apache.spark.resource.*
e

2022-02-27 20:11:52,492 Answer received: !yv
2022-02-27 20:11:52,492 Command to send: j
i
rj
org.apache.spark.sql.*
e

2022-02-27 20:11:52,492 Answer received: !yv
2022-02-27 20:11:52,492 Command to send: j
i
rj
org.apache.spark.sql.api.python.*
e

2022-02-27 20:11:52,493 Answer received: !yv
2022-02-27 20:11:52,493 Command to send: j
i
rj
org.apache.spark.sql.hive.*
e

2022-02-27 20:11:52,494 Answer received: !yv
2022-02-27 20:11:52,494 Command to send: j
i
rj
scala.Tuple2
e

2022-02-27 20:11:52,495 Answer received: !yv
2022-02-27 20:11:52,495 Command to send: r
u
SparkConf
rj
e

2022-02-27 20:11:52,536 Answer received: !ycorg.apache.spark.SparkConf
2022-02-27 20:11:52,537 Command to send: i
org.apache.spark.SparkConf
bTrue
e

2022-02-27 20:11:52,545 Answer received: !yro0
2022-02-27 20:11:52,546 Command to send: c
o0
set
sspark.master
slocal
e

2022-02-27 20:11:52,551 Answer received: !yro1
2022-02-27 20:11:52,551 Command to send: c
o0
set
sspark.app.name
swiki-changes-event-consumer
e

2022-02-27 20:11:52,552 Answer received: !yro2
2022-02-27 20:11:52,553 Command to send: c
o0
set
sspark.jars.packages
sorg.apache.spark:spark-sql-kafka-0-10_2.12:3.2.1,net.snowflake:spark-snowflake_2.12:2.10.0-spark_3.2
e

2022-02-27 20:11:52,553 Answer received: !yro3
2022-02-27 20:11:52,554 Command to send: c
o0
contains
sspark.serializer.objectStreamReset
e

2022-02-27 20:11:52,555 Answer received: !ybfalse
2022-02-27 20:11:52,555 Command to send: c
o0
set
sspark.serializer.objectStreamReset
s100
e

2022-02-27 20:11:52,556 Answer received: !yro4
2022-02-27 20:11:52,556 Command to send: c
o0
contains
sspark.rdd.compress
e

2022-02-27 20:11:52,557 Answer received: !ybfalse
2022-02-27 20:11:52,557 Command to send: c
o0
set
sspark.rdd.compress
sTrue
e

2022-02-27 20:11:52,557 Answer received: !yro5
2022-02-27 20:11:52,557 Command to send: c
o0
contains
sspark.master
e

2022-02-27 20:11:52,558 Answer received: !ybtrue
2022-02-27 20:11:52,558 Command to send: c
o0
contains
sspark.app.name
e

2022-02-27 20:11:52,558 Answer received: !ybtrue
2022-02-27 20:11:52,558 Command to send: c
o0
contains
sspark.master
e

2022-02-27 20:11:52,559 Answer received: !ybtrue
2022-02-27 20:11:52,559 Command to send: c
o0
get
sspark.master
e

2022-02-27 20:11:52,560 Answer received: !yslocal
2022-02-27 20:11:52,560 Command to send: c
o0
contains
sspark.app.name
e

2022-02-27 20:11:52,561 Answer received: !ybtrue
2022-02-27 20:11:52,561 Command to send: c
o0
get
sspark.app.name
e

2022-02-27 20:11:52,561 Answer received: !yswiki-changes-event-consumer
2022-02-27 20:11:52,561 Command to send: c
o0
contains
sspark.home
e

2022-02-27 20:11:52,562 Answer received: !ybfalse
2022-02-27 20:11:52,562 Command to send: c
o0
getAll
e

2022-02-27 20:11:52,563 Answer received: !yto6
2022-02-27 20:11:52,563 Command to send: a
e
o6
e

2022-02-27 20:11:52,564 Answer received: !yi11
2022-02-27 20:11:52,564 Command to send: a
g
o6
i0
e

2022-02-27 20:11:52,564 Answer received: !yro7
2022-02-27 20:11:52,565 Command to send: c
o7
_1
e

2022-02-27 20:11:52,566 Answer received: !ysspark.master
2022-02-27 20:11:52,567 Command to send: c
o7
_2
e

2022-02-27 20:11:52,567 Answer received: !yslocal
2022-02-27 20:11:52,567 Command to send: a
e
o6
e

2022-02-27 20:11:52,568 Answer received: !yi11
2022-02-27 20:11:52,568 Command to send: a
g
o6
i1
e

2022-02-27 20:11:52,568 Answer received: !yro8
2022-02-27 20:11:52,569 Command to send: c
o8
_1
e

2022-02-27 20:11:52,569 Answer received: !ysspark.app.name
2022-02-27 20:11:52,570 Command to send: c
o8
_2
e

2022-02-27 20:11:52,570 Answer received: !yswiki-changes-event-consumer
2022-02-27 20:11:52,570 Command to send: a
e
o6
e

2022-02-27 20:11:52,571 Answer received: !yi11
2022-02-27 20:11:52,571 Command to send: a
g
o6
i2
e

2022-02-27 20:11:52,571 Answer received: !yro9
2022-02-27 20:11:52,571 Command to send: c
o9
_1
e

2022-02-27 20:11:52,572 Answer received: !ysspark.rdd.compress
2022-02-27 20:11:52,572 Command to send: c
o9
_2
e

2022-02-27 20:11:52,573 Answer received: !ysTrue
2022-02-27 20:11:52,573 Command to send: a
e
o6
e

2022-02-27 20:11:52,573 Answer received: !yi11
2022-02-27 20:11:52,573 Command to send: a
g
o6
i3
e

2022-02-27 20:11:52,573 Answer received: !yro10
2022-02-27 20:11:52,573 Command to send: c
o10
_1
e

2022-02-27 20:11:52,574 Answer received: !ysspark.jars
2022-02-27 20:11:52,574 Command to send: c
o10
_2
e

2022-02-27 20:11:52,580 Answer received: !ysfile:///home/suman/.ivy2/jars/org.apache.spark_spark-sql-kafka-0-10_2.12-3.2.1.jar,file:///home/suman/.ivy2/jars/net.snowflake_spark-snowflake_2.12-2.10.0-spark_3.2.jar,file:///home/suman/.ivy2/jars/org.apache.spark_spark-token-provider-kafka-0-10_2.12-3.2.1.jar,file:///home/suman/.ivy2/jars/org.apache.kafka_kafka-clients-2.8.0.jar,file:///home/suman/.ivy2/jars/com.google.code.findbugs_jsr305-3.0.0.jar,file:///home/suman/.ivy2/jars/org.apache.commons_commons-pool2-2.6.2.jar,file:///home/suman/.ivy2/jars/org.spark-project.spark_unused-1.0.0.jar,file:///home/suman/.ivy2/jars/org.apache.hadoop_hadoop-client-runtime-3.3.1.jar,file:///home/suman/.ivy2/jars/org.lz4_lz4-java-1.7.1.jar,file:///home/suman/.ivy2/jars/org.xerial.snappy_snappy-java-1.1.8.4.jar,file:///home/suman/.ivy2/jars/org.slf4j_slf4j-api-1.7.30.jar,file:///home/suman/.ivy2/jars/org.apache.hadoop_hadoop-client-api-3.3.1.jar,file:///home/suman/.ivy2/jars/org.apache.htrace_htrace-core4-4.1.0-incubating.jar,file:///home/suman/.ivy2/jars/commons-logging_commons-logging-1.1.3.jar,file:///home/suman/.ivy2/jars/net.snowflake_snowflake-ingest-sdk-0.10.3.jar,file:///home/suman/.ivy2/jars/net.snowflake_snowflake-jdbc-3.13.14.jar
2022-02-27 20:11:52,580 Command to send: a
e
o6
e

2022-02-27 20:11:52,580 Answer received: !yi11
2022-02-27 20:11:52,581 Command to send: a
g
o6
i4
e

2022-02-27 20:11:52,584 Answer received: !yro11
2022-02-27 20:11:52,584 Command to send: c
o11
_1
e

2022-02-27 20:11:52,588 Answer received: !ysspark.files
2022-02-27 20:11:52,589 Command to send: c
o11
_2
e

2022-02-27 20:11:52,589 Answer received: !ysfile:///home/suman/.ivy2/jars/org.apache.spark_spark-sql-kafka-0-10_2.12-3.2.1.jar,file:///home/suman/.ivy2/jars/net.snowflake_spark-snowflake_2.12-2.10.0-spark_3.2.jar,file:///home/suman/.ivy2/jars/org.apache.spark_spark-token-provider-kafka-0-10_2.12-3.2.1.jar,file:///home/suman/.ivy2/jars/org.apache.kafka_kafka-clients-2.8.0.jar,file:///home/suman/.ivy2/jars/com.google.code.findbugs_jsr305-3.0.0.jar,file:///home/suman/.ivy2/jars/org.apache.commons_commons-pool2-2.6.2.jar,file:///home/suman/.ivy2/jars/org.spark-project.spark_unused-1.0.0.jar,file:///home/suman/.ivy2/jars/org.apache.hadoop_hadoop-client-runtime-3.3.1.jar,file:///home/suman/.ivy2/jars/org.lz4_lz4-java-1.7.1.jar,file:///home/suman/.ivy2/jars/org.xerial.snappy_snappy-java-1.1.8.4.jar,file:///home/suman/.ivy2/jars/org.slf4j_slf4j-api-1.7.30.jar,file:///home/suman/.ivy2/jars/org.apache.hadoop_hadoop-client-api-3.3.1.jar,file:///home/suman/.ivy2/jars/org.apache.htrace_htrace-core4-4.1.0-incubating.jar,file:///home/suman/.ivy2/jars/commons-logging_commons-logging-1.1.3.jar,file:///home/suman/.ivy2/jars/net.snowflake_snowflake-ingest-sdk-0.10.3.jar,file:///home/suman/.ivy2/jars/net.snowflake_snowflake-jdbc-3.13.14.jar
2022-02-27 20:11:52,589 Command to send: a
e
o6
e

2022-02-27 20:11:52,590 Answer received: !yi11
2022-02-27 20:11:52,590 Command to send: a
g
o6
i5
e

2022-02-27 20:11:52,590 Answer received: !yro12
2022-02-27 20:11:52,590 Command to send: c
o12
_1
e

2022-02-27 20:11:52,591 Answer received: !ysspark.serializer.objectStreamReset
2022-02-27 20:11:52,591 Command to send: c
o12
_2
e

2022-02-27 20:11:52,591 Answer received: !ys100
2022-02-27 20:11:52,591 Command to send: a
e
o6
e

2022-02-27 20:11:52,592 Answer received: !yi11
2022-02-27 20:11:52,592 Command to send: a
g
o6
i6
e

2022-02-27 20:11:52,592 Answer received: !yro13
2022-02-27 20:11:52,592 Command to send: c
o13
_1
e

2022-02-27 20:11:52,593 Answer received: !ysspark.submit.pyFiles
2022-02-27 20:11:52,593 Command to send: c
o13
_2
e

2022-02-27 20:11:52,593 Answer received: !ys/home/suman/.ivy2/jars/org.apache.spark_spark-sql-kafka-0-10_2.12-3.2.1.jar,/home/suman/.ivy2/jars/net.snowflake_spark-snowflake_2.12-2.10.0-spark_3.2.jar,/home/suman/.ivy2/jars/org.apache.spark_spark-token-provider-kafka-0-10_2.12-3.2.1.jar,/home/suman/.ivy2/jars/org.apache.kafka_kafka-clients-2.8.0.jar,/home/suman/.ivy2/jars/com.google.code.findbugs_jsr305-3.0.0.jar,/home/suman/.ivy2/jars/org.apache.commons_commons-pool2-2.6.2.jar,/home/suman/.ivy2/jars/org.spark-project.spark_unused-1.0.0.jar,/home/suman/.ivy2/jars/org.apache.hadoop_hadoop-client-runtime-3.3.1.jar,/home/suman/.ivy2/jars/org.lz4_lz4-java-1.7.1.jar,/home/suman/.ivy2/jars/org.xerial.snappy_snappy-java-1.1.8.4.jar,/home/suman/.ivy2/jars/org.slf4j_slf4j-api-1.7.30.jar,/home/suman/.ivy2/jars/org.apache.hadoop_hadoop-client-api-3.3.1.jar,/home/suman/.ivy2/jars/org.apache.htrace_htrace-core4-4.1.0-incubating.jar,/home/suman/.ivy2/jars/commons-logging_commons-logging-1.1.3.jar,/home/suman/.ivy2/jars/net.snowflake_snowflake-ingest-sdk-0.10.3.jar,/home/suman/.ivy2/jars/net.snowflake_snowflake-jdbc-3.13.14.jar
2022-02-27 20:11:52,593 Command to send: a
e
o6
e

2022-02-27 20:11:52,594 Answer received: !yi11
2022-02-27 20:11:52,594 Command to send: a
g
o6
i7
e

2022-02-27 20:11:52,594 Answer received: !yro14
2022-02-27 20:11:52,594 Command to send: c
o14
_1
e

2022-02-27 20:11:52,594 Answer received: !ysspark.repl.local.jars
2022-02-27 20:11:52,595 Command to send: c
o14
_2
e

2022-02-27 20:11:52,595 Answer received: !ysfile:///home/suman/.ivy2/jars/org.apache.spark_spark-sql-kafka-0-10_2.12-3.2.1.jar,file:///home/suman/.ivy2/jars/net.snowflake_spark-snowflake_2.12-2.10.0-spark_3.2.jar,file:///home/suman/.ivy2/jars/org.apache.spark_spark-token-provider-kafka-0-10_2.12-3.2.1.jar,file:///home/suman/.ivy2/jars/org.apache.kafka_kafka-clients-2.8.0.jar,file:///home/suman/.ivy2/jars/com.google.code.findbugs_jsr305-3.0.0.jar,file:///home/suman/.ivy2/jars/org.apache.commons_commons-pool2-2.6.2.jar,file:///home/suman/.ivy2/jars/org.spark-project.spark_unused-1.0.0.jar,file:///home/suman/.ivy2/jars/org.apache.hadoop_hadoop-client-runtime-3.3.1.jar,file:///home/suman/.ivy2/jars/org.lz4_lz4-java-1.7.1.jar,file:///home/suman/.ivy2/jars/org.xerial.snappy_snappy-java-1.1.8.4.jar,file:///home/suman/.ivy2/jars/org.slf4j_slf4j-api-1.7.30.jar,file:///home/suman/.ivy2/jars/org.apache.hadoop_hadoop-client-api-3.3.1.jar,file:///home/suman/.ivy2/jars/org.apache.htrace_htrace-core4-4.1.0-incubating.jar,file:///home/suman/.ivy2/jars/commons-logging_commons-logging-1.1.3.jar,file:///home/suman/.ivy2/jars/net.snowflake_snowflake-ingest-sdk-0.10.3.jar,file:///home/suman/.ivy2/jars/net.snowflake_snowflake-jdbc-3.13.14.jar
2022-02-27 20:11:52,595 Command to send: a
e
o6
e

2022-02-27 20:11:52,596 Answer received: !yi11
2022-02-27 20:11:52,596 Command to send: a
g
o6
i8
e

2022-02-27 20:11:52,596 Answer received: !yro15
2022-02-27 20:11:52,596 Command to send: c
o15
_1
e

2022-02-27 20:11:52,597 Answer received: !ysspark.submit.deployMode
2022-02-27 20:11:52,597 Command to send: c
o15
_2
e

2022-02-27 20:11:52,597 Answer received: !ysclient
2022-02-27 20:11:52,597 Command to send: a
e
o6
e

2022-02-27 20:11:52,597 Answer received: !yi11
2022-02-27 20:11:52,598 Command to send: a
g
o6
i9
e

2022-02-27 20:11:52,598 Answer received: !yro16
2022-02-27 20:11:52,598 Command to send: c
o16
_1
e

2022-02-27 20:11:52,598 Answer received: !ysspark.jars.packages
2022-02-27 20:11:52,598 Command to send: c
o16
_2
e

2022-02-27 20:11:52,599 Answer received: !ysorg.apache.spark:spark-sql-kafka-0-10_2.12:3.2.1,net.snowflake:spark-snowflake_2.12:2.10.0-spark_3.2
2022-02-27 20:11:52,599 Command to send: a
e
o6
e

2022-02-27 20:11:52,599 Answer received: !yi11
2022-02-27 20:11:52,599 Command to send: a
g
o6
i10
e

2022-02-27 20:11:52,599 Answer received: !yro17
2022-02-27 20:11:52,604 Command to send: c
o17
_1
e

2022-02-27 20:11:52,605 Answer received: !ysspark.ui.showConsoleProgress
2022-02-27 20:11:52,605 Command to send: c
o17
_2
e

2022-02-27 20:11:52,606 Answer received: !ystrue
2022-02-27 20:11:52,606 Command to send: a
e
o6
e

2022-02-27 20:11:52,606 Answer received: !yi11
2022-02-27 20:11:52,606 Command to send: r
u
JavaSparkContext
rj
e

2022-02-27 20:11:52,627 Answer received: !ycorg.apache.spark.api.java.JavaSparkContext
2022-02-27 20:11:52,628 Command to send: i
org.apache.spark.api.java.JavaSparkContext
ro0
e

2022-02-27 20:11:53,456 Command to send: A
aa32c0c81e45bceb118f9ea153d9328669a4a8305f2bea3013d540f6e27fb221

2022-02-27 20:11:53,475 Answer received: !yv
2022-02-27 20:11:53,475 Command to send: m
d
o1
e

2022-02-27 20:11:53,476 Answer received: !yv
2022-02-27 20:11:53,476 Command to send: m
d
o2
e

2022-02-27 20:11:53,476 Answer received: !yv
2022-02-27 20:11:53,477 Command to send: m
d
o3
e

2022-02-27 20:11:53,477 Answer received: !yv
2022-02-27 20:11:53,477 Command to send: m
d
o4
e

2022-02-27 20:11:53,478 Answer received: !yv
2022-02-27 20:11:53,478 Command to send: m
d
o5
e

2022-02-27 20:11:53,478 Answer received: !yv
2022-02-27 20:11:53,478 Command to send: m
d
o6
e

2022-02-27 20:11:53,479 Answer received: !yv
2022-02-27 20:11:56,900 Answer received: !yro18
2022-02-27 20:11:56,900 Command to send: c
o18
sc
e

2022-02-27 20:11:56,905 Answer received: !yro19
2022-02-27 20:11:56,905 Command to send: c
o19
conf
e

2022-02-27 20:11:56,919 Answer received: !yro20
2022-02-27 20:11:56,921 Command to send: r
u
PythonAccumulatorV2
rj
e

2022-02-27 20:11:56,923 Answer received: !ycorg.apache.spark.api.python.PythonAccumulatorV2
2022-02-27 20:11:56,923 Command to send: i
org.apache.spark.api.python.PythonAccumulatorV2
s127.0.0.1
i57845
saa32c0c81e45bceb118f9ea153d9328669a4a8305f2bea3013d540f6e27fb221
e

2022-02-27 20:11:56,924 Answer received: !yro21
2022-02-27 20:11:56,924 Command to send: c
o18
sc
e

2022-02-27 20:11:56,924 Answer received: !yro22
2022-02-27 20:11:56,925 Command to send: c
o22
register
ro21
e

2022-02-27 20:11:56,929 Answer received: !yv
2022-02-27 20:11:56,929 Command to send: r
u
PythonUtils
rj
e

2022-02-27 20:11:56,931 Answer received: !ycorg.apache.spark.api.python.PythonUtils
2022-02-27 20:11:56,931 Command to send: r
m
org.apache.spark.api.python.PythonUtils
isEncryptionEnabled
e

2022-02-27 20:11:56,931 Answer received: !ym
2022-02-27 20:11:56,932 Command to send: c
z:org.apache.spark.api.python.PythonUtils
isEncryptionEnabled
ro18
e

2022-02-27 20:11:56,934 Answer received: !ybfalse
2022-02-27 20:11:56,934 Command to send: r
u
PythonUtils
rj
e

2022-02-27 20:11:56,935 Answer received: !ycorg.apache.spark.api.python.PythonUtils
2022-02-27 20:11:56,935 Command to send: r
m
org.apache.spark.api.python.PythonUtils
getPythonAuthSocketTimeout
e

2022-02-27 20:11:56,936 Answer received: !ym
2022-02-27 20:11:56,936 Command to send: c
z:org.apache.spark.api.python.PythonUtils
getPythonAuthSocketTimeout
ro18
e

2022-02-27 20:11:56,938 Answer received: !yL15
2022-02-27 20:11:56,938 Command to send: r
u
PythonUtils
rj
e

2022-02-27 20:11:56,939 Answer received: !ycorg.apache.spark.api.python.PythonUtils
2022-02-27 20:11:56,939 Command to send: r
m
org.apache.spark.api.python.PythonUtils
getSparkBufferSize
e

2022-02-27 20:11:56,940 Answer received: !ym
2022-02-27 20:11:56,940 Command to send: c
z:org.apache.spark.api.python.PythonUtils
getSparkBufferSize
ro18
e

2022-02-27 20:11:56,941 Answer received: !yi65536
2022-02-27 20:11:56,941 Command to send: r
u
org
rj
e

2022-02-27 20:11:56,945 Answer received: !yp
2022-02-27 20:11:56,945 Command to send: r
u
org.apache
rj
e

2022-02-27 20:11:56,946 Answer received: !yp
2022-02-27 20:11:56,946 Command to send: r
u
org.apache.spark
rj
e

2022-02-27 20:11:56,947 Answer received: !yp
2022-02-27 20:11:56,947 Command to send: r
u
org.apache.spark.SparkFiles
rj
e

2022-02-27 20:11:56,949 Answer received: !ycorg.apache.spark.SparkFiles
2022-02-27 20:11:56,949 Command to send: r
m
org.apache.spark.SparkFiles
getRootDirectory
e

2022-02-27 20:11:56,949 Answer received: !ym
2022-02-27 20:11:56,950 Command to send: c
z:org.apache.spark.SparkFiles
getRootDirectory
e

2022-02-27 20:11:56,950 Answer received: !ys/tmp/spark-b5e1d24c-e9da-4256-a6e8-2df6510e7ad9/userFiles-1b149a00-a70b-473a-820a-11e42bf18dbc
2022-02-27 20:11:56,950 Command to send: c
o20
get
sspark.submit.pyFiles
s
e

2022-02-27 20:11:56,951 Answer received: !ys/home/suman/.ivy2/jars/org.apache.spark_spark-sql-kafka-0-10_2.12-3.2.1.jar,/home/suman/.ivy2/jars/net.snowflake_spark-snowflake_2.12-2.10.0-spark_3.2.jar,/home/suman/.ivy2/jars/org.apache.spark_spark-token-provider-kafka-0-10_2.12-3.2.1.jar,/home/suman/.ivy2/jars/org.apache.kafka_kafka-clients-2.8.0.jar,/home/suman/.ivy2/jars/com.google.code.findbugs_jsr305-3.0.0.jar,/home/suman/.ivy2/jars/org.apache.commons_commons-pool2-2.6.2.jar,/home/suman/.ivy2/jars/org.spark-project.spark_unused-1.0.0.jar,/home/suman/.ivy2/jars/org.apache.hadoop_hadoop-client-runtime-3.3.1.jar,/home/suman/.ivy2/jars/org.lz4_lz4-java-1.7.1.jar,/home/suman/.ivy2/jars/org.xerial.snappy_snappy-java-1.1.8.4.jar,/home/suman/.ivy2/jars/org.slf4j_slf4j-api-1.7.30.jar,/home/suman/.ivy2/jars/org.apache.hadoop_hadoop-client-api-3.3.1.jar,/home/suman/.ivy2/jars/org.apache.htrace_htrace-core4-4.1.0-incubating.jar,/home/suman/.ivy2/jars/commons-logging_commons-logging-1.1.3.jar,/home/suman/.ivy2/jars/net.snowflake_snowflake-ingest-sdk-0.10.3.jar,/home/suman/.ivy2/jars/net.snowflake_snowflake-jdbc-3.13.14.jar
2022-02-27 20:11:56,951 Command to send: r
u
org
rj
e

2022-02-27 20:11:56,955 Answer received: !yp
2022-02-27 20:11:56,956 Command to send: r
u
org.apache
rj
e

2022-02-27 20:11:56,956 Answer received: !yp
2022-02-27 20:11:56,957 Command to send: r
u
org.apache.spark
rj
e

2022-02-27 20:11:56,957 Answer received: !yp
2022-02-27 20:11:56,958 Command to send: r
u
org.apache.spark.SparkFiles
rj
e

2022-02-27 20:11:56,958 Answer received: !ycorg.apache.spark.SparkFiles
2022-02-27 20:11:56,959 Command to send: r
m
org.apache.spark.SparkFiles
getRootDirectory
e

2022-02-27 20:11:56,960 Answer received: !ym
2022-02-27 20:11:56,960 Command to send: c
z:org.apache.spark.SparkFiles
getRootDirectory
e

2022-02-27 20:11:56,961 Answer received: !ys/tmp/spark-b5e1d24c-e9da-4256-a6e8-2df6510e7ad9/userFiles-1b149a00-a70b-473a-820a-11e42bf18dbc
2022-02-27 20:11:56,961 Command to send: r
u
org
rj
e

2022-02-27 20:11:56,965 Answer received: !yp
2022-02-27 20:11:56,965 Command to send: r
u
org.apache
rj
e

2022-02-27 20:11:56,966 Answer received: !yp
2022-02-27 20:11:56,966 Command to send: r
u
org.apache.spark
rj
e

2022-02-27 20:11:56,967 Answer received: !yp
2022-02-27 20:11:56,967 Command to send: r
u
org.apache.spark.SparkFiles
rj
e

2022-02-27 20:11:56,967 Answer received: !ycorg.apache.spark.SparkFiles
2022-02-27 20:11:56,967 Command to send: r
m
org.apache.spark.SparkFiles
getRootDirectory
e

2022-02-27 20:11:56,967 Answer received: !ym
2022-02-27 20:11:56,967 Command to send: c
z:org.apache.spark.SparkFiles
getRootDirectory
e

2022-02-27 20:11:56,967 Answer received: !ys/tmp/spark-b5e1d24c-e9da-4256-a6e8-2df6510e7ad9/userFiles-1b149a00-a70b-473a-820a-11e42bf18dbc
2022-02-27 20:11:56,968 Command to send: r
u
org
rj
e

2022-02-27 20:11:56,972 Answer received: !yp
2022-02-27 20:11:56,972 Command to send: r
u
org.apache
rj
e

2022-02-27 20:11:56,973 Answer received: !yp
2022-02-27 20:11:56,973 Command to send: r
u
org.apache.spark
rj
e

2022-02-27 20:11:56,974 Answer received: !yp
2022-02-27 20:11:56,974 Command to send: r
u
org.apache.spark.SparkFiles
rj
e

2022-02-27 20:11:56,979 Answer received: !ycorg.apache.spark.SparkFiles
2022-02-27 20:11:56,979 Command to send: r
m
org.apache.spark.SparkFiles
getRootDirectory
e

2022-02-27 20:11:56,980 Answer received: !ym
2022-02-27 20:11:56,980 Command to send: c
z:org.apache.spark.SparkFiles
getRootDirectory
e

2022-02-27 20:11:56,980 Answer received: !ys/tmp/spark-b5e1d24c-e9da-4256-a6e8-2df6510e7ad9/userFiles-1b149a00-a70b-473a-820a-11e42bf18dbc
2022-02-27 20:11:56,980 Command to send: r
u
org
rj
e

2022-02-27 20:11:56,983 Answer received: !yp
2022-02-27 20:11:56,983 Command to send: r
u
org.apache
rj
e

2022-02-27 20:11:56,984 Answer received: !yp
2022-02-27 20:11:56,984 Command to send: r
u
org.apache.spark
rj
e

2022-02-27 20:11:56,984 Answer received: !yp
2022-02-27 20:11:56,985 Command to send: r
u
org.apache.spark.SparkFiles
rj
e

2022-02-27 20:11:56,985 Answer received: !ycorg.apache.spark.SparkFiles
2022-02-27 20:11:56,985 Command to send: r
m
org.apache.spark.SparkFiles
getRootDirectory
e

2022-02-27 20:11:56,985 Answer received: !ym
2022-02-27 20:11:56,986 Command to send: c
z:org.apache.spark.SparkFiles
getRootDirectory
e

2022-02-27 20:11:56,987 Answer received: !ys/tmp/spark-b5e1d24c-e9da-4256-a6e8-2df6510e7ad9/userFiles-1b149a00-a70b-473a-820a-11e42bf18dbc
2022-02-27 20:11:56,988 Command to send: r
u
org
rj
e

2022-02-27 20:11:56,994 Answer received: !yp
2022-02-27 20:11:56,995 Command to send: r
u
org.apache
rj
e

2022-02-27 20:11:56,996 Answer received: !yp
2022-02-27 20:11:56,996 Command to send: r
u
org.apache.spark
rj
e

2022-02-27 20:11:56,997 Answer received: !yp
2022-02-27 20:11:56,997 Command to send: r
u
org.apache.spark.SparkFiles
rj
e

2022-02-27 20:11:56,997 Answer received: !ycorg.apache.spark.SparkFiles
2022-02-27 20:11:56,997 Command to send: r
m
org.apache.spark.SparkFiles
getRootDirectory
e

2022-02-27 20:11:56,998 Answer received: !ym
2022-02-27 20:11:56,998 Command to send: c
z:org.apache.spark.SparkFiles
getRootDirectory
e

2022-02-27 20:11:56,999 Answer received: !ys/tmp/spark-b5e1d24c-e9da-4256-a6e8-2df6510e7ad9/userFiles-1b149a00-a70b-473a-820a-11e42bf18dbc
2022-02-27 20:11:56,999 Command to send: r
u
org
rj
e

2022-02-27 20:11:57,001 Answer received: !yp
2022-02-27 20:11:57,001 Command to send: r
u
org.apache
rj
e

2022-02-27 20:11:57,001 Answer received: !yp
2022-02-27 20:11:57,002 Command to send: r
u
org.apache.spark
rj
e

2022-02-27 20:11:57,002 Answer received: !yp
2022-02-27 20:11:57,003 Command to send: r
u
org.apache.spark.SparkFiles
rj
e

2022-02-27 20:11:57,003 Answer received: !ycorg.apache.spark.SparkFiles
2022-02-27 20:11:57,003 Command to send: r
m
org.apache.spark.SparkFiles
getRootDirectory
e

2022-02-27 20:11:57,004 Answer received: !ym
2022-02-27 20:11:57,004 Command to send: c
z:org.apache.spark.SparkFiles
getRootDirectory
e

2022-02-27 20:11:57,006 Answer received: !ys/tmp/spark-b5e1d24c-e9da-4256-a6e8-2df6510e7ad9/userFiles-1b149a00-a70b-473a-820a-11e42bf18dbc
2022-02-27 20:11:57,006 Command to send: r
u
org
rj
e

2022-02-27 20:11:57,015 Answer received: !yp
2022-02-27 20:11:57,015 Command to send: r
u
org.apache
rj
e

2022-02-27 20:11:57,016 Answer received: !yp
2022-02-27 20:11:57,017 Command to send: r
u
org.apache.spark
rj
e

2022-02-27 20:11:57,017 Answer received: !yp
2022-02-27 20:11:57,017 Command to send: r
u
org.apache.spark.SparkFiles
rj
e

2022-02-27 20:11:57,017 Answer received: !ycorg.apache.spark.SparkFiles
2022-02-27 20:11:57,018 Command to send: r
m
org.apache.spark.SparkFiles
getRootDirectory
e

2022-02-27 20:11:57,018 Answer received: !ym
2022-02-27 20:11:57,018 Command to send: c
z:org.apache.spark.SparkFiles
getRootDirectory
e

2022-02-27 20:11:57,018 Answer received: !ys/tmp/spark-b5e1d24c-e9da-4256-a6e8-2df6510e7ad9/userFiles-1b149a00-a70b-473a-820a-11e42bf18dbc
2022-02-27 20:11:57,019 Command to send: r
u
org
rj
e

2022-02-27 20:11:57,022 Answer received: !yp
2022-02-27 20:11:57,022 Command to send: r
u
org.apache
rj
e

2022-02-27 20:11:57,023 Answer received: !yp
2022-02-27 20:11:57,024 Command to send: r
u
org.apache.spark
rj
e

2022-02-27 20:11:57,025 Answer received: !yp
2022-02-27 20:11:57,025 Command to send: r
u
org.apache.spark.SparkFiles
rj
e

2022-02-27 20:11:57,025 Answer received: !ycorg.apache.spark.SparkFiles
2022-02-27 20:11:57,025 Command to send: r
m
org.apache.spark.SparkFiles
getRootDirectory
e

2022-02-27 20:11:57,026 Answer received: !ym
2022-02-27 20:11:57,026 Command to send: c
z:org.apache.spark.SparkFiles
getRootDirectory
e

2022-02-27 20:11:57,026 Answer received: !ys/tmp/spark-b5e1d24c-e9da-4256-a6e8-2df6510e7ad9/userFiles-1b149a00-a70b-473a-820a-11e42bf18dbc
2022-02-27 20:11:57,026 Command to send: r
u
org
rj
e

2022-02-27 20:11:57,031 Answer received: !yp
2022-02-27 20:11:57,031 Command to send: r
u
org.apache
rj
e

2022-02-27 20:11:57,033 Answer received: !yp
2022-02-27 20:11:57,033 Command to send: r
u
org.apache.spark
rj
e

2022-02-27 20:11:57,034 Answer received: !yp
2022-02-27 20:11:57,034 Command to send: r
u
org.apache.spark.SparkFiles
rj
e

2022-02-27 20:11:57,034 Answer received: !ycorg.apache.spark.SparkFiles
2022-02-27 20:11:57,034 Command to send: r
m
org.apache.spark.SparkFiles
getRootDirectory
e

2022-02-27 20:11:57,035 Answer received: !ym
2022-02-27 20:11:57,035 Command to send: c
z:org.apache.spark.SparkFiles
getRootDirectory
e

2022-02-27 20:11:57,035 Answer received: !ys/tmp/spark-b5e1d24c-e9da-4256-a6e8-2df6510e7ad9/userFiles-1b149a00-a70b-473a-820a-11e42bf18dbc
2022-02-27 20:11:57,036 Command to send: r
u
org
rj
e

2022-02-27 20:11:57,039 Answer received: !yp
2022-02-27 20:11:57,040 Command to send: r
u
org.apache
rj
e

2022-02-27 20:11:57,041 Answer received: !yp
2022-02-27 20:11:57,041 Command to send: r
u
org.apache.spark
rj
e

2022-02-27 20:11:57,042 Answer received: !yp
2022-02-27 20:11:57,042 Command to send: r
u
org.apache.spark.SparkFiles
rj
e

2022-02-27 20:11:57,042 Answer received: !ycorg.apache.spark.SparkFiles
2022-02-27 20:11:57,043 Command to send: r
m
org.apache.spark.SparkFiles
getRootDirectory
e

2022-02-27 20:11:57,043 Answer received: !ym
2022-02-27 20:11:57,044 Command to send: c
z:org.apache.spark.SparkFiles
getRootDirectory
e

2022-02-27 20:11:57,045 Answer received: !ys/tmp/spark-b5e1d24c-e9da-4256-a6e8-2df6510e7ad9/userFiles-1b149a00-a70b-473a-820a-11e42bf18dbc
2022-02-27 20:11:57,045 Command to send: r
u
org
rj
e

2022-02-27 20:11:57,049 Answer received: !yp
2022-02-27 20:11:57,049 Command to send: r
u
org.apache
rj
e

2022-02-27 20:11:57,050 Answer received: !yp
2022-02-27 20:11:57,051 Command to send: r
u
org.apache.spark
rj
e

2022-02-27 20:11:57,051 Answer received: !yp
2022-02-27 20:11:57,052 Command to send: r
u
org.apache.spark.SparkFiles
rj
e

2022-02-27 20:11:57,052 Answer received: !ycorg.apache.spark.SparkFiles
2022-02-27 20:11:57,052 Command to send: r
m
org.apache.spark.SparkFiles
getRootDirectory
e

2022-02-27 20:11:57,053 Answer received: !ym
2022-02-27 20:11:57,053 Command to send: c
z:org.apache.spark.SparkFiles
getRootDirectory
e

2022-02-27 20:11:57,054 Answer received: !ys/tmp/spark-b5e1d24c-e9da-4256-a6e8-2df6510e7ad9/userFiles-1b149a00-a70b-473a-820a-11e42bf18dbc
2022-02-27 20:11:57,054 Command to send: r
u
org
rj
e

2022-02-27 20:11:57,058 Answer received: !yp
2022-02-27 20:11:57,059 Command to send: r
u
org.apache
rj
e

2022-02-27 20:11:57,060 Answer received: !yp
2022-02-27 20:11:57,060 Command to send: r
u
org.apache.spark
rj
e

2022-02-27 20:11:57,061 Answer received: !yp
2022-02-27 20:11:57,062 Command to send: r
u
org.apache.spark.SparkFiles
rj
e

2022-02-27 20:11:57,062 Answer received: !ycorg.apache.spark.SparkFiles
2022-02-27 20:11:57,062 Command to send: r
m
org.apache.spark.SparkFiles
getRootDirectory
e

2022-02-27 20:11:57,063 Answer received: !ym
2022-02-27 20:11:57,063 Command to send: c
z:org.apache.spark.SparkFiles
getRootDirectory
e

2022-02-27 20:11:57,063 Answer received: !ys/tmp/spark-b5e1d24c-e9da-4256-a6e8-2df6510e7ad9/userFiles-1b149a00-a70b-473a-820a-11e42bf18dbc
2022-02-27 20:11:57,063 Command to send: r
u
org
rj
e

2022-02-27 20:11:57,066 Answer received: !yp
2022-02-27 20:11:57,066 Command to send: r
u
org.apache
rj
e

2022-02-27 20:11:57,067 Answer received: !yp
2022-02-27 20:11:57,067 Command to send: r
u
org.apache.spark
rj
e

2022-02-27 20:11:57,067 Answer received: !yp
2022-02-27 20:11:57,068 Command to send: r
u
org.apache.spark.SparkFiles
rj
e

2022-02-27 20:11:57,068 Answer received: !ycorg.apache.spark.SparkFiles
2022-02-27 20:11:57,068 Command to send: r
m
org.apache.spark.SparkFiles
getRootDirectory
e

2022-02-27 20:11:57,068 Answer received: !ym
2022-02-27 20:11:57,068 Command to send: c
z:org.apache.spark.SparkFiles
getRootDirectory
e

2022-02-27 20:11:57,069 Answer received: !ys/tmp/spark-b5e1d24c-e9da-4256-a6e8-2df6510e7ad9/userFiles-1b149a00-a70b-473a-820a-11e42bf18dbc
2022-02-27 20:11:57,069 Command to send: r
u
org
rj
e

2022-02-27 20:11:57,071 Answer received: !yp
2022-02-27 20:11:57,071 Command to send: r
u
org.apache
rj
e

2022-02-27 20:11:57,072 Answer received: !yp
2022-02-27 20:11:57,072 Command to send: r
u
org.apache.spark
rj
e

2022-02-27 20:11:57,073 Answer received: !yp
2022-02-27 20:11:57,073 Command to send: r
u
org.apache.spark.SparkFiles
rj
e

2022-02-27 20:11:57,073 Answer received: !ycorg.apache.spark.SparkFiles
2022-02-27 20:11:57,073 Command to send: r
m
org.apache.spark.SparkFiles
getRootDirectory
e

2022-02-27 20:11:57,073 Answer received: !ym
2022-02-27 20:11:57,073 Command to send: c
z:org.apache.spark.SparkFiles
getRootDirectory
e

2022-02-27 20:11:57,074 Answer received: !ys/tmp/spark-b5e1d24c-e9da-4256-a6e8-2df6510e7ad9/userFiles-1b149a00-a70b-473a-820a-11e42bf18dbc
2022-02-27 20:11:57,074 Command to send: r
u
org
rj
e

2022-02-27 20:11:57,076 Answer received: !yp
2022-02-27 20:11:57,076 Command to send: r
u
org.apache
rj
e

2022-02-27 20:11:57,077 Answer received: !yp
2022-02-27 20:11:57,077 Command to send: r
u
org.apache.spark
rj
e

2022-02-27 20:11:57,077 Answer received: !yp
2022-02-27 20:11:57,078 Command to send: r
u
org.apache.spark.SparkFiles
rj
e

2022-02-27 20:11:57,078 Answer received: !ycorg.apache.spark.SparkFiles
2022-02-27 20:11:57,078 Command to send: r
m
org.apache.spark.SparkFiles
getRootDirectory
e

2022-02-27 20:11:57,078 Answer received: !ym
2022-02-27 20:11:57,078 Command to send: c
z:org.apache.spark.SparkFiles
getRootDirectory
e

2022-02-27 20:11:57,079 Answer received: !ys/tmp/spark-b5e1d24c-e9da-4256-a6e8-2df6510e7ad9/userFiles-1b149a00-a70b-473a-820a-11e42bf18dbc
2022-02-27 20:11:57,079 Command to send: r
u
org
rj
e

2022-02-27 20:11:57,082 Answer received: !yp
2022-02-27 20:11:57,082 Command to send: r
u
org.apache
rj
e

2022-02-27 20:11:57,083 Answer received: !yp
2022-02-27 20:11:57,083 Command to send: r
u
org.apache.spark
rj
e

2022-02-27 20:11:57,084 Answer received: !yp
2022-02-27 20:11:57,084 Command to send: r
u
org.apache.spark.SparkFiles
rj
e

2022-02-27 20:11:57,084 Answer received: !ycorg.apache.spark.SparkFiles
2022-02-27 20:11:57,084 Command to send: r
m
org.apache.spark.SparkFiles
getRootDirectory
e

2022-02-27 20:11:57,084 Answer received: !ym
2022-02-27 20:11:57,084 Command to send: c
z:org.apache.spark.SparkFiles
getRootDirectory
e

2022-02-27 20:11:57,085 Answer received: !ys/tmp/spark-b5e1d24c-e9da-4256-a6e8-2df6510e7ad9/userFiles-1b149a00-a70b-473a-820a-11e42bf18dbc
2022-02-27 20:11:57,085 Command to send: r
u
org
rj
e

2022-02-27 20:11:57,087 Answer received: !yp
2022-02-27 20:11:57,087 Command to send: r
u
org.apache
rj
e

2022-02-27 20:11:57,088 Answer received: !yp
2022-02-27 20:11:57,088 Command to send: r
u
org.apache.spark
rj
e

2022-02-27 20:11:57,089 Answer received: !yp
2022-02-27 20:11:57,089 Command to send: r
u
org.apache.spark.util
rj
e

2022-02-27 20:11:57,089 Answer received: !yp
2022-02-27 20:11:57,090 Command to send: r
u
org.apache.spark.util.Utils
rj
e

2022-02-27 20:11:57,093 Answer received: !ycorg.apache.spark.util.Utils
2022-02-27 20:11:57,093 Command to send: r
m
org.apache.spark.util.Utils
getLocalDir
e

2022-02-27 20:11:57,096 Answer received: !ym
2022-02-27 20:11:57,096 Command to send: c
o18
sc
e

2022-02-27 20:11:57,097 Answer received: !yro23
2022-02-27 20:11:57,097 Command to send: c
o23
conf
e

2022-02-27 20:11:57,097 Answer received: !yro24
2022-02-27 20:11:57,097 Command to send: c
z:org.apache.spark.util.Utils
getLocalDir
ro24
e

2022-02-27 20:11:57,098 Answer received: !ys/tmp/spark-b5e1d24c-e9da-4256-a6e8-2df6510e7ad9
2022-02-27 20:11:57,098 Command to send: r
u
org
rj
e

2022-02-27 20:11:57,103 Answer received: !yp
2022-02-27 20:11:57,103 Command to send: r
u
org.apache
rj
e

2022-02-27 20:11:57,104 Answer received: !yp
2022-02-27 20:11:57,104 Command to send: r
u
org.apache.spark
rj
e

2022-02-27 20:11:57,105 Answer received: !yp
2022-02-27 20:11:57,105 Command to send: r
u
org.apache.spark.util
rj
e

2022-02-27 20:11:57,105 Answer received: !yp
2022-02-27 20:11:57,105 Command to send: r
u
org.apache.spark.util.Utils
rj
e

2022-02-27 20:11:57,106 Answer received: !ycorg.apache.spark.util.Utils
2022-02-27 20:11:57,106 Command to send: r
m
org.apache.spark.util.Utils
createTempDir
e

2022-02-27 20:11:57,106 Answer received: !ym
2022-02-27 20:11:57,106 Command to send: c
z:org.apache.spark.util.Utils
createTempDir
s/tmp/spark-b5e1d24c-e9da-4256-a6e8-2df6510e7ad9
spyspark
e

2022-02-27 20:11:57,107 Answer received: !yro25
2022-02-27 20:11:57,107 Command to send: c
o25
getAbsolutePath
e

2022-02-27 20:11:57,108 Answer received: !ys/tmp/spark-b5e1d24c-e9da-4256-a6e8-2df6510e7ad9/pyspark-84faf5c9-348a-4934-ae93-88f163803a06
2022-02-27 20:11:57,108 Command to send: c
o20
get
sspark.python.profile
sfalse
e

2022-02-27 20:11:57,108 Answer received: !ysfalse
2022-02-27 20:11:57,108 Command to send: r
u
SparkSession
rj
e

2022-02-27 20:11:57,136 Answer received: !ycorg.apache.spark.sql.SparkSession
2022-02-27 20:11:57,136 Command to send: r
m
org.apache.spark.sql.SparkSession
getDefaultSession
e

2022-02-27 20:11:57,165 Answer received: !ym
2022-02-27 20:11:57,165 Command to send: c
z:org.apache.spark.sql.SparkSession
getDefaultSession
e

2022-02-27 20:11:57,167 Answer received: !yro26
2022-02-27 20:11:57,167 Command to send: c
o26
isDefined
e

2022-02-27 20:11:57,167 Answer received: !ybfalse
2022-02-27 20:11:57,168 Command to send: r
u
SparkSession
rj
e

2022-02-27 20:11:57,169 Answer received: !ycorg.apache.spark.sql.SparkSession
2022-02-27 20:11:57,169 Command to send: c
o18
sc
e

2022-02-27 20:11:57,170 Answer received: !yro27
2022-02-27 20:11:57,170 Command to send: i
org.apache.spark.sql.SparkSession
ro27
e

2022-02-27 20:11:57,257 Answer received: !yro28
2022-02-27 20:11:57,257 Command to send: c
o28
sqlContext
e

2022-02-27 20:11:57,257 Answer received: !yro29
2022-02-27 20:11:57,258 Command to send: r
u
SparkSession
rj
e

2022-02-27 20:11:57,259 Answer received: !ycorg.apache.spark.sql.SparkSession
2022-02-27 20:11:57,259 Command to send: r
m
org.apache.spark.sql.SparkSession
setDefaultSession
e

2022-02-27 20:11:57,260 Answer received: !ym
2022-02-27 20:11:57,260 Command to send: c
z:org.apache.spark.sql.SparkSession
setDefaultSession
ro28
e

2022-02-27 20:11:57,260 Answer received: !yv
2022-02-27 20:11:57,260 Command to send: r
u
SparkSession
rj
e

2022-02-27 20:11:57,262 Answer received: !ycorg.apache.spark.sql.SparkSession
2022-02-27 20:11:57,262 Command to send: r
m
org.apache.spark.sql.SparkSession
setActiveSession
e

2022-02-27 20:11:57,262 Answer received: !ym
2022-02-27 20:11:57,262 Command to send: c
z:org.apache.spark.sql.SparkSession
setActiveSession
ro28
e

2022-02-27 20:11:57,263 Answer received: !yv
2022-02-27 20:11:57,263 Command to send: c
o28
sessionState
e

2022-02-27 20:11:58,246 Answer received: !yro30
2022-02-27 20:11:58,246 Command to send: c
o30
conf
e

2022-02-27 20:11:58,249 Answer received: !yro31
2022-02-27 20:11:58,249 Command to send: c
o31
setConfString
sspark.master
slocal
e

2022-02-27 20:11:58,252 Answer received: !yv
2022-02-27 20:11:58,253 Command to send: c
o28
sessionState
e

2022-02-27 20:11:58,253 Answer received: !yro32
2022-02-27 20:11:58,254 Command to send: c
o32
conf
e

2022-02-27 20:11:58,254 Answer received: !yro33
2022-02-27 20:11:58,255 Command to send: c
o33
setConfString
sspark.app.name
swiki-changes-event-consumer
e

2022-02-27 20:11:58,256 Answer received: !yv
2022-02-27 20:11:58,256 Command to send: c
o28
sessionState
e

2022-02-27 20:11:58,256 Answer received: !yro34
2022-02-27 20:11:58,257 Command to send: c
o34
conf
e

2022-02-27 20:11:58,257 Answer received: !yro35
2022-02-27 20:11:58,258 Command to send: c
o35
setConfString
sspark.jars.packages
sorg.apache.spark:spark-sql-kafka-0-10_2.12:3.2.1,net.snowflake:spark-snowflake_2.12:2.10.0-spark_3.2
e

2022-02-27 20:11:58,258 Answer received: !yv
2022-02-27 20:11:58,259 Command to send: c
o29
read
e

2022-02-27 20:11:58,274 Answer received: !yro36
2022-02-27 20:11:58,274 Command to send: c
o36
format
ssnowflake
e

2022-02-27 20:11:58,286 Answer received: !yro37
2022-02-27 20:11:58,287 Command to send: c
o37
option
ssfURL
szu02863.ap-south-1.aws.snowflakecomputing.com
e

2022-02-27 20:11:58,288 Answer received: !yro38
2022-02-27 20:11:58,289 Command to send: c
o38
option
ssfAccount
szu02863.ap-south-1.aws
e

2022-02-27 20:11:58,289 Answer received: !yro39
2022-02-27 20:11:58,289 Command to send: c
o39
option
ssfUser
scoolkeonjhar
e

2022-02-27 20:11:58,290 Answer received: !yro40
2022-02-27 20:11:58,290 Command to send: c
o40
option
ssfPassword
sAmrita@123
e

2022-02-27 20:11:58,291 Answer received: !yro41
2022-02-27 20:11:58,291 Command to send: c
o41
option
ssfDatabase
sNIMBUS_MAPS
e

2022-02-27 20:11:58,292 Answer received: !yro42
2022-02-27 20:11:58,292 Command to send: c
o42
option
ssfSchema
sPRESENTATION
e

2022-02-27 20:11:58,293 Answer received: !yro43
2022-02-27 20:11:58,293 Command to send: c
o43
option
ssfWarehouse
scompute_wh
e

2022-02-27 20:11:58,293 Answer received: !yro44
2022-02-27 20:11:58,294 Command to send: c
o44
option
ssfRole
sACCOUNTADMIN
e

2022-02-27 20:11:58,294 Answer received: !yro45
2022-02-27 20:11:58,294 Command to send: c
o45
option
squery
sselect UID,ADDRESS,CITY,ZIPCODE,DECISION,CURRENT_TIMESTAMP() AS CREATE_TS from NIMBUS_MAPS.RAW_LAYER.DECISION_DATA_RAW where create_ts >(select nvl(max(CREATE_TS),to_timestamp('2001-01-01 00:00:00','YYYY-MM-DD HH24:MI:SS')) FROM nimbus_maps.presentation.decision_data_pres)
e

2022-02-27 20:11:58,295 Answer received: !yro46
2022-02-27 20:11:58,295 Command to send: c
o46
load
e

2022-02-27 20:12:03,554 Answer received: !yro47
2022-02-27 20:12:03,555 fetched data from RAW Layer
2022-02-27 20:12:03,555 Command to send: c
o47
count
e

2022-02-27 20:12:07,708 Answer received: !yL4742
2022-02-27 20:12:07,708 Command to send: c
o28
sessionState
e

2022-02-27 20:12:07,708 Answer received: !yro48
2022-02-27 20:12:07,709 Command to send: c
o48
conf
e

2022-02-27 20:12:07,709 Answer received: !yro49
2022-02-27 20:12:07,709 Command to send: c
o49
setConfString
sspark.master
slocal
e

2022-02-27 20:12:07,710 Answer received: !yv
2022-02-27 20:12:07,710 Command to send: c
o28
sessionState
e

2022-02-27 20:12:07,710 Answer received: !yro50
2022-02-27 20:12:07,710 Command to send: c
o50
conf
e

2022-02-27 20:12:07,710 Answer received: !yro51
2022-02-27 20:12:07,711 Command to send: c
o51
setConfString
sspark.app.name
swiki-changes-event-consumer
e

2022-02-27 20:12:07,711 Answer received: !yv
2022-02-27 20:12:07,711 Command to send: c
o28
sessionState
e

2022-02-27 20:12:07,711 Answer received: !yro52
2022-02-27 20:12:07,712 Command to send: c
o52
conf
e

2022-02-27 20:12:07,712 Answer received: !yro53
2022-02-27 20:12:07,712 Command to send: c
o53
setConfString
sspark.jars.packages
sorg.apache.spark:spark-sql-kafka-0-10_2.12:3.2.1,net.snowflake:spark-snowflake_2.12:2.10.0-spark_3.2
e

2022-02-27 20:12:07,713 Answer received: !yv
2022-02-27 20:12:07,713 Command to send: r
u
PythonUtils
rj
e

2022-02-27 20:12:07,714 Answer received: !ycorg.apache.spark.api.python.PythonUtils
2022-02-27 20:12:07,715 Command to send: r
m
org.apache.spark.api.python.PythonUtils
getBroadcastThreshold
e

2022-02-27 20:12:07,715 Answer received: !ym
2022-02-27 20:12:07,715 Command to send: c
z:org.apache.spark.api.python.PythonUtils
getBroadcastThreshold
ro18
e

2022-02-27 20:12:07,716 Answer received: !yL1048576
2022-02-27 20:12:07,716 Command to send: r
u
PythonFunction
rj
e

2022-02-27 20:12:07,718 Answer received: !ycorg.apache.spark.api.python.PythonFunction
2022-02-27 20:12:07,718 Command to send: i
java.util.HashMap
e

2022-02-27 20:12:07,718 Answer received: !yao54
2022-02-27 20:12:07,719 Command to send: c
o54
put
sPYTHONHASHSEED
s0
e

2022-02-27 20:12:07,719 Answer received: !yn
2022-02-27 20:12:07,720 Command to send: i
java.util.ArrayList
e

2022-02-27 20:12:07,720 Answer received: !ylo55
2022-02-27 20:12:07,720 Command to send: c
o55
add
sorg.apache.spark_spark-sql-kafka-0-10_2.12-3.2.1.jar
e

2022-02-27 20:12:07,721 Answer received: !ybtrue
2022-02-27 20:12:07,721 Command to send: c
o55
add
snet.snowflake_spark-snowflake_2.12-2.10.0-spark_3.2.jar
e

2022-02-27 20:12:07,722 Answer received: !ybtrue
2022-02-27 20:12:07,722 Command to send: c
o55
add
sorg.apache.spark_spark-token-provider-kafka-0-10_2.12-3.2.1.jar
e

2022-02-27 20:12:07,722 Answer received: !ybtrue
2022-02-27 20:12:07,722 Command to send: c
o55
add
sorg.apache.kafka_kafka-clients-2.8.0.jar
e

2022-02-27 20:12:07,722 Answer received: !ybtrue
2022-02-27 20:12:07,722 Command to send: c
o55
add
scom.google.code.findbugs_jsr305-3.0.0.jar
e

2022-02-27 20:12:07,723 Answer received: !ybtrue
2022-02-27 20:12:07,723 Command to send: c
o55
add
sorg.apache.commons_commons-pool2-2.6.2.jar
e

2022-02-27 20:12:07,723 Answer received: !ybtrue
2022-02-27 20:12:07,723 Command to send: c
o55
add
sorg.spark-project.spark_unused-1.0.0.jar
e

2022-02-27 20:12:07,723 Answer received: !ybtrue
2022-02-27 20:12:07,724 Command to send: c
o55
add
sorg.apache.hadoop_hadoop-client-runtime-3.3.1.jar
e

2022-02-27 20:12:07,724 Answer received: !ybtrue
2022-02-27 20:12:07,724 Command to send: c
o55
add
sorg.lz4_lz4-java-1.7.1.jar
e

2022-02-27 20:12:07,724 Answer received: !ybtrue
2022-02-27 20:12:07,725 Command to send: c
o55
add
sorg.xerial.snappy_snappy-java-1.1.8.4.jar
e

2022-02-27 20:12:07,725 Answer received: !ybtrue
2022-02-27 20:12:07,725 Command to send: c
o55
add
sorg.slf4j_slf4j-api-1.7.30.jar
e

2022-02-27 20:12:07,725 Answer received: !ybtrue
2022-02-27 20:12:07,725 Command to send: c
o55
add
sorg.apache.hadoop_hadoop-client-api-3.3.1.jar
e

2022-02-27 20:12:07,726 Answer received: !ybtrue
2022-02-27 20:12:07,726 Command to send: c
o55
add
sorg.apache.htrace_htrace-core4-4.1.0-incubating.jar
e

2022-02-27 20:12:07,726 Answer received: !ybtrue
2022-02-27 20:12:07,726 Command to send: c
o55
add
scommons-logging_commons-logging-1.1.3.jar
e

2022-02-27 20:12:07,726 Answer received: !ybtrue
2022-02-27 20:12:07,726 Command to send: c
o55
add
snet.snowflake_snowflake-ingest-sdk-0.10.3.jar
e

2022-02-27 20:12:07,727 Answer received: !ybtrue
2022-02-27 20:12:07,727 Command to send: c
o55
add
snet.snowflake_snowflake-jdbc-3.13.14.jar
e

2022-02-27 20:12:07,727 Answer received: !ybtrue
2022-02-27 20:12:07,728 Command to send: i
java.util.ArrayList
e

2022-02-27 20:12:07,728 Answer received: !ylo56
2022-02-27 20:12:07,728 Command to send: i
org.apache.spark.api.python.PythonFunction
jgAWVUgIAAAAAAACMH3B5c3BhcmsuY2xvdWRwaWNrbGUuY2xvdWRwaWNrbGWUjA1fYnVpbHRpbl90eXBllJOUjApMYW1iZGFUeXBllIWUUpQoaAKMCENvZGVUeXBllIWUUpQoSwFLAEsASwJLAktDQx5kAX0BfACgAKEAZAJrAnIWZAN9AW4EZAR9AXwBUwCUKE6MAJSMAUGUiIl0lIwFdXBwZXKUhZSMCGRlY2lzaW9ulIwHdmVyZGljdJSGlIwlZGF0YV9sb2FkX2Zyb21fcmF3X3RvX3ByZXNlbnRhdGlvbi5weZSMDmlzR29vZERlY2lzaW9ulEtDQwoAAQQBDAEGAgQBlCkpdJRSlH2UKIwLX19wYWNrYWdlX1+UTowIX19uYW1lX1+UjAhfX21haW5fX5SMCF9fZmlsZV9flGgSdU5OTnSUUpSMJHB5c3BhcmsuY2xvdWRwaWNrbGUuY2xvdWRwaWNrbGVfZmFzdJSMEl9mdW5jdGlvbl9zZXRzdGF0ZZSTlGgdfZR9lChoGWgTjAxfX3F1YWxuYW1lX1+UaBOMD19fYW5ub3RhdGlvbnNfX5R9lIwOX19rd2RlZmF1bHRzX1+UTowMX19kZWZhdWx0c19flE6MCl9fbW9kdWxlX1+UaBqMB19fZG9jX1+UTowLX19jbG9zdXJlX1+UTowXX2Nsb3VkcGlja2xlX3N1Ym1vZHVsZXOUXZSMC19fZ2xvYmFsc19flH2UdYaUhlIwjBFweXNwYXJrLnNxbC50eXBlc5SMClN0cmluZ1R5cGWUk5QpgZSGlC4=
ro54
ro55
spython3
s3.8
ro56
ro21
e

2022-02-27 20:12:07,767 Answer received: !yro57
2022-02-27 20:12:07,767 Command to send: c
o28
parseDataType
s"string"
e

2022-02-27 20:12:07,784 Answer received: !yro58
2022-02-27 20:12:07,785 Command to send: r
u
org
rj
e

2022-02-27 20:12:07,786 Answer received: !yp
2022-02-27 20:12:07,787 Command to send: r
u
org.apache
rj
e

2022-02-27 20:12:07,787 Answer received: !yp
2022-02-27 20:12:07,787 Command to send: r
u
org.apache.spark
rj
e

2022-02-27 20:12:07,788 Answer received: !yp
2022-02-27 20:12:07,788 Command to send: r
u
org.apache.spark.sql
rj
e

2022-02-27 20:12:07,788 Answer received: !yp
2022-02-27 20:12:07,788 Command to send: r
u
org.apache.spark.sql.execution
rj
e

2022-02-27 20:12:07,789 Answer received: !yp
2022-02-27 20:12:07,789 Command to send: r
u
org.apache.spark.sql.execution.python
rj
e

2022-02-27 20:12:07,789 Answer received: !yp
2022-02-27 20:12:07,789 Command to send: r
u
org.apache.spark.sql.execution.python.UserDefinedPythonFunction
rj
e

2022-02-27 20:12:07,790 Answer received: !ycorg.apache.spark.sql.execution.python.UserDefinedPythonFunction
2022-02-27 20:12:07,791 Command to send: i
org.apache.spark.sql.execution.python.UserDefinedPythonFunction
sisGoodDecision
ro57
ro58
i100
bTrue
e

2022-02-27 20:12:07,791 Answer received: !yro59
2022-02-27 20:12:07,791 Command to send: r
u
functions
rj
e

2022-02-27 20:12:07,796 Answer received: !ycorg.apache.spark.sql.functions
2022-02-27 20:12:07,796 Command to send: r
m
org.apache.spark.sql.functions
col
e

2022-02-27 20:12:07,799 Answer received: !ym
2022-02-27 20:12:07,799 Command to send: c
z:org.apache.spark.sql.functions
col
sDECISION
e

2022-02-27 20:12:07,817 Answer received: !yro60
2022-02-27 20:12:07,817 Command to send: r
u
PythonUtils
rj
e

2022-02-27 20:12:07,818 Answer received: !ycorg.apache.spark.api.python.PythonUtils
2022-02-27 20:12:07,818 Command to send: r
m
org.apache.spark.api.python.PythonUtils
toSeq
e

2022-02-27 20:12:07,818 Answer received: !ym
2022-02-27 20:12:07,818 Command to send: i
java.util.ArrayList
e

2022-02-27 20:12:07,818 Answer received: !ylo61
2022-02-27 20:12:07,819 Command to send: c
o61
add
ro60
e

2022-02-27 20:12:07,819 Answer received: !ybtrue
2022-02-27 20:12:07,819 Command to send: c
z:org.apache.spark.api.python.PythonUtils
toSeq
ro61
e

2022-02-27 20:12:07,819 Answer received: !yro62
2022-02-27 20:12:07,819 Command to send: c
o59
apply
ro62
e

2022-02-27 20:12:07,821 Answer received: !yro63
2022-02-27 20:12:07,821 Command to send: c
o47
withColumn
sisGoodDecision
ro63
e

2022-02-27 20:12:07,864 Answer received: !yro64
2022-02-27 20:12:07,864 Command to send: r
u
functions
rj
e

2022-02-27 20:12:07,866 Answer received: !ycorg.apache.spark.sql.functions
2022-02-27 20:12:07,866 Command to send: r
m
org.apache.spark.sql.functions
col
e

2022-02-27 20:12:07,866 Answer received: !ym
2022-02-27 20:12:07,866 Command to send: c
z:org.apache.spark.sql.functions
col
sUID
e

2022-02-27 20:12:07,867 Answer received: !yro65
2022-02-27 20:12:07,867 Command to send: r
u
functions
rj
e

2022-02-27 20:12:07,868 Answer received: !ycorg.apache.spark.sql.functions
2022-02-27 20:12:07,868 Command to send: r
m
org.apache.spark.sql.functions
col
e

2022-02-27 20:12:07,869 Answer received: !ym
2022-02-27 20:12:07,869 Command to send: c
z:org.apache.spark.sql.functions
col
sDECISION
e

2022-02-27 20:12:07,869 Answer received: !yro66
2022-02-27 20:12:07,869 Command to send: r
u
functions
rj
e

2022-02-27 20:12:07,871 Answer received: !ycorg.apache.spark.sql.functions
2022-02-27 20:12:07,871 Command to send: r
m
org.apache.spark.sql.functions
col
e

2022-02-27 20:12:07,871 Answer received: !ym
2022-02-27 20:12:07,871 Command to send: c
z:org.apache.spark.sql.functions
col
sisGoodDecision
e

2022-02-27 20:12:07,871 Answer received: !yro67
2022-02-27 20:12:07,872 Command to send: r
u
functions
rj
e

2022-02-27 20:12:07,873 Answer received: !ycorg.apache.spark.sql.functions
2022-02-27 20:12:07,873 Command to send: r
m
org.apache.spark.sql.functions
col
e

2022-02-27 20:12:07,874 Answer received: !ym
2022-02-27 20:12:07,874 Command to send: c
z:org.apache.spark.sql.functions
col
screate_ts
e

2022-02-27 20:12:07,874 Answer received: !yro68
2022-02-27 20:12:07,874 Command to send: r
u
PythonUtils
rj
e

2022-02-27 20:12:07,875 Answer received: !ycorg.apache.spark.api.python.PythonUtils
2022-02-27 20:12:07,875 Command to send: r
m
org.apache.spark.api.python.PythonUtils
toSeq
e

2022-02-27 20:12:07,875 Answer received: !ym
2022-02-27 20:12:07,876 Command to send: i
java.util.ArrayList
e

2022-02-27 20:12:07,876 Answer received: !ylo69
2022-02-27 20:12:07,876 Command to send: c
o69
add
ro65
e

2022-02-27 20:12:07,876 Answer received: !ybtrue
2022-02-27 20:12:07,876 Command to send: c
o69
add
ro66
e

2022-02-27 20:12:07,877 Answer received: !ybtrue
2022-02-27 20:12:07,877 Command to send: c
o69
add
ro67
e

2022-02-27 20:12:07,877 Answer received: !ybtrue
2022-02-27 20:12:07,877 Command to send: c
o69
add
ro68
e

2022-02-27 20:12:07,877 Answer received: !ybtrue
2022-02-27 20:12:07,877 Command to send: c
z:org.apache.spark.api.python.PythonUtils
toSeq
ro69
e

2022-02-27 20:12:07,878 Answer received: !yro70
2022-02-27 20:12:07,878 Command to send: c
o64
select
ro70
e

2022-02-27 20:12:07,898 Answer received: !yro71
2022-02-27 20:12:07,898 Command to send: c
o71
write
e

2022-02-27 20:12:07,907 Answer received: !yro72
2022-02-27 20:12:07,908 Command to send: c
o72
format
ssnowflake
e

2022-02-27 20:12:07,911 Answer received: !yro73
2022-02-27 20:12:07,911 Command to send: c
o73
option
ssfURL
szu02863.ap-south-1.aws.snowflakecomputing.com
e

2022-02-27 20:12:07,911 Answer received: !yro74
2022-02-27 20:12:07,912 Command to send: c
o74
option
ssfAccount
szu02863.ap-south-1.aws
e

2022-02-27 20:12:07,912 Answer received: !yro75
2022-02-27 20:12:07,912 Command to send: c
o75
option
ssfUser
scoolkeonjhar
e

2022-02-27 20:12:07,912 Answer received: !yro76
2022-02-27 20:12:07,913 Command to send: c
o76
option
ssfPassword
sAmrita@123
e

2022-02-27 20:12:07,913 Answer received: !yro77
2022-02-27 20:12:07,913 Command to send: c
o77
option
ssfDatabase
sNIMBUS_MAPS
e

2022-02-27 20:12:07,913 Answer received: !yro78
2022-02-27 20:12:07,914 Command to send: c
o78
option
ssfSchema
sPRESENTATION
e

2022-02-27 20:12:07,914 Answer received: !yro79
2022-02-27 20:12:07,914 Command to send: c
o79
option
ssfWarehouse
scompute_wh
e

2022-02-27 20:12:07,915 Answer received: !yro80
2022-02-27 20:12:07,915 Command to send: c
o80
option
ssfRole
sACCOUNTADMIN
e

2022-02-27 20:12:07,915 Answer received: !yro81
2022-02-27 20:12:07,916 Command to send: c
o81
option
sdbtable
sNIMBUS_MAPS.PRESENTATION.DECISION_DATA_PRES
e

2022-02-27 20:12:07,916 Answer received: !yro82
2022-02-27 20:12:07,916 Command to send: c
o82
mode
sappend
e

2022-02-27 20:12:07,917 Answer received: !yro83
2022-02-27 20:12:07,917 Command to send: c
o83
option
sheader
strue
e

2022-02-27 20:12:07,917 Answer received: !yro84
2022-02-27 20:12:07,917 Command to send: c
o84
save
e

2022-02-27 20:12:08,491 Command to send: m
d
o0
e

2022-02-27 20:12:08,492 Answer received: !yv
2022-02-27 20:12:08,493 Command to send: m
d
o7
e

2022-02-27 20:12:08,494 Answer received: !yv
2022-02-27 20:12:08,494 Command to send: m
d
o8
e

2022-02-27 20:12:08,496 Answer received: !yv
2022-02-27 20:12:08,497 Command to send: m
d
o9
e

2022-02-27 20:12:08,498 Answer received: !yv
2022-02-27 20:12:08,498 Command to send: m
d
o10
e

2022-02-27 20:12:08,498 Answer received: !yv
2022-02-27 20:12:08,499 Command to send: m
d
o11
e

2022-02-27 20:12:08,499 Answer received: !yv
2022-02-27 20:12:08,499 Command to send: m
d
o12
e

2022-02-27 20:12:08,499 Answer received: !yv
2022-02-27 20:12:08,500 Command to send: m
d
o13
e

2022-02-27 20:12:08,500 Answer received: !yv
2022-02-27 20:12:08,500 Command to send: m
d
o14
e

2022-02-27 20:12:08,500 Answer received: !yv
2022-02-27 20:12:08,500 Command to send: m
d
o15
e

2022-02-27 20:12:08,500 Answer received: !yv
2022-02-27 20:12:08,500 Command to send: m
d
o16
e

2022-02-27 20:12:08,501 Answer received: !yv
2022-02-27 20:12:08,501 Command to send: m
d
o17
e

2022-02-27 20:12:08,501 Answer received: !yv
2022-02-27 20:12:08,501 Command to send: m
d
o19
e

2022-02-27 20:12:08,501 Answer received: !yv
2022-02-27 20:12:08,501 Command to send: m
d
o22
e

2022-02-27 20:12:08,502 Answer received: !yv
2022-02-27 20:12:08,502 Command to send: m
d
o23
e

2022-02-27 20:12:08,502 Answer received: !yv
2022-02-27 20:12:08,502 Command to send: m
d
o24
e

2022-02-27 20:12:08,502 Answer received: !yv
2022-02-27 20:12:08,503 Command to send: m
d
o25
e

2022-02-27 20:12:08,503 Answer received: !yv
2022-02-27 20:12:08,503 Command to send: m
d
o26
e

2022-02-27 20:12:08,503 Answer received: !yv
2022-02-27 20:12:08,503 Command to send: m
d
o27
e

2022-02-27 20:12:08,503 Answer received: !yv
2022-02-27 20:12:08,504 Command to send: m
d
o30
e

2022-02-27 20:12:08,504 Answer received: !yv
2022-02-27 20:12:08,504 Command to send: m
d
o31
e

2022-02-27 20:12:08,504 Answer received: !yv
2022-02-27 20:12:08,504 Command to send: m
d
o32
e

2022-02-27 20:12:08,504 Answer received: !yv
2022-02-27 20:12:08,504 Command to send: m
d
o33
e

2022-02-27 20:12:08,505 Answer received: !yv
2022-02-27 20:12:08,505 Command to send: m
d
o34
e

2022-02-27 20:12:08,505 Answer received: !yv
2022-02-27 20:12:08,505 Command to send: m
d
o35
e

2022-02-27 20:12:08,505 Answer received: !yv
2022-02-27 20:12:08,505 Command to send: m
d
o36
e

2022-02-27 20:12:08,506 Answer received: !yv
2022-02-27 20:12:08,506 Command to send: m
d
o37
e

2022-02-27 20:12:08,506 Answer received: !yv
2022-02-27 20:12:08,506 Command to send: m
d
o38
e

2022-02-27 20:12:08,506 Answer received: !yv
2022-02-27 20:12:08,506 Command to send: m
d
o39
e

2022-02-27 20:12:08,506 Answer received: !yv
2022-02-27 20:12:08,507 Command to send: m
d
o40
e

2022-02-27 20:12:08,507 Answer received: !yv
2022-02-27 20:12:08,507 Command to send: m
d
o41
e

2022-02-27 20:12:08,507 Answer received: !yv
2022-02-27 20:12:08,507 Command to send: m
d
o42
e

2022-02-27 20:12:08,508 Answer received: !yv
2022-02-27 20:12:08,508 Command to send: m
d
o43
e

2022-02-27 20:12:08,508 Answer received: !yv
2022-02-27 20:12:08,508 Command to send: m
d
o44
e

2022-02-27 20:12:08,508 Answer received: !yv
2022-02-27 20:12:08,508 Command to send: m
d
o45
e

2022-02-27 20:12:08,508 Answer received: !yv
2022-02-27 20:12:08,509 Command to send: m
d
o46
e

2022-02-27 20:12:08,509 Answer received: !yv
2022-02-27 20:12:08,509 Command to send: m
d
o54
e

2022-02-27 20:12:08,509 Answer received: !yv
2022-02-27 20:12:08,509 Command to send: m
d
o55
e

2022-02-27 20:12:08,509 Answer received: !yv
2022-02-27 20:12:08,510 Command to send: m
d
o56
e

2022-02-27 20:12:08,510 Answer received: !yv
2022-02-27 20:12:08,510 Command to send: m
d
o61
e

2022-02-27 20:12:08,510 Answer received: !yv
2022-02-27 20:12:08,510 Command to send: m
d
o69
e

2022-02-27 20:12:08,510 Answer received: !yv
2022-02-27 20:12:17,888 Answer received: !yv
2022-02-27 20:12:17,889 Command to send: c
o18
stop
e

2022-02-27 20:12:17,969 Answer received: !yv
