2022-02-27 15:10:37,765 GatewayClient.address is deprecated and will be removed in version 1.0. Use GatewayParameters instead.
2022-02-27 15:10:37,768 Command to send: A
73441f93ce3052de92bd92030798e2bbe8365739b2d4cc72f1e2418dc7384a4a

2022-02-27 15:10:37,786 Answer received: !yv
2022-02-27 15:10:37,787 Command to send: j
i
rj
org.apache.spark.SparkConf
e

2022-02-27 15:10:37,789 Answer received: !yv
2022-02-27 15:10:37,789 Command to send: j
i
rj
org.apache.spark.api.java.*
e

2022-02-27 15:10:37,790 Answer received: !yv
2022-02-27 15:10:37,790 Command to send: j
i
rj
org.apache.spark.api.python.*
e

2022-02-27 15:10:37,790 Answer received: !yv
2022-02-27 15:10:37,791 Command to send: j
i
rj
org.apache.spark.ml.python.*
e

2022-02-27 15:10:37,791 Answer received: !yv
2022-02-27 15:10:37,791 Command to send: j
i
rj
org.apache.spark.mllib.api.python.*
e

2022-02-27 15:10:37,791 Answer received: !yv
2022-02-27 15:10:37,791 Command to send: j
i
rj
org.apache.spark.resource.*
e

2022-02-27 15:10:37,792 Answer received: !yv
2022-02-27 15:10:37,792 Command to send: j
i
rj
org.apache.spark.sql.*
e

2022-02-27 15:10:37,793 Answer received: !yv
2022-02-27 15:10:37,793 Command to send: j
i
rj
org.apache.spark.sql.api.python.*
e

2022-02-27 15:10:37,794 Answer received: !yv
2022-02-27 15:10:37,794 Command to send: j
i
rj
org.apache.spark.sql.hive.*
e

2022-02-27 15:10:37,794 Answer received: !yv
2022-02-27 15:10:37,794 Command to send: j
i
rj
scala.Tuple2
e

2022-02-27 15:10:37,795 Answer received: !yv
2022-02-27 15:10:37,795 Command to send: r
u
SparkConf
rj
e

2022-02-27 15:10:37,820 Answer received: !ycorg.apache.spark.SparkConf
2022-02-27 15:10:37,820 Command to send: i
org.apache.spark.SparkConf
bTrue
e

2022-02-27 15:10:37,828 Answer received: !yro0
2022-02-27 15:10:37,829 Command to send: c
o0
set
sspark.master
slocal
e

2022-02-27 15:10:37,832 Answer received: !yro1
2022-02-27 15:10:37,833 Command to send: c
o0
set
sspark.app.name
swiki-changes-event-consumer
e

2022-02-27 15:10:37,833 Answer received: !yro2
2022-02-27 15:10:37,833 Command to send: c
o0
set
sspark.jars.packages
sorg.apache.spark:spark-sql-kafka-0-10_2.12:3.2.1,net.snowflake:spark-snowflake_2.12:2.10.0-spark_3.2
e

2022-02-27 15:10:37,834 Answer received: !yro3
2022-02-27 15:10:37,834 Command to send: c
o0
contains
sspark.serializer.objectStreamReset
e

2022-02-27 15:10:37,835 Answer received: !ybfalse
2022-02-27 15:10:37,835 Command to send: c
o0
set
sspark.serializer.objectStreamReset
s100
e

2022-02-27 15:10:37,836 Answer received: !yro4
2022-02-27 15:10:37,836 Command to send: c
o0
contains
sspark.rdd.compress
e

2022-02-27 15:10:37,837 Answer received: !ybfalse
2022-02-27 15:10:37,837 Command to send: c
o0
set
sspark.rdd.compress
sTrue
e

2022-02-27 15:10:37,838 Answer received: !yro5
2022-02-27 15:10:37,838 Command to send: c
o0
contains
sspark.master
e

2022-02-27 15:10:37,839 Answer received: !ybtrue
2022-02-27 15:10:37,839 Command to send: c
o0
contains
sspark.app.name
e

2022-02-27 15:10:37,839 Answer received: !ybtrue
2022-02-27 15:10:37,840 Command to send: c
o0
contains
sspark.master
e

2022-02-27 15:10:37,840 Answer received: !ybtrue
2022-02-27 15:10:37,840 Command to send: c
o0
get
sspark.master
e

2022-02-27 15:10:37,842 Answer received: !yslocal
2022-02-27 15:10:37,842 Command to send: c
o0
contains
sspark.app.name
e

2022-02-27 15:10:37,842 Answer received: !ybtrue
2022-02-27 15:10:37,843 Command to send: c
o0
get
sspark.app.name
e

2022-02-27 15:10:37,843 Answer received: !yswiki-changes-event-consumer
2022-02-27 15:10:37,843 Command to send: c
o0
contains
sspark.home
e

2022-02-27 15:10:37,844 Answer received: !ybfalse
2022-02-27 15:10:37,844 Command to send: c
o0
getAll
e

2022-02-27 15:10:37,846 Answer received: !yto6
2022-02-27 15:10:37,846 Command to send: a
e
o6
e

2022-02-27 15:10:37,847 Answer received: !yi11
2022-02-27 15:10:37,847 Command to send: a
g
o6
i0
e

2022-02-27 15:10:37,848 Answer received: !yro7
2022-02-27 15:10:37,848 Command to send: c
o7
_1
e

2022-02-27 15:10:37,849 Answer received: !ysspark.master
2022-02-27 15:10:37,850 Command to send: c
o7
_2
e

2022-02-27 15:10:37,850 Answer received: !yslocal
2022-02-27 15:10:37,851 Command to send: a
e
o6
e

2022-02-27 15:10:37,851 Answer received: !yi11
2022-02-27 15:10:37,851 Command to send: a
g
o6
i1
e

2022-02-27 15:10:37,852 Answer received: !yro8
2022-02-27 15:10:37,852 Command to send: c
o8
_1
e

2022-02-27 15:10:37,852 Answer received: !ysspark.app.name
2022-02-27 15:10:37,853 Command to send: c
o8
_2
e

2022-02-27 15:10:37,853 Answer received: !yswiki-changes-event-consumer
2022-02-27 15:10:37,853 Command to send: a
e
o6
e

2022-02-27 15:10:37,854 Answer received: !yi11
2022-02-27 15:10:37,854 Command to send: a
g
o6
i2
e

2022-02-27 15:10:37,854 Answer received: !yro9
2022-02-27 15:10:37,854 Command to send: c
o9
_1
e

2022-02-27 15:10:37,855 Answer received: !ysspark.rdd.compress
2022-02-27 15:10:37,855 Command to send: c
o9
_2
e

2022-02-27 15:10:37,856 Answer received: !ysTrue
2022-02-27 15:10:37,856 Command to send: a
e
o6
e

2022-02-27 15:10:37,856 Answer received: !yi11
2022-02-27 15:10:37,856 Command to send: a
g
o6
i3
e

2022-02-27 15:10:37,857 Answer received: !yro10
2022-02-27 15:10:37,857 Command to send: c
o10
_1
e

2022-02-27 15:10:37,857 Answer received: !ysspark.jars
2022-02-27 15:10:37,857 Command to send: c
o10
_2
e

2022-02-27 15:10:37,858 Answer received: !ysfile:///home/suman/.ivy2/jars/org.apache.spark_spark-sql-kafka-0-10_2.12-3.2.1.jar,file:///home/suman/.ivy2/jars/net.snowflake_spark-snowflake_2.12-2.10.0-spark_3.2.jar,file:///home/suman/.ivy2/jars/org.apache.spark_spark-token-provider-kafka-0-10_2.12-3.2.1.jar,file:///home/suman/.ivy2/jars/org.apache.kafka_kafka-clients-2.8.0.jar,file:///home/suman/.ivy2/jars/com.google.code.findbugs_jsr305-3.0.0.jar,file:///home/suman/.ivy2/jars/org.apache.commons_commons-pool2-2.6.2.jar,file:///home/suman/.ivy2/jars/org.spark-project.spark_unused-1.0.0.jar,file:///home/suman/.ivy2/jars/org.apache.hadoop_hadoop-client-runtime-3.3.1.jar,file:///home/suman/.ivy2/jars/org.lz4_lz4-java-1.7.1.jar,file:///home/suman/.ivy2/jars/org.xerial.snappy_snappy-java-1.1.8.4.jar,file:///home/suman/.ivy2/jars/org.slf4j_slf4j-api-1.7.30.jar,file:///home/suman/.ivy2/jars/org.apache.hadoop_hadoop-client-api-3.3.1.jar,file:///home/suman/.ivy2/jars/org.apache.htrace_htrace-core4-4.1.0-incubating.jar,file:///home/suman/.ivy2/jars/commons-logging_commons-logging-1.1.3.jar,file:///home/suman/.ivy2/jars/net.snowflake_snowflake-ingest-sdk-0.10.3.jar,file:///home/suman/.ivy2/jars/net.snowflake_snowflake-jdbc-3.13.14.jar
2022-02-27 15:10:37,858 Command to send: a
e
o6
e

2022-02-27 15:10:37,858 Answer received: !yi11
2022-02-27 15:10:37,858 Command to send: a
g
o6
i4
e

2022-02-27 15:10:37,859 Answer received: !yro11
2022-02-27 15:10:37,859 Command to send: c
o11
_1
e

2022-02-27 15:10:37,859 Answer received: !ysspark.files
2022-02-27 15:10:37,859 Command to send: c
o11
_2
e

2022-02-27 15:10:37,860 Answer received: !ysfile:///home/suman/.ivy2/jars/org.apache.spark_spark-sql-kafka-0-10_2.12-3.2.1.jar,file:///home/suman/.ivy2/jars/net.snowflake_spark-snowflake_2.12-2.10.0-spark_3.2.jar,file:///home/suman/.ivy2/jars/org.apache.spark_spark-token-provider-kafka-0-10_2.12-3.2.1.jar,file:///home/suman/.ivy2/jars/org.apache.kafka_kafka-clients-2.8.0.jar,file:///home/suman/.ivy2/jars/com.google.code.findbugs_jsr305-3.0.0.jar,file:///home/suman/.ivy2/jars/org.apache.commons_commons-pool2-2.6.2.jar,file:///home/suman/.ivy2/jars/org.spark-project.spark_unused-1.0.0.jar,file:///home/suman/.ivy2/jars/org.apache.hadoop_hadoop-client-runtime-3.3.1.jar,file:///home/suman/.ivy2/jars/org.lz4_lz4-java-1.7.1.jar,file:///home/suman/.ivy2/jars/org.xerial.snappy_snappy-java-1.1.8.4.jar,file:///home/suman/.ivy2/jars/org.slf4j_slf4j-api-1.7.30.jar,file:///home/suman/.ivy2/jars/org.apache.hadoop_hadoop-client-api-3.3.1.jar,file:///home/suman/.ivy2/jars/org.apache.htrace_htrace-core4-4.1.0-incubating.jar,file:///home/suman/.ivy2/jars/commons-logging_commons-logging-1.1.3.jar,file:///home/suman/.ivy2/jars/net.snowflake_snowflake-ingest-sdk-0.10.3.jar,file:///home/suman/.ivy2/jars/net.snowflake_snowflake-jdbc-3.13.14.jar
2022-02-27 15:10:37,860 Command to send: a
e
o6
e

2022-02-27 15:10:37,860 Answer received: !yi11
2022-02-27 15:10:37,860 Command to send: a
g
o6
i5
e

2022-02-27 15:10:37,861 Answer received: !yro12
2022-02-27 15:10:37,861 Command to send: c
o12
_1
e

2022-02-27 15:10:37,862 Answer received: !ysspark.serializer.objectStreamReset
2022-02-27 15:10:37,862 Command to send: c
o12
_2
e

2022-02-27 15:10:37,862 Answer received: !ys100
2022-02-27 15:10:37,862 Command to send: a
e
o6
e

2022-02-27 15:10:37,863 Answer received: !yi11
2022-02-27 15:10:37,863 Command to send: a
g
o6
i6
e

2022-02-27 15:10:37,863 Answer received: !yro13
2022-02-27 15:10:37,863 Command to send: c
o13
_1
e

2022-02-27 15:10:37,864 Answer received: !ysspark.submit.pyFiles
2022-02-27 15:10:37,864 Command to send: c
o13
_2
e

2022-02-27 15:10:37,865 Answer received: !ys/home/suman/.ivy2/jars/org.apache.spark_spark-sql-kafka-0-10_2.12-3.2.1.jar,/home/suman/.ivy2/jars/net.snowflake_spark-snowflake_2.12-2.10.0-spark_3.2.jar,/home/suman/.ivy2/jars/org.apache.spark_spark-token-provider-kafka-0-10_2.12-3.2.1.jar,/home/suman/.ivy2/jars/org.apache.kafka_kafka-clients-2.8.0.jar,/home/suman/.ivy2/jars/com.google.code.findbugs_jsr305-3.0.0.jar,/home/suman/.ivy2/jars/org.apache.commons_commons-pool2-2.6.2.jar,/home/suman/.ivy2/jars/org.spark-project.spark_unused-1.0.0.jar,/home/suman/.ivy2/jars/org.apache.hadoop_hadoop-client-runtime-3.3.1.jar,/home/suman/.ivy2/jars/org.lz4_lz4-java-1.7.1.jar,/home/suman/.ivy2/jars/org.xerial.snappy_snappy-java-1.1.8.4.jar,/home/suman/.ivy2/jars/org.slf4j_slf4j-api-1.7.30.jar,/home/suman/.ivy2/jars/org.apache.hadoop_hadoop-client-api-3.3.1.jar,/home/suman/.ivy2/jars/org.apache.htrace_htrace-core4-4.1.0-incubating.jar,/home/suman/.ivy2/jars/commons-logging_commons-logging-1.1.3.jar,/home/suman/.ivy2/jars/net.snowflake_snowflake-ingest-sdk-0.10.3.jar,/home/suman/.ivy2/jars/net.snowflake_snowflake-jdbc-3.13.14.jar
2022-02-27 15:10:37,865 Command to send: a
e
o6
e

2022-02-27 15:10:37,865 Answer received: !yi11
2022-02-27 15:10:37,866 Command to send: a
g
o6
i7
e

2022-02-27 15:10:37,866 Answer received: !yro14
2022-02-27 15:10:37,866 Command to send: c
o14
_1
e

2022-02-27 15:10:37,867 Answer received: !ysspark.repl.local.jars
2022-02-27 15:10:37,867 Command to send: c
o14
_2
e

2022-02-27 15:10:37,867 Answer received: !ysfile:///home/suman/.ivy2/jars/org.apache.spark_spark-sql-kafka-0-10_2.12-3.2.1.jar,file:///home/suman/.ivy2/jars/net.snowflake_spark-snowflake_2.12-2.10.0-spark_3.2.jar,file:///home/suman/.ivy2/jars/org.apache.spark_spark-token-provider-kafka-0-10_2.12-3.2.1.jar,file:///home/suman/.ivy2/jars/org.apache.kafka_kafka-clients-2.8.0.jar,file:///home/suman/.ivy2/jars/com.google.code.findbugs_jsr305-3.0.0.jar,file:///home/suman/.ivy2/jars/org.apache.commons_commons-pool2-2.6.2.jar,file:///home/suman/.ivy2/jars/org.spark-project.spark_unused-1.0.0.jar,file:///home/suman/.ivy2/jars/org.apache.hadoop_hadoop-client-runtime-3.3.1.jar,file:///home/suman/.ivy2/jars/org.lz4_lz4-java-1.7.1.jar,file:///home/suman/.ivy2/jars/org.xerial.snappy_snappy-java-1.1.8.4.jar,file:///home/suman/.ivy2/jars/org.slf4j_slf4j-api-1.7.30.jar,file:///home/suman/.ivy2/jars/org.apache.hadoop_hadoop-client-api-3.3.1.jar,file:///home/suman/.ivy2/jars/org.apache.htrace_htrace-core4-4.1.0-incubating.jar,file:///home/suman/.ivy2/jars/commons-logging_commons-logging-1.1.3.jar,file:///home/suman/.ivy2/jars/net.snowflake_snowflake-ingest-sdk-0.10.3.jar,file:///home/suman/.ivy2/jars/net.snowflake_snowflake-jdbc-3.13.14.jar
2022-02-27 15:10:37,867 Command to send: a
e
o6
e

2022-02-27 15:10:37,868 Answer received: !yi11
2022-02-27 15:10:37,868 Command to send: a
g
o6
i8
e

2022-02-27 15:10:37,868 Answer received: !yro15
2022-02-27 15:10:37,868 Command to send: c
o15
_1
e

2022-02-27 15:10:37,869 Answer received: !ysspark.submit.deployMode
2022-02-27 15:10:37,869 Command to send: c
o15
_2
e

2022-02-27 15:10:37,869 Answer received: !ysclient
2022-02-27 15:10:37,870 Command to send: a
e
o6
e

2022-02-27 15:10:37,870 Answer received: !yi11
2022-02-27 15:10:37,870 Command to send: a
g
o6
i9
e

2022-02-27 15:10:37,871 Answer received: !yro16
2022-02-27 15:10:37,871 Command to send: c
o16
_1
e

2022-02-27 15:10:37,871 Answer received: !ysspark.jars.packages
2022-02-27 15:10:37,871 Command to send: c
o16
_2
e

2022-02-27 15:10:37,872 Answer received: !ysorg.apache.spark:spark-sql-kafka-0-10_2.12:3.2.1,net.snowflake:spark-snowflake_2.12:2.10.0-spark_3.2
2022-02-27 15:10:37,872 Command to send: a
e
o6
e

2022-02-27 15:10:37,872 Answer received: !yi11
2022-02-27 15:10:37,873 Command to send: a
g
o6
i10
e

2022-02-27 15:10:37,873 Answer received: !yro17
2022-02-27 15:10:37,873 Command to send: c
o17
_1
e

2022-02-27 15:10:37,874 Answer received: !ysspark.ui.showConsoleProgress
2022-02-27 15:10:37,874 Command to send: c
o17
_2
e

2022-02-27 15:10:37,874 Answer received: !ystrue
2022-02-27 15:10:37,874 Command to send: a
e
o6
e

2022-02-27 15:10:37,875 Answer received: !yi11
2022-02-27 15:10:37,875 Command to send: r
u
JavaSparkContext
rj
e

2022-02-27 15:10:37,893 Answer received: !ycorg.apache.spark.api.java.JavaSparkContext
2022-02-27 15:10:37,893 Command to send: i
org.apache.spark.api.java.JavaSparkContext
ro0
e

2022-02-27 15:10:38,766 Command to send: A
73441f93ce3052de92bd92030798e2bbe8365739b2d4cc72f1e2418dc7384a4a

2022-02-27 15:10:38,768 Answer received: !yv
2022-02-27 15:10:38,768 Command to send: m
d
o1
e

2022-02-27 15:10:38,771 Answer received: !yv
2022-02-27 15:10:38,772 Command to send: m
d
o2
e

2022-02-27 15:10:38,777 Answer received: !yv
2022-02-27 15:10:38,777 Command to send: m
d
o3
e

2022-02-27 15:10:38,781 Answer received: !yv
2022-02-27 15:10:38,781 Command to send: m
d
o4
e

2022-02-27 15:10:38,783 Answer received: !yv
2022-02-27 15:10:38,783 Command to send: m
d
o5
e

2022-02-27 15:10:38,785 Answer received: !yv
2022-02-27 15:10:38,785 Command to send: m
d
o6
e

2022-02-27 15:10:38,786 Answer received: !yv
2022-02-27 15:10:42,936 Answer received: !yro18
2022-02-27 15:10:42,936 Command to send: c
o18
sc
e

2022-02-27 15:10:42,941 Answer received: !yro19
2022-02-27 15:10:42,941 Command to send: c
o19
conf
e

2022-02-27 15:10:42,967 Answer received: !yro20
2022-02-27 15:10:42,969 Command to send: r
u
PythonAccumulatorV2
rj
e

2022-02-27 15:10:42,973 Answer received: !ycorg.apache.spark.api.python.PythonAccumulatorV2
2022-02-27 15:10:42,974 Command to send: i
org.apache.spark.api.python.PythonAccumulatorV2
s127.0.0.1
i46315
s73441f93ce3052de92bd92030798e2bbe8365739b2d4cc72f1e2418dc7384a4a
e

2022-02-27 15:10:42,975 Answer received: !yro21
2022-02-27 15:10:42,975 Command to send: c
o18
sc
e

2022-02-27 15:10:42,975 Answer received: !yro22
2022-02-27 15:10:42,976 Command to send: c
o22
register
ro21
e

2022-02-27 15:10:42,979 Answer received: !yv
2022-02-27 15:10:42,980 Command to send: r
u
PythonUtils
rj
e

2022-02-27 15:10:42,981 Answer received: !ycorg.apache.spark.api.python.PythonUtils
2022-02-27 15:10:42,981 Command to send: r
m
org.apache.spark.api.python.PythonUtils
isEncryptionEnabled
e

2022-02-27 15:10:42,982 Answer received: !ym
2022-02-27 15:10:42,982 Command to send: c
z:org.apache.spark.api.python.PythonUtils
isEncryptionEnabled
ro18
e

2022-02-27 15:10:42,984 Answer received: !ybfalse
2022-02-27 15:10:42,984 Command to send: r
u
PythonUtils
rj
e

2022-02-27 15:10:42,985 Answer received: !ycorg.apache.spark.api.python.PythonUtils
2022-02-27 15:10:42,985 Command to send: r
m
org.apache.spark.api.python.PythonUtils
getPythonAuthSocketTimeout
e

2022-02-27 15:10:42,985 Answer received: !ym
2022-02-27 15:10:42,985 Command to send: c
z:org.apache.spark.api.python.PythonUtils
getPythonAuthSocketTimeout
ro18
e

2022-02-27 15:10:42,986 Answer received: !yL15
2022-02-27 15:10:42,986 Command to send: r
u
PythonUtils
rj
e

2022-02-27 15:10:42,987 Answer received: !ycorg.apache.spark.api.python.PythonUtils
2022-02-27 15:10:42,988 Command to send: r
m
org.apache.spark.api.python.PythonUtils
getSparkBufferSize
e

2022-02-27 15:10:42,988 Answer received: !ym
2022-02-27 15:10:42,988 Command to send: c
z:org.apache.spark.api.python.PythonUtils
getSparkBufferSize
ro18
e

2022-02-27 15:10:42,989 Answer received: !yi65536
2022-02-27 15:10:42,989 Command to send: r
u
org
rj
e

2022-02-27 15:10:42,993 Answer received: !yp
2022-02-27 15:10:42,993 Command to send: r
u
org.apache
rj
e

2022-02-27 15:10:42,994 Answer received: !yp
2022-02-27 15:10:42,995 Command to send: r
u
org.apache.spark
rj
e

2022-02-27 15:10:42,995 Answer received: !yp
2022-02-27 15:10:42,995 Command to send: r
u
org.apache.spark.SparkFiles
rj
e

2022-02-27 15:10:42,996 Answer received: !ycorg.apache.spark.SparkFiles
2022-02-27 15:10:42,997 Command to send: r
m
org.apache.spark.SparkFiles
getRootDirectory
e

2022-02-27 15:10:42,997 Answer received: !ym
2022-02-27 15:10:42,997 Command to send: c
z:org.apache.spark.SparkFiles
getRootDirectory
e

2022-02-27 15:10:42,998 Answer received: !ys/tmp/spark-03fad60b-3960-4eff-a90d-b4cad0cd5bad/userFiles-8ed6ef3f-6d6d-4eb6-b0a3-3d47940b0dc2
2022-02-27 15:10:42,998 Command to send: c
o20
get
sspark.submit.pyFiles
s
e

2022-02-27 15:10:42,999 Answer received: !ys/home/suman/.ivy2/jars/org.apache.spark_spark-sql-kafka-0-10_2.12-3.2.1.jar,/home/suman/.ivy2/jars/net.snowflake_spark-snowflake_2.12-2.10.0-spark_3.2.jar,/home/suman/.ivy2/jars/org.apache.spark_spark-token-provider-kafka-0-10_2.12-3.2.1.jar,/home/suman/.ivy2/jars/org.apache.kafka_kafka-clients-2.8.0.jar,/home/suman/.ivy2/jars/com.google.code.findbugs_jsr305-3.0.0.jar,/home/suman/.ivy2/jars/org.apache.commons_commons-pool2-2.6.2.jar,/home/suman/.ivy2/jars/org.spark-project.spark_unused-1.0.0.jar,/home/suman/.ivy2/jars/org.apache.hadoop_hadoop-client-runtime-3.3.1.jar,/home/suman/.ivy2/jars/org.lz4_lz4-java-1.7.1.jar,/home/suman/.ivy2/jars/org.xerial.snappy_snappy-java-1.1.8.4.jar,/home/suman/.ivy2/jars/org.slf4j_slf4j-api-1.7.30.jar,/home/suman/.ivy2/jars/org.apache.hadoop_hadoop-client-api-3.3.1.jar,/home/suman/.ivy2/jars/org.apache.htrace_htrace-core4-4.1.0-incubating.jar,/home/suman/.ivy2/jars/commons-logging_commons-logging-1.1.3.jar,/home/suman/.ivy2/jars/net.snowflake_snowflake-ingest-sdk-0.10.3.jar,/home/suman/.ivy2/jars/net.snowflake_snowflake-jdbc-3.13.14.jar
2022-02-27 15:10:42,999 Command to send: r
u
org
rj
e

2022-02-27 15:10:43,002 Answer received: !yp
2022-02-27 15:10:43,002 Command to send: r
u
org.apache
rj
e

2022-02-27 15:10:43,002 Answer received: !yp
2022-02-27 15:10:43,003 Command to send: r
u
org.apache.spark
rj
e

2022-02-27 15:10:43,003 Answer received: !yp
2022-02-27 15:10:43,003 Command to send: r
u
org.apache.spark.SparkFiles
rj
e

2022-02-27 15:10:43,004 Answer received: !ycorg.apache.spark.SparkFiles
2022-02-27 15:10:43,004 Command to send: r
m
org.apache.spark.SparkFiles
getRootDirectory
e

2022-02-27 15:10:43,004 Answer received: !ym
2022-02-27 15:10:43,004 Command to send: c
z:org.apache.spark.SparkFiles
getRootDirectory
e

2022-02-27 15:10:43,004 Answer received: !ys/tmp/spark-03fad60b-3960-4eff-a90d-b4cad0cd5bad/userFiles-8ed6ef3f-6d6d-4eb6-b0a3-3d47940b0dc2
2022-02-27 15:10:43,005 Command to send: r
u
org
rj
e

2022-02-27 15:10:43,006 Answer received: !yp
2022-02-27 15:10:43,006 Command to send: r
u
org.apache
rj
e

2022-02-27 15:10:43,007 Answer received: !yp
2022-02-27 15:10:43,007 Command to send: r
u
org.apache.spark
rj
e

2022-02-27 15:10:43,008 Answer received: !yp
2022-02-27 15:10:43,008 Command to send: r
u
org.apache.spark.SparkFiles
rj
e

2022-02-27 15:10:43,008 Answer received: !ycorg.apache.spark.SparkFiles
2022-02-27 15:10:43,008 Command to send: r
m
org.apache.spark.SparkFiles
getRootDirectory
e

2022-02-27 15:10:43,008 Answer received: !ym
2022-02-27 15:10:43,008 Command to send: c
z:org.apache.spark.SparkFiles
getRootDirectory
e

2022-02-27 15:10:43,009 Answer received: !ys/tmp/spark-03fad60b-3960-4eff-a90d-b4cad0cd5bad/userFiles-8ed6ef3f-6d6d-4eb6-b0a3-3d47940b0dc2
2022-02-27 15:10:43,009 Command to send: r
u
org
rj
e

2022-02-27 15:10:43,010 Answer received: !yp
2022-02-27 15:10:43,010 Command to send: r
u
org.apache
rj
e

2022-02-27 15:10:43,011 Answer received: !yp
2022-02-27 15:10:43,011 Command to send: r
u
org.apache.spark
rj
e

2022-02-27 15:10:43,012 Answer received: !yp
2022-02-27 15:10:43,012 Command to send: r
u
org.apache.spark.SparkFiles
rj
e

2022-02-27 15:10:43,013 Answer received: !ycorg.apache.spark.SparkFiles
2022-02-27 15:10:43,013 Command to send: r
m
org.apache.spark.SparkFiles
getRootDirectory
e

2022-02-27 15:10:43,013 Answer received: !ym
2022-02-27 15:10:43,013 Command to send: c
z:org.apache.spark.SparkFiles
getRootDirectory
e

2022-02-27 15:10:43,014 Answer received: !ys/tmp/spark-03fad60b-3960-4eff-a90d-b4cad0cd5bad/userFiles-8ed6ef3f-6d6d-4eb6-b0a3-3d47940b0dc2
2022-02-27 15:10:43,014 Command to send: r
u
org
rj
e

2022-02-27 15:10:43,016 Answer received: !yp
2022-02-27 15:10:43,016 Command to send: r
u
org.apache
rj
e

2022-02-27 15:10:43,017 Answer received: !yp
2022-02-27 15:10:43,017 Command to send: r
u
org.apache.spark
rj
e

2022-02-27 15:10:43,018 Answer received: !yp
2022-02-27 15:10:43,018 Command to send: r
u
org.apache.spark.SparkFiles
rj
e

2022-02-27 15:10:43,018 Answer received: !ycorg.apache.spark.SparkFiles
2022-02-27 15:10:43,018 Command to send: r
m
org.apache.spark.SparkFiles
getRootDirectory
e

2022-02-27 15:10:43,019 Answer received: !ym
2022-02-27 15:10:43,019 Command to send: c
z:org.apache.spark.SparkFiles
getRootDirectory
e

2022-02-27 15:10:43,019 Answer received: !ys/tmp/spark-03fad60b-3960-4eff-a90d-b4cad0cd5bad/userFiles-8ed6ef3f-6d6d-4eb6-b0a3-3d47940b0dc2
2022-02-27 15:10:43,019 Command to send: r
u
org
rj
e

2022-02-27 15:10:43,022 Answer received: !yp
2022-02-27 15:10:43,022 Command to send: r
u
org.apache
rj
e

2022-02-27 15:10:43,023 Answer received: !yp
2022-02-27 15:10:43,024 Command to send: r
u
org.apache.spark
rj
e

2022-02-27 15:10:43,024 Answer received: !yp
2022-02-27 15:10:43,025 Command to send: r
u
org.apache.spark.SparkFiles
rj
e

2022-02-27 15:10:43,025 Answer received: !ycorg.apache.spark.SparkFiles
2022-02-27 15:10:43,025 Command to send: r
m
org.apache.spark.SparkFiles
getRootDirectory
e

2022-02-27 15:10:43,026 Answer received: !ym
2022-02-27 15:10:43,026 Command to send: c
z:org.apache.spark.SparkFiles
getRootDirectory
e

2022-02-27 15:10:43,026 Answer received: !ys/tmp/spark-03fad60b-3960-4eff-a90d-b4cad0cd5bad/userFiles-8ed6ef3f-6d6d-4eb6-b0a3-3d47940b0dc2
2022-02-27 15:10:43,027 Command to send: r
u
org
rj
e

2022-02-27 15:10:43,031 Answer received: !yp
2022-02-27 15:10:43,031 Command to send: r
u
org.apache
rj
e

2022-02-27 15:10:43,032 Answer received: !yp
2022-02-27 15:10:43,032 Command to send: r
u
org.apache.spark
rj
e

2022-02-27 15:10:43,033 Answer received: !yp
2022-02-27 15:10:43,034 Command to send: r
u
org.apache.spark.SparkFiles
rj
e

2022-02-27 15:10:43,034 Answer received: !ycorg.apache.spark.SparkFiles
2022-02-27 15:10:43,034 Command to send: r
m
org.apache.spark.SparkFiles
getRootDirectory
e

2022-02-27 15:10:43,035 Answer received: !ym
2022-02-27 15:10:43,035 Command to send: c
z:org.apache.spark.SparkFiles
getRootDirectory
e

2022-02-27 15:10:43,035 Answer received: !ys/tmp/spark-03fad60b-3960-4eff-a90d-b4cad0cd5bad/userFiles-8ed6ef3f-6d6d-4eb6-b0a3-3d47940b0dc2
2022-02-27 15:10:43,036 Command to send: r
u
org
rj
e

2022-02-27 15:10:43,039 Answer received: !yp
2022-02-27 15:10:43,039 Command to send: r
u
org.apache
rj
e

2022-02-27 15:10:43,040 Answer received: !yp
2022-02-27 15:10:43,041 Command to send: r
u
org.apache.spark
rj
e

2022-02-27 15:10:43,041 Answer received: !yp
2022-02-27 15:10:43,042 Command to send: r
u
org.apache.spark.SparkFiles
rj
e

2022-02-27 15:10:43,042 Answer received: !ycorg.apache.spark.SparkFiles
2022-02-27 15:10:43,042 Command to send: r
m
org.apache.spark.SparkFiles
getRootDirectory
e

2022-02-27 15:10:43,043 Answer received: !ym
2022-02-27 15:10:43,043 Command to send: c
z:org.apache.spark.SparkFiles
getRootDirectory
e

2022-02-27 15:10:43,045 Answer received: !ys/tmp/spark-03fad60b-3960-4eff-a90d-b4cad0cd5bad/userFiles-8ed6ef3f-6d6d-4eb6-b0a3-3d47940b0dc2
2022-02-27 15:10:43,045 Command to send: r
u
org
rj
e

2022-02-27 15:10:43,047 Answer received: !yp
2022-02-27 15:10:43,047 Command to send: r
u
org.apache
rj
e

2022-02-27 15:10:43,047 Answer received: !yp
2022-02-27 15:10:43,048 Command to send: r
u
org.apache.spark
rj
e

2022-02-27 15:10:43,048 Answer received: !yp
2022-02-27 15:10:43,048 Command to send: r
u
org.apache.spark.SparkFiles
rj
e

2022-02-27 15:10:43,049 Answer received: !ycorg.apache.spark.SparkFiles
2022-02-27 15:10:43,049 Command to send: r
m
org.apache.spark.SparkFiles
getRootDirectory
e

2022-02-27 15:10:43,049 Answer received: !ym
2022-02-27 15:10:43,049 Command to send: c
z:org.apache.spark.SparkFiles
getRootDirectory
e

2022-02-27 15:10:43,049 Answer received: !ys/tmp/spark-03fad60b-3960-4eff-a90d-b4cad0cd5bad/userFiles-8ed6ef3f-6d6d-4eb6-b0a3-3d47940b0dc2
2022-02-27 15:10:43,050 Command to send: r
u
org
rj
e

2022-02-27 15:10:43,052 Answer received: !yp
2022-02-27 15:10:43,052 Command to send: r
u
org.apache
rj
e

2022-02-27 15:10:43,052 Answer received: !yp
2022-02-27 15:10:43,054 Command to send: r
u
org.apache.spark
rj
e

2022-02-27 15:10:43,056 Answer received: !yp
2022-02-27 15:10:43,056 Command to send: r
u
org.apache.spark.SparkFiles
rj
e

2022-02-27 15:10:43,056 Answer received: !ycorg.apache.spark.SparkFiles
2022-02-27 15:10:43,057 Command to send: r
m
org.apache.spark.SparkFiles
getRootDirectory
e

2022-02-27 15:10:43,057 Answer received: !ym
2022-02-27 15:10:43,057 Command to send: c
z:org.apache.spark.SparkFiles
getRootDirectory
e

2022-02-27 15:10:43,058 Answer received: !ys/tmp/spark-03fad60b-3960-4eff-a90d-b4cad0cd5bad/userFiles-8ed6ef3f-6d6d-4eb6-b0a3-3d47940b0dc2
2022-02-27 15:10:43,058 Command to send: r
u
org
rj
e

2022-02-27 15:10:43,061 Answer received: !yp
2022-02-27 15:10:43,062 Command to send: r
u
org.apache
rj
e

2022-02-27 15:10:43,062 Answer received: !yp
2022-02-27 15:10:43,063 Command to send: r
u
org.apache.spark
rj
e

2022-02-27 15:10:43,063 Answer received: !yp
2022-02-27 15:10:43,063 Command to send: r
u
org.apache.spark.SparkFiles
rj
e

2022-02-27 15:10:43,064 Answer received: !ycorg.apache.spark.SparkFiles
2022-02-27 15:10:43,064 Command to send: r
m
org.apache.spark.SparkFiles
getRootDirectory
e

2022-02-27 15:10:43,064 Answer received: !ym
2022-02-27 15:10:43,064 Command to send: c
z:org.apache.spark.SparkFiles
getRootDirectory
e

2022-02-27 15:10:43,064 Answer received: !ys/tmp/spark-03fad60b-3960-4eff-a90d-b4cad0cd5bad/userFiles-8ed6ef3f-6d6d-4eb6-b0a3-3d47940b0dc2
2022-02-27 15:10:43,064 Command to send: r
u
org
rj
e

2022-02-27 15:10:43,066 Answer received: !yp
2022-02-27 15:10:43,066 Command to send: r
u
org.apache
rj
e

2022-02-27 15:10:43,067 Answer received: !yp
2022-02-27 15:10:43,067 Command to send: r
u
org.apache.spark
rj
e

2022-02-27 15:10:43,067 Answer received: !yp
2022-02-27 15:10:43,067 Command to send: r
u
org.apache.spark.SparkFiles
rj
e

2022-02-27 15:10:43,068 Answer received: !ycorg.apache.spark.SparkFiles
2022-02-27 15:10:43,068 Command to send: r
m
org.apache.spark.SparkFiles
getRootDirectory
e

2022-02-27 15:10:43,068 Answer received: !ym
2022-02-27 15:10:43,068 Command to send: c
z:org.apache.spark.SparkFiles
getRootDirectory
e

2022-02-27 15:10:43,068 Answer received: !ys/tmp/spark-03fad60b-3960-4eff-a90d-b4cad0cd5bad/userFiles-8ed6ef3f-6d6d-4eb6-b0a3-3d47940b0dc2
2022-02-27 15:10:43,069 Command to send: r
u
org
rj
e

2022-02-27 15:10:43,071 Answer received: !yp
2022-02-27 15:10:43,071 Command to send: r
u
org.apache
rj
e

2022-02-27 15:10:43,072 Answer received: !yp
2022-02-27 15:10:43,072 Command to send: r
u
org.apache.spark
rj
e

2022-02-27 15:10:43,072 Answer received: !yp
2022-02-27 15:10:43,072 Command to send: r
u
org.apache.spark.SparkFiles
rj
e

2022-02-27 15:10:43,073 Answer received: !ycorg.apache.spark.SparkFiles
2022-02-27 15:10:43,073 Command to send: r
m
org.apache.spark.SparkFiles
getRootDirectory
e

2022-02-27 15:10:43,073 Answer received: !ym
2022-02-27 15:10:43,073 Command to send: c
z:org.apache.spark.SparkFiles
getRootDirectory
e

2022-02-27 15:10:43,073 Answer received: !ys/tmp/spark-03fad60b-3960-4eff-a90d-b4cad0cd5bad/userFiles-8ed6ef3f-6d6d-4eb6-b0a3-3d47940b0dc2
2022-02-27 15:10:43,073 Command to send: r
u
org
rj
e

2022-02-27 15:10:43,075 Answer received: !yp
2022-02-27 15:10:43,075 Command to send: r
u
org.apache
rj
e

2022-02-27 15:10:43,076 Answer received: !yp
2022-02-27 15:10:43,076 Command to send: r
u
org.apache.spark
rj
e

2022-02-27 15:10:43,076 Answer received: !yp
2022-02-27 15:10:43,077 Command to send: r
u
org.apache.spark.SparkFiles
rj
e

2022-02-27 15:10:43,077 Answer received: !ycorg.apache.spark.SparkFiles
2022-02-27 15:10:43,077 Command to send: r
m
org.apache.spark.SparkFiles
getRootDirectory
e

2022-02-27 15:10:43,077 Answer received: !ym
2022-02-27 15:10:43,077 Command to send: c
z:org.apache.spark.SparkFiles
getRootDirectory
e

2022-02-27 15:10:43,077 Answer received: !ys/tmp/spark-03fad60b-3960-4eff-a90d-b4cad0cd5bad/userFiles-8ed6ef3f-6d6d-4eb6-b0a3-3d47940b0dc2
2022-02-27 15:10:43,078 Command to send: r
u
org
rj
e

2022-02-27 15:10:43,079 Answer received: !yp
2022-02-27 15:10:43,079 Command to send: r
u
org.apache
rj
e

2022-02-27 15:10:43,080 Answer received: !yp
2022-02-27 15:10:43,080 Command to send: r
u
org.apache.spark
rj
e

2022-02-27 15:10:43,081 Answer received: !yp
2022-02-27 15:10:43,081 Command to send: r
u
org.apache.spark.SparkFiles
rj
e

2022-02-27 15:10:43,082 Answer received: !ycorg.apache.spark.SparkFiles
2022-02-27 15:10:43,082 Command to send: r
m
org.apache.spark.SparkFiles
getRootDirectory
e

2022-02-27 15:10:43,082 Answer received: !ym
2022-02-27 15:10:43,083 Command to send: c
z:org.apache.spark.SparkFiles
getRootDirectory
e

2022-02-27 15:10:43,083 Answer received: !ys/tmp/spark-03fad60b-3960-4eff-a90d-b4cad0cd5bad/userFiles-8ed6ef3f-6d6d-4eb6-b0a3-3d47940b0dc2
2022-02-27 15:10:43,083 Command to send: r
u
org
rj
e

2022-02-27 15:10:43,085 Answer received: !yp
2022-02-27 15:10:43,086 Command to send: r
u
org.apache
rj
e

2022-02-27 15:10:43,086 Answer received: !yp
2022-02-27 15:10:43,087 Command to send: r
u
org.apache.spark
rj
e

2022-02-27 15:10:43,087 Answer received: !yp
2022-02-27 15:10:43,087 Command to send: r
u
org.apache.spark.SparkFiles
rj
e

2022-02-27 15:10:43,089 Answer received: !ycorg.apache.spark.SparkFiles
2022-02-27 15:10:43,089 Command to send: r
m
org.apache.spark.SparkFiles
getRootDirectory
e

2022-02-27 15:10:43,090 Answer received: !ym
2022-02-27 15:10:43,090 Command to send: c
z:org.apache.spark.SparkFiles
getRootDirectory
e

2022-02-27 15:10:43,090 Answer received: !ys/tmp/spark-03fad60b-3960-4eff-a90d-b4cad0cd5bad/userFiles-8ed6ef3f-6d6d-4eb6-b0a3-3d47940b0dc2
2022-02-27 15:10:43,091 Command to send: r
u
org
rj
e

2022-02-27 15:10:43,093 Answer received: !yp
2022-02-27 15:10:43,093 Command to send: r
u
org.apache
rj
e

2022-02-27 15:10:43,093 Answer received: !yp
2022-02-27 15:10:43,093 Command to send: r
u
org.apache.spark
rj
e

2022-02-27 15:10:43,094 Answer received: !yp
2022-02-27 15:10:43,094 Command to send: r
u
org.apache.spark.SparkFiles
rj
e

2022-02-27 15:10:43,094 Answer received: !ycorg.apache.spark.SparkFiles
2022-02-27 15:10:43,094 Command to send: r
m
org.apache.spark.SparkFiles
getRootDirectory
e

2022-02-27 15:10:43,095 Answer received: !ym
2022-02-27 15:10:43,095 Command to send: c
z:org.apache.spark.SparkFiles
getRootDirectory
e

2022-02-27 15:10:43,095 Answer received: !ys/tmp/spark-03fad60b-3960-4eff-a90d-b4cad0cd5bad/userFiles-8ed6ef3f-6d6d-4eb6-b0a3-3d47940b0dc2
2022-02-27 15:10:43,095 Command to send: r
u
org
rj
e

2022-02-27 15:10:43,097 Answer received: !yp
2022-02-27 15:10:43,097 Command to send: r
u
org.apache
rj
e

2022-02-27 15:10:43,098 Answer received: !yp
2022-02-27 15:10:43,098 Command to send: r
u
org.apache.spark
rj
e

2022-02-27 15:10:43,098 Answer received: !yp
2022-02-27 15:10:43,098 Command to send: r
u
org.apache.spark.util
rj
e

2022-02-27 15:10:43,099 Answer received: !yp
2022-02-27 15:10:43,099 Command to send: r
u
org.apache.spark.util.Utils
rj
e

2022-02-27 15:10:43,101 Answer received: !ycorg.apache.spark.util.Utils
2022-02-27 15:10:43,101 Command to send: r
m
org.apache.spark.util.Utils
getLocalDir
e

2022-02-27 15:10:43,103 Answer received: !ym
2022-02-27 15:10:43,104 Command to send: c
o18
sc
e

2022-02-27 15:10:43,104 Answer received: !yro23
2022-02-27 15:10:43,104 Command to send: c
o23
conf
e

2022-02-27 15:10:43,105 Answer received: !yro24
2022-02-27 15:10:43,105 Command to send: c
z:org.apache.spark.util.Utils
getLocalDir
ro24
e

2022-02-27 15:10:43,105 Answer received: !ys/tmp/spark-03fad60b-3960-4eff-a90d-b4cad0cd5bad
2022-02-27 15:10:43,106 Command to send: r
u
org
rj
e

2022-02-27 15:10:43,108 Answer received: !yp
2022-02-27 15:10:43,108 Command to send: r
u
org.apache
rj
e

2022-02-27 15:10:43,109 Answer received: !yp
2022-02-27 15:10:43,109 Command to send: r
u
org.apache.spark
rj
e

2022-02-27 15:10:43,110 Answer received: !yp
2022-02-27 15:10:43,110 Command to send: r
u
org.apache.spark.util
rj
e

2022-02-27 15:10:43,111 Answer received: !yp
2022-02-27 15:10:43,111 Command to send: r
u
org.apache.spark.util.Utils
rj
e

2022-02-27 15:10:43,111 Answer received: !ycorg.apache.spark.util.Utils
2022-02-27 15:10:43,111 Command to send: r
m
org.apache.spark.util.Utils
createTempDir
e

2022-02-27 15:10:43,112 Answer received: !ym
2022-02-27 15:10:43,112 Command to send: c
z:org.apache.spark.util.Utils
createTempDir
s/tmp/spark-03fad60b-3960-4eff-a90d-b4cad0cd5bad
spyspark
e

2022-02-27 15:10:43,113 Answer received: !yro25
2022-02-27 15:10:43,113 Command to send: c
o25
getAbsolutePath
e

2022-02-27 15:10:43,114 Answer received: !ys/tmp/spark-03fad60b-3960-4eff-a90d-b4cad0cd5bad/pyspark-edef6b11-fb2a-4164-804a-cf09d01dc740
2022-02-27 15:10:43,114 Command to send: c
o20
get
sspark.python.profile
sfalse
e

2022-02-27 15:10:43,115 Answer received: !ysfalse
2022-02-27 15:10:43,115 Command to send: r
u
SparkSession
rj
e

2022-02-27 15:10:43,153 Answer received: !ycorg.apache.spark.sql.SparkSession
2022-02-27 15:10:43,154 Command to send: r
m
org.apache.spark.sql.SparkSession
getDefaultSession
e

2022-02-27 15:10:43,186 Answer received: !ym
2022-02-27 15:10:43,186 Command to send: c
z:org.apache.spark.sql.SparkSession
getDefaultSession
e

2022-02-27 15:10:43,188 Answer received: !yro26
2022-02-27 15:10:43,189 Command to send: c
o26
isDefined
e

2022-02-27 15:10:43,189 Answer received: !ybfalse
2022-02-27 15:10:43,189 Command to send: r
u
SparkSession
rj
e

2022-02-27 15:10:43,191 Answer received: !ycorg.apache.spark.sql.SparkSession
2022-02-27 15:10:43,191 Command to send: c
o18
sc
e

2022-02-27 15:10:43,192 Answer received: !yro27
2022-02-27 15:10:43,192 Command to send: i
org.apache.spark.sql.SparkSession
ro27
e

2022-02-27 15:10:43,302 Answer received: !yro28
2022-02-27 15:10:43,303 Command to send: c
o28
sqlContext
e

2022-02-27 15:10:43,303 Answer received: !yro29
2022-02-27 15:10:43,303 Command to send: r
u
SparkSession
rj
e

2022-02-27 15:10:43,305 Answer received: !ycorg.apache.spark.sql.SparkSession
2022-02-27 15:10:43,305 Command to send: r
m
org.apache.spark.sql.SparkSession
setDefaultSession
e

2022-02-27 15:10:43,306 Answer received: !ym
2022-02-27 15:10:43,306 Command to send: c
z:org.apache.spark.sql.SparkSession
setDefaultSession
ro28
e

2022-02-27 15:10:43,307 Answer received: !yv
2022-02-27 15:10:43,307 Command to send: r
u
SparkSession
rj
e

2022-02-27 15:10:43,309 Answer received: !ycorg.apache.spark.sql.SparkSession
2022-02-27 15:10:43,309 Command to send: r
m
org.apache.spark.sql.SparkSession
setActiveSession
e

2022-02-27 15:10:43,309 Answer received: !ym
2022-02-27 15:10:43,310 Command to send: c
z:org.apache.spark.sql.SparkSession
setActiveSession
ro28
e

2022-02-27 15:10:43,310 Answer received: !yv
2022-02-27 15:10:43,310 Command to send: c
o28
sessionState
e

2022-02-27 15:10:44,343 Answer received: !yro30
2022-02-27 15:10:44,343 Command to send: c
o30
conf
e

2022-02-27 15:10:44,345 Answer received: !yro31
2022-02-27 15:10:44,346 Command to send: c
o31
setConfString
sspark.master
slocal
e

2022-02-27 15:10:44,349 Answer received: !yv
2022-02-27 15:10:44,349 Command to send: c
o28
sessionState
e

2022-02-27 15:10:44,350 Answer received: !yro32
2022-02-27 15:10:44,350 Command to send: c
o32
conf
e

2022-02-27 15:10:44,350 Answer received: !yro33
2022-02-27 15:10:44,351 Command to send: c
o33
setConfString
sspark.app.name
swiki-changes-event-consumer
e

2022-02-27 15:10:44,351 Answer received: !yv
2022-02-27 15:10:44,351 Command to send: c
o28
sessionState
e

2022-02-27 15:10:44,352 Answer received: !yro34
2022-02-27 15:10:44,352 Command to send: c
o34
conf
e

2022-02-27 15:10:44,353 Answer received: !yro35
2022-02-27 15:10:44,353 Command to send: c
o35
setConfString
sspark.jars.packages
sorg.apache.spark:spark-sql-kafka-0-10_2.12:3.2.1,net.snowflake:spark-snowflake_2.12:2.10.0-spark_3.2
e

2022-02-27 15:10:44,353 Answer received: !yv
2022-02-27 15:10:44,354 Command to send: c
o29
read
e

2022-02-27 15:10:44,367 Answer received: !yro36
2022-02-27 15:10:44,367 Command to send: c
o36
format
ssnowflake
e

2022-02-27 15:10:44,375 Answer received: !yro37
2022-02-27 15:10:44,376 Command to send: c
o37
option
ssfURL
szu02863.ap-south-1.aws.snowflakecomputing.com
e

2022-02-27 15:10:44,378 Answer received: !yro38
2022-02-27 15:10:44,378 Command to send: c
o38
option
ssfAccount
szu02863.ap-south-1.aws
e

2022-02-27 15:10:44,378 Answer received: !yro39
2022-02-27 15:10:44,379 Command to send: c
o39
option
ssfUser
scoolkeonjhar
e

2022-02-27 15:10:44,379 Answer received: !yro40
2022-02-27 15:10:44,379 Command to send: c
o40
option
ssfPassword
sAmrita@123
e

2022-02-27 15:10:44,380 Answer received: !yro41
2022-02-27 15:10:44,380 Command to send: c
o41
option
ssfDatabase
sNIMBUS_MAPS
e

2022-02-27 15:10:44,381 Answer received: !yro42
2022-02-27 15:10:44,381 Command to send: c
o42
option
ssfSchema
sPRESENTATION
e

2022-02-27 15:10:44,382 Answer received: !yro43
2022-02-27 15:10:44,382 Command to send: c
o43
option
ssfWarehouse
scompute_wh
e

2022-02-27 15:10:44,383 Answer received: !yro44
2022-02-27 15:10:44,383 Command to send: c
o44
option
ssfRole
sACCOUNTADMIN
e

2022-02-27 15:10:44,384 Answer received: !yro45
2022-02-27 15:10:44,384 Command to send: c
o45
option
squery
sselect UID,ADDRESS,CITY,ZIPCODE,DECISION,CURRENT_TIMESTAMP() AS CREATE_TS from NIMBUS_MAPS.RAW_LAYER.DECISION_DATA_RAW where create_ts >(select nvl(max(CREATE_TS),to_timestamp('2001-01-01 00:00:00','YYYY-MM-DD HH24:MI:SS')) FROM nimbus_maps.presentation.decision_data_pres)
e

2022-02-27 15:10:44,385 Answer received: !yro46
2022-02-27 15:10:44,385 Command to send: c
o46
load
e

2022-02-27 15:10:48,978 Answer received: !yro47
2022-02-27 15:10:48,978 fetched data from RAW Layer
2022-02-27 15:10:48,979 Command to send: c
o47
count
e

2022-02-27 15:10:52,947 Answer received: !yL0
2022-02-27 15:10:52,950 No data to process
2022-02-27 15:10:52,950 Command to send: c
o18
stop
e

2022-02-27 15:10:53,114 Answer received: !yv
