2022-02-27 20:29:33,243 GatewayClient.address is deprecated and will be removed in version 1.0. Use GatewayParameters instead.
2022-02-27 20:29:33,246 Command to send: A
843a29c555690b1eb49c48f0d9f982307575499dfef5ff56e2d4c41c803acac8

2022-02-27 20:29:33,269 Answer received: !yv
2022-02-27 20:29:33,269 Command to send: j
i
rj
org.apache.spark.SparkConf
e

2022-02-27 20:29:33,271 Answer received: !yv
2022-02-27 20:29:33,271 Command to send: j
i
rj
org.apache.spark.api.java.*
e

2022-02-27 20:29:33,272 Answer received: !yv
2022-02-27 20:29:33,272 Command to send: j
i
rj
org.apache.spark.api.python.*
e

2022-02-27 20:29:33,272 Answer received: !yv
2022-02-27 20:29:33,272 Command to send: j
i
rj
org.apache.spark.ml.python.*
e

2022-02-27 20:29:33,273 Answer received: !yv
2022-02-27 20:29:33,273 Command to send: j
i
rj
org.apache.spark.mllib.api.python.*
e

2022-02-27 20:29:33,273 Answer received: !yv
2022-02-27 20:29:33,273 Command to send: j
i
rj
org.apache.spark.resource.*
e

2022-02-27 20:29:33,273 Answer received: !yv
2022-02-27 20:29:33,273 Command to send: j
i
rj
org.apache.spark.sql.*
e

2022-02-27 20:29:33,274 Answer received: !yv
2022-02-27 20:29:33,274 Command to send: j
i
rj
org.apache.spark.sql.api.python.*
e

2022-02-27 20:29:33,274 Answer received: !yv
2022-02-27 20:29:33,274 Command to send: j
i
rj
org.apache.spark.sql.hive.*
e

2022-02-27 20:29:33,275 Answer received: !yv
2022-02-27 20:29:33,275 Command to send: j
i
rj
scala.Tuple2
e

2022-02-27 20:29:33,275 Answer received: !yv
2022-02-27 20:29:33,275 Command to send: r
u
SparkConf
rj
e

2022-02-27 20:29:33,300 Answer received: !ycorg.apache.spark.SparkConf
2022-02-27 20:29:33,300 Command to send: i
org.apache.spark.SparkConf
bTrue
e

2022-02-27 20:29:33,307 Answer received: !yro0
2022-02-27 20:29:33,307 Command to send: c
o0
set
sspark.master
slocal
e

2022-02-27 20:29:33,310 Answer received: !yro1
2022-02-27 20:29:33,311 Command to send: c
o0
set
sspark.app.name
swiki-changes-event-consumer
e

2022-02-27 20:29:33,311 Answer received: !yro2
2022-02-27 20:29:33,311 Command to send: c
o0
set
sspark.jars.packages
sorg.apache.spark:spark-sql-kafka-0-10_2.12:3.2.1,net.snowflake:spark-snowflake_2.12:2.10.0-spark_3.2
e

2022-02-27 20:29:33,312 Answer received: !yro3
2022-02-27 20:29:33,312 Command to send: c
o0
contains
sspark.serializer.objectStreamReset
e

2022-02-27 20:29:33,312 Answer received: !ybfalse
2022-02-27 20:29:33,313 Command to send: c
o0
set
sspark.serializer.objectStreamReset
s100
e

2022-02-27 20:29:33,313 Answer received: !yro4
2022-02-27 20:29:33,313 Command to send: c
o0
contains
sspark.rdd.compress
e

2022-02-27 20:29:33,313 Answer received: !ybfalse
2022-02-27 20:29:33,314 Command to send: c
o0
set
sspark.rdd.compress
sTrue
e

2022-02-27 20:29:33,314 Answer received: !yro5
2022-02-27 20:29:33,314 Command to send: c
o0
contains
sspark.master
e

2022-02-27 20:29:33,314 Answer received: !ybtrue
2022-02-27 20:29:33,314 Command to send: c
o0
contains
sspark.app.name
e

2022-02-27 20:29:33,315 Answer received: !ybtrue
2022-02-27 20:29:33,315 Command to send: c
o0
contains
sspark.master
e

2022-02-27 20:29:33,315 Answer received: !ybtrue
2022-02-27 20:29:33,315 Command to send: c
o0
get
sspark.master
e

2022-02-27 20:29:33,316 Answer received: !yslocal
2022-02-27 20:29:33,316 Command to send: c
o0
contains
sspark.app.name
e

2022-02-27 20:29:33,316 Answer received: !ybtrue
2022-02-27 20:29:33,317 Command to send: c
o0
get
sspark.app.name
e

2022-02-27 20:29:33,317 Answer received: !yswiki-changes-event-consumer
2022-02-27 20:29:33,317 Command to send: c
o0
contains
sspark.home
e

2022-02-27 20:29:33,317 Answer received: !ybfalse
2022-02-27 20:29:33,318 Command to send: c
o0
getAll
e

2022-02-27 20:29:33,318 Answer received: !yto6
2022-02-27 20:29:33,319 Command to send: a
e
o6
e

2022-02-27 20:29:33,319 Answer received: !yi11
2022-02-27 20:29:33,319 Command to send: a
g
o6
i0
e

2022-02-27 20:29:33,319 Answer received: !yro7
2022-02-27 20:29:33,319 Command to send: c
o7
_1
e

2022-02-27 20:29:33,320 Answer received: !ysspark.master
2022-02-27 20:29:33,320 Command to send: c
o7
_2
e

2022-02-27 20:29:33,321 Answer received: !yslocal
2022-02-27 20:29:33,321 Command to send: a
e
o6
e

2022-02-27 20:29:33,321 Answer received: !yi11
2022-02-27 20:29:33,321 Command to send: a
g
o6
i1
e

2022-02-27 20:29:33,321 Answer received: !yro8
2022-02-27 20:29:33,322 Command to send: c
o8
_1
e

2022-02-27 20:29:33,322 Answer received: !ysspark.app.name
2022-02-27 20:29:33,322 Command to send: c
o8
_2
e

2022-02-27 20:29:33,323 Answer received: !yswiki-changes-event-consumer
2022-02-27 20:29:33,323 Command to send: a
e
o6
e

2022-02-27 20:29:33,323 Answer received: !yi11
2022-02-27 20:29:33,323 Command to send: a
g
o6
i2
e

2022-02-27 20:29:33,323 Answer received: !yro9
2022-02-27 20:29:33,323 Command to send: c
o9
_1
e

2022-02-27 20:29:33,324 Answer received: !ysspark.rdd.compress
2022-02-27 20:29:33,324 Command to send: c
o9
_2
e

2022-02-27 20:29:33,324 Answer received: !ysTrue
2022-02-27 20:29:33,324 Command to send: a
e
o6
e

2022-02-27 20:29:33,325 Answer received: !yi11
2022-02-27 20:29:33,325 Command to send: a
g
o6
i3
e

2022-02-27 20:29:33,325 Answer received: !yro10
2022-02-27 20:29:33,325 Command to send: c
o10
_1
e

2022-02-27 20:29:33,325 Answer received: !ysspark.jars
2022-02-27 20:29:33,326 Command to send: c
o10
_2
e

2022-02-27 20:29:33,326 Answer received: !ysfile:///home/suman/.ivy2/jars/org.apache.spark_spark-sql-kafka-0-10_2.12-3.2.1.jar,file:///home/suman/.ivy2/jars/net.snowflake_spark-snowflake_2.12-2.10.0-spark_3.2.jar,file:///home/suman/.ivy2/jars/org.apache.spark_spark-token-provider-kafka-0-10_2.12-3.2.1.jar,file:///home/suman/.ivy2/jars/org.apache.kafka_kafka-clients-2.8.0.jar,file:///home/suman/.ivy2/jars/com.google.code.findbugs_jsr305-3.0.0.jar,file:///home/suman/.ivy2/jars/org.apache.commons_commons-pool2-2.6.2.jar,file:///home/suman/.ivy2/jars/org.spark-project.spark_unused-1.0.0.jar,file:///home/suman/.ivy2/jars/org.apache.hadoop_hadoop-client-runtime-3.3.1.jar,file:///home/suman/.ivy2/jars/org.lz4_lz4-java-1.7.1.jar,file:///home/suman/.ivy2/jars/org.xerial.snappy_snappy-java-1.1.8.4.jar,file:///home/suman/.ivy2/jars/org.slf4j_slf4j-api-1.7.30.jar,file:///home/suman/.ivy2/jars/org.apache.hadoop_hadoop-client-api-3.3.1.jar,file:///home/suman/.ivy2/jars/org.apache.htrace_htrace-core4-4.1.0-incubating.jar,file:///home/suman/.ivy2/jars/commons-logging_commons-logging-1.1.3.jar,file:///home/suman/.ivy2/jars/net.snowflake_snowflake-ingest-sdk-0.10.3.jar,file:///home/suman/.ivy2/jars/net.snowflake_snowflake-jdbc-3.13.14.jar
2022-02-27 20:29:33,326 Command to send: a
e
o6
e

2022-02-27 20:29:33,326 Answer received: !yi11
2022-02-27 20:29:33,326 Command to send: a
g
o6
i4
e

2022-02-27 20:29:33,327 Answer received: !yro11
2022-02-27 20:29:33,327 Command to send: c
o11
_1
e

2022-02-27 20:29:33,327 Answer received: !ysspark.files
2022-02-27 20:29:33,327 Command to send: c
o11
_2
e

2022-02-27 20:29:33,328 Answer received: !ysfile:///home/suman/.ivy2/jars/org.apache.spark_spark-sql-kafka-0-10_2.12-3.2.1.jar,file:///home/suman/.ivy2/jars/net.snowflake_spark-snowflake_2.12-2.10.0-spark_3.2.jar,file:///home/suman/.ivy2/jars/org.apache.spark_spark-token-provider-kafka-0-10_2.12-3.2.1.jar,file:///home/suman/.ivy2/jars/org.apache.kafka_kafka-clients-2.8.0.jar,file:///home/suman/.ivy2/jars/com.google.code.findbugs_jsr305-3.0.0.jar,file:///home/suman/.ivy2/jars/org.apache.commons_commons-pool2-2.6.2.jar,file:///home/suman/.ivy2/jars/org.spark-project.spark_unused-1.0.0.jar,file:///home/suman/.ivy2/jars/org.apache.hadoop_hadoop-client-runtime-3.3.1.jar,file:///home/suman/.ivy2/jars/org.lz4_lz4-java-1.7.1.jar,file:///home/suman/.ivy2/jars/org.xerial.snappy_snappy-java-1.1.8.4.jar,file:///home/suman/.ivy2/jars/org.slf4j_slf4j-api-1.7.30.jar,file:///home/suman/.ivy2/jars/org.apache.hadoop_hadoop-client-api-3.3.1.jar,file:///home/suman/.ivy2/jars/org.apache.htrace_htrace-core4-4.1.0-incubating.jar,file:///home/suman/.ivy2/jars/commons-logging_commons-logging-1.1.3.jar,file:///home/suman/.ivy2/jars/net.snowflake_snowflake-ingest-sdk-0.10.3.jar,file:///home/suman/.ivy2/jars/net.snowflake_snowflake-jdbc-3.13.14.jar
2022-02-27 20:29:33,328 Command to send: a
e
o6
e

2022-02-27 20:29:33,328 Answer received: !yi11
2022-02-27 20:29:33,328 Command to send: a
g
o6
i5
e

2022-02-27 20:29:33,329 Answer received: !yro12
2022-02-27 20:29:33,329 Command to send: c
o12
_1
e

2022-02-27 20:29:33,329 Answer received: !ysspark.serializer.objectStreamReset
2022-02-27 20:29:33,330 Command to send: c
o12
_2
e

2022-02-27 20:29:33,330 Answer received: !ys100
2022-02-27 20:29:33,330 Command to send: a
e
o6
e

2022-02-27 20:29:33,330 Answer received: !yi11
2022-02-27 20:29:33,331 Command to send: a
g
o6
i6
e

2022-02-27 20:29:33,331 Answer received: !yro13
2022-02-27 20:29:33,331 Command to send: c
o13
_1
e

2022-02-27 20:29:33,331 Answer received: !ysspark.submit.pyFiles
2022-02-27 20:29:33,332 Command to send: c
o13
_2
e

2022-02-27 20:29:33,332 Answer received: !ys/home/suman/.ivy2/jars/org.apache.spark_spark-sql-kafka-0-10_2.12-3.2.1.jar,/home/suman/.ivy2/jars/net.snowflake_spark-snowflake_2.12-2.10.0-spark_3.2.jar,/home/suman/.ivy2/jars/org.apache.spark_spark-token-provider-kafka-0-10_2.12-3.2.1.jar,/home/suman/.ivy2/jars/org.apache.kafka_kafka-clients-2.8.0.jar,/home/suman/.ivy2/jars/com.google.code.findbugs_jsr305-3.0.0.jar,/home/suman/.ivy2/jars/org.apache.commons_commons-pool2-2.6.2.jar,/home/suman/.ivy2/jars/org.spark-project.spark_unused-1.0.0.jar,/home/suman/.ivy2/jars/org.apache.hadoop_hadoop-client-runtime-3.3.1.jar,/home/suman/.ivy2/jars/org.lz4_lz4-java-1.7.1.jar,/home/suman/.ivy2/jars/org.xerial.snappy_snappy-java-1.1.8.4.jar,/home/suman/.ivy2/jars/org.slf4j_slf4j-api-1.7.30.jar,/home/suman/.ivy2/jars/org.apache.hadoop_hadoop-client-api-3.3.1.jar,/home/suman/.ivy2/jars/org.apache.htrace_htrace-core4-4.1.0-incubating.jar,/home/suman/.ivy2/jars/commons-logging_commons-logging-1.1.3.jar,/home/suman/.ivy2/jars/net.snowflake_snowflake-ingest-sdk-0.10.3.jar,/home/suman/.ivy2/jars/net.snowflake_snowflake-jdbc-3.13.14.jar
2022-02-27 20:29:33,332 Command to send: a
e
o6
e

2022-02-27 20:29:33,332 Answer received: !yi11
2022-02-27 20:29:33,333 Command to send: a
g
o6
i7
e

2022-02-27 20:29:33,333 Answer received: !yro14
2022-02-27 20:29:33,333 Command to send: c
o14
_1
e

2022-02-27 20:29:33,333 Answer received: !ysspark.repl.local.jars
2022-02-27 20:29:33,334 Command to send: c
o14
_2
e

2022-02-27 20:29:33,334 Answer received: !ysfile:///home/suman/.ivy2/jars/org.apache.spark_spark-sql-kafka-0-10_2.12-3.2.1.jar,file:///home/suman/.ivy2/jars/net.snowflake_spark-snowflake_2.12-2.10.0-spark_3.2.jar,file:///home/suman/.ivy2/jars/org.apache.spark_spark-token-provider-kafka-0-10_2.12-3.2.1.jar,file:///home/suman/.ivy2/jars/org.apache.kafka_kafka-clients-2.8.0.jar,file:///home/suman/.ivy2/jars/com.google.code.findbugs_jsr305-3.0.0.jar,file:///home/suman/.ivy2/jars/org.apache.commons_commons-pool2-2.6.2.jar,file:///home/suman/.ivy2/jars/org.spark-project.spark_unused-1.0.0.jar,file:///home/suman/.ivy2/jars/org.apache.hadoop_hadoop-client-runtime-3.3.1.jar,file:///home/suman/.ivy2/jars/org.lz4_lz4-java-1.7.1.jar,file:///home/suman/.ivy2/jars/org.xerial.snappy_snappy-java-1.1.8.4.jar,file:///home/suman/.ivy2/jars/org.slf4j_slf4j-api-1.7.30.jar,file:///home/suman/.ivy2/jars/org.apache.hadoop_hadoop-client-api-3.3.1.jar,file:///home/suman/.ivy2/jars/org.apache.htrace_htrace-core4-4.1.0-incubating.jar,file:///home/suman/.ivy2/jars/commons-logging_commons-logging-1.1.3.jar,file:///home/suman/.ivy2/jars/net.snowflake_snowflake-ingest-sdk-0.10.3.jar,file:///home/suman/.ivy2/jars/net.snowflake_snowflake-jdbc-3.13.14.jar
2022-02-27 20:29:33,334 Command to send: a
e
o6
e

2022-02-27 20:29:33,334 Answer received: !yi11
2022-02-27 20:29:33,335 Command to send: a
g
o6
i8
e

2022-02-27 20:29:33,335 Answer received: !yro15
2022-02-27 20:29:33,335 Command to send: c
o15
_1
e

2022-02-27 20:29:33,335 Answer received: !ysspark.submit.deployMode
2022-02-27 20:29:33,336 Command to send: c
o15
_2
e

2022-02-27 20:29:33,336 Answer received: !ysclient
2022-02-27 20:29:33,336 Command to send: a
e
o6
e

2022-02-27 20:29:33,336 Answer received: !yi11
2022-02-27 20:29:33,337 Command to send: a
g
o6
i9
e

2022-02-27 20:29:33,337 Answer received: !yro16
2022-02-27 20:29:33,337 Command to send: c
o16
_1
e

2022-02-27 20:29:33,337 Answer received: !ysspark.jars.packages
2022-02-27 20:29:33,337 Command to send: c
o16
_2
e

2022-02-27 20:29:33,338 Answer received: !ysorg.apache.spark:spark-sql-kafka-0-10_2.12:3.2.1,net.snowflake:spark-snowflake_2.12:2.10.0-spark_3.2
2022-02-27 20:29:33,338 Command to send: a
e
o6
e

2022-02-27 20:29:33,338 Answer received: !yi11
2022-02-27 20:29:33,338 Command to send: a
g
o6
i10
e

2022-02-27 20:29:33,338 Answer received: !yro17
2022-02-27 20:29:33,338 Command to send: c
o17
_1
e

2022-02-27 20:29:33,339 Answer received: !ysspark.ui.showConsoleProgress
2022-02-27 20:29:33,339 Command to send: c
o17
_2
e

2022-02-27 20:29:33,339 Answer received: !ystrue
2022-02-27 20:29:33,339 Command to send: a
e
o6
e

2022-02-27 20:29:33,339 Answer received: !yi11
2022-02-27 20:29:33,340 Command to send: r
u
JavaSparkContext
rj
e

2022-02-27 20:29:33,357 Answer received: !ycorg.apache.spark.api.java.JavaSparkContext
2022-02-27 20:29:33,357 Command to send: i
org.apache.spark.api.java.JavaSparkContext
ro0
e

2022-02-27 20:29:34,244 Command to send: A
843a29c555690b1eb49c48f0d9f982307575499dfef5ff56e2d4c41c803acac8

2022-02-27 20:29:34,246 Answer received: !yv
2022-02-27 20:29:34,246 Command to send: m
d
o1
e

2022-02-27 20:29:34,247 Answer received: !yv
2022-02-27 20:29:34,247 Command to send: m
d
o2
e

2022-02-27 20:29:34,248 Answer received: !yv
2022-02-27 20:29:34,248 Command to send: m
d
o3
e

2022-02-27 20:29:34,248 Answer received: !yv
2022-02-27 20:29:34,248 Command to send: m
d
o4
e

2022-02-27 20:29:34,249 Answer received: !yv
2022-02-27 20:29:34,249 Command to send: m
d
o5
e

2022-02-27 20:29:34,249 Answer received: !yv
2022-02-27 20:29:34,249 Command to send: m
d
o6
e

2022-02-27 20:29:34,250 Answer received: !yv
2022-02-27 20:29:36,691 Answer received: !yro18
2022-02-27 20:29:36,691 Command to send: c
o18
sc
e

2022-02-27 20:29:36,695 Answer received: !yro19
2022-02-27 20:29:36,695 Command to send: c
o19
conf
e

2022-02-27 20:29:36,708 Answer received: !yro20
2022-02-27 20:29:36,709 Command to send: r
u
PythonAccumulatorV2
rj
e

2022-02-27 20:29:36,711 Answer received: !ycorg.apache.spark.api.python.PythonAccumulatorV2
2022-02-27 20:29:36,711 Command to send: i
org.apache.spark.api.python.PythonAccumulatorV2
s127.0.0.1
i43143
s843a29c555690b1eb49c48f0d9f982307575499dfef5ff56e2d4c41c803acac8
e

2022-02-27 20:29:36,712 Answer received: !yro21
2022-02-27 20:29:36,712 Command to send: c
o18
sc
e

2022-02-27 20:29:36,712 Answer received: !yro22
2022-02-27 20:29:36,712 Command to send: c
o22
register
ro21
e

2022-02-27 20:29:36,715 Answer received: !yv
2022-02-27 20:29:36,715 Command to send: r
u
PythonUtils
rj
e

2022-02-27 20:29:36,717 Answer received: !ycorg.apache.spark.api.python.PythonUtils
2022-02-27 20:29:36,717 Command to send: r
m
org.apache.spark.api.python.PythonUtils
isEncryptionEnabled
e

2022-02-27 20:29:36,717 Answer received: !ym
2022-02-27 20:29:36,717 Command to send: c
z:org.apache.spark.api.python.PythonUtils
isEncryptionEnabled
ro18
e

2022-02-27 20:29:36,719 Answer received: !ybfalse
2022-02-27 20:29:36,719 Command to send: r
u
PythonUtils
rj
e

2022-02-27 20:29:36,719 Answer received: !ycorg.apache.spark.api.python.PythonUtils
2022-02-27 20:29:36,720 Command to send: r
m
org.apache.spark.api.python.PythonUtils
getPythonAuthSocketTimeout
e

2022-02-27 20:29:36,720 Answer received: !ym
2022-02-27 20:29:36,720 Command to send: c
z:org.apache.spark.api.python.PythonUtils
getPythonAuthSocketTimeout
ro18
e

2022-02-27 20:29:36,720 Answer received: !yL15
2022-02-27 20:29:36,720 Command to send: r
u
PythonUtils
rj
e

2022-02-27 20:29:36,721 Answer received: !ycorg.apache.spark.api.python.PythonUtils
2022-02-27 20:29:36,721 Command to send: r
m
org.apache.spark.api.python.PythonUtils
getSparkBufferSize
e

2022-02-27 20:29:36,721 Answer received: !ym
2022-02-27 20:29:36,722 Command to send: c
z:org.apache.spark.api.python.PythonUtils
getSparkBufferSize
ro18
e

2022-02-27 20:29:36,722 Answer received: !yi65536
2022-02-27 20:29:36,722 Command to send: r
u
org
rj
e

2022-02-27 20:29:36,724 Answer received: !yp
2022-02-27 20:29:36,724 Command to send: r
u
org.apache
rj
e

2022-02-27 20:29:36,725 Answer received: !yp
2022-02-27 20:29:36,725 Command to send: r
u
org.apache.spark
rj
e

2022-02-27 20:29:36,725 Answer received: !yp
2022-02-27 20:29:36,725 Command to send: r
u
org.apache.spark.SparkFiles
rj
e

2022-02-27 20:29:36,726 Answer received: !ycorg.apache.spark.SparkFiles
2022-02-27 20:29:36,726 Command to send: r
m
org.apache.spark.SparkFiles
getRootDirectory
e

2022-02-27 20:29:36,726 Answer received: !ym
2022-02-27 20:29:36,726 Command to send: c
z:org.apache.spark.SparkFiles
getRootDirectory
e

2022-02-27 20:29:36,726 Answer received: !ys/tmp/spark-f6c11517-ddd6-4a1e-be7c-c526ae9e5cf7/userFiles-ef2655ae-2987-40b3-ac8f-1f2f0e7e1a00
2022-02-27 20:29:36,727 Command to send: c
o20
get
sspark.submit.pyFiles
s
e

2022-02-27 20:29:36,727 Answer received: !ys/home/suman/.ivy2/jars/org.apache.spark_spark-sql-kafka-0-10_2.12-3.2.1.jar,/home/suman/.ivy2/jars/net.snowflake_spark-snowflake_2.12-2.10.0-spark_3.2.jar,/home/suman/.ivy2/jars/org.apache.spark_spark-token-provider-kafka-0-10_2.12-3.2.1.jar,/home/suman/.ivy2/jars/org.apache.kafka_kafka-clients-2.8.0.jar,/home/suman/.ivy2/jars/com.google.code.findbugs_jsr305-3.0.0.jar,/home/suman/.ivy2/jars/org.apache.commons_commons-pool2-2.6.2.jar,/home/suman/.ivy2/jars/org.spark-project.spark_unused-1.0.0.jar,/home/suman/.ivy2/jars/org.apache.hadoop_hadoop-client-runtime-3.3.1.jar,/home/suman/.ivy2/jars/org.lz4_lz4-java-1.7.1.jar,/home/suman/.ivy2/jars/org.xerial.snappy_snappy-java-1.1.8.4.jar,/home/suman/.ivy2/jars/org.slf4j_slf4j-api-1.7.30.jar,/home/suman/.ivy2/jars/org.apache.hadoop_hadoop-client-api-3.3.1.jar,/home/suman/.ivy2/jars/org.apache.htrace_htrace-core4-4.1.0-incubating.jar,/home/suman/.ivy2/jars/commons-logging_commons-logging-1.1.3.jar,/home/suman/.ivy2/jars/net.snowflake_snowflake-ingest-sdk-0.10.3.jar,/home/suman/.ivy2/jars/net.snowflake_snowflake-jdbc-3.13.14.jar
2022-02-27 20:29:36,727 Command to send: r
u
org
rj
e

2022-02-27 20:29:36,729 Answer received: !yp
2022-02-27 20:29:36,729 Command to send: r
u
org.apache
rj
e

2022-02-27 20:29:36,730 Answer received: !yp
2022-02-27 20:29:36,730 Command to send: r
u
org.apache.spark
rj
e

2022-02-27 20:29:36,730 Answer received: !yp
2022-02-27 20:29:36,730 Command to send: r
u
org.apache.spark.SparkFiles
rj
e

2022-02-27 20:29:36,731 Answer received: !ycorg.apache.spark.SparkFiles
2022-02-27 20:29:36,731 Command to send: r
m
org.apache.spark.SparkFiles
getRootDirectory
e

2022-02-27 20:29:36,731 Answer received: !ym
2022-02-27 20:29:36,731 Command to send: c
z:org.apache.spark.SparkFiles
getRootDirectory
e

2022-02-27 20:29:36,731 Answer received: !ys/tmp/spark-f6c11517-ddd6-4a1e-be7c-c526ae9e5cf7/userFiles-ef2655ae-2987-40b3-ac8f-1f2f0e7e1a00
2022-02-27 20:29:36,731 Command to send: r
u
org
rj
e

2022-02-27 20:29:36,733 Answer received: !yp
2022-02-27 20:29:36,734 Command to send: r
u
org.apache
rj
e

2022-02-27 20:29:36,734 Answer received: !yp
2022-02-27 20:29:36,734 Command to send: r
u
org.apache.spark
rj
e

2022-02-27 20:29:36,735 Answer received: !yp
2022-02-27 20:29:36,735 Command to send: r
u
org.apache.spark.SparkFiles
rj
e

2022-02-27 20:29:36,735 Answer received: !ycorg.apache.spark.SparkFiles
2022-02-27 20:29:36,735 Command to send: r
m
org.apache.spark.SparkFiles
getRootDirectory
e

2022-02-27 20:29:36,735 Answer received: !ym
2022-02-27 20:29:36,736 Command to send: c
z:org.apache.spark.SparkFiles
getRootDirectory
e

2022-02-27 20:29:36,736 Answer received: !ys/tmp/spark-f6c11517-ddd6-4a1e-be7c-c526ae9e5cf7/userFiles-ef2655ae-2987-40b3-ac8f-1f2f0e7e1a00
2022-02-27 20:29:36,736 Command to send: r
u
org
rj
e

2022-02-27 20:29:36,738 Answer received: !yp
2022-02-27 20:29:36,738 Command to send: r
u
org.apache
rj
e

2022-02-27 20:29:36,738 Answer received: !yp
2022-02-27 20:29:36,738 Command to send: r
u
org.apache.spark
rj
e

2022-02-27 20:29:36,739 Answer received: !yp
2022-02-27 20:29:36,739 Command to send: r
u
org.apache.spark.SparkFiles
rj
e

2022-02-27 20:29:36,739 Answer received: !ycorg.apache.spark.SparkFiles
2022-02-27 20:29:36,739 Command to send: r
m
org.apache.spark.SparkFiles
getRootDirectory
e

2022-02-27 20:29:36,740 Answer received: !ym
2022-02-27 20:29:36,740 Command to send: c
z:org.apache.spark.SparkFiles
getRootDirectory
e

2022-02-27 20:29:36,740 Answer received: !ys/tmp/spark-f6c11517-ddd6-4a1e-be7c-c526ae9e5cf7/userFiles-ef2655ae-2987-40b3-ac8f-1f2f0e7e1a00
2022-02-27 20:29:36,740 Command to send: r
u
org
rj
e

2022-02-27 20:29:36,743 Answer received: !yp
2022-02-27 20:29:36,743 Command to send: r
u
org.apache
rj
e

2022-02-27 20:29:36,744 Answer received: !yp
2022-02-27 20:29:36,744 Command to send: r
u
org.apache.spark
rj
e

2022-02-27 20:29:36,745 Answer received: !yp
2022-02-27 20:29:36,745 Command to send: r
u
org.apache.spark.SparkFiles
rj
e

2022-02-27 20:29:36,745 Answer received: !ycorg.apache.spark.SparkFiles
2022-02-27 20:29:36,745 Command to send: r
m
org.apache.spark.SparkFiles
getRootDirectory
e

2022-02-27 20:29:36,745 Answer received: !ym
2022-02-27 20:29:36,746 Command to send: c
z:org.apache.spark.SparkFiles
getRootDirectory
e

2022-02-27 20:29:36,746 Answer received: !ys/tmp/spark-f6c11517-ddd6-4a1e-be7c-c526ae9e5cf7/userFiles-ef2655ae-2987-40b3-ac8f-1f2f0e7e1a00
2022-02-27 20:29:36,746 Command to send: r
u
org
rj
e

2022-02-27 20:29:36,748 Answer received: !yp
2022-02-27 20:29:36,748 Command to send: r
u
org.apache
rj
e

2022-02-27 20:29:36,749 Answer received: !yp
2022-02-27 20:29:36,749 Command to send: r
u
org.apache.spark
rj
e

2022-02-27 20:29:36,750 Answer received: !yp
2022-02-27 20:29:36,750 Command to send: r
u
org.apache.spark.SparkFiles
rj
e

2022-02-27 20:29:36,750 Answer received: !ycorg.apache.spark.SparkFiles
2022-02-27 20:29:36,750 Command to send: r
m
org.apache.spark.SparkFiles
getRootDirectory
e

2022-02-27 20:29:36,750 Answer received: !ym
2022-02-27 20:29:36,750 Command to send: c
z:org.apache.spark.SparkFiles
getRootDirectory
e

2022-02-27 20:29:36,751 Answer received: !ys/tmp/spark-f6c11517-ddd6-4a1e-be7c-c526ae9e5cf7/userFiles-ef2655ae-2987-40b3-ac8f-1f2f0e7e1a00
2022-02-27 20:29:36,751 Command to send: r
u
org
rj
e

2022-02-27 20:29:36,753 Answer received: !yp
2022-02-27 20:29:36,753 Command to send: r
u
org.apache
rj
e

2022-02-27 20:29:36,754 Answer received: !yp
2022-02-27 20:29:36,754 Command to send: r
u
org.apache.spark
rj
e

2022-02-27 20:29:36,755 Answer received: !yp
2022-02-27 20:29:36,755 Command to send: r
u
org.apache.spark.SparkFiles
rj
e

2022-02-27 20:29:36,756 Answer received: !ycorg.apache.spark.SparkFiles
2022-02-27 20:29:36,756 Command to send: r
m
org.apache.spark.SparkFiles
getRootDirectory
e

2022-02-27 20:29:36,756 Answer received: !ym
2022-02-27 20:29:36,756 Command to send: c
z:org.apache.spark.SparkFiles
getRootDirectory
e

2022-02-27 20:29:36,757 Answer received: !ys/tmp/spark-f6c11517-ddd6-4a1e-be7c-c526ae9e5cf7/userFiles-ef2655ae-2987-40b3-ac8f-1f2f0e7e1a00
2022-02-27 20:29:36,757 Command to send: r
u
org
rj
e

2022-02-27 20:29:36,760 Answer received: !yp
2022-02-27 20:29:36,761 Command to send: r
u
org.apache
rj
e

2022-02-27 20:29:36,761 Answer received: !yp
2022-02-27 20:29:36,762 Command to send: r
u
org.apache.spark
rj
e

2022-02-27 20:29:36,762 Answer received: !yp
2022-02-27 20:29:36,763 Command to send: r
u
org.apache.spark.SparkFiles
rj
e

2022-02-27 20:29:36,763 Answer received: !ycorg.apache.spark.SparkFiles
2022-02-27 20:29:36,763 Command to send: r
m
org.apache.spark.SparkFiles
getRootDirectory
e

2022-02-27 20:29:36,763 Answer received: !ym
2022-02-27 20:29:36,764 Command to send: c
z:org.apache.spark.SparkFiles
getRootDirectory
e

2022-02-27 20:29:36,764 Answer received: !ys/tmp/spark-f6c11517-ddd6-4a1e-be7c-c526ae9e5cf7/userFiles-ef2655ae-2987-40b3-ac8f-1f2f0e7e1a00
2022-02-27 20:29:36,764 Command to send: r
u
org
rj
e

2022-02-27 20:29:36,767 Answer received: !yp
2022-02-27 20:29:36,767 Command to send: r
u
org.apache
rj
e

2022-02-27 20:29:36,768 Answer received: !yp
2022-02-27 20:29:36,768 Command to send: r
u
org.apache.spark
rj
e

2022-02-27 20:29:36,769 Answer received: !yp
2022-02-27 20:29:36,769 Command to send: r
u
org.apache.spark.SparkFiles
rj
e

2022-02-27 20:29:36,769 Answer received: !ycorg.apache.spark.SparkFiles
2022-02-27 20:29:36,769 Command to send: r
m
org.apache.spark.SparkFiles
getRootDirectory
e

2022-02-27 20:29:36,770 Answer received: !ym
2022-02-27 20:29:36,770 Command to send: c
z:org.apache.spark.SparkFiles
getRootDirectory
e

2022-02-27 20:29:36,770 Answer received: !ys/tmp/spark-f6c11517-ddd6-4a1e-be7c-c526ae9e5cf7/userFiles-ef2655ae-2987-40b3-ac8f-1f2f0e7e1a00
2022-02-27 20:29:36,770 Command to send: r
u
org
rj
e

2022-02-27 20:29:36,772 Answer received: !yp
2022-02-27 20:29:36,772 Command to send: r
u
org.apache
rj
e

2022-02-27 20:29:36,773 Answer received: !yp
2022-02-27 20:29:36,773 Command to send: r
u
org.apache.spark
rj
e

2022-02-27 20:29:36,774 Answer received: !yp
2022-02-27 20:29:36,774 Command to send: r
u
org.apache.spark.SparkFiles
rj
e

2022-02-27 20:29:36,774 Answer received: !ycorg.apache.spark.SparkFiles
2022-02-27 20:29:36,774 Command to send: r
m
org.apache.spark.SparkFiles
getRootDirectory
e

2022-02-27 20:29:36,774 Answer received: !ym
2022-02-27 20:29:36,774 Command to send: c
z:org.apache.spark.SparkFiles
getRootDirectory
e

2022-02-27 20:29:36,775 Answer received: !ys/tmp/spark-f6c11517-ddd6-4a1e-be7c-c526ae9e5cf7/userFiles-ef2655ae-2987-40b3-ac8f-1f2f0e7e1a00
2022-02-27 20:29:36,775 Command to send: r
u
org
rj
e

2022-02-27 20:29:36,776 Answer received: !yp
2022-02-27 20:29:36,776 Command to send: r
u
org.apache
rj
e

2022-02-27 20:29:36,777 Answer received: !yp
2022-02-27 20:29:36,777 Command to send: r
u
org.apache.spark
rj
e

2022-02-27 20:29:36,777 Answer received: !yp
2022-02-27 20:29:36,778 Command to send: r
u
org.apache.spark.SparkFiles
rj
e

2022-02-27 20:29:36,778 Answer received: !ycorg.apache.spark.SparkFiles
2022-02-27 20:29:36,778 Command to send: r
m
org.apache.spark.SparkFiles
getRootDirectory
e

2022-02-27 20:29:36,778 Answer received: !ym
2022-02-27 20:29:36,778 Command to send: c
z:org.apache.spark.SparkFiles
getRootDirectory
e

2022-02-27 20:29:36,778 Answer received: !ys/tmp/spark-f6c11517-ddd6-4a1e-be7c-c526ae9e5cf7/userFiles-ef2655ae-2987-40b3-ac8f-1f2f0e7e1a00
2022-02-27 20:29:36,779 Command to send: r
u
org
rj
e

2022-02-27 20:29:36,780 Answer received: !yp
2022-02-27 20:29:36,780 Command to send: r
u
org.apache
rj
e

2022-02-27 20:29:36,781 Answer received: !yp
2022-02-27 20:29:36,781 Command to send: r
u
org.apache.spark
rj
e

2022-02-27 20:29:36,781 Answer received: !yp
2022-02-27 20:29:36,782 Command to send: r
u
org.apache.spark.SparkFiles
rj
e

2022-02-27 20:29:36,782 Answer received: !ycorg.apache.spark.SparkFiles
2022-02-27 20:29:36,782 Command to send: r
m
org.apache.spark.SparkFiles
getRootDirectory
e

2022-02-27 20:29:36,782 Answer received: !ym
2022-02-27 20:29:36,782 Command to send: c
z:org.apache.spark.SparkFiles
getRootDirectory
e

2022-02-27 20:29:36,782 Answer received: !ys/tmp/spark-f6c11517-ddd6-4a1e-be7c-c526ae9e5cf7/userFiles-ef2655ae-2987-40b3-ac8f-1f2f0e7e1a00
2022-02-27 20:29:36,782 Command to send: r
u
org
rj
e

2022-02-27 20:29:36,784 Answer received: !yp
2022-02-27 20:29:36,784 Command to send: r
u
org.apache
rj
e

2022-02-27 20:29:36,785 Answer received: !yp
2022-02-27 20:29:36,785 Command to send: r
u
org.apache.spark
rj
e

2022-02-27 20:29:36,785 Answer received: !yp
2022-02-27 20:29:36,785 Command to send: r
u
org.apache.spark.SparkFiles
rj
e

2022-02-27 20:29:36,785 Answer received: !ycorg.apache.spark.SparkFiles
2022-02-27 20:29:36,786 Command to send: r
m
org.apache.spark.SparkFiles
getRootDirectory
e

2022-02-27 20:29:36,786 Answer received: !ym
2022-02-27 20:29:36,786 Command to send: c
z:org.apache.spark.SparkFiles
getRootDirectory
e

2022-02-27 20:29:36,786 Answer received: !ys/tmp/spark-f6c11517-ddd6-4a1e-be7c-c526ae9e5cf7/userFiles-ef2655ae-2987-40b3-ac8f-1f2f0e7e1a00
2022-02-27 20:29:36,786 Command to send: r
u
org
rj
e

2022-02-27 20:29:36,788 Answer received: !yp
2022-02-27 20:29:36,788 Command to send: r
u
org.apache
rj
e

2022-02-27 20:29:36,788 Answer received: !yp
2022-02-27 20:29:36,789 Command to send: r
u
org.apache.spark
rj
e

2022-02-27 20:29:36,789 Answer received: !yp
2022-02-27 20:29:36,789 Command to send: r
u
org.apache.spark.SparkFiles
rj
e

2022-02-27 20:29:36,789 Answer received: !ycorg.apache.spark.SparkFiles
2022-02-27 20:29:36,790 Command to send: r
m
org.apache.spark.SparkFiles
getRootDirectory
e

2022-02-27 20:29:36,790 Answer received: !ym
2022-02-27 20:29:36,790 Command to send: c
z:org.apache.spark.SparkFiles
getRootDirectory
e

2022-02-27 20:29:36,790 Answer received: !ys/tmp/spark-f6c11517-ddd6-4a1e-be7c-c526ae9e5cf7/userFiles-ef2655ae-2987-40b3-ac8f-1f2f0e7e1a00
2022-02-27 20:29:36,790 Command to send: r
u
org
rj
e

2022-02-27 20:29:36,792 Answer received: !yp
2022-02-27 20:29:36,792 Command to send: r
u
org.apache
rj
e

2022-02-27 20:29:36,792 Answer received: !yp
2022-02-27 20:29:36,792 Command to send: r
u
org.apache.spark
rj
e

2022-02-27 20:29:36,793 Answer received: !yp
2022-02-27 20:29:36,793 Command to send: r
u
org.apache.spark.SparkFiles
rj
e

2022-02-27 20:29:36,794 Answer received: !ycorg.apache.spark.SparkFiles
2022-02-27 20:29:36,794 Command to send: r
m
org.apache.spark.SparkFiles
getRootDirectory
e

2022-02-27 20:29:36,794 Answer received: !ym
2022-02-27 20:29:36,794 Command to send: c
z:org.apache.spark.SparkFiles
getRootDirectory
e

2022-02-27 20:29:36,794 Answer received: !ys/tmp/spark-f6c11517-ddd6-4a1e-be7c-c526ae9e5cf7/userFiles-ef2655ae-2987-40b3-ac8f-1f2f0e7e1a00
2022-02-27 20:29:36,795 Command to send: r
u
org
rj
e

2022-02-27 20:29:36,797 Answer received: !yp
2022-02-27 20:29:36,797 Command to send: r
u
org.apache
rj
e

2022-02-27 20:29:36,797 Answer received: !yp
2022-02-27 20:29:36,798 Command to send: r
u
org.apache.spark
rj
e

2022-02-27 20:29:36,798 Answer received: !yp
2022-02-27 20:29:36,798 Command to send: r
u
org.apache.spark.SparkFiles
rj
e

2022-02-27 20:29:36,798 Answer received: !ycorg.apache.spark.SparkFiles
2022-02-27 20:29:36,799 Command to send: r
m
org.apache.spark.SparkFiles
getRootDirectory
e

2022-02-27 20:29:36,799 Answer received: !ym
2022-02-27 20:29:36,799 Command to send: c
z:org.apache.spark.SparkFiles
getRootDirectory
e

2022-02-27 20:29:36,800 Answer received: !ys/tmp/spark-f6c11517-ddd6-4a1e-be7c-c526ae9e5cf7/userFiles-ef2655ae-2987-40b3-ac8f-1f2f0e7e1a00
2022-02-27 20:29:36,800 Command to send: r
u
org
rj
e

2022-02-27 20:29:36,802 Answer received: !yp
2022-02-27 20:29:36,802 Command to send: r
u
org.apache
rj
e

2022-02-27 20:29:36,803 Answer received: !yp
2022-02-27 20:29:36,803 Command to send: r
u
org.apache.spark
rj
e

2022-02-27 20:29:36,804 Answer received: !yp
2022-02-27 20:29:36,804 Command to send: r
u
org.apache.spark.SparkFiles
rj
e

2022-02-27 20:29:36,804 Answer received: !ycorg.apache.spark.SparkFiles
2022-02-27 20:29:36,804 Command to send: r
m
org.apache.spark.SparkFiles
getRootDirectory
e

2022-02-27 20:29:36,804 Answer received: !ym
2022-02-27 20:29:36,804 Command to send: c
z:org.apache.spark.SparkFiles
getRootDirectory
e

2022-02-27 20:29:36,805 Answer received: !ys/tmp/spark-f6c11517-ddd6-4a1e-be7c-c526ae9e5cf7/userFiles-ef2655ae-2987-40b3-ac8f-1f2f0e7e1a00
2022-02-27 20:29:36,805 Command to send: r
u
org
rj
e

2022-02-27 20:29:36,806 Answer received: !yp
2022-02-27 20:29:36,806 Command to send: r
u
org.apache
rj
e

2022-02-27 20:29:36,807 Answer received: !yp
2022-02-27 20:29:36,807 Command to send: r
u
org.apache.spark
rj
e

2022-02-27 20:29:36,808 Answer received: !yp
2022-02-27 20:29:36,808 Command to send: r
u
org.apache.spark.util
rj
e

2022-02-27 20:29:36,808 Answer received: !yp
2022-02-27 20:29:36,809 Command to send: r
u
org.apache.spark.util.Utils
rj
e

2022-02-27 20:29:36,811 Answer received: !ycorg.apache.spark.util.Utils
2022-02-27 20:29:36,811 Command to send: r
m
org.apache.spark.util.Utils
getLocalDir
e

2022-02-27 20:29:36,813 Answer received: !ym
2022-02-27 20:29:36,813 Command to send: c
o18
sc
e

2022-02-27 20:29:36,813 Answer received: !yro23
2022-02-27 20:29:36,813 Command to send: c
o23
conf
e

2022-02-27 20:29:36,814 Answer received: !yro24
2022-02-27 20:29:36,814 Command to send: c
z:org.apache.spark.util.Utils
getLocalDir
ro24
e

2022-02-27 20:29:36,814 Answer received: !ys/tmp/spark-f6c11517-ddd6-4a1e-be7c-c526ae9e5cf7
2022-02-27 20:29:36,814 Command to send: r
u
org
rj
e

2022-02-27 20:29:36,817 Answer received: !yp
2022-02-27 20:29:36,817 Command to send: r
u
org.apache
rj
e

2022-02-27 20:29:36,817 Answer received: !yp
2022-02-27 20:29:36,817 Command to send: r
u
org.apache.spark
rj
e

2022-02-27 20:29:36,818 Answer received: !yp
2022-02-27 20:29:36,818 Command to send: r
u
org.apache.spark.util
rj
e

2022-02-27 20:29:36,818 Answer received: !yp
2022-02-27 20:29:36,819 Command to send: r
u
org.apache.spark.util.Utils
rj
e

2022-02-27 20:29:36,819 Answer received: !ycorg.apache.spark.util.Utils
2022-02-27 20:29:36,819 Command to send: r
m
org.apache.spark.util.Utils
createTempDir
e

2022-02-27 20:29:36,819 Answer received: !ym
2022-02-27 20:29:36,819 Command to send: c
z:org.apache.spark.util.Utils
createTempDir
s/tmp/spark-f6c11517-ddd6-4a1e-be7c-c526ae9e5cf7
spyspark
e

2022-02-27 20:29:36,820 Answer received: !yro25
2022-02-27 20:29:36,820 Command to send: c
o25
getAbsolutePath
e

2022-02-27 20:29:36,821 Answer received: !ys/tmp/spark-f6c11517-ddd6-4a1e-be7c-c526ae9e5cf7/pyspark-5ce1dfd3-484e-4c87-8335-759bc95352a2
2022-02-27 20:29:36,821 Command to send: c
o20
get
sspark.python.profile
sfalse
e

2022-02-27 20:29:36,821 Answer received: !ysfalse
2022-02-27 20:29:36,822 Command to send: r
u
SparkSession
rj
e

2022-02-27 20:29:36,859 Answer received: !ycorg.apache.spark.sql.SparkSession
2022-02-27 20:29:36,859 Command to send: r
m
org.apache.spark.sql.SparkSession
getDefaultSession
e

2022-02-27 20:29:36,889 Answer received: !ym
2022-02-27 20:29:36,889 Command to send: c
z:org.apache.spark.sql.SparkSession
getDefaultSession
e

2022-02-27 20:29:36,891 Answer received: !yro26
2022-02-27 20:29:36,891 Command to send: c
o26
isDefined
e

2022-02-27 20:29:36,891 Answer received: !ybfalse
2022-02-27 20:29:36,891 Command to send: r
u
SparkSession
rj
e

2022-02-27 20:29:36,892 Answer received: !ycorg.apache.spark.sql.SparkSession
2022-02-27 20:29:36,893 Command to send: c
o18
sc
e

2022-02-27 20:29:36,893 Answer received: !yro27
2022-02-27 20:29:36,893 Command to send: i
org.apache.spark.sql.SparkSession
ro27
e

2022-02-27 20:29:36,971 Answer received: !yro28
2022-02-27 20:29:36,972 Command to send: c
o28
sqlContext
e

2022-02-27 20:29:36,972 Answer received: !yro29
2022-02-27 20:29:36,972 Command to send: r
u
SparkSession
rj
e

2022-02-27 20:29:36,974 Answer received: !ycorg.apache.spark.sql.SparkSession
2022-02-27 20:29:36,974 Command to send: r
m
org.apache.spark.sql.SparkSession
setDefaultSession
e

2022-02-27 20:29:36,975 Answer received: !ym
2022-02-27 20:29:36,975 Command to send: c
z:org.apache.spark.sql.SparkSession
setDefaultSession
ro28
e

2022-02-27 20:29:36,975 Answer received: !yv
2022-02-27 20:29:36,975 Command to send: r
u
SparkSession
rj
e

2022-02-27 20:29:36,977 Answer received: !ycorg.apache.spark.sql.SparkSession
2022-02-27 20:29:36,977 Command to send: r
m
org.apache.spark.sql.SparkSession
setActiveSession
e

2022-02-27 20:29:36,978 Answer received: !ym
2022-02-27 20:29:36,978 Command to send: c
z:org.apache.spark.sql.SparkSession
setActiveSession
ro28
e

2022-02-27 20:29:36,978 Answer received: !yv
2022-02-27 20:29:36,978 Command to send: c
o28
sessionState
e

2022-02-27 20:29:37,882 Answer received: !yro30
2022-02-27 20:29:37,882 Command to send: c
o30
conf
e

2022-02-27 20:29:37,883 Answer received: !yro31
2022-02-27 20:29:37,884 Command to send: c
o31
setConfString
sspark.master
slocal
e

2022-02-27 20:29:37,885 Answer received: !yv
2022-02-27 20:29:37,886 Command to send: c
o28
sessionState
e

2022-02-27 20:29:37,886 Answer received: !yro32
2022-02-27 20:29:37,886 Command to send: c
o32
conf
e

2022-02-27 20:29:37,886 Answer received: !yro33
2022-02-27 20:29:37,886 Command to send: c
o33
setConfString
sspark.app.name
swiki-changes-event-consumer
e

2022-02-27 20:29:37,887 Answer received: !yv
2022-02-27 20:29:37,887 Command to send: c
o28
sessionState
e

2022-02-27 20:29:37,887 Answer received: !yro34
2022-02-27 20:29:37,887 Command to send: c
o34
conf
e

2022-02-27 20:29:37,887 Answer received: !yro35
2022-02-27 20:29:37,888 Command to send: c
o35
setConfString
sspark.jars.packages
sorg.apache.spark:spark-sql-kafka-0-10_2.12:3.2.1,net.snowflake:spark-snowflake_2.12:2.10.0-spark_3.2
e

2022-02-27 20:29:37,888 Answer received: !yv
2022-02-27 20:29:37,888 Command to send: c
o29
read
e

2022-02-27 20:29:37,897 Answer received: !yro36
2022-02-27 20:29:37,897 Command to send: c
o36
format
ssnowflake
e

2022-02-27 20:29:37,906 Answer received: !yro37
2022-02-27 20:29:37,906 Command to send: c
o37
option
ssfURL
szu02863.ap-south-1.aws.snowflakecomputing.com
e

2022-02-27 20:29:37,908 Answer received: !yro38
2022-02-27 20:29:37,908 Command to send: c
o38
option
ssfAccount
szu02863.ap-south-1.aws
e

2022-02-27 20:29:37,909 Answer received: !yro39
2022-02-27 20:29:37,909 Command to send: c
o39
option
ssfUser
scoolkeonjhar
e

2022-02-27 20:29:37,909 Answer received: !yro40
2022-02-27 20:29:37,910 Command to send: c
o40
option
ssfPassword
sAmrita@123
e

2022-02-27 20:29:37,910 Answer received: !yro41
2022-02-27 20:29:37,910 Command to send: c
o41
option
ssfDatabase
sNIMBUS_MAPS
e

2022-02-27 20:29:37,911 Answer received: !yro42
2022-02-27 20:29:37,911 Command to send: c
o42
option
ssfSchema
sPRESENTATION
e

2022-02-27 20:29:37,912 Answer received: !yro43
2022-02-27 20:29:37,913 Command to send: c
o43
option
ssfWarehouse
scompute_wh
e

2022-02-27 20:29:37,913 Answer received: !yro44
2022-02-27 20:29:37,913 Command to send: c
o44
option
ssfRole
sACCOUNTADMIN
e

2022-02-27 20:29:37,914 Answer received: !yro45
2022-02-27 20:29:37,914 Command to send: c
o45
option
squery
sselect UID,ADDRESS,CITY,ZIPCODE,DECISION,CURRENT_TIMESTAMP() AS CREATE_TS from NIMBUS_MAPS.RAW_LAYER.DECISION_DATA_RAW where create_ts >(select nvl(max(CREATE_TS),to_timestamp('2001-01-01 00:00:00','YYYY-MM-DD HH24:MI:SS')) FROM nimbus_maps.presentation.decision_data_pres)
e

2022-02-27 20:29:37,914 Answer received: !yro46
2022-02-27 20:29:37,914 Command to send: c
o46
load
e

2022-02-27 20:29:42,677 Answer received: !yro47
2022-02-27 20:29:42,677 fetched data from RAW Layer
2022-02-27 20:29:42,677 Command to send: c
o47
count
e

2022-02-27 20:29:46,868 Answer received: !yL17
2022-02-27 20:29:46,868 Command to send: c
o28
sessionState
e

2022-02-27 20:29:46,869 Answer received: !yro48
2022-02-27 20:29:46,869 Command to send: c
o48
conf
e

2022-02-27 20:29:46,871 Answer received: !yro49
2022-02-27 20:29:46,871 Command to send: c
o49
setConfString
sspark.master
slocal
e

2022-02-27 20:29:46,873 Answer received: !yv
2022-02-27 20:29:46,874 Command to send: c
o28
sessionState
e

2022-02-27 20:29:46,874 Answer received: !yro50
2022-02-27 20:29:46,874 Command to send: c
o50
conf
e

2022-02-27 20:29:46,875 Answer received: !yro51
2022-02-27 20:29:46,875 Command to send: c
o51
setConfString
sspark.app.name
swiki-changes-event-consumer
e

2022-02-27 20:29:46,876 Answer received: !yv
2022-02-27 20:29:46,876 Command to send: c
o28
sessionState
e

2022-02-27 20:29:46,876 Answer received: !yro52
2022-02-27 20:29:46,877 Command to send: c
o52
conf
e

2022-02-27 20:29:46,877 Answer received: !yro53
2022-02-27 20:29:46,878 Command to send: c
o53
setConfString
sspark.jars.packages
sorg.apache.spark:spark-sql-kafka-0-10_2.12:3.2.1,net.snowflake:spark-snowflake_2.12:2.10.0-spark_3.2
e

2022-02-27 20:29:46,879 Answer received: !yv
2022-02-27 20:29:46,880 Command to send: r
u
PythonUtils
rj
e

2022-02-27 20:29:46,882 Answer received: !ycorg.apache.spark.api.python.PythonUtils
2022-02-27 20:29:46,883 Command to send: r
m
org.apache.spark.api.python.PythonUtils
getBroadcastThreshold
e

2022-02-27 20:29:46,883 Answer received: !ym
2022-02-27 20:29:46,884 Command to send: c
z:org.apache.spark.api.python.PythonUtils
getBroadcastThreshold
ro18
e

2022-02-27 20:29:46,887 Answer received: !yL1048576
2022-02-27 20:29:46,887 Command to send: r
u
PythonFunction
rj
e

2022-02-27 20:29:46,891 Answer received: !ycorg.apache.spark.api.python.PythonFunction
2022-02-27 20:29:46,892 Command to send: i
java.util.HashMap
e

2022-02-27 20:29:46,893 Answer received: !yao54
2022-02-27 20:29:46,894 Command to send: c
o54
put
sPYTHONHASHSEED
s0
e

2022-02-27 20:29:46,900 Answer received: !yn
2022-02-27 20:29:46,900 Command to send: i
java.util.ArrayList
e

2022-02-27 20:29:46,903 Answer received: !ylo55
2022-02-27 20:29:46,903 Command to send: c
o55
add
sorg.apache.spark_spark-sql-kafka-0-10_2.12-3.2.1.jar
e

2022-02-27 20:29:46,904 Answer received: !ybtrue
2022-02-27 20:29:46,905 Command to send: c
o55
add
snet.snowflake_spark-snowflake_2.12-2.10.0-spark_3.2.jar
e

2022-02-27 20:29:46,905 Answer received: !ybtrue
2022-02-27 20:29:46,905 Command to send: c
o55
add
sorg.apache.spark_spark-token-provider-kafka-0-10_2.12-3.2.1.jar
e

2022-02-27 20:29:46,906 Answer received: !ybtrue
2022-02-27 20:29:46,906 Command to send: c
o55
add
sorg.apache.kafka_kafka-clients-2.8.0.jar
e

2022-02-27 20:29:46,906 Answer received: !ybtrue
2022-02-27 20:29:46,907 Command to send: c
o55
add
scom.google.code.findbugs_jsr305-3.0.0.jar
e

2022-02-27 20:29:46,907 Answer received: !ybtrue
2022-02-27 20:29:46,907 Command to send: c
o55
add
sorg.apache.commons_commons-pool2-2.6.2.jar
e

2022-02-27 20:29:46,907 Answer received: !ybtrue
2022-02-27 20:29:46,908 Command to send: c
o55
add
sorg.spark-project.spark_unused-1.0.0.jar
e

2022-02-27 20:29:46,908 Answer received: !ybtrue
2022-02-27 20:29:46,908 Command to send: c
o55
add
sorg.apache.hadoop_hadoop-client-runtime-3.3.1.jar
e

2022-02-27 20:29:46,908 Answer received: !ybtrue
2022-02-27 20:29:46,909 Command to send: c
o55
add
sorg.lz4_lz4-java-1.7.1.jar
e

2022-02-27 20:29:46,909 Answer received: !ybtrue
2022-02-27 20:29:46,909 Command to send: c
o55
add
sorg.xerial.snappy_snappy-java-1.1.8.4.jar
e

2022-02-27 20:29:46,909 Answer received: !ybtrue
2022-02-27 20:29:46,910 Command to send: c
o55
add
sorg.slf4j_slf4j-api-1.7.30.jar
e

2022-02-27 20:29:46,910 Answer received: !ybtrue
2022-02-27 20:29:46,910 Command to send: c
o55
add
sorg.apache.hadoop_hadoop-client-api-3.3.1.jar
e

2022-02-27 20:29:46,910 Answer received: !ybtrue
2022-02-27 20:29:46,911 Command to send: c
o55
add
sorg.apache.htrace_htrace-core4-4.1.0-incubating.jar
e

2022-02-27 20:29:46,911 Answer received: !ybtrue
2022-02-27 20:29:46,911 Command to send: c
o55
add
scommons-logging_commons-logging-1.1.3.jar
e

2022-02-27 20:29:46,912 Answer received: !ybtrue
2022-02-27 20:29:46,912 Command to send: c
o55
add
snet.snowflake_snowflake-ingest-sdk-0.10.3.jar
e

2022-02-27 20:29:46,912 Answer received: !ybtrue
2022-02-27 20:29:46,912 Command to send: c
o55
add
snet.snowflake_snowflake-jdbc-3.13.14.jar
e

2022-02-27 20:29:46,914 Answer received: !ybtrue
2022-02-27 20:29:46,915 Command to send: i
java.util.ArrayList
e

2022-02-27 20:29:46,915 Answer received: !ylo56
2022-02-27 20:29:46,915 Command to send: i
org.apache.spark.api.python.PythonFunction
jgAWVUgIAAAAAAACMH3B5c3BhcmsuY2xvdWRwaWNrbGUuY2xvdWRwaWNrbGWUjA1fYnVpbHRpbl90eXBllJOUjApMYW1iZGFUeXBllIWUUpQoaAKMCENvZGVUeXBllIWUUpQoSwFLAEsASwJLAktDQx5kAX0BfACgAKEAZAJrAnIWZAN9AW4EZAR9AXwBUwCUKE6MAJSMAUGUiIl0lIwFdXBwZXKUhZSMCGRlY2lzaW9ulIwHdmVyZGljdJSGlIwlZGF0YV9sb2FkX2Zyb21fcmF3X3RvX3ByZXNlbnRhdGlvbi5weZSMDmlzR29vZERlY2lzaW9ulEtDQwoAAQQBDAEGAgQBlCkpdJRSlH2UKIwLX19wYWNrYWdlX1+UTowIX19uYW1lX1+UjAhfX21haW5fX5SMCF9fZmlsZV9flGgSdU5OTnSUUpSMJHB5c3BhcmsuY2xvdWRwaWNrbGUuY2xvdWRwaWNrbGVfZmFzdJSMEl9mdW5jdGlvbl9zZXRzdGF0ZZSTlGgdfZR9lChoGWgTjAxfX3F1YWxuYW1lX1+UaBOMD19fYW5ub3RhdGlvbnNfX5R9lIwOX19rd2RlZmF1bHRzX1+UTowMX19kZWZhdWx0c19flE6MCl9fbW9kdWxlX1+UaBqMB19fZG9jX1+UTowLX19jbG9zdXJlX1+UTowXX2Nsb3VkcGlja2xlX3N1Ym1vZHVsZXOUXZSMC19fZ2xvYmFsc19flH2UdYaUhlIwjBFweXNwYXJrLnNxbC50eXBlc5SMClN0cmluZ1R5cGWUk5QpgZSGlC4=
ro54
ro55
spython3
s3.8
ro56
ro21
e

2022-02-27 20:29:46,918 Answer received: !yro57
2022-02-27 20:29:46,918 Command to send: c
o28
parseDataType
s"string"
e

2022-02-27 20:29:46,946 Answer received: !yro58
2022-02-27 20:29:46,946 Command to send: r
u
org
rj
e

2022-02-27 20:29:46,948 Answer received: !yp
2022-02-27 20:29:46,948 Command to send: r
u
org.apache
rj
e

2022-02-27 20:29:46,949 Answer received: !yp
2022-02-27 20:29:46,949 Command to send: r
u
org.apache.spark
rj
e

2022-02-27 20:29:46,950 Answer received: !yp
2022-02-27 20:29:46,950 Command to send: r
u
org.apache.spark.sql
rj
e

2022-02-27 20:29:46,951 Answer received: !yp
2022-02-27 20:29:46,951 Command to send: r
u
org.apache.spark.sql.execution
rj
e

2022-02-27 20:29:46,951 Answer received: !yp
2022-02-27 20:29:46,951 Command to send: r
u
org.apache.spark.sql.execution.python
rj
e

2022-02-27 20:29:46,952 Answer received: !yp
2022-02-27 20:29:46,952 Command to send: r
u
org.apache.spark.sql.execution.python.UserDefinedPythonFunction
rj
e

2022-02-27 20:29:46,953 Answer received: !ycorg.apache.spark.sql.execution.python.UserDefinedPythonFunction
2022-02-27 20:29:46,953 Command to send: i
org.apache.spark.sql.execution.python.UserDefinedPythonFunction
sisGoodDecision
ro57
ro58
i100
bTrue
e

2022-02-27 20:29:46,954 Answer received: !yro59
2022-02-27 20:29:46,954 Command to send: r
u
functions
rj
e

2022-02-27 20:29:46,958 Answer received: !ycorg.apache.spark.sql.functions
2022-02-27 20:29:46,958 Command to send: r
m
org.apache.spark.sql.functions
col
e

2022-02-27 20:29:46,963 Answer received: !ym
2022-02-27 20:29:46,963 Command to send: c
z:org.apache.spark.sql.functions
col
sDECISION
e

2022-02-27 20:29:46,984 Answer received: !yro60
2022-02-27 20:29:46,985 Command to send: r
u
PythonUtils
rj
e

2022-02-27 20:29:46,985 Answer received: !ycorg.apache.spark.api.python.PythonUtils
2022-02-27 20:29:46,985 Command to send: r
m
org.apache.spark.api.python.PythonUtils
toSeq
e

2022-02-27 20:29:46,985 Answer received: !ym
2022-02-27 20:29:46,986 Command to send: i
java.util.ArrayList
e

2022-02-27 20:29:46,986 Answer received: !ylo61
2022-02-27 20:29:46,986 Command to send: c
o61
add
ro60
e

2022-02-27 20:29:46,986 Answer received: !ybtrue
2022-02-27 20:29:46,986 Command to send: c
z:org.apache.spark.api.python.PythonUtils
toSeq
ro61
e

2022-02-27 20:29:46,987 Answer received: !yro62
2022-02-27 20:29:46,987 Command to send: c
o59
apply
ro62
e

2022-02-27 20:29:46,989 Answer received: !yro63
2022-02-27 20:29:46,989 Command to send: c
o47
withColumn
sisGoodDecision
ro63
e

2022-02-27 20:29:47,041 Answer received: !yro64
2022-02-27 20:29:47,041 Command to send: r
u
functions
rj
e

2022-02-27 20:29:47,046 Answer received: !ycorg.apache.spark.sql.functions
2022-02-27 20:29:47,046 Command to send: r
m
org.apache.spark.sql.functions
col
e

2022-02-27 20:29:47,046 Answer received: !ym
2022-02-27 20:29:47,046 Command to send: c
z:org.apache.spark.sql.functions
col
sUID
e

2022-02-27 20:29:47,047 Answer received: !yro65
2022-02-27 20:29:47,047 Command to send: r
u
functions
rj
e

2022-02-27 20:29:47,048 Answer received: !ycorg.apache.spark.sql.functions
2022-02-27 20:29:47,049 Command to send: r
m
org.apache.spark.sql.functions
col
e

2022-02-27 20:29:47,049 Answer received: !ym
2022-02-27 20:29:47,049 Command to send: c
z:org.apache.spark.sql.functions
col
sDECISION
e

2022-02-27 20:29:47,050 Answer received: !yro66
2022-02-27 20:29:47,050 Command to send: r
u
functions
rj
e

2022-02-27 20:29:47,052 Answer received: !ycorg.apache.spark.sql.functions
2022-02-27 20:29:47,052 Command to send: r
m
org.apache.spark.sql.functions
col
e

2022-02-27 20:29:47,053 Answer received: !ym
2022-02-27 20:29:47,053 Command to send: c
z:org.apache.spark.sql.functions
col
sisGoodDecision
e

2022-02-27 20:29:47,053 Answer received: !yro67
2022-02-27 20:29:47,053 Command to send: r
u
functions
rj
e

2022-02-27 20:29:47,056 Answer received: !ycorg.apache.spark.sql.functions
2022-02-27 20:29:47,056 Command to send: r
m
org.apache.spark.sql.functions
col
e

2022-02-27 20:29:47,058 Answer received: !ym
2022-02-27 20:29:47,058 Command to send: c
z:org.apache.spark.sql.functions
col
screate_ts
e

2022-02-27 20:29:47,058 Answer received: !yro68
2022-02-27 20:29:47,059 Command to send: r
u
PythonUtils
rj
e

2022-02-27 20:29:47,060 Answer received: !ycorg.apache.spark.api.python.PythonUtils
2022-02-27 20:29:47,060 Command to send: r
m
org.apache.spark.api.python.PythonUtils
toSeq
e

2022-02-27 20:29:47,061 Answer received: !ym
2022-02-27 20:29:47,061 Command to send: i
java.util.ArrayList
e

2022-02-27 20:29:47,061 Answer received: !ylo69
2022-02-27 20:29:47,062 Command to send: c
o69
add
ro65
e

2022-02-27 20:29:47,062 Answer received: !ybtrue
2022-02-27 20:29:47,062 Command to send: c
o69
add
ro66
e

2022-02-27 20:29:47,062 Answer received: !ybtrue
2022-02-27 20:29:47,063 Command to send: c
o69
add
ro67
e

2022-02-27 20:29:47,063 Answer received: !ybtrue
2022-02-27 20:29:47,063 Command to send: c
o69
add
ro68
e

2022-02-27 20:29:47,064 Answer received: !ybtrue
2022-02-27 20:29:47,064 Command to send: c
z:org.apache.spark.api.python.PythonUtils
toSeq
ro69
e

2022-02-27 20:29:47,064 Answer received: !yro70
2022-02-27 20:29:47,065 Command to send: c
o64
select
ro70
e

2022-02-27 20:29:47,084 Answer received: !yro71
2022-02-27 20:29:47,085 Command to send: c
o71
write
e

2022-02-27 20:29:47,091 Answer received: !yro72
2022-02-27 20:29:47,091 Command to send: c
o72
format
ssnowflake
e

2022-02-27 20:29:47,093 Answer received: !yro73
2022-02-27 20:29:47,094 Command to send: c
o73
option
ssfURL
szu02863.ap-south-1.aws.snowflakecomputing.com
e

2022-02-27 20:29:47,094 Answer received: !yro74
2022-02-27 20:29:47,094 Command to send: c
o74
option
ssfAccount
szu02863.ap-south-1.aws
e

2022-02-27 20:29:47,095 Answer received: !yro75
2022-02-27 20:29:47,095 Command to send: c
o75
option
ssfUser
scoolkeonjhar
e

2022-02-27 20:29:47,096 Answer received: !yro76
2022-02-27 20:29:47,096 Command to send: c
o76
option
ssfPassword
sAmrita@123
e

2022-02-27 20:29:47,096 Answer received: !yro77
2022-02-27 20:29:47,096 Command to send: c
o77
option
ssfDatabase
sNIMBUS_MAPS
e

2022-02-27 20:29:47,097 Answer received: !yro78
2022-02-27 20:29:47,097 Command to send: c
o78
option
ssfSchema
sPRESENTATION
e

2022-02-27 20:29:47,097 Answer received: !yro79
2022-02-27 20:29:47,097 Command to send: c
o79
option
ssfWarehouse
scompute_wh
e

2022-02-27 20:29:47,098 Answer received: !yro80
2022-02-27 20:29:47,098 Command to send: c
o80
option
ssfRole
sACCOUNTADMIN
e

2022-02-27 20:29:47,098 Answer received: !yro81
2022-02-27 20:29:47,099 Command to send: c
o81
option
sdbtable
sNIMBUS_MAPS.PRESENTATION.DECISION_DATA_PRES
e

2022-02-27 20:29:47,099 Answer received: !yro82
2022-02-27 20:29:47,099 Command to send: c
o82
mode
sappend
e

2022-02-27 20:29:47,099 Answer received: !yro83
2022-02-27 20:29:47,100 Command to send: c
o83
option
sheader
strue
e

2022-02-27 20:29:47,100 Answer received: !yro84
2022-02-27 20:29:47,100 Command to send: c
o84
save
e

2022-02-27 20:29:47,265 Command to send: m
d
o0
e

2022-02-27 20:29:47,265 Answer received: !yv
2022-02-27 20:29:47,266 Command to send: m
d
o7
e

2022-02-27 20:29:47,266 Answer received: !yv
2022-02-27 20:29:47,266 Command to send: m
d
o8
e

2022-02-27 20:29:47,266 Answer received: !yv
2022-02-27 20:29:47,266 Command to send: m
d
o9
e

2022-02-27 20:29:47,267 Answer received: !yv
2022-02-27 20:29:47,267 Command to send: m
d
o10
e

2022-02-27 20:29:47,267 Answer received: !yv
2022-02-27 20:29:47,267 Command to send: m
d
o11
e

2022-02-27 20:29:47,267 Answer received: !yv
2022-02-27 20:29:47,267 Command to send: m
d
o12
e

2022-02-27 20:29:47,268 Answer received: !yv
2022-02-27 20:29:47,268 Command to send: m
d
o13
e

2022-02-27 20:29:47,268 Answer received: !yv
2022-02-27 20:29:47,268 Command to send: m
d
o14
e

2022-02-27 20:29:47,268 Answer received: !yv
2022-02-27 20:29:47,268 Command to send: m
d
o15
e

2022-02-27 20:29:47,269 Answer received: !yv
2022-02-27 20:29:47,269 Command to send: m
d
o16
e

2022-02-27 20:29:47,269 Answer received: !yv
2022-02-27 20:29:47,269 Command to send: m
d
o17
e

2022-02-27 20:29:47,269 Answer received: !yv
2022-02-27 20:29:47,269 Command to send: m
d
o19
e

2022-02-27 20:29:47,269 Answer received: !yv
2022-02-27 20:29:47,269 Command to send: m
d
o22
e

2022-02-27 20:29:47,269 Answer received: !yv
2022-02-27 20:29:47,269 Command to send: m
d
o23
e

2022-02-27 20:29:47,270 Answer received: !yv
2022-02-27 20:29:47,270 Command to send: m
d
o24
e

2022-02-27 20:29:47,270 Answer received: !yv
2022-02-27 20:29:47,270 Command to send: m
d
o25
e

2022-02-27 20:29:47,270 Answer received: !yv
2022-02-27 20:29:47,270 Command to send: m
d
o26
e

2022-02-27 20:29:47,271 Answer received: !yv
2022-02-27 20:29:47,271 Command to send: m
d
o27
e

2022-02-27 20:29:47,271 Answer received: !yv
2022-02-27 20:29:47,271 Command to send: m
d
o30
e

2022-02-27 20:29:47,271 Answer received: !yv
2022-02-27 20:29:47,271 Command to send: m
d
o31
e

2022-02-27 20:29:47,271 Answer received: !yv
2022-02-27 20:29:47,271 Command to send: m
d
o32
e

2022-02-27 20:29:47,271 Answer received: !yv
2022-02-27 20:29:47,272 Command to send: m
d
o33
e

2022-02-27 20:29:47,272 Answer received: !yv
2022-02-27 20:29:47,272 Command to send: m
d
o34
e

2022-02-27 20:29:47,272 Answer received: !yv
2022-02-27 20:29:47,272 Command to send: m
d
o35
e

2022-02-27 20:29:47,272 Answer received: !yv
2022-02-27 20:29:47,272 Command to send: m
d
o36
e

2022-02-27 20:29:47,272 Answer received: !yv
2022-02-27 20:29:47,272 Command to send: m
d
o37
e

2022-02-27 20:29:47,272 Answer received: !yv
2022-02-27 20:29:47,272 Command to send: m
d
o38
e

2022-02-27 20:29:47,273 Answer received: !yv
2022-02-27 20:29:47,273 Command to send: m
d
o39
e

2022-02-27 20:29:47,273 Answer received: !yv
2022-02-27 20:29:47,273 Command to send: m
d
o40
e

2022-02-27 20:29:47,273 Answer received: !yv
2022-02-27 20:29:47,273 Command to send: m
d
o41
e

2022-02-27 20:29:47,273 Answer received: !yv
2022-02-27 20:29:47,273 Command to send: m
d
o42
e

2022-02-27 20:29:47,273 Answer received: !yv
2022-02-27 20:29:47,273 Command to send: m
d
o43
e

2022-02-27 20:29:47,273 Answer received: !yv
2022-02-27 20:29:47,273 Command to send: m
d
o44
e

2022-02-27 20:29:47,274 Answer received: !yv
2022-02-27 20:29:47,274 Command to send: m
d
o45
e

2022-02-27 20:29:47,274 Answer received: !yv
2022-02-27 20:29:47,274 Command to send: m
d
o46
e

2022-02-27 20:29:47,274 Answer received: !yv
2022-02-27 20:29:47,274 Command to send: m
d
o54
e

2022-02-27 20:29:47,274 Answer received: !yv
2022-02-27 20:29:47,274 Command to send: m
d
o55
e

2022-02-27 20:29:47,274 Answer received: !yv
2022-02-27 20:29:47,274 Command to send: m
d
o56
e

2022-02-27 20:29:47,274 Answer received: !yv
2022-02-27 20:29:47,274 Command to send: m
d
o61
e

2022-02-27 20:29:47,274 Answer received: !yv
2022-02-27 20:29:47,274 Command to send: m
d
o69
e

2022-02-27 20:29:47,274 Answer received: !yv
2022-02-27 20:29:55,324 Answer received: !yv
2022-02-27 20:29:55,324 Command to send: c
o18
stop
e

2022-02-27 20:29:55,414 Answer received: !yv
